./logs/model_logs/BASE_2.log
Using features:['districts', 'mins_to_nearest_sta', 'num_room', 'age_year', 'direction', 'area', 'floor_is_underground', 'floor_room', 'floor_building', 'シャワー', 'バスなし', 'バス・トイレ別', '共同トイレ', '共同バス', '専用トイレ', '専用バス', '洗面台独立', '浴室乾燥機', '浴室乾燥機\t', '温水洗浄便座', '脱衣所', '追焚機能', 'IHコンロ', 'L字キッチン', 'カウンターキッチン', 'ガスコンロ', 'コンロ1口', 'コンロ2口', 'コンロ3口', 'コンロ4口以上', 'コンロ設置可（コンロ1口）', 'コンロ設置可（コンロ2口）', 'コンロ設置可（コンロ3口）', 'コンロ設置可（コンロ4口以上）', 'コンロ設置可（口数不明）', 'システムキッチン', '冷蔵庫あり', '独立キッチン', '給湯', '電気コンロ', 'BSアンテナ', 'CATV', 'CSアンテナ', 'インターネット使用料無料', 'インターネット対応', '光ファイバー', '有線放送', '高速インターネット', '24時間換気システム', '2面採光', '3面採光', 'ウォークインクローゼット', 'エアコン付', 'エレベーター', 'オール電化', 'ガスその他', 'ガス暖房', 'クッションフロア', 'シューズボックス', 'タイル張り', 'トランクルーム', 'バリアフリー', 'バルコニー', 'フローリング', 'プロパンガス', 'ペアガラス', 'ルーフバルコニー', 'ロフト付き', '下水', '二世帯住宅', '二重サッシ', '井戸', '公営水道', '冷房', '出窓', '地下室', '室内洗濯機置場', '室外洗濯機置場', '専用庭', '床下収納', '床暖房', '排水その他', '敷地内ごみ置き場', '水道その他', '汲み取り', '洗濯機置場なし', '浄化槽', '石油暖房', '都市ガス', '防音室', 'bicycle_parking', 'car_parking', 'bike_parking', 'デパート', 'スーパー', '公園', '図書館', 'ドラッグストア', '飲食店', '郵便局', 'クリーニング', '病院', '総合病院', '銀行', '小学校', 'コインパーキング', '学校', 'レンタルビデオ', 'コンビニ', '幼稚園・保育園', '月極駐車場', '大学', 'structure', 'fixed_term', 'contract_period']
[100]	training's rmse: 0.221508	valid_1's rmse: 0.222631
[200]	training's rmse: 0.144241	valid_1's rmse: 0.145927
[300]	training's rmse: 0.12038	valid_1's rmse: 0.122577
[400]	training's rmse: 0.111926	valid_1's rmse: 0.114614
[500]	training's rmse: 0.10758	valid_1's rmse: 0.110901
[600]	training's rmse: 0.104641	valid_1's rmse: 0.108733
[700]	training's rmse: 0.102311	valid_1's rmse: 0.10723
[800]	training's rmse: 0.100332	valid_1's rmse: 0.10611
[900]	training's rmse: 0.098596	valid_1's rmse: 0.105271
[1000]	training's rmse: 0.0969938	valid_1's rmse: 0.104529
[1100]	training's rmse: 0.0955396	valid_1's rmse: 0.103869
[1200]	training's rmse: 0.0941738	valid_1's rmse: 0.103304
[1300]	training's rmse: 0.0929229	valid_1's rmse: 0.102809
[1400]	training's rmse: 0.0917567	valid_1's rmse: 0.102383
[1500]	training's rmse: 0.0906445	valid_1's rmse: 0.102028
[1600]	training's rmse: 0.0895563	valid_1's rmse: 0.101664
[1700]	training's rmse: 0.0885565	valid_1's rmse: 0.101354
[1800]	training's rmse: 0.0875814	valid_1's rmse: 0.101058
[1900]	training's rmse: 0.0866518	valid_1's rmse: 0.100779
[2000]	training's rmse: 0.0857718	valid_1's rmse: 0.100521
[2100]	training's rmse: 0.0849114	valid_1's rmse: 0.1003
[2200]	training's rmse: 0.0840705	valid_1's rmse: 0.100093
[2300]	training's rmse: 0.0832453	valid_1's rmse: 0.0998829
[2400]	training's rmse: 0.0824556	valid_1's rmse: 0.099706
[2500]	training's rmse: 0.0816753	valid_1's rmse: 0.0995125
[2600]	training's rmse: 0.0809316	valid_1's rmse: 0.0993465
[2700]	training's rmse: 0.0802116	valid_1's rmse: 0.0991841
[2800]	training's rmse: 0.079522	valid_1's rmse: 0.0990409
[2900]	training's rmse: 0.0788404	valid_1's rmse: 0.0988983
[3000]	training's rmse: 0.0781544	valid_1's rmse: 0.0987318
[3100]	training's rmse: 0.0774891	valid_1's rmse: 0.09859
[3200]	training's rmse: 0.0768311	valid_1's rmse: 0.0984629
[3300]	training's rmse: 0.0761932	valid_1's rmse: 0.0983549
[3400]	training's rmse: 0.075595	valid_1's rmse: 0.0982285
[3500]	training's rmse: 0.0749855	valid_1's rmse: 0.0980824
[3600]	training's rmse: 0.0744032	valid_1's rmse: 0.0979791
[3700]	training's rmse: 0.0738357	valid_1's rmse: 0.0978452
[3800]	training's rmse: 0.0732712	valid_1's rmse: 0.0977343
[3900]	training's rmse: 0.0727229	valid_1's rmse: 0.0976236
[4000]	training's rmse: 0.0721875	valid_1's rmse: 0.0975429
[4100]	training's rmse: 0.0716613	valid_1's rmse: 0.0974621
[4200]	training's rmse: 0.0711332	valid_1's rmse: 0.0973636
[4300]	training's rmse: 0.0706131	valid_1's rmse: 0.0972848
[4400]	training's rmse: 0.0701034	valid_1's rmse: 0.097205
[4500]	training's rmse: 0.0695995	valid_1's rmse: 0.0971156
[4600]	training's rmse: 0.0691076	valid_1's rmse: 0.0970274
[4700]	training's rmse: 0.0686116	valid_1's rmse: 0.0969524
[4800]	training's rmse: 0.06814	valid_1's rmse: 0.096875
[4900]	training's rmse: 0.0676843	valid_1's rmse: 0.09681
[5000]	training's rmse: 0.0672172	valid_1's rmse: 0.0967369
[5100]	training's rmse: 0.0667595	valid_1's rmse: 0.0966743
[5200]	training's rmse: 0.0662835	valid_1's rmse: 0.0966033
[5300]	training's rmse: 0.0658423	valid_1's rmse: 0.0965215
[5400]	training's rmse: 0.0654036	valid_1's rmse: 0.0964676
[5500]	training's rmse: 0.0649674	valid_1's rmse: 0.0964021
[5600]	training's rmse: 0.064537	valid_1's rmse: 0.0963443
[5700]	training's rmse: 0.0641073	valid_1's rmse: 0.0962965
[5800]	training's rmse: 0.0636939	valid_1's rmse: 0.0962347
[5900]	training's rmse: 0.0632784	valid_1's rmse: 0.0961843
[6000]	training's rmse: 0.062864	valid_1's rmse: 0.0961375
[6100]	training's rmse: 0.0624659	valid_1's rmse: 0.0960765
[6200]	training's rmse: 0.0620721	valid_1's rmse: 0.0960154
[6300]	training's rmse: 0.0616768	valid_1's rmse: 0.0959797
[6400]	training's rmse: 0.0612978	valid_1's rmse: 0.09593
[6500]	training's rmse: 0.0609149	valid_1's rmse: 0.0958867
[6600]	training's rmse: 0.0605437	valid_1's rmse: 0.0958511
[6700]	training's rmse: 0.0601733	valid_1's rmse: 0.0957982
[6800]	training's rmse: 0.0598085	valid_1's rmse: 0.0957668
[6900]	training's rmse: 0.0594365	valid_1's rmse: 0.0957274
[7000]	training's rmse: 0.0590793	valid_1's rmse: 0.095688
[7100]	training's rmse: 0.0587257	valid_1's rmse: 0.0956434
[7200]	training's rmse: 0.058381	valid_1's rmse: 0.0955951
[7300]	training's rmse: 0.0580377	valid_1's rmse: 0.0955522
[7400]	training's rmse: 0.0576976	valid_1's rmse: 0.095504
[7500]	training's rmse: 0.0573712	valid_1's rmse: 0.095477
[7600]	training's rmse: 0.0570333	valid_1's rmse: 0.0954513
[7700]	training's rmse: 0.0567012	valid_1's rmse: 0.0954338
[7800]	training's rmse: 0.0563803	valid_1's rmse: 0.0954021
[7900]	training's rmse: 0.0560654	valid_1's rmse: 0.0953801
[8000]	training's rmse: 0.055738	valid_1's rmse: 0.0953288
[8100]	training's rmse: 0.0554175	valid_1's rmse: 0.0952851
[8200]	training's rmse: 0.0551003	valid_1's rmse: 0.0952577
[8300]	training's rmse: 0.0547859	valid_1's rmse: 0.0952235
[8400]	training's rmse: 0.0544755	valid_1's rmse: 0.0951844
[8500]	training's rmse: 0.0541677	valid_1's rmse: 0.0951381
[8600]	training's rmse: 0.0538672	valid_1's rmse: 0.095095
[8700]	training's rmse: 0.0535746	valid_1's rmse: 0.0950727
[8800]	training's rmse: 0.0532723	valid_1's rmse: 0.0950469
[8900]	training's rmse: 0.0529791	valid_1's rmse: 0.0950283
[9000]	training's rmse: 0.0526835	valid_1's rmse: 0.0949896
[9100]	training's rmse: 0.052396	valid_1's rmse: 0.0949647
[9200]	training's rmse: 0.0521183	valid_1's rmse: 0.0949258
[9300]	training's rmse: 0.0518347	valid_1's rmse: 0.0948946
[9400]	training's rmse: 0.051551	valid_1's rmse: 0.0948612
[9500]	training's rmse: 0.0512821	valid_1's rmse: 0.0948363
[9600]	training's rmse: 0.0509998	valid_1's rmse: 0.0948116
[9700]	training's rmse: 0.0507246	valid_1's rmse: 0.094792
[9800]	training's rmse: 0.0504481	valid_1's rmse: 0.0947702
[9900]	training's rmse: 0.0501792	valid_1's rmse: 0.094753
[10000]	training's rmse: 0.0499128	valid_1's rmse: 0.0947265
##### feature importance #####
                        importance
feature                           
area                 105331.766058
districts             34091.946559
age_year              12460.490828
洗面台独立                  7448.805850
structure              4467.714317
システムキッチン               3871.476528
浴室乾燥機\t                3712.085920
floor_building         3080.021977
エレベーター                 2601.737973
mins_to_nearest_sta    1238.089239
floor_room             1097.591810
スーパー                    940.377708
コンビニ                    875.017254
温水洗浄便座                  825.259704
direction               595.494778
バス・トイレ別                 513.625963
床暖房                     283.188255
コンロ3口                   215.848591
num_room                200.023253
追焚機能                    190.720134
ドラッグストア                 187.129130
室内洗濯機置場                 179.563198
ウォークインクローゼット            174.315565
contract_period         172.120011
fixed_term              141.956638
bicycle_parking         141.350706
病院                      139.290945
シャワー                    137.288357
car_parking             126.807510
CATV                    110.614226
公園                      108.097072
飲食店                     104.669649
BSアンテナ                  103.993295
バルコニー                   103.821713
光ファイバー                  102.777205
フローリング                  100.714728
郵便局                     100.263241
CSアンテナ                   97.068053
エアコン付                    88.478688
脱衣所                      84.937103
都市ガス                     83.275911
小学校                      82.113103
大学                       79.196510
コンロ2口                    78.491760
インターネット対応                75.826936
インターネット使用料無料             72.429060
敷地内ごみ置き場                 70.854291
bike_parking             70.230878
給湯                       69.636685
ガスコンロ                    69.455072
[100]	training's rmse: 0.221411	valid_1's rmse: 0.222633
[200]	training's rmse: 0.14318	valid_1's rmse: 0.148613
[300]	training's rmse: 0.118841	valid_1's rmse: 0.127688
[400]	training's rmse: 0.110315	valid_1's rmse: 0.121253
[500]	training's rmse: 0.105958	valid_1's rmse: 0.118398
[600]	training's rmse: 0.103023	valid_1's rmse: 0.116595
[700]	training's rmse: 0.100721	valid_1's rmse: 0.115258
[800]	training's rmse: 0.0987708	valid_1's rmse: 0.114213
[900]	training's rmse: 0.0970134	valid_1's rmse: 0.113282
[1000]	training's rmse: 0.0954472	valid_1's rmse: 0.112492
[1100]	training's rmse: 0.0940254	valid_1's rmse: 0.111807
[1200]	training's rmse: 0.0927251	valid_1's rmse: 0.111214
[1300]	training's rmse: 0.0915204	valid_1's rmse: 0.110736
[1400]	training's rmse: 0.0903817	valid_1's rmse: 0.110279
[1500]	training's rmse: 0.0892474	valid_1's rmse: 0.109794
[1600]	training's rmse: 0.0882039	valid_1's rmse: 0.109394
[1700]	training's rmse: 0.087195	valid_1's rmse: 0.109053
[1800]	training's rmse: 0.0862118	valid_1's rmse: 0.108699
[1900]	training's rmse: 0.0852885	valid_1's rmse: 0.108384
[2000]	training's rmse: 0.0844112	valid_1's rmse: 0.108092
[2100]	training's rmse: 0.0835363	valid_1's rmse: 0.107828
[2200]	training's rmse: 0.0827045	valid_1's rmse: 0.10759
[2300]	training's rmse: 0.0819143	valid_1's rmse: 0.107338
[2400]	training's rmse: 0.081119	valid_1's rmse: 0.107085
[2500]	training's rmse: 0.0803673	valid_1's rmse: 0.106854
[2600]	training's rmse: 0.0796152	valid_1's rmse: 0.106659
[2700]	training's rmse: 0.0788958	valid_1's rmse: 0.1065
[2800]	training's rmse: 0.0782026	valid_1's rmse: 0.106306
[2900]	training's rmse: 0.0775082	valid_1's rmse: 0.106141
[3000]	training's rmse: 0.0768484	valid_1's rmse: 0.105983
[3100]	training's rmse: 0.076191	valid_1's rmse: 0.105832
[3200]	training's rmse: 0.0755353	valid_1's rmse: 0.105687
[3300]	training's rmse: 0.0749043	valid_1's rmse: 0.105561
[3400]	training's rmse: 0.074288	valid_1's rmse: 0.10543
[3500]	training's rmse: 0.0736947	valid_1's rmse: 0.105294
[3600]	training's rmse: 0.0731067	valid_1's rmse: 0.105168
[3700]	training's rmse: 0.0725137	valid_1's rmse: 0.105044
[3800]	training's rmse: 0.0719545	valid_1's rmse: 0.104913
[3900]	training's rmse: 0.0714073	valid_1's rmse: 0.104805
[4000]	training's rmse: 0.0708616	valid_1's rmse: 0.104714
[4100]	training's rmse: 0.0703224	valid_1's rmse: 0.104593
[4200]	training's rmse: 0.0697896	valid_1's rmse: 0.104498
[4300]	training's rmse: 0.0692669	valid_1's rmse: 0.104396
[4400]	training's rmse: 0.0687518	valid_1's rmse: 0.104308
[4500]	training's rmse: 0.0682595	valid_1's rmse: 0.104206
[4600]	training's rmse: 0.0677652	valid_1's rmse: 0.104104
[4700]	training's rmse: 0.0672816	valid_1's rmse: 0.103994
[4800]	training's rmse: 0.0668057	valid_1's rmse: 0.103906
[4900]	training's rmse: 0.0663227	valid_1's rmse: 0.103816
[5000]	training's rmse: 0.0658569	valid_1's rmse: 0.103745
[5100]	training's rmse: 0.0654078	valid_1's rmse: 0.103667
[5200]	training's rmse: 0.0649676	valid_1's rmse: 0.103573
[5300]	training's rmse: 0.0645239	valid_1's rmse: 0.103481
[5400]	training's rmse: 0.0640877	valid_1's rmse: 0.103415
[5500]	training's rmse: 0.063656	valid_1's rmse: 0.10335
[5600]	training's rmse: 0.063225	valid_1's rmse: 0.103284
[5700]	training's rmse: 0.0627956	valid_1's rmse: 0.103226
[5800]	training's rmse: 0.0623802	valid_1's rmse: 0.103159
[5900]	training's rmse: 0.0619726	valid_1's rmse: 0.103098
[6000]	training's rmse: 0.0615602	valid_1's rmse: 0.103033
[6100]	training's rmse: 0.0611601	valid_1's rmse: 0.102965
[6200]	training's rmse: 0.0607641	valid_1's rmse: 0.102914
[6300]	training's rmse: 0.0603679	valid_1's rmse: 0.102862
[6400]	training's rmse: 0.0599886	valid_1's rmse: 0.1028
[6500]	training's rmse: 0.0596136	valid_1's rmse: 0.102742
[6600]	training's rmse: 0.0592435	valid_1's rmse: 0.102692
[6700]	training's rmse: 0.058873	valid_1's rmse: 0.10265
[6800]	training's rmse: 0.0585036	valid_1's rmse: 0.102596
[6900]	training's rmse: 0.0581396	valid_1's rmse: 0.102532
[7000]	training's rmse: 0.0577748	valid_1's rmse: 0.102492
[7100]	training's rmse: 0.0574215	valid_1's rmse: 0.10244
[7200]	training's rmse: 0.0570671	valid_1's rmse: 0.102411
[7300]	training's rmse: 0.0567163	valid_1's rmse: 0.102352
[7400]	training's rmse: 0.05637	valid_1's rmse: 0.102318
[7500]	training's rmse: 0.056028	valid_1's rmse: 0.102271
[7600]	training's rmse: 0.0556831	valid_1's rmse: 0.10224
[7700]	training's rmse: 0.0553576	valid_1's rmse: 0.102213
[7800]	training's rmse: 0.0550313	valid_1's rmse: 0.102181
[7900]	training's rmse: 0.0547039	valid_1's rmse: 0.102138
[8000]	training's rmse: 0.0543755	valid_1's rmse: 0.102099
[8100]	training's rmse: 0.0540539	valid_1's rmse: 0.102079
[8200]	training's rmse: 0.0537374	valid_1's rmse: 0.102045
[8300]	training's rmse: 0.0534137	valid_1's rmse: 0.10201
[8400]	training's rmse: 0.0530993	valid_1's rmse: 0.101968
[8500]	training's rmse: 0.0527919	valid_1's rmse: 0.101938
[8600]	training's rmse: 0.0524811	valid_1's rmse: 0.101904
[8700]	training's rmse: 0.052176	valid_1's rmse: 0.101865
[8800]	training's rmse: 0.0518743	valid_1's rmse: 0.101834
[8900]	training's rmse: 0.0515783	valid_1's rmse: 0.101817
[9000]	training's rmse: 0.051284	valid_1's rmse: 0.101774
[9100]	training's rmse: 0.0509951	valid_1's rmse: 0.101748
[9200]	training's rmse: 0.0507038	valid_1's rmse: 0.101716
[9300]	training's rmse: 0.0504099	valid_1's rmse: 0.101688
[9400]	training's rmse: 0.0501285	valid_1's rmse: 0.101665
[9500]	training's rmse: 0.049843	valid_1's rmse: 0.101639
[9600]	training's rmse: 0.0495625	valid_1's rmse: 0.101613
[9700]	training's rmse: 0.0492875	valid_1's rmse: 0.101578
[9800]	training's rmse: 0.0490074	valid_1's rmse: 0.101559
[9900]	training's rmse: 0.0487347	valid_1's rmse: 0.101547
[10000]	training's rmse: 0.048471	valid_1's rmse: 0.101524
##### feature importance #####
                        importance
feature                           
area                 104859.908336
districts             33433.686615
age_year              12480.690616
洗面台独立                  8190.175550
システムキッチン               5557.104411
structure              4353.386066
floor_building         3527.962548
浴室乾燥機\t                2695.372173
エレベーター                 2695.325187
mins_to_nearest_sta    1146.101882
floor_room             1090.083133
スーパー                    897.107311
コンビニ                    789.529485
温水洗浄便座                  682.515431
direction               601.334748
バス・トイレ別                 480.660862
床暖房                     304.693504
num_room                222.297890
コンロ3口                   206.742843
追焚機能                    195.266941
室内洗濯機置場                 175.186190
fixed_term              173.733593
ドラッグストア                 167.983556
contract_period         158.782395
bicycle_parking         148.181470
病院                      139.419486
car_parking             133.265536
シャワー                    126.798175
バルコニー                   125.735218
ウォークインクローゼット            124.798090
都市ガス                    116.492168
フローリング                  110.810376
脱衣所                     106.720749
公園                      106.642804
飲食店                     102.825410
郵便局                     101.409242
エアコン付                    96.740318
BSアンテナ                   95.136170
CATV                     94.267231
コンロ2口                    88.132394
小学校                      86.263777
光ファイバー                   85.537523
給湯                       79.831357
インターネット対応                79.778566
大学                       76.651799
IHコンロ                    75.441835
タイル張り                    74.515376
bike_parking             71.596867
敷地内ごみ置き場                 66.449604
ガスコンロ                    66.063197
[100]	training's rmse: 0.221996	valid_1's rmse: 0.221491
[200]	training's rmse: 0.144283	valid_1's rmse: 0.146282
[300]	training's rmse: 0.12034	valid_1's rmse: 0.123563
[400]	training's rmse: 0.111891	valid_1's rmse: 0.115728
[500]	training's rmse: 0.107669	valid_1's rmse: 0.11208
[600]	training's rmse: 0.104817	valid_1's rmse: 0.109891
[700]	training's rmse: 0.102558	valid_1's rmse: 0.108384
[800]	training's rmse: 0.100627	valid_1's rmse: 0.107144
[900]	training's rmse: 0.098858	valid_1's rmse: 0.106131
[1000]	training's rmse: 0.0973445	valid_1's rmse: 0.105362
[1100]	training's rmse: 0.0958797	valid_1's rmse: 0.104626
[1200]	training's rmse: 0.0945683	valid_1's rmse: 0.10401
[1300]	training's rmse: 0.0933334	valid_1's rmse: 0.103411
[1400]	training's rmse: 0.0921505	valid_1's rmse: 0.102903
[1500]	training's rmse: 0.0910471	valid_1's rmse: 0.102438
[1600]	training's rmse: 0.0899863	valid_1's rmse: 0.101989
[1700]	training's rmse: 0.0889964	valid_1's rmse: 0.101611
[1800]	training's rmse: 0.0880221	valid_1's rmse: 0.101234
[1900]	training's rmse: 0.0870951	valid_1's rmse: 0.100881
[2000]	training's rmse: 0.0862123	valid_1's rmse: 0.100579
[2100]	training's rmse: 0.085333	valid_1's rmse: 0.100252
[2200]	training's rmse: 0.0844825	valid_1's rmse: 0.0999483
[2300]	training's rmse: 0.0836805	valid_1's rmse: 0.0996759
[2400]	training's rmse: 0.0828962	valid_1's rmse: 0.0994352
[2500]	training's rmse: 0.0821299	valid_1's rmse: 0.0991915
[2600]	training's rmse: 0.0813806	valid_1's rmse: 0.0989358
[2700]	training's rmse: 0.0806721	valid_1's rmse: 0.0987317
[2800]	training's rmse: 0.0799706	valid_1's rmse: 0.0985172
[2900]	training's rmse: 0.0792753	valid_1's rmse: 0.0983318
[3000]	training's rmse: 0.0786131	valid_1's rmse: 0.09814
[3100]	training's rmse: 0.0779501	valid_1's rmse: 0.0979823
[3200]	training's rmse: 0.077322	valid_1's rmse: 0.0977879
[3300]	training's rmse: 0.0766928	valid_1's rmse: 0.0976332
[3400]	training's rmse: 0.07608	valid_1's rmse: 0.0974742
[3500]	training's rmse: 0.0754722	valid_1's rmse: 0.0973123
[3600]	training's rmse: 0.0748702	valid_1's rmse: 0.097165
[3700]	training's rmse: 0.074292	valid_1's rmse: 0.0970158
[3800]	training's rmse: 0.0737202	valid_1's rmse: 0.0968658
[3900]	training's rmse: 0.0731596	valid_1's rmse: 0.0967572
[4000]	training's rmse: 0.0726149	valid_1's rmse: 0.0966406
[4100]	training's rmse: 0.072066	valid_1's rmse: 0.0965089
[4200]	training's rmse: 0.0715447	valid_1's rmse: 0.0963815
[4300]	training's rmse: 0.0710268	valid_1's rmse: 0.0962671
[4400]	training's rmse: 0.0705029	valid_1's rmse: 0.0961484
[4500]	training's rmse: 0.0699976	valid_1's rmse: 0.0960123
[4600]	training's rmse: 0.0695008	valid_1's rmse: 0.0958935
[4700]	training's rmse: 0.0690221	valid_1's rmse: 0.0958022
[4800]	training's rmse: 0.0685359	valid_1's rmse: 0.0957036
[4900]	training's rmse: 0.0680662	valid_1's rmse: 0.0956065
[5000]	training's rmse: 0.0675964	valid_1's rmse: 0.0955242
[5100]	training's rmse: 0.0671375	valid_1's rmse: 0.0954564
[5200]	training's rmse: 0.0666807	valid_1's rmse: 0.0953698
[5300]	training's rmse: 0.0662357	valid_1's rmse: 0.0953067
[5400]	training's rmse: 0.0657961	valid_1's rmse: 0.0952288
[5500]	training's rmse: 0.0653617	valid_1's rmse: 0.0951556
[5600]	training's rmse: 0.0649266	valid_1's rmse: 0.0950856
[5700]	training's rmse: 0.0645194	valid_1's rmse: 0.0950184
[5800]	training's rmse: 0.0641021	valid_1's rmse: 0.0949641
[5900]	training's rmse: 0.0636921	valid_1's rmse: 0.0948945
[6000]	training's rmse: 0.0632777	valid_1's rmse: 0.0948331
[6100]	training's rmse: 0.0628728	valid_1's rmse: 0.0947929
[6200]	training's rmse: 0.0624815	valid_1's rmse: 0.0947363
[6300]	training's rmse: 0.0620873	valid_1's rmse: 0.0946667
[6400]	training's rmse: 0.0616868	valid_1's rmse: 0.0946131
[6500]	training's rmse: 0.0613025	valid_1's rmse: 0.0945376
[6600]	training's rmse: 0.0609149	valid_1's rmse: 0.0944633
[6700]	training's rmse: 0.0605284	valid_1's rmse: 0.0944053
[6800]	training's rmse: 0.0601533	valid_1's rmse: 0.0943633
[6900]	training's rmse: 0.0597958	valid_1's rmse: 0.0942958
[7000]	training's rmse: 0.0594369	valid_1's rmse: 0.0942541
[7100]	training's rmse: 0.0590813	valid_1's rmse: 0.0942051
[7200]	training's rmse: 0.0587302	valid_1's rmse: 0.0941673
[7300]	training's rmse: 0.0583796	valid_1's rmse: 0.0941198
[7400]	training's rmse: 0.0580333	valid_1's rmse: 0.0940843
[7500]	training's rmse: 0.0576837	valid_1's rmse: 0.0940468
[7600]	training's rmse: 0.0573485	valid_1's rmse: 0.0940084
[7700]	training's rmse: 0.0570058	valid_1's rmse: 0.0939705
[7800]	training's rmse: 0.0566741	valid_1's rmse: 0.0939365
[7900]	training's rmse: 0.0563391	valid_1's rmse: 0.0938885
[8000]	training's rmse: 0.0560177	valid_1's rmse: 0.0938595
[8100]	training's rmse: 0.0557004	valid_1's rmse: 0.0938267
[8200]	training's rmse: 0.0553842	valid_1's rmse: 0.0937923
[8300]	training's rmse: 0.0550737	valid_1's rmse: 0.0937579
[8400]	training's rmse: 0.054768	valid_1's rmse: 0.0937118
[8500]	training's rmse: 0.0544605	valid_1's rmse: 0.093694
[8600]	training's rmse: 0.0541589	valid_1's rmse: 0.0936438
[8700]	training's rmse: 0.0538532	valid_1's rmse: 0.0936234
[8800]	training's rmse: 0.0535528	valid_1's rmse: 0.0935916
[8900]	training's rmse: 0.0532545	valid_1's rmse: 0.0935444
[9000]	training's rmse: 0.0529593	valid_1's rmse: 0.0935247
[9100]	training's rmse: 0.0526611	valid_1's rmse: 0.0934997
[9200]	training's rmse: 0.0523768	valid_1's rmse: 0.0934686
[9300]	training's rmse: 0.0520887	valid_1's rmse: 0.0934453
[9400]	training's rmse: 0.0518088	valid_1's rmse: 0.0934055
[9500]	training's rmse: 0.0515203	valid_1's rmse: 0.0933643
[9600]	training's rmse: 0.0512367	valid_1's rmse: 0.0933403
[9700]	training's rmse: 0.0509586	valid_1's rmse: 0.0933164
[9800]	training's rmse: 0.050682	valid_1's rmse: 0.0932858
[9900]	training's rmse: 0.0504041	valid_1's rmse: 0.0932416
[10000]	training's rmse: 0.0501491	valid_1's rmse: 0.0932098
##### feature importance #####
                        importance
feature                           
area                 105900.107749
districts             34562.338013
age_year              11375.790558
洗面台独立                  8118.546776
システムキッチン               5454.929757
structure              4177.964444
floor_building         3468.211861
浴室乾燥機\t                2883.226847
エレベーター                 2385.709355
mins_to_nearest_sta    1206.095759
floor_room             1184.695902
スーパー                    944.932680
コンビニ                    857.504420
direction               594.572506
温水洗浄便座                  578.138332
バス・トイレ別                 462.185954
床暖房                     260.898410
コンロ3口                   226.138402
num_room                210.808121
追焚機能                    201.697291
室内洗濯機置場                 190.478990
ドラッグストア                 180.369568
contract_period         175.230523
fixed_term              153.971706
ウォークインクローゼット            150.295388
bicycle_parking         146.314725
シャワー                    143.752686
car_parking             120.252766
病院                      118.634129
公園                      113.926614
バルコニー                   113.266586
BSアンテナ                  110.257825
CATV                    102.081345
都市ガス                    100.338451
飲食店                      98.778056
光ファイバー                   96.483604
郵便局                      96.396823
フローリング                   90.688299
脱衣所                      87.315770
給湯                       86.294088
大学                       85.016193
CSアンテナ                   84.638756
小学校                      81.642947
インターネット対応                75.912010
コンロ2口                    73.146671
インターネット使用料無料             71.530537
タイル張り                    69.800653
bike_parking             69.240291
IHコンロ                    69.123547
敷地内ごみ置き場                 67.727195
[100]	training's rmse: 0.221909	valid_1's rmse: 0.220664
[200]	training's rmse: 0.144669	valid_1's rmse: 0.143687
[300]	training's rmse: 0.120709	valid_1's rmse: 0.120979
[400]	training's rmse: 0.112207	valid_1's rmse: 0.113988
[500]	training's rmse: 0.107811	valid_1's rmse: 0.110989
[600]	training's rmse: 0.104909	valid_1's rmse: 0.10919
[700]	training's rmse: 0.102564	valid_1's rmse: 0.107704
[800]	training's rmse: 0.100594	valid_1's rmse: 0.106609
[900]	training's rmse: 0.0988519	valid_1's rmse: 0.105662
[1000]	training's rmse: 0.0972899	valid_1's rmse: 0.104929
[1100]	training's rmse: 0.0958007	valid_1's rmse: 0.104214
[1200]	training's rmse: 0.0944297	valid_1's rmse: 0.10357
[1300]	training's rmse: 0.0931892	valid_1's rmse: 0.103099
[1400]	training's rmse: 0.0919793	valid_1's rmse: 0.102578
[1500]	training's rmse: 0.0908623	valid_1's rmse: 0.102123
[1600]	training's rmse: 0.0898015	valid_1's rmse: 0.101727
[1700]	training's rmse: 0.088795	valid_1's rmse: 0.101389
[1800]	training's rmse: 0.087816	valid_1's rmse: 0.101037
[1900]	training's rmse: 0.0868821	valid_1's rmse: 0.100713
[2000]	training's rmse: 0.0859802	valid_1's rmse: 0.100412
[2100]	training's rmse: 0.0851179	valid_1's rmse: 0.100176
[2200]	training's rmse: 0.0842911	valid_1's rmse: 0.0999508
[2300]	training's rmse: 0.0834817	valid_1's rmse: 0.0997195
[2400]	training's rmse: 0.0826994	valid_1's rmse: 0.0994955
[2500]	training's rmse: 0.0819199	valid_1's rmse: 0.0992657
[2600]	training's rmse: 0.0811815	valid_1's rmse: 0.0990691
[2700]	training's rmse: 0.0804541	valid_1's rmse: 0.0988643
[2800]	training's rmse: 0.0797305	valid_1's rmse: 0.0986843
[2900]	training's rmse: 0.0790443	valid_1's rmse: 0.0984962
[3000]	training's rmse: 0.0783612	valid_1's rmse: 0.0983251
[3100]	training's rmse: 0.077707	valid_1's rmse: 0.0981356
[3200]	training's rmse: 0.0770657	valid_1's rmse: 0.0979719
[3300]	training's rmse: 0.0764229	valid_1's rmse: 0.0978199
[3400]	training's rmse: 0.0758126	valid_1's rmse: 0.0977168
[3500]	training's rmse: 0.0752111	valid_1's rmse: 0.097575
[3600]	training's rmse: 0.0746212	valid_1's rmse: 0.0974319
[3700]	training's rmse: 0.0740377	valid_1's rmse: 0.097306
[3800]	training's rmse: 0.0734666	valid_1's rmse: 0.0971899
[3900]	training's rmse: 0.072904	valid_1's rmse: 0.0970658
[4000]	training's rmse: 0.0723454	valid_1's rmse: 0.0969456
[4100]	training's rmse: 0.0718023	valid_1's rmse: 0.0968433
[4200]	training's rmse: 0.0712743	valid_1's rmse: 0.0967461
[4300]	training's rmse: 0.0707536	valid_1's rmse: 0.0966738
[4400]	training's rmse: 0.0702472	valid_1's rmse: 0.0965859
[4500]	training's rmse: 0.0697474	valid_1's rmse: 0.0964946
[4600]	training's rmse: 0.0692557	valid_1's rmse: 0.096397
[4700]	training's rmse: 0.0687602	valid_1's rmse: 0.0963199
[4800]	training's rmse: 0.0682727	valid_1's rmse: 0.0962386
[4900]	training's rmse: 0.0678117	valid_1's rmse: 0.0961648
[5000]	training's rmse: 0.0673397	valid_1's rmse: 0.0960893
[5100]	training's rmse: 0.0668703	valid_1's rmse: 0.0960276
[5200]	training's rmse: 0.0664121	valid_1's rmse: 0.0959465
[5300]	training's rmse: 0.0659671	valid_1's rmse: 0.0958648
[5400]	training's rmse: 0.0655216	valid_1's rmse: 0.0958021
[5500]	training's rmse: 0.0650943	valid_1's rmse: 0.0957415
[5600]	training's rmse: 0.0646598	valid_1's rmse: 0.0956717
[5700]	training's rmse: 0.0642473	valid_1's rmse: 0.0956165
[5800]	training's rmse: 0.0638243	valid_1's rmse: 0.0955471
[5900]	training's rmse: 0.0634201	valid_1's rmse: 0.0954969
[6000]	training's rmse: 0.063011	valid_1's rmse: 0.0954272
[6100]	training's rmse: 0.0626083	valid_1's rmse: 0.0953659
[6200]	training's rmse: 0.0622103	valid_1's rmse: 0.0953003
[6300]	training's rmse: 0.0618205	valid_1's rmse: 0.0952459
[6400]	training's rmse: 0.0614338	valid_1's rmse: 0.0951971
[6500]	training's rmse: 0.0610562	valid_1's rmse: 0.095148
[6600]	training's rmse: 0.0606825	valid_1's rmse: 0.0950927
[6700]	training's rmse: 0.0603088	valid_1's rmse: 0.0950558
[6800]	training's rmse: 0.0599405	valid_1's rmse: 0.0950088
[6900]	training's rmse: 0.0595667	valid_1's rmse: 0.0949521
[7000]	training's rmse: 0.0592017	valid_1's rmse: 0.0949033
[7100]	training's rmse: 0.0588429	valid_1's rmse: 0.0948591
[7200]	training's rmse: 0.0584896	valid_1's rmse: 0.0948117
[7300]	training's rmse: 0.0581393	valid_1's rmse: 0.094771
[7400]	training's rmse: 0.0577909	valid_1's rmse: 0.0947191
[7500]	training's rmse: 0.0574535	valid_1's rmse: 0.0946814
[7600]	training's rmse: 0.0571054	valid_1's rmse: 0.0946579
[7700]	training's rmse: 0.056777	valid_1's rmse: 0.0946146
[7800]	training's rmse: 0.0564453	valid_1's rmse: 0.0945727
[7900]	training's rmse: 0.0561238	valid_1's rmse: 0.094536
[8000]	training's rmse: 0.0557998	valid_1's rmse: 0.0945081
[8100]	training's rmse: 0.055476	valid_1's rmse: 0.0944745
[8200]	training's rmse: 0.0551554	valid_1's rmse: 0.0944459
[8300]	training's rmse: 0.0548357	valid_1's rmse: 0.0944214
[8400]	training's rmse: 0.0545211	valid_1's rmse: 0.0943903
[8500]	training's rmse: 0.0542111	valid_1's rmse: 0.0943587
[8600]	training's rmse: 0.0538989	valid_1's rmse: 0.0943337
[8700]	training's rmse: 0.0535937	valid_1's rmse: 0.0943089
[8800]	training's rmse: 0.0532847	valid_1's rmse: 0.094282
[8900]	training's rmse: 0.0529882	valid_1's rmse: 0.0942442
[9000]	training's rmse: 0.0527003	valid_1's rmse: 0.0942242
[9100]	training's rmse: 0.0524031	valid_1's rmse: 0.0941972
[9200]	training's rmse: 0.0521065	valid_1's rmse: 0.094169
[9300]	training's rmse: 0.0518243	valid_1's rmse: 0.0941398
[9400]	training's rmse: 0.051543	valid_1's rmse: 0.0941154
[9500]	training's rmse: 0.0512591	valid_1's rmse: 0.0940914
[9600]	training's rmse: 0.0509719	valid_1's rmse: 0.094073
[9700]	training's rmse: 0.0507027	valid_1's rmse: 0.0940423
[9800]	training's rmse: 0.0504319	valid_1's rmse: 0.0940233
[9900]	training's rmse: 0.050163	valid_1's rmse: 0.0940134
[10000]	training's rmse: 0.0498978	valid_1's rmse: 0.0939908
##### feature importance #####
                        importance
feature                           
area                 103196.435495
districts             34048.044541
age_year              12184.760638
洗面台独立                  9115.452335
システムキッチン               5629.855667
structure              4234.205930
floor_building         3232.337630
浴室乾燥機\t                2911.379065
エレベーター                 2521.393260
mins_to_nearest_sta    1242.902159
floor_room             1162.052428
スーパー                    964.253727
コンビニ                    902.814806
direction               614.344673
バス・トイレ別                 487.343729
温水洗浄便座                  451.284267
床暖房                     384.625677
num_room                214.999060
ウォークインクローゼット            203.439319
contract_period         192.053056
fixed_term              177.389260
追焚機能                    171.188187
ドラッグストア                 170.532065
室内洗濯機置場                 166.434935
bicycle_parking         161.981570
コンロ3口                   154.727909
病院                      135.618930
car_parking             133.928919
シャワー                    123.466143
公園                      114.651859
BSアンテナ                  105.160006
郵便局                     105.149478
光ファイバー                  103.290613
バルコニー                   102.558388
CATV                    102.347042
コンロ2口                    96.620524
エアコン付                    92.847713
都市ガス                     92.321963
飲食店                      91.036440
小学校                      87.723859
CSアンテナ                   84.254219
大学                       78.206697
IHコンロ                    77.424639
bike_parking             76.546727
給湯                       75.972529
フローリング                   75.404073
敷地内ごみ置き場                 72.266010
タイル張り                    72.073697
24時間換気システム               70.012765
プロパンガス                   69.493797
[100]	training's rmse: 0.221379	valid_1's rmse: 0.228163
[200]	training's rmse: 0.143986	valid_1's rmse: 0.151134
[300]	training's rmse: 0.120068	valid_1's rmse: 0.126919
[400]	training's rmse: 0.111516	valid_1's rmse: 0.11875
[500]	training's rmse: 0.107161	valid_1's rmse: 0.115038
[600]	training's rmse: 0.104254	valid_1's rmse: 0.11299
[700]	training's rmse: 0.101939	valid_1's rmse: 0.111526
[800]	training's rmse: 0.099978	valid_1's rmse: 0.110455
[900]	training's rmse: 0.098306	valid_1's rmse: 0.109563
[1000]	training's rmse: 0.0967738	valid_1's rmse: 0.108786
[1100]	training's rmse: 0.0953433	valid_1's rmse: 0.108057
[1200]	training's rmse: 0.0940261	valid_1's rmse: 0.107472
[1300]	training's rmse: 0.0927554	valid_1's rmse: 0.106899
[1400]	training's rmse: 0.091582	valid_1's rmse: 0.106422
[1500]	training's rmse: 0.090474	valid_1's rmse: 0.105965
[1600]	training's rmse: 0.0894318	valid_1's rmse: 0.105544
[1700]	training's rmse: 0.0884222	valid_1's rmse: 0.105166
[1800]	training's rmse: 0.0874478	valid_1's rmse: 0.104817
[1900]	training's rmse: 0.0865188	valid_1's rmse: 0.104491
[2000]	training's rmse: 0.0856267	valid_1's rmse: 0.104176
[2100]	training's rmse: 0.084769	valid_1's rmse: 0.103863
[2200]	training's rmse: 0.0839371	valid_1's rmse: 0.103585
[2300]	training's rmse: 0.0831197	valid_1's rmse: 0.10334
[2400]	training's rmse: 0.0823461	valid_1's rmse: 0.10312
[2500]	training's rmse: 0.0815655	valid_1's rmse: 0.102844
[2600]	training's rmse: 0.0808385	valid_1's rmse: 0.102647
[2700]	training's rmse: 0.0801293	valid_1's rmse: 0.102442
[2800]	training's rmse: 0.0794302	valid_1's rmse: 0.102256
[2900]	training's rmse: 0.0787544	valid_1's rmse: 0.102077
[3000]	training's rmse: 0.0780862	valid_1's rmse: 0.101874
[3100]	training's rmse: 0.0774219	valid_1's rmse: 0.101717
[3200]	training's rmse: 0.0767766	valid_1's rmse: 0.10156
[3300]	training's rmse: 0.0761226	valid_1's rmse: 0.101385
[3400]	training's rmse: 0.0755041	valid_1's rmse: 0.101225
[3500]	training's rmse: 0.0749076	valid_1's rmse: 0.101085
[3600]	training's rmse: 0.0743278	valid_1's rmse: 0.100928
[3700]	training's rmse: 0.0737476	valid_1's rmse: 0.100801
[3800]	training's rmse: 0.0731795	valid_1's rmse: 0.100675
[3900]	training's rmse: 0.0726211	valid_1's rmse: 0.10056
[4000]	training's rmse: 0.0720937	valid_1's rmse: 0.100462
[4100]	training's rmse: 0.0715566	valid_1's rmse: 0.100348
[4200]	training's rmse: 0.0710331	valid_1's rmse: 0.10024
[4300]	training's rmse: 0.0705203	valid_1's rmse: 0.100126
[4400]	training's rmse: 0.0700156	valid_1's rmse: 0.100042
[4500]	training's rmse: 0.0695225	valid_1's rmse: 0.0999439
[4600]	training's rmse: 0.06904	valid_1's rmse: 0.099862
[4700]	training's rmse: 0.0685631	valid_1's rmse: 0.099748
[4800]	training's rmse: 0.0680796	valid_1's rmse: 0.0996502
[4900]	training's rmse: 0.0676208	valid_1's rmse: 0.0995736
[5000]	training's rmse: 0.067156	valid_1's rmse: 0.0994744
[5100]	training's rmse: 0.0667083	valid_1's rmse: 0.0994138
[5200]	training's rmse: 0.0662486	valid_1's rmse: 0.0993112
[5300]	training's rmse: 0.0657988	valid_1's rmse: 0.0992395
[5400]	training's rmse: 0.0653595	valid_1's rmse: 0.0991866
[5500]	training's rmse: 0.064924	valid_1's rmse: 0.0991145
[5600]	training's rmse: 0.0645014	valid_1's rmse: 0.0990352
[5700]	training's rmse: 0.0640796	valid_1's rmse: 0.0989651
[5800]	training's rmse: 0.0636703	valid_1's rmse: 0.0989038
[5900]	training's rmse: 0.0632554	valid_1's rmse: 0.0988549
[6000]	training's rmse: 0.0628479	valid_1's rmse: 0.098786
[6100]	training's rmse: 0.0624459	valid_1's rmse: 0.0987282
[6200]	training's rmse: 0.0620538	valid_1's rmse: 0.0986622
[6300]	training's rmse: 0.0616633	valid_1's rmse: 0.0986138
[6400]	training's rmse: 0.061279	valid_1's rmse: 0.0985675
[6500]	training's rmse: 0.0608932	valid_1's rmse: 0.0985271
[6600]	training's rmse: 0.060519	valid_1's rmse: 0.0984721
[6700]	training's rmse: 0.060153	valid_1's rmse: 0.0984188
[6800]	training's rmse: 0.0597889	valid_1's rmse: 0.0983767
[6900]	training's rmse: 0.0594261	valid_1's rmse: 0.0983324
[7000]	training's rmse: 0.0590648	valid_1's rmse: 0.0982764
[7100]	training's rmse: 0.0587104	valid_1's rmse: 0.0982232
[7200]	training's rmse: 0.0583614	valid_1's rmse: 0.0981703
[7300]	training's rmse: 0.0580084	valid_1's rmse: 0.0981324
[7400]	training's rmse: 0.0576563	valid_1's rmse: 0.098081
[7500]	training's rmse: 0.0573175	valid_1's rmse: 0.0980318
[7600]	training's rmse: 0.0569788	valid_1's rmse: 0.0979844
[7700]	training's rmse: 0.0566447	valid_1's rmse: 0.0979445
[7800]	training's rmse: 0.0563162	valid_1's rmse: 0.0978878
[7900]	training's rmse: 0.0559923	valid_1's rmse: 0.0978675
[8000]	training's rmse: 0.0556715	valid_1's rmse: 0.0978329
[8100]	training's rmse: 0.0553528	valid_1's rmse: 0.0977975
[8200]	training's rmse: 0.0550313	valid_1's rmse: 0.0977492
[8300]	training's rmse: 0.0547138	valid_1's rmse: 0.0977051
[8400]	training's rmse: 0.0543971	valid_1's rmse: 0.0976664
[8500]	training's rmse: 0.0540817	valid_1's rmse: 0.0976143
[8600]	training's rmse: 0.0537793	valid_1's rmse: 0.0975806
[8700]	training's rmse: 0.0534769	valid_1's rmse: 0.0975535
[8800]	training's rmse: 0.0531708	valid_1's rmse: 0.0974973
[8900]	training's rmse: 0.0528704	valid_1's rmse: 0.097465
[9000]	training's rmse: 0.0525806	valid_1's rmse: 0.0974291
[9100]	training's rmse: 0.0522875	valid_1's rmse: 0.0974021
[9200]	training's rmse: 0.0519994	valid_1's rmse: 0.0973791
[9300]	training's rmse: 0.0517168	valid_1's rmse: 0.0973356
[9400]	training's rmse: 0.0514376	valid_1's rmse: 0.0973065
[9500]	training's rmse: 0.0511619	valid_1's rmse: 0.0972811
[9600]	training's rmse: 0.0508806	valid_1's rmse: 0.0972438
[9700]	training's rmse: 0.0505994	valid_1's rmse: 0.0972133
[9800]	training's rmse: 0.0503301	valid_1's rmse: 0.097181
[9900]	training's rmse: 0.0500573	valid_1's rmse: 0.0971532
[10000]	training's rmse: 0.0497841	valid_1's rmse: 0.0971196
##### feature importance #####
                        importance
feature                           
area                 103964.902192
districts             33554.383432
age_year              12417.208231
洗面台独立                  8527.342614
システムキッチン               5755.037562
structure              4213.226968
floor_building         3667.154347
浴室乾燥機\t                2346.111045
エレベーター                 2111.679759
mins_to_nearest_sta    1292.240078
floor_room             1121.952091
スーパー                    939.850938
コンビニ                    867.040026
direction               592.011248
温水洗浄便座                  543.959463
バス・トイレ別                 455.910576
床暖房                     346.280877
num_room                237.444924
コンロ3口                   212.572028
ドラッグストア                 198.922230
室内洗濯機置場                 168.578347
追焚機能                    168.403378
contract_period         159.261602
fixed_term              158.373136
シャワー                    156.364847
bicycle_parking         141.379682
ウォークインクローゼット            141.185590
病院                      139.550468
car_parking             124.866998
公園                      112.009249
給湯                      106.874868
光ファイバー                  104.814039
BSアンテナ                  104.052302
CATV                    103.706700
郵便局                      98.249035
飲食店                      97.310173
フローリング                   94.802181
コンロ2口                    93.122726
バルコニー                    93.079775
都市ガス                     84.645647
小学校                      83.977943
脱衣所                      83.732591
CSアンテナ                   82.648524
大学                       81.903620
インターネット対応                76.289974
インターネット使用料無料             75.937601
タイル張り                    71.246784
IHコンロ                    68.948499
プロパンガス                   68.545452
敷地内ごみ置き場                 68.433130
5fold CV score: 22654.918188178577
