./logs/model_logs/BASE_19.log
Using features:['districts', 'mins_to_nearest_sta', 'num_sta', 'りんかい線', 'ル羽田線', '京急本線', '京急空港線', '京成押上線', '京成本線', '京成金町線', '京浜東北線', '京王井の頭線', '京王新線', '京王線', '副都心線', '北総線', '千代田線', '半蔵門線', '南北線', '埼京線', '小田急小田原線', '山手線', '常磐線', '日比谷線', '有楽町線', '東急世田谷線', '東急多摩川線', '東急大井町線', '東急東横線', '東急池上線', '東急田園都市線', '東急目黒線', '東武亀戸線', '東武大師線', '東武東上線', '東西線', '横須賀線', '総武本線', '西武新宿線', '西武有楽町線', '西武池袋線', '都営三田線', '都営大江戸線', '都営新宿線', '都営浅草線', '都電荒川線', '銀座線', 'num_room', 'has_nando', 'is_R', 'is_K', 'is_DK', 'is_LDK', 'layout', 'age_year', 'age_month', 'age', 'direction', 'area', 'floor_is_underground', 'floor_room', 'floor_building', 'floor_room_over_floor_building', 'シャワー', 'バスなし', 'バス・トイレ別', '共同トイレ', '共同バス', '専用トイレ', '専用バス', '洗面台独立', '浴室乾燥機', '浴室乾燥機\t', '温水洗浄便座', '脱衣所', '追焚機能', 'IHコンロ', 'L字キッチン', 'カウンターキッチン', 'ガスコンロ', 'コンロ1口', 'コンロ2口', 'コンロ3口', 'コンロ4口以上', 'コンロ設置可（コンロ1口）', 'コンロ設置可（コンロ2口）', 'コンロ設置可（コンロ3口）', 'コンロ設置可（コンロ4口以上）', 'コンロ設置可（口数不明）', 'システムキッチン', '冷蔵庫あり', '独立キッチン', '給湯', '電気コンロ', 'BSアンテナ', 'CATV', 'CSアンテナ', 'インターネット使用料無料', 'インターネット対応', '光ファイバー', '有線放送', '高速インターネット', '24時間換気システム', '2面採光', '3面採光', 'ウォークインクローゼット', 'エアコン付', 'エレベーター', 'オール電化', 'ガスその他', 'ガス暖房', 'クッションフロア', 'シューズボックス', 'タイル張り', 'トランクルーム', 'バリアフリー', 'バルコニー', 'フローリング', 'プロパンガス', 'ペアガラス', 'ルーフバルコニー', 'ロフト付き', '下水', '二世帯住宅', '二重サッシ', '井戸', '公営水道', '冷房', '出窓', '地下室', '室内洗濯機置場', '室外洗濯機置場', '専用庭', '床下収納', '床暖房', '排水その他', '敷地内ごみ置き場', '水道その他', '汲み取り', '洗濯機置場なし', '浄化槽', '石油暖房', '都市ガス', '防音室', 'bicycle_parking', 'car_parking', 'bike_parking', '病院', 'デパート', '月極駐車場', '公園', 'スーパー', '学校', '郵便局', 'ドラッグストア', 'クリーニング', '飲食店', 'コンビニ', 'コインパーキング', '銀行', 'レンタルビデオ', '大学', '図書館', '小学校', '幼稚園・保育園', '総合病院', 'structure', 'fixed_term', 'contract_period']
[100]	training's rmse: 0.229159	valid_1's rmse: 0.226698
[200]	training's rmse: 0.149408	valid_1's rmse: 0.147476
[300]	training's rmse: 0.124054	valid_1's rmse: 0.122632
[400]	training's rmse: 0.114302	valid_1's rmse: 0.113404
[500]	training's rmse: 0.109149	valid_1's rmse: 0.108936
[600]	training's rmse: 0.106083	valid_1's rmse: 0.106394
[700]	training's rmse: 0.103883	valid_1's rmse: 0.104682
[800]	training's rmse: 0.102156	valid_1's rmse: 0.103363
[900]	training's rmse: 0.10051	valid_1's rmse: 0.102169
[1000]	training's rmse: 0.0989952	valid_1's rmse: 0.101143
[1100]	training's rmse: 0.097714	valid_1's rmse: 0.10023
[1200]	training's rmse: 0.0965879	valid_1's rmse: 0.0994343
[1300]	training's rmse: 0.0955995	valid_1's rmse: 0.0987566
[1400]	training's rmse: 0.0947115	valid_1's rmse: 0.0981983
[1500]	training's rmse: 0.0938169	valid_1's rmse: 0.0975973
[1600]	training's rmse: 0.0929687	valid_1's rmse: 0.0970474
[1700]	training's rmse: 0.0922231	valid_1's rmse: 0.0965844
[1800]	training's rmse: 0.0914776	valid_1's rmse: 0.0961368
[1900]	training's rmse: 0.0907355	valid_1's rmse: 0.0957019
[2000]	training's rmse: 0.0900862	valid_1's rmse: 0.0953448
[2100]	training's rmse: 0.0894805	valid_1's rmse: 0.0950064
[2200]	training's rmse: 0.0889003	valid_1's rmse: 0.0946628
[2300]	training's rmse: 0.0883346	valid_1's rmse: 0.0943429
[2400]	training's rmse: 0.0877646	valid_1's rmse: 0.0940346
[2500]	training's rmse: 0.0872025	valid_1's rmse: 0.0937444
[2600]	training's rmse: 0.0866767	valid_1's rmse: 0.0934643
[2700]	training's rmse: 0.086144	valid_1's rmse: 0.0931673
[2800]	training's rmse: 0.085642	valid_1's rmse: 0.0929199
[2900]	training's rmse: 0.0851575	valid_1's rmse: 0.0926836
[3000]	training's rmse: 0.084718	valid_1's rmse: 0.0925059
[3100]	training's rmse: 0.0842524	valid_1's rmse: 0.0923097
[3200]	training's rmse: 0.0837962	valid_1's rmse: 0.0920799
[3300]	training's rmse: 0.0833445	valid_1's rmse: 0.0919023
[3400]	training's rmse: 0.0828889	valid_1's rmse: 0.0916984
[3500]	training's rmse: 0.0824456	valid_1's rmse: 0.0915301
[3600]	training's rmse: 0.0820446	valid_1's rmse: 0.0913482
[3700]	training's rmse: 0.0816233	valid_1's rmse: 0.0911827
[3800]	training's rmse: 0.0812169	valid_1's rmse: 0.0910106
[3900]	training's rmse: 0.0808107	valid_1's rmse: 0.0908532
[4000]	training's rmse: 0.0804497	valid_1's rmse: 0.0907227
[4100]	training's rmse: 0.0800927	valid_1's rmse: 0.0905801
[4200]	training's rmse: 0.0797506	valid_1's rmse: 0.0904573
[4300]	training's rmse: 0.0793843	valid_1's rmse: 0.0903502
[4400]	training's rmse: 0.0790279	valid_1's rmse: 0.0902404
[4500]	training's rmse: 0.0786602	valid_1's rmse: 0.0901003
[4600]	training's rmse: 0.078325	valid_1's rmse: 0.0899878
[4700]	training's rmse: 0.0779603	valid_1's rmse: 0.0898527
[4800]	training's rmse: 0.0776422	valid_1's rmse: 0.0897499
[4900]	training's rmse: 0.0772864	valid_1's rmse: 0.0896236
[5000]	training's rmse: 0.0769486	valid_1's rmse: 0.0895092
[5100]	training's rmse: 0.0765931	valid_1's rmse: 0.0893825
[5200]	training's rmse: 0.0762422	valid_1's rmse: 0.0892746
[5300]	training's rmse: 0.075905	valid_1's rmse: 0.0891656
[5400]	training's rmse: 0.0755691	valid_1's rmse: 0.0890752
[5500]	training's rmse: 0.0752552	valid_1's rmse: 0.0889847
[5600]	training's rmse: 0.0749284	valid_1's rmse: 0.088894
[5700]	training's rmse: 0.0746225	valid_1's rmse: 0.0888111
[5800]	training's rmse: 0.0743146	valid_1's rmse: 0.0887092
[5900]	training's rmse: 0.0740125	valid_1's rmse: 0.0886179
[6000]	training's rmse: 0.0737096	valid_1's rmse: 0.0885397
[6100]	training's rmse: 0.07343	valid_1's rmse: 0.0884779
[6200]	training's rmse: 0.073117	valid_1's rmse: 0.0883941
[6300]	training's rmse: 0.0728178	valid_1's rmse: 0.0883163
[6400]	training's rmse: 0.0725134	valid_1's rmse: 0.0882389
[6500]	training's rmse: 0.0722434	valid_1's rmse: 0.0881811
[6600]	training's rmse: 0.0719596	valid_1's rmse: 0.0881157
[6700]	training's rmse: 0.071691	valid_1's rmse: 0.0880515
[6800]	training's rmse: 0.0714289	valid_1's rmse: 0.0879605
[6900]	training's rmse: 0.0711479	valid_1's rmse: 0.0878716
[7000]	training's rmse: 0.0708624	valid_1's rmse: 0.0878113
[7100]	training's rmse: 0.0705959	valid_1's rmse: 0.0877441
[7200]	training's rmse: 0.0703292	valid_1's rmse: 0.0876838
[7300]	training's rmse: 0.0700602	valid_1's rmse: 0.0876387
[7400]	training's rmse: 0.0697939	valid_1's rmse: 0.0875721
[7500]	training's rmse: 0.0695301	valid_1's rmse: 0.0875154
[7600]	training's rmse: 0.069295	valid_1's rmse: 0.0874699
[7700]	training's rmse: 0.069045	valid_1's rmse: 0.0874068
[7800]	training's rmse: 0.0687894	valid_1's rmse: 0.0873577
[7900]	training's rmse: 0.0685476	valid_1's rmse: 0.0873024
[8000]	training's rmse: 0.0682956	valid_1's rmse: 0.0872458
[8100]	training's rmse: 0.0680721	valid_1's rmse: 0.0871984
[8200]	training's rmse: 0.067825	valid_1's rmse: 0.0871306
[8300]	training's rmse: 0.0676003	valid_1's rmse: 0.0870606
[8400]	training's rmse: 0.0673682	valid_1's rmse: 0.0870012
[8500]	training's rmse: 0.067141	valid_1's rmse: 0.0869571
[8600]	training's rmse: 0.0669193	valid_1's rmse: 0.0868934
[8700]	training's rmse: 0.0666979	valid_1's rmse: 0.0868365
[8800]	training's rmse: 0.0664646	valid_1's rmse: 0.086788
[8900]	training's rmse: 0.0662526	valid_1's rmse: 0.0867339
[9000]	training's rmse: 0.0660464	valid_1's rmse: 0.0866818
[9100]	training's rmse: 0.0658435	valid_1's rmse: 0.0866476
[9200]	training's rmse: 0.0656274	valid_1's rmse: 0.0866153
[9300]	training's rmse: 0.0654132	valid_1's rmse: 0.0865727
[9400]	training's rmse: 0.0651819	valid_1's rmse: 0.0865157
[9500]	training's rmse: 0.0649673	valid_1's rmse: 0.0864792
[9600]	training's rmse: 0.0647542	valid_1's rmse: 0.0864443
[9700]	training's rmse: 0.0645554	valid_1's rmse: 0.0864037
[9800]	training's rmse: 0.0643427	valid_1's rmse: 0.0863706
[9900]	training's rmse: 0.0641393	valid_1's rmse: 0.0863277
[10000]	training's rmse: 0.0639197	valid_1's rmse: 0.0862931
[10100]	training's rmse: 0.0637189	valid_1's rmse: 0.0862681
[10200]	training's rmse: 0.0635046	valid_1's rmse: 0.0862197
[10300]	training's rmse: 0.0633045	valid_1's rmse: 0.0861833
[10400]	training's rmse: 0.0630864	valid_1's rmse: 0.0861236
[10500]	training's rmse: 0.0628786	valid_1's rmse: 0.0860915
[10600]	training's rmse: 0.062663	valid_1's rmse: 0.086038
[10700]	training's rmse: 0.0624684	valid_1's rmse: 0.0859984
[10800]	training's rmse: 0.0622744	valid_1's rmse: 0.0859673
[10900]	training's rmse: 0.0620715	valid_1's rmse: 0.085936
[11000]	training's rmse: 0.0618832	valid_1's rmse: 0.0858942
[11100]	training's rmse: 0.0616929	valid_1's rmse: 0.0858632
[11200]	training's rmse: 0.061497	valid_1's rmse: 0.0858296
[11300]	training's rmse: 0.0613075	valid_1's rmse: 0.0857991
[11400]	training's rmse: 0.0611156	valid_1's rmse: 0.0857689
[11500]	training's rmse: 0.0609233	valid_1's rmse: 0.0857406
[11600]	training's rmse: 0.0607303	valid_1's rmse: 0.0856973
[11700]	training's rmse: 0.0605281	valid_1's rmse: 0.0856618
[11800]	training's rmse: 0.0603328	valid_1's rmse: 0.0856246
[11900]	training's rmse: 0.0601368	valid_1's rmse: 0.0855963
[12000]	training's rmse: 0.0599467	valid_1's rmse: 0.0855684
[12100]	training's rmse: 0.0597616	valid_1's rmse: 0.0855398
[12200]	training's rmse: 0.0595866	valid_1's rmse: 0.0855235
[12300]	training's rmse: 0.0594158	valid_1's rmse: 0.085488
[12400]	training's rmse: 0.0592335	valid_1's rmse: 0.0854491
[12500]	training's rmse: 0.0590556	valid_1's rmse: 0.0854136
[12600]	training's rmse: 0.0588783	valid_1's rmse: 0.0853825
[12700]	training's rmse: 0.0587083	valid_1's rmse: 0.085354
[12800]	training's rmse: 0.0585372	valid_1's rmse: 0.0853269
[12900]	training's rmse: 0.0583738	valid_1's rmse: 0.0853001
[13000]	training's rmse: 0.0581945	valid_1's rmse: 0.0852645
[13100]	training's rmse: 0.0580219	valid_1's rmse: 0.0852324
[13200]	training's rmse: 0.0578578	valid_1's rmse: 0.0852105
[13300]	training's rmse: 0.0576827	valid_1's rmse: 0.085197
[13400]	training's rmse: 0.0575059	valid_1's rmse: 0.0851697
[13500]	training's rmse: 0.0573412	valid_1's rmse: 0.0851353
[13600]	training's rmse: 0.0571704	valid_1's rmse: 0.0851089
[13700]	training's rmse: 0.0569926	valid_1's rmse: 0.0850774
[13800]	training's rmse: 0.0568359	valid_1's rmse: 0.0850533
[13900]	training's rmse: 0.0566719	valid_1's rmse: 0.085047
[14000]	training's rmse: 0.0565026	valid_1's rmse: 0.0850059
[14100]	training's rmse: 0.0563383	valid_1's rmse: 0.0849838
[14200]	training's rmse: 0.0561755	valid_1's rmse: 0.084964
[14300]	training's rmse: 0.0560166	valid_1's rmse: 0.0849404
[14400]	training's rmse: 0.0558509	valid_1's rmse: 0.0849288
[14500]	training's rmse: 0.0556779	valid_1's rmse: 0.0849035
[14600]	training's rmse: 0.0555281	valid_1's rmse: 0.0848713
[14700]	training's rmse: 0.0553707	valid_1's rmse: 0.0848581
[14800]	training's rmse: 0.0552102	valid_1's rmse: 0.0848326
[14900]	training's rmse: 0.0550565	valid_1's rmse: 0.084814
[15000]	training's rmse: 0.0549071	valid_1's rmse: 0.084793
[15100]	training's rmse: 0.0547531	valid_1's rmse: 0.0847735
[15200]	training's rmse: 0.0546041	valid_1's rmse: 0.0847631
[15300]	training's rmse: 0.0544603	valid_1's rmse: 0.0847408
[15400]	training's rmse: 0.0543114	valid_1's rmse: 0.084733
[15500]	training's rmse: 0.0541575	valid_1's rmse: 0.0847157
[15600]	training's rmse: 0.0540207	valid_1's rmse: 0.0846882
[15700]	training's rmse: 0.0538699	valid_1's rmse: 0.08467
[15800]	training's rmse: 0.0537041	valid_1's rmse: 0.0846396
[15900]	training's rmse: 0.0535503	valid_1's rmse: 0.0846188
[16000]	training's rmse: 0.0534052	valid_1's rmse: 0.084604
[16100]	training's rmse: 0.0532524	valid_1's rmse: 0.0845823
[16200]	training's rmse: 0.0531027	valid_1's rmse: 0.0845647
[16300]	training's rmse: 0.0529716	valid_1's rmse: 0.0845552
[16400]	training's rmse: 0.0528182	valid_1's rmse: 0.0845356
[16500]	training's rmse: 0.0526741	valid_1's rmse: 0.0845207
[16600]	training's rmse: 0.0525438	valid_1's rmse: 0.0845089
[16700]	training's rmse: 0.0524158	valid_1's rmse: 0.0845008
[16800]	training's rmse: 0.0522795	valid_1's rmse: 0.0844824
[16900]	training's rmse: 0.0521518	valid_1's rmse: 0.084461
[17000]	training's rmse: 0.0520153	valid_1's rmse: 0.0844397
[17100]	training's rmse: 0.0518741	valid_1's rmse: 0.084432
[17200]	training's rmse: 0.0517333	valid_1's rmse: 0.0844249
[17300]	training's rmse: 0.0515952	valid_1's rmse: 0.0844075
[17400]	training's rmse: 0.0514545	valid_1's rmse: 0.0843912
[17500]	training's rmse: 0.0513309	valid_1's rmse: 0.084379
[17600]	training's rmse: 0.0511961	valid_1's rmse: 0.0843653
[17700]	training's rmse: 0.0510682	valid_1's rmse: 0.0843454
[17800]	training's rmse: 0.0509323	valid_1's rmse: 0.0843212
[17900]	training's rmse: 0.0508097	valid_1's rmse: 0.0843064
[18000]	training's rmse: 0.0506696	valid_1's rmse: 0.0843015
[18100]	training's rmse: 0.0505309	valid_1's rmse: 0.0842869
[18200]	training's rmse: 0.050393	valid_1's rmse: 0.0842687
[18300]	training's rmse: 0.0502603	valid_1's rmse: 0.0842563
[18400]	training's rmse: 0.0501268	valid_1's rmse: 0.084247
[18500]	training's rmse: 0.0499834	valid_1's rmse: 0.0842223
[18600]	training's rmse: 0.0498425	valid_1's rmse: 0.084213
[18700]	training's rmse: 0.049705	valid_1's rmse: 0.0841973
[18800]	training's rmse: 0.0495821	valid_1's rmse: 0.0841927
[18900]	training's rmse: 0.0494487	valid_1's rmse: 0.0841895
[19000]	training's rmse: 0.0493236	valid_1's rmse: 0.0841767
[19100]	training's rmse: 0.0491959	valid_1's rmse: 0.0841633
[19200]	training's rmse: 0.0490728	valid_1's rmse: 0.0841485
[19300]	training's rmse: 0.0489529	valid_1's rmse: 0.0841353
[19400]	training's rmse: 0.0488367	valid_1's rmse: 0.0841226
[19500]	training's rmse: 0.0487067	valid_1's rmse: 0.084116
[19600]	training's rmse: 0.0485821	valid_1's rmse: 0.0841017
[19700]	training's rmse: 0.0484581	valid_1's rmse: 0.0840781
[19800]	training's rmse: 0.0483306	valid_1's rmse: 0.084066
[19900]	training's rmse: 0.0482029	valid_1's rmse: 0.0840587
[20000]	training's rmse: 0.0480891	valid_1's rmse: 0.0840453
[20100]	training's rmse: 0.0479665	valid_1's rmse: 0.0840357
[20200]	training's rmse: 0.0478503	valid_1's rmse: 0.0840244
[20300]	training's rmse: 0.0477223	valid_1's rmse: 0.0840071
[20400]	training's rmse: 0.0476045	valid_1's rmse: 0.0839945
[20500]	training's rmse: 0.0474845	valid_1's rmse: 0.0839803
[20600]	training's rmse: 0.0473663	valid_1's rmse: 0.0839713
[20700]	training's rmse: 0.0472413	valid_1's rmse: 0.0839764
##### feature importance #####
                                  importance
feature                                     
area                            59160.219849
is_LDK                          45267.518609
districts                       27406.600107
age                              7822.759903
洗面台独立                            7737.405349
floor_building                   4766.150614
structure                        4672.644683
システムキッチン                         3765.088016
エレベーター                           3341.378748
age_year                         3319.733615
is_DK                            2289.223172
浴室乾燥機\t                          2034.944176
num_room                         1489.581131
layout                           1349.060250
バス・トイレ別                          1237.893221
floor_room                       1076.353217
mins_to_nearest_sta              1033.328212
床暖房                               958.653437
コンロ3口                             883.415469
コンビニ                              627.441000
スーパー                              624.134069
温水洗浄便座                            549.896206
direction                         425.389688
floor_room_over_floor_building    370.803259
追焚機能                              369.853138
age_month                         322.010610
山手線                               292.441858
脱衣所                               286.883585
ウォークインクローゼット                      274.741280
日比谷線                              212.425936
室内洗濯機置場                           179.020806
銀座線                               160.155101
fixed_term                        158.020126
ドラッグストア                           145.390774
contract_period                   144.781273
京王新線                              139.658646
南北線                               130.215787
東急東横線                             125.820744
都営大江戸線                            123.362575
東急田園都市線                           120.084140
京王線                               117.735080
シャワー                              108.537492
コンロ2口                             107.278554
西武新宿線                             106.429356
bicycle_parking                   105.505427
京成本線                              103.606457
car_parking                       101.242899
病院                                 93.580477
バルコニー                              91.232208
小田急小田原線                            88.371977
[100]	training's rmse: 0.227283	valid_1's rmse: 0.229879
[200]	training's rmse: 0.14758	valid_1's rmse: 0.154189
[300]	training's rmse: 0.121947	valid_1's rmse: 0.131242
[400]	training's rmse: 0.112244	valid_1's rmse: 0.123002
[500]	training's rmse: 0.107281	valid_1's rmse: 0.118913
[600]	training's rmse: 0.104117	valid_1's rmse: 0.116304
[700]	training's rmse: 0.102011	valid_1's rmse: 0.114652
[800]	training's rmse: 0.100182	valid_1's rmse: 0.113216
[900]	training's rmse: 0.0987032	valid_1's rmse: 0.11203
[1000]	training's rmse: 0.097147	valid_1's rmse: 0.110841
[1100]	training's rmse: 0.0957793	valid_1's rmse: 0.109828
[1200]	training's rmse: 0.0946888	valid_1's rmse: 0.109027
[1300]	training's rmse: 0.0936556	valid_1's rmse: 0.108285
[1400]	training's rmse: 0.0927693	valid_1's rmse: 0.107654
[1500]	training's rmse: 0.0918788	valid_1's rmse: 0.107031
[1600]	training's rmse: 0.0910986	valid_1's rmse: 0.106515
[1700]	training's rmse: 0.0903579	valid_1's rmse: 0.10604
[1800]	training's rmse: 0.0896365	valid_1's rmse: 0.105568
[1900]	training's rmse: 0.0889627	valid_1's rmse: 0.105127
[2000]	training's rmse: 0.0883175	valid_1's rmse: 0.104742
[2100]	training's rmse: 0.0877252	valid_1's rmse: 0.104384
[2200]	training's rmse: 0.0871543	valid_1's rmse: 0.104072
[2300]	training's rmse: 0.0864995	valid_1's rmse: 0.10369
[2400]	training's rmse: 0.0859361	valid_1's rmse: 0.103358
[2500]	training's rmse: 0.0854203	valid_1's rmse: 0.103076
[2600]	training's rmse: 0.0849045	valid_1's rmse: 0.102829
[2700]	training's rmse: 0.0844068	valid_1's rmse: 0.102555
[2800]	training's rmse: 0.083959	valid_1's rmse: 0.10232
[2900]	training's rmse: 0.0834635	valid_1's rmse: 0.102067
[3000]	training's rmse: 0.0829621	valid_1's rmse: 0.10182
[3100]	training's rmse: 0.0825357	valid_1's rmse: 0.101603
[3200]	training's rmse: 0.0820789	valid_1's rmse: 0.101364
[3300]	training's rmse: 0.0816499	valid_1's rmse: 0.101153
[3400]	training's rmse: 0.0811972	valid_1's rmse: 0.100929
[3500]	training's rmse: 0.0808134	valid_1's rmse: 0.10076
[3600]	training's rmse: 0.0803541	valid_1's rmse: 0.100555
[3700]	training's rmse: 0.0799656	valid_1's rmse: 0.100368
[3800]	training's rmse: 0.0795344	valid_1's rmse: 0.100205
[3900]	training's rmse: 0.0791669	valid_1's rmse: 0.100043
[4000]	training's rmse: 0.0787782	valid_1's rmse: 0.0998773
[4100]	training's rmse: 0.0784039	valid_1's rmse: 0.0997376
[4200]	training's rmse: 0.0780598	valid_1's rmse: 0.0996143
[4300]	training's rmse: 0.0776704	valid_1's rmse: 0.0994627
[4400]	training's rmse: 0.0773253	valid_1's rmse: 0.0993353
[4500]	training's rmse: 0.0769768	valid_1's rmse: 0.099188
[4600]	training's rmse: 0.0766259	valid_1's rmse: 0.0990616
[4700]	training's rmse: 0.0763007	valid_1's rmse: 0.0989414
[4800]	training's rmse: 0.0759676	valid_1's rmse: 0.0988346
[4900]	training's rmse: 0.0756712	valid_1's rmse: 0.0987216
[5000]	training's rmse: 0.0753141	valid_1's rmse: 0.0985937
[5100]	training's rmse: 0.0750075	valid_1's rmse: 0.0984687
[5200]	training's rmse: 0.0746765	valid_1's rmse: 0.0983564
[5300]	training's rmse: 0.0743564	valid_1's rmse: 0.0982669
[5400]	training's rmse: 0.0740425	valid_1's rmse: 0.098145
[5500]	training's rmse: 0.0737427	valid_1's rmse: 0.0980486
[5600]	training's rmse: 0.0734212	valid_1's rmse: 0.0979317
[5700]	training's rmse: 0.073104	valid_1's rmse: 0.097817
[5800]	training's rmse: 0.0728062	valid_1's rmse: 0.0977181
[5900]	training's rmse: 0.0725183	valid_1's rmse: 0.0976423
[6000]	training's rmse: 0.0722158	valid_1's rmse: 0.0975322
[6100]	training's rmse: 0.0719435	valid_1's rmse: 0.0974518
[6200]	training's rmse: 0.0716576	valid_1's rmse: 0.0973597
[6300]	training's rmse: 0.0713578	valid_1's rmse: 0.0972617
[6400]	training's rmse: 0.0710861	valid_1's rmse: 0.097172
[6500]	training's rmse: 0.0707918	valid_1's rmse: 0.0970846
[6600]	training's rmse: 0.0705207	valid_1's rmse: 0.0970096
[6700]	training's rmse: 0.0702603	valid_1's rmse: 0.0969351
[6800]	training's rmse: 0.0699947	valid_1's rmse: 0.0968432
[6900]	training's rmse: 0.0697423	valid_1's rmse: 0.0967737
[7000]	training's rmse: 0.0694758	valid_1's rmse: 0.0966995
[7100]	training's rmse: 0.0692125	valid_1's rmse: 0.0966167
[7200]	training's rmse: 0.0689578	valid_1's rmse: 0.0965467
[7300]	training's rmse: 0.0687178	valid_1's rmse: 0.0964879
[7400]	training's rmse: 0.0684665	valid_1's rmse: 0.0964243
[7500]	training's rmse: 0.0682353	valid_1's rmse: 0.0963603
[7600]	training's rmse: 0.068006	valid_1's rmse: 0.0962936
[7700]	training's rmse: 0.0677723	valid_1's rmse: 0.0962449
[7800]	training's rmse: 0.0675355	valid_1's rmse: 0.0961808
[7900]	training's rmse: 0.0672894	valid_1's rmse: 0.0961136
[8000]	training's rmse: 0.0670338	valid_1's rmse: 0.0960436
[8100]	training's rmse: 0.0667979	valid_1's rmse: 0.0959758
[8200]	training's rmse: 0.0665762	valid_1's rmse: 0.0959213
[8300]	training's rmse: 0.0663483	valid_1's rmse: 0.0958626
[8400]	training's rmse: 0.0661225	valid_1's rmse: 0.0958029
[8500]	training's rmse: 0.0659119	valid_1's rmse: 0.0957736
[8600]	training's rmse: 0.0656899	valid_1's rmse: 0.0957247
[8700]	training's rmse: 0.0654598	valid_1's rmse: 0.0956604
[8800]	training's rmse: 0.0652429	valid_1's rmse: 0.0956128
[8900]	training's rmse: 0.0650068	valid_1's rmse: 0.0955609
[9000]	training's rmse: 0.0647777	valid_1's rmse: 0.0955063
[9100]	training's rmse: 0.0645772	valid_1's rmse: 0.0954737
[9200]	training's rmse: 0.0643599	valid_1's rmse: 0.0954288
[9300]	training's rmse: 0.0641409	valid_1's rmse: 0.0953731
[9400]	training's rmse: 0.063945	valid_1's rmse: 0.0953281
[9500]	training's rmse: 0.0637347	valid_1's rmse: 0.0952775
[9600]	training's rmse: 0.0635322	valid_1's rmse: 0.0952289
[9700]	training's rmse: 0.0633205	valid_1's rmse: 0.0951856
[9800]	training's rmse: 0.0631194	valid_1's rmse: 0.0951443
[9900]	training's rmse: 0.0629156	valid_1's rmse: 0.0950909
[10000]	training's rmse: 0.06273	valid_1's rmse: 0.0950512
[10100]	training's rmse: 0.0625246	valid_1's rmse: 0.0950113
[10200]	training's rmse: 0.0623181	valid_1's rmse: 0.094962
[10300]	training's rmse: 0.0621108	valid_1's rmse: 0.0949129
[10400]	training's rmse: 0.0619126	valid_1's rmse: 0.0948535
[10500]	training's rmse: 0.0617083	valid_1's rmse: 0.0948108
[10600]	training's rmse: 0.0615071	valid_1's rmse: 0.0947543
[10700]	training's rmse: 0.0613019	valid_1's rmse: 0.0947191
[10800]	training's rmse: 0.0611086	valid_1's rmse: 0.0946715
[10900]	training's rmse: 0.0609324	valid_1's rmse: 0.0946295
[11000]	training's rmse: 0.0607477	valid_1's rmse: 0.0945872
[11100]	training's rmse: 0.0605562	valid_1's rmse: 0.0945487
[11200]	training's rmse: 0.0603506	valid_1's rmse: 0.094501
[11300]	training's rmse: 0.0601529	valid_1's rmse: 0.0944664
[11400]	training's rmse: 0.0599796	valid_1's rmse: 0.0944355
[11500]	training's rmse: 0.0598033	valid_1's rmse: 0.0944086
[11600]	training's rmse: 0.059617	valid_1's rmse: 0.0943788
[11700]	training's rmse: 0.0594292	valid_1's rmse: 0.0943417
[11800]	training's rmse: 0.059243	valid_1's rmse: 0.0943087
[11900]	training's rmse: 0.0590597	valid_1's rmse: 0.0942647
[12000]	training's rmse: 0.0588766	valid_1's rmse: 0.0942343
[12100]	training's rmse: 0.058699	valid_1's rmse: 0.0942003
[12200]	training's rmse: 0.0585237	valid_1's rmse: 0.0941592
[12300]	training's rmse: 0.0583418	valid_1's rmse: 0.0941199
[12400]	training's rmse: 0.0581615	valid_1's rmse: 0.0940943
[12500]	training's rmse: 0.0579789	valid_1's rmse: 0.0940705
[12600]	training's rmse: 0.0577876	valid_1's rmse: 0.0940427
[12700]	training's rmse: 0.0576222	valid_1's rmse: 0.0940236
[12800]	training's rmse: 0.057461	valid_1's rmse: 0.0939994
[12900]	training's rmse: 0.0572843	valid_1's rmse: 0.0939741
[13000]	training's rmse: 0.0570976	valid_1's rmse: 0.0939396
[13100]	training's rmse: 0.0569267	valid_1's rmse: 0.0939007
[13200]	training's rmse: 0.0567601	valid_1's rmse: 0.0938627
[13300]	training's rmse: 0.0566031	valid_1's rmse: 0.0938378
[13400]	training's rmse: 0.0564319	valid_1's rmse: 0.0938037
[13500]	training's rmse: 0.0562721	valid_1's rmse: 0.0937773
[13600]	training's rmse: 0.0561178	valid_1's rmse: 0.0937473
[13700]	training's rmse: 0.055947	valid_1's rmse: 0.0937045
[13800]	training's rmse: 0.055792	valid_1's rmse: 0.0936835
[13900]	training's rmse: 0.0556197	valid_1's rmse: 0.0936494
[14000]	training's rmse: 0.0554538	valid_1's rmse: 0.0936293
[14100]	training's rmse: 0.0552842	valid_1's rmse: 0.0935941
[14200]	training's rmse: 0.0551269	valid_1's rmse: 0.0935735
[14300]	training's rmse: 0.0549536	valid_1's rmse: 0.0935451
[14400]	training's rmse: 0.0547876	valid_1's rmse: 0.0935189
[14500]	training's rmse: 0.0546271	valid_1's rmse: 0.0934907
[14600]	training's rmse: 0.0544679	valid_1's rmse: 0.0934642
[14700]	training's rmse: 0.0543123	valid_1's rmse: 0.0934451
[14800]	training's rmse: 0.0541579	valid_1's rmse: 0.0934307
[14900]	training's rmse: 0.0540045	valid_1's rmse: 0.0933978
[15000]	training's rmse: 0.0538513	valid_1's rmse: 0.0933783
[15100]	training's rmse: 0.0536996	valid_1's rmse: 0.0933572
[15200]	training's rmse: 0.0535582	valid_1's rmse: 0.0933386
[15300]	training's rmse: 0.0534064	valid_1's rmse: 0.093321
[15400]	training's rmse: 0.0532627	valid_1's rmse: 0.0933026
[15500]	training's rmse: 0.0531124	valid_1's rmse: 0.0932793
[15600]	training's rmse: 0.0529468	valid_1's rmse: 0.0932589
[15700]	training's rmse: 0.0527965	valid_1's rmse: 0.0932382
[15800]	training's rmse: 0.0526363	valid_1's rmse: 0.0932189
[15900]	training's rmse: 0.0524827	valid_1's rmse: 0.0931873
[16000]	training's rmse: 0.0523417	valid_1's rmse: 0.0931643
[16100]	training's rmse: 0.0521952	valid_1's rmse: 0.0931409
[16200]	training's rmse: 0.0520555	valid_1's rmse: 0.0931181
[16300]	training's rmse: 0.051909	valid_1's rmse: 0.0930937
[16400]	training's rmse: 0.0517597	valid_1's rmse: 0.0930854
[16500]	training's rmse: 0.0516102	valid_1's rmse: 0.0930711
[16600]	training's rmse: 0.0514607	valid_1's rmse: 0.0930419
[16700]	training's rmse: 0.0513173	valid_1's rmse: 0.0930235
[16800]	training's rmse: 0.0511794	valid_1's rmse: 0.0929974
[16900]	training's rmse: 0.0510294	valid_1's rmse: 0.0929831
[17000]	training's rmse: 0.0508759	valid_1's rmse: 0.0929582
[17100]	training's rmse: 0.0507469	valid_1's rmse: 0.0929512
[17200]	training's rmse: 0.050605	valid_1's rmse: 0.0929256
[17300]	training's rmse: 0.0504741	valid_1's rmse: 0.092915
[17400]	training's rmse: 0.0503332	valid_1's rmse: 0.0928992
[17500]	training's rmse: 0.050188	valid_1's rmse: 0.0928801
[17600]	training's rmse: 0.0500495	valid_1's rmse: 0.0928563
[17700]	training's rmse: 0.0499102	valid_1's rmse: 0.0928406
[17800]	training's rmse: 0.049777	valid_1's rmse: 0.0928218
[17900]	training's rmse: 0.0496277	valid_1's rmse: 0.0928143
[18000]	training's rmse: 0.0494754	valid_1's rmse: 0.0927983
[18100]	training's rmse: 0.0493441	valid_1's rmse: 0.0927762
[18200]	training's rmse: 0.0492079	valid_1's rmse: 0.0927682
[18300]	training's rmse: 0.0490628	valid_1's rmse: 0.0927605
[18400]	training's rmse: 0.0489297	valid_1's rmse: 0.0927373
[18500]	training's rmse: 0.048799	valid_1's rmse: 0.0927148
[18600]	training's rmse: 0.048678	valid_1's rmse: 0.0927053
##### feature importance #####
                                  importance
feature                                     
area                            58354.098259
is_LDK                          44870.541521
districts                       26918.204154
age                              7910.836185
洗面台独立                            7475.574140
structure                        5066.491997
floor_building                   4982.131416
システムキッチン                         4022.018403
is_DK                            4018.604391
エレベーター                           3440.483323
age_year                         2894.333592
layout                           1694.140718
浴室乾燥機\t                          1611.969735
num_room                         1290.703694
バス・トイレ別                          1185.218038
floor_room                        949.704640
mins_to_nearest_sta               912.224139
床暖房                               612.477059
スーパー                              584.131138
温水洗浄便座                            572.677563
コンビニ                              513.569222
コンロ3口                             488.131982
脱衣所                               465.773004
direction                         392.982509
追焚機能                              356.898023
floor_room_over_floor_building    330.947209
age_month                         293.442988
山手線                               285.426633
日比谷線                              231.837512
ウォークインクローゼット                      217.752070
室内洗濯機置場                           167.140206
contract_period                   155.563962
fixed_term                        154.706065
銀座線                               137.469327
ドラッグストア                           132.096027
南北線                               124.979942
シャワー                              121.802806
京王新線                              120.228180
car_parking                       119.691980
東急東横線                             119.277503
東急田園都市線                           113.981235
西武新宿線                             109.610186
京王線                               108.585426
都営大江戸線                             97.278968
病院                                 97.125635
京成本線                               95.802608
バルコニー                              95.204201
bicycle_parking                    95.095261
小田急小田原線                            89.429656
エアコン付                              83.097614
[100]	training's rmse: 0.228254	valid_1's rmse: 0.232901
[200]	training's rmse: 0.148816	valid_1's rmse: 0.153349
[300]	training's rmse: 0.12347	valid_1's rmse: 0.12804
[400]	training's rmse: 0.1139	valid_1's rmse: 0.118481
[500]	training's rmse: 0.108875	valid_1's rmse: 0.11342
[600]	training's rmse: 0.105827	valid_1's rmse: 0.110507
[700]	training's rmse: 0.103652	valid_1's rmse: 0.108448
[800]	training's rmse: 0.101877	valid_1's rmse: 0.106871
[900]	training's rmse: 0.100283	valid_1's rmse: 0.105475
[1000]	training's rmse: 0.0988788	valid_1's rmse: 0.104329
[1100]	training's rmse: 0.0976765	valid_1's rmse: 0.103373
[1200]	training's rmse: 0.0965215	valid_1's rmse: 0.102484
[1300]	training's rmse: 0.0954925	valid_1's rmse: 0.101695
[1400]	training's rmse: 0.0945556	valid_1's rmse: 0.100982
[1500]	training's rmse: 0.093578	valid_1's rmse: 0.100288
[1600]	training's rmse: 0.0927226	valid_1's rmse: 0.0996876
[1700]	training's rmse: 0.091975	valid_1's rmse: 0.0991761
[1800]	training's rmse: 0.0912053	valid_1's rmse: 0.0986942
[1900]	training's rmse: 0.0905521	valid_1's rmse: 0.098301
[2000]	training's rmse: 0.0899407	valid_1's rmse: 0.0979053
[2100]	training's rmse: 0.0893087	valid_1's rmse: 0.0975406
[2200]	training's rmse: 0.0887096	valid_1's rmse: 0.0971949
[2300]	training's rmse: 0.0880898	valid_1's rmse: 0.0967946
[2400]	training's rmse: 0.0875105	valid_1's rmse: 0.0964464
[2500]	training's rmse: 0.0869793	valid_1's rmse: 0.0961596
[2600]	training's rmse: 0.0864451	valid_1's rmse: 0.0958632
[2700]	training's rmse: 0.0859478	valid_1's rmse: 0.0955823
[2800]	training's rmse: 0.0854219	valid_1's rmse: 0.0952807
[2900]	training's rmse: 0.0849132	valid_1's rmse: 0.0949997
[3000]	training's rmse: 0.0844424	valid_1's rmse: 0.0947692
[3100]	training's rmse: 0.0840371	valid_1's rmse: 0.0945675
[3200]	training's rmse: 0.0835956	valid_1's rmse: 0.0943508
[3300]	training's rmse: 0.0831543	valid_1's rmse: 0.0940997
[3400]	training's rmse: 0.0827666	valid_1's rmse: 0.0939334
[3500]	training's rmse: 0.0823387	valid_1's rmse: 0.0937269
[3600]	training's rmse: 0.0819233	valid_1's rmse: 0.0935292
[3700]	training's rmse: 0.081501	valid_1's rmse: 0.093347
[3800]	training's rmse: 0.0810663	valid_1's rmse: 0.0931459
[3900]	training's rmse: 0.0807017	valid_1's rmse: 0.0929828
[4000]	training's rmse: 0.0803326	valid_1's rmse: 0.0928223
[4100]	training's rmse: 0.0799789	valid_1's rmse: 0.0926586
[4200]	training's rmse: 0.0796028	valid_1's rmse: 0.0924981
[4300]	training's rmse: 0.0792375	valid_1's rmse: 0.0923492
[4400]	training's rmse: 0.078863	valid_1's rmse: 0.0921843
[4500]	training's rmse: 0.0785131	valid_1's rmse: 0.0920439
[4600]	training's rmse: 0.0781694	valid_1's rmse: 0.0919048
[4700]	training's rmse: 0.0777997	valid_1's rmse: 0.0917451
[4800]	training's rmse: 0.0774511	valid_1's rmse: 0.0915886
[4900]	training's rmse: 0.0771175	valid_1's rmse: 0.0914599
[5000]	training's rmse: 0.0767705	valid_1's rmse: 0.0913253
[5100]	training's rmse: 0.0764547	valid_1's rmse: 0.091203
[5200]	training's rmse: 0.0761294	valid_1's rmse: 0.0910639
[5300]	training's rmse: 0.0758431	valid_1's rmse: 0.0909531
[5400]	training's rmse: 0.0755445	valid_1's rmse: 0.0908427
[5500]	training's rmse: 0.0752357	valid_1's rmse: 0.0907099
[5600]	training's rmse: 0.0749354	valid_1's rmse: 0.0906095
[5700]	training's rmse: 0.0746429	valid_1's rmse: 0.0905081
[5800]	training's rmse: 0.0743459	valid_1's rmse: 0.090396
[5900]	training's rmse: 0.0740258	valid_1's rmse: 0.0902756
[6000]	training's rmse: 0.0737311	valid_1's rmse: 0.0901732
[6100]	training's rmse: 0.0734655	valid_1's rmse: 0.090102
[6200]	training's rmse: 0.073154	valid_1's rmse: 0.0899808
[6300]	training's rmse: 0.0728765	valid_1's rmse: 0.0898811
[6400]	training's rmse: 0.0725938	valid_1's rmse: 0.0897982
[6500]	training's rmse: 0.0723108	valid_1's rmse: 0.0896973
[6600]	training's rmse: 0.0720579	valid_1's rmse: 0.0896024
[6700]	training's rmse: 0.0717905	valid_1's rmse: 0.0895125
[6800]	training's rmse: 0.0715414	valid_1's rmse: 0.0894573
[6900]	training's rmse: 0.0712944	valid_1's rmse: 0.0893863
[7000]	training's rmse: 0.0710326	valid_1's rmse: 0.0892887
[7100]	training's rmse: 0.0707566	valid_1's rmse: 0.0892049
[7200]	training's rmse: 0.0705017	valid_1's rmse: 0.0891215
[7300]	training's rmse: 0.0702474	valid_1's rmse: 0.0890358
[7400]	training's rmse: 0.0699775	valid_1's rmse: 0.0889355
[7500]	training's rmse: 0.0697217	valid_1's rmse: 0.0888648
[7600]	training's rmse: 0.0694845	valid_1's rmse: 0.0887946
[7700]	training's rmse: 0.0692438	valid_1's rmse: 0.0887293
[7800]	training's rmse: 0.0690117	valid_1's rmse: 0.0886559
[7900]	training's rmse: 0.0687704	valid_1's rmse: 0.0885869
[8000]	training's rmse: 0.0685399	valid_1's rmse: 0.088518
[8100]	training's rmse: 0.0683011	valid_1's rmse: 0.0884606
[8200]	training's rmse: 0.0680714	valid_1's rmse: 0.0883896
[8300]	training's rmse: 0.067853	valid_1's rmse: 0.0883246
[8400]	training's rmse: 0.067626	valid_1's rmse: 0.0882588
[8500]	training's rmse: 0.0674077	valid_1's rmse: 0.0882021
[8600]	training's rmse: 0.0671726	valid_1's rmse: 0.0881415
[8700]	training's rmse: 0.066926	valid_1's rmse: 0.0880816
[8800]	training's rmse: 0.0666989	valid_1's rmse: 0.0880342
[8900]	training's rmse: 0.0664659	valid_1's rmse: 0.0879628
[9000]	training's rmse: 0.0662266	valid_1's rmse: 0.0879128
[9100]	training's rmse: 0.06601	valid_1's rmse: 0.0878641
[9200]	training's rmse: 0.0657935	valid_1's rmse: 0.0878113
[9300]	training's rmse: 0.0655778	valid_1's rmse: 0.087752
[9400]	training's rmse: 0.0653655	valid_1's rmse: 0.0877007
[9500]	training's rmse: 0.0651307	valid_1's rmse: 0.0876407
[9600]	training's rmse: 0.064919	valid_1's rmse: 0.0875751
[9700]	training's rmse: 0.0646917	valid_1's rmse: 0.0875177
[9800]	training's rmse: 0.0644874	valid_1's rmse: 0.0874674
[9900]	training's rmse: 0.0642676	valid_1's rmse: 0.0874167
[10000]	training's rmse: 0.0640783	valid_1's rmse: 0.0873813
[10100]	training's rmse: 0.0638742	valid_1's rmse: 0.0873324
[10200]	training's rmse: 0.0636739	valid_1's rmse: 0.0872844
[10300]	training's rmse: 0.0634718	valid_1's rmse: 0.0872503
[10400]	training's rmse: 0.0632698	valid_1's rmse: 0.0872017
[10500]	training's rmse: 0.0630891	valid_1's rmse: 0.0871646
[10600]	training's rmse: 0.0628826	valid_1's rmse: 0.0871262
[10700]	training's rmse: 0.0626815	valid_1's rmse: 0.087071
[10800]	training's rmse: 0.0624999	valid_1's rmse: 0.0870338
[10900]	training's rmse: 0.0622982	valid_1's rmse: 0.0869874
[11000]	training's rmse: 0.0620869	valid_1's rmse: 0.0869424
[11100]	training's rmse: 0.0618852	valid_1's rmse: 0.0868921
[11200]	training's rmse: 0.0616955	valid_1's rmse: 0.0868468
[11300]	training's rmse: 0.0615115	valid_1's rmse: 0.0868138
[11400]	training's rmse: 0.0613261	valid_1's rmse: 0.0867767
[11500]	training's rmse: 0.0611363	valid_1's rmse: 0.0867432
[11600]	training's rmse: 0.060939	valid_1's rmse: 0.0867066
[11700]	training's rmse: 0.0607598	valid_1's rmse: 0.0866672
[11800]	training's rmse: 0.060564	valid_1's rmse: 0.0866212
[11900]	training's rmse: 0.0603827	valid_1's rmse: 0.0865841
[12000]	training's rmse: 0.0601991	valid_1's rmse: 0.0865465
[12100]	training's rmse: 0.0600164	valid_1's rmse: 0.0865163
[12200]	training's rmse: 0.0598401	valid_1's rmse: 0.0864774
[12300]	training's rmse: 0.0596497	valid_1's rmse: 0.0864386
[12400]	training's rmse: 0.0594672	valid_1's rmse: 0.0864007
[12500]	training's rmse: 0.0592898	valid_1's rmse: 0.0863652
[12600]	training's rmse: 0.059125	valid_1's rmse: 0.086326
[12700]	training's rmse: 0.0589432	valid_1's rmse: 0.0862788
[12800]	training's rmse: 0.0587765	valid_1's rmse: 0.0862349
[12900]	training's rmse: 0.0586037	valid_1's rmse: 0.0862115
[13000]	training's rmse: 0.0584414	valid_1's rmse: 0.0861781
[13100]	training's rmse: 0.0582699	valid_1's rmse: 0.08614
[13200]	training's rmse: 0.0580957	valid_1's rmse: 0.0861125
[13300]	training's rmse: 0.0579296	valid_1's rmse: 0.0860736
[13400]	training's rmse: 0.0577686	valid_1's rmse: 0.086045
[13500]	training's rmse: 0.0576054	valid_1's rmse: 0.0860052
[13600]	training's rmse: 0.0574371	valid_1's rmse: 0.0859705
[13700]	training's rmse: 0.0572729	valid_1's rmse: 0.0859449
[13800]	training's rmse: 0.0571088	valid_1's rmse: 0.0859266
[13900]	training's rmse: 0.0569577	valid_1's rmse: 0.0858945
[14000]	training's rmse: 0.0567877	valid_1's rmse: 0.0858621
[14100]	training's rmse: 0.0566322	valid_1's rmse: 0.0858341
[14200]	training's rmse: 0.0564754	valid_1's rmse: 0.0858076
[14300]	training's rmse: 0.0563137	valid_1's rmse: 0.0857834
[14400]	training's rmse: 0.0561512	valid_1's rmse: 0.0857554
[14500]	training's rmse: 0.0559873	valid_1's rmse: 0.085735
[14600]	training's rmse: 0.0558344	valid_1's rmse: 0.0857162
[14700]	training's rmse: 0.0556635	valid_1's rmse: 0.0856882
[14800]	training's rmse: 0.0555	valid_1's rmse: 0.0856646
[14900]	training's rmse: 0.0553365	valid_1's rmse: 0.0856365
[15000]	training's rmse: 0.0551796	valid_1's rmse: 0.0856143
[15100]	training's rmse: 0.0550239	valid_1's rmse: 0.0855907
[15200]	training's rmse: 0.0548643	valid_1's rmse: 0.0855767
[15300]	training's rmse: 0.0547095	valid_1's rmse: 0.0855547
[15400]	training's rmse: 0.0545637	valid_1's rmse: 0.0855377
[15500]	training's rmse: 0.0544188	valid_1's rmse: 0.0855171
[15600]	training's rmse: 0.0542623	valid_1's rmse: 0.085481
[15700]	training's rmse: 0.0541211	valid_1's rmse: 0.085458
[15800]	training's rmse: 0.0539684	valid_1's rmse: 0.0854293
[15900]	training's rmse: 0.0538108	valid_1's rmse: 0.0853983
[16000]	training's rmse: 0.0536595	valid_1's rmse: 0.0853719
[16100]	training's rmse: 0.0535129	valid_1's rmse: 0.0853565
[16200]	training's rmse: 0.0533674	valid_1's rmse: 0.0853435
[16300]	training's rmse: 0.0532118	valid_1's rmse: 0.0853127
[16400]	training's rmse: 0.0530684	valid_1's rmse: 0.0853026
[16500]	training's rmse: 0.0529218	valid_1's rmse: 0.0852903
[16600]	training's rmse: 0.0527898	valid_1's rmse: 0.0852662
[16700]	training's rmse: 0.0526508	valid_1's rmse: 0.085247
[16800]	training's rmse: 0.0525184	valid_1's rmse: 0.0852344
[16900]	training's rmse: 0.0523736	valid_1's rmse: 0.0852159
[17000]	training's rmse: 0.052221	valid_1's rmse: 0.0851925
[17100]	training's rmse: 0.0520826	valid_1's rmse: 0.0851705
[17200]	training's rmse: 0.0519402	valid_1's rmse: 0.0851392
[17300]	training's rmse: 0.0517963	valid_1's rmse: 0.0851289
[17400]	training's rmse: 0.0516484	valid_1's rmse: 0.0851214
[17500]	training's rmse: 0.0515103	valid_1's rmse: 0.0851105
[17600]	training's rmse: 0.051373	valid_1's rmse: 0.0850899
[17700]	training's rmse: 0.0512431	valid_1's rmse: 0.0850601
[17800]	training's rmse: 0.0511013	valid_1's rmse: 0.085048
[17900]	training's rmse: 0.0509668	valid_1's rmse: 0.0850368
[18000]	training's rmse: 0.0508314	valid_1's rmse: 0.0850229
[18100]	training's rmse: 0.0506878	valid_1's rmse: 0.0850003
[18200]	training's rmse: 0.0505563	valid_1's rmse: 0.0849801
[18300]	training's rmse: 0.0504234	valid_1's rmse: 0.0849708
[18400]	training's rmse: 0.0502876	valid_1's rmse: 0.0849541
[18500]	training's rmse: 0.0501431	valid_1's rmse: 0.084943
[18600]	training's rmse: 0.0500026	valid_1's rmse: 0.0849216
[18700]	training's rmse: 0.0498674	valid_1's rmse: 0.0849067
[18800]	training's rmse: 0.0497311	valid_1's rmse: 0.0848909
[18900]	training's rmse: 0.0496031	valid_1's rmse: 0.0848625
[19000]	training's rmse: 0.0494777	valid_1's rmse: 0.0848466
[19100]	training's rmse: 0.0493442	valid_1's rmse: 0.0848309
[19200]	training's rmse: 0.0492198	valid_1's rmse: 0.0848105
[19300]	training's rmse: 0.0490956	valid_1's rmse: 0.0847956
[19400]	training's rmse: 0.0489742	valid_1's rmse: 0.0847721
[19500]	training's rmse: 0.0488549	valid_1's rmse: 0.0847502
[19600]	training's rmse: 0.0487348	valid_1's rmse: 0.0847346
[19700]	training's rmse: 0.0486128	valid_1's rmse: 0.0847183
[19800]	training's rmse: 0.0484942	valid_1's rmse: 0.0846957
[19900]	training's rmse: 0.0483722	valid_1's rmse: 0.0846821
[20000]	training's rmse: 0.0482529	valid_1's rmse: 0.0846747
[20100]	training's rmse: 0.04813	valid_1's rmse: 0.0846566
[20200]	training's rmse: 0.0480026	valid_1's rmse: 0.0846463
[20300]	training's rmse: 0.0478801	valid_1's rmse: 0.0846378
[20400]	training's rmse: 0.047755	valid_1's rmse: 0.0846186
[20500]	training's rmse: 0.0476285	valid_1's rmse: 0.0846004
[20600]	training's rmse: 0.0475043	valid_1's rmse: 0.0845866
[20700]	training's rmse: 0.0473705	valid_1's rmse: 0.0845832
[20800]	training's rmse: 0.0472545	valid_1's rmse: 0.0845663
[20900]	training's rmse: 0.0471364	valid_1's rmse: 0.0845537
[21000]	training's rmse: 0.047024	valid_1's rmse: 0.0845473
[21100]	training's rmse: 0.0469068	valid_1's rmse: 0.0845325
[21200]	training's rmse: 0.0467922	valid_1's rmse: 0.0845212
[21300]	training's rmse: 0.0466796	valid_1's rmse: 0.0845036
[21400]	training's rmse: 0.0465576	valid_1's rmse: 0.0844974
[21500]	training's rmse: 0.0464402	valid_1's rmse: 0.0844886
[21600]	training's rmse: 0.0463217	valid_1's rmse: 0.0844765
[21700]	training's rmse: 0.046211	valid_1's rmse: 0.0844637
[21800]	training's rmse: 0.0460914	valid_1's rmse: 0.0844534
[21900]	training's rmse: 0.0459662	valid_1's rmse: 0.0844435
[22000]	training's rmse: 0.0458493	valid_1's rmse: 0.0844342
[22100]	training's rmse: 0.0457294	valid_1's rmse: 0.0844278
[22200]	training's rmse: 0.0456172	valid_1's rmse: 0.0844119
[22300]	training's rmse: 0.0455129	valid_1's rmse: 0.0843953
[22400]	training's rmse: 0.0453934	valid_1's rmse: 0.0843849
[22500]	training's rmse: 0.0452861	valid_1's rmse: 0.0843848
##### feature importance #####
                                  importance
feature                                     
area                            56154.427361
is_LDK                          47812.060101
districts                       26922.038611
洗面台独立                            7310.241520
age                              6975.602489
floor_building                   4908.015786
システムキッチン                         4412.892972
structure                        4407.643647
エレベーター                           3467.667617
age_year                         3079.440175
is_DK                            2341.429993
浴室乾燥機\t                          1974.988297
num_room                         1464.203104
layout                           1321.253995
バス・トイレ別                          1258.987608
mins_to_nearest_sta              1057.927630
コンロ3口                             986.883662
floor_room                        975.983748
床暖房                               899.136731
スーパー                              648.075145
コンビニ                              621.966293
温水洗浄便座                            504.765521
direction                         456.209689
追焚機能                              435.518587
floor_room_over_floor_building    379.628648
脱衣所                               362.015641
age_month                         341.737829
山手線                               262.460498
日比谷線                              253.594726
ウォークインクローゼット                      222.523293
室内洗濯機置場                           183.729522
contract_period                   148.864204
南北線                               140.286208
ドラッグストア                           140.122221
fixed_term                        137.175152
都営大江戸線                            126.542537
東急東横線                             124.233066
銀座線                               121.616335
京王線                               118.559650
car_parking                       117.124816
西武新宿線                             115.599452
シャワー                              113.695999
東急田園都市線                           113.453836
京成本線                              105.183154
病院                                 98.641814
小田急小田原線                            98.360283
bicycle_parking                    96.393434
京王新線                               90.504919
バルコニー                              89.381322
公園                                 86.612095
[100]	training's rmse: 0.228628	valid_1's rmse: 0.229684
[200]	training's rmse: 0.14906	valid_1's rmse: 0.150018
[300]	training's rmse: 0.123753	valid_1's rmse: 0.125282
[400]	training's rmse: 0.114005	valid_1's rmse: 0.116238
[500]	training's rmse: 0.108874	valid_1's rmse: 0.111839
[600]	training's rmse: 0.105679	valid_1's rmse: 0.109244
[700]	training's rmse: 0.103361	valid_1's rmse: 0.107429
[800]	training's rmse: 0.101618	valid_1's rmse: 0.106081
[900]	training's rmse: 0.100015	valid_1's rmse: 0.104873
[1000]	training's rmse: 0.0985498	valid_1's rmse: 0.103805
[1100]	training's rmse: 0.0971978	valid_1's rmse: 0.10281
[1200]	training's rmse: 0.0960505	valid_1's rmse: 0.102007
[1300]	training's rmse: 0.0949882	valid_1's rmse: 0.101278
[1400]	training's rmse: 0.0940634	valid_1's rmse: 0.100637
[1500]	training's rmse: 0.093129	valid_1's rmse: 0.0999563
[1600]	training's rmse: 0.0923455	valid_1's rmse: 0.0994776
[1700]	training's rmse: 0.0915706	valid_1's rmse: 0.0989683
[1800]	training's rmse: 0.0908599	valid_1's rmse: 0.09853
[1900]	training's rmse: 0.0901846	valid_1's rmse: 0.0981452
[2000]	training's rmse: 0.0894922	valid_1's rmse: 0.0977614
[2100]	training's rmse: 0.0888545	valid_1's rmse: 0.0973825
[2200]	training's rmse: 0.0882485	valid_1's rmse: 0.0970474
[2300]	training's rmse: 0.0876373	valid_1's rmse: 0.0967066
[2400]	training's rmse: 0.0870827	valid_1's rmse: 0.0964021
[2500]	training's rmse: 0.0865344	valid_1's rmse: 0.0961577
[2600]	training's rmse: 0.0859801	valid_1's rmse: 0.0958717
[2700]	training's rmse: 0.0854723	valid_1's rmse: 0.0955839
[2800]	training's rmse: 0.0849586	valid_1's rmse: 0.0953274
[2900]	training's rmse: 0.0845068	valid_1's rmse: 0.0951293
[3000]	training's rmse: 0.0839889	valid_1's rmse: 0.0948757
[3100]	training's rmse: 0.0835498	valid_1's rmse: 0.0946427
[3200]	training's rmse: 0.0830838	valid_1's rmse: 0.094414
[3300]	training's rmse: 0.0826367	valid_1's rmse: 0.0942386
[3400]	training's rmse: 0.0822443	valid_1's rmse: 0.0940652
[3500]	training's rmse: 0.0818366	valid_1's rmse: 0.093899
[3600]	training's rmse: 0.0813994	valid_1's rmse: 0.0937197
[3700]	training's rmse: 0.0809522	valid_1's rmse: 0.0935408
[3800]	training's rmse: 0.0805434	valid_1's rmse: 0.0933707
[3900]	training's rmse: 0.0801744	valid_1's rmse: 0.0932155
[4000]	training's rmse: 0.0797705	valid_1's rmse: 0.0930517
[4100]	training's rmse: 0.0793986	valid_1's rmse: 0.0928978
[4200]	training's rmse: 0.0790207	valid_1's rmse: 0.0927855
[4300]	training's rmse: 0.0786619	valid_1's rmse: 0.092658
[4400]	training's rmse: 0.0783002	valid_1's rmse: 0.0925324
[4500]	training's rmse: 0.0779228	valid_1's rmse: 0.0923847
[4600]	training's rmse: 0.0775937	valid_1's rmse: 0.0922544
[4700]	training's rmse: 0.0772342	valid_1's rmse: 0.0921387
[4800]	training's rmse: 0.0769082	valid_1's rmse: 0.0920415
[4900]	training's rmse: 0.0765653	valid_1's rmse: 0.0919416
[5000]	training's rmse: 0.0762044	valid_1's rmse: 0.0918245
[5100]	training's rmse: 0.0758702	valid_1's rmse: 0.0917223
[5200]	training's rmse: 0.075579	valid_1's rmse: 0.0916222
[5300]	training's rmse: 0.0752572	valid_1's rmse: 0.0915289
[5400]	training's rmse: 0.0749279	valid_1's rmse: 0.0914169
[5500]	training's rmse: 0.0746217	valid_1's rmse: 0.0913286
[5600]	training's rmse: 0.0743377	valid_1's rmse: 0.0912409
[5700]	training's rmse: 0.0740375	valid_1's rmse: 0.0911485
[5800]	training's rmse: 0.0737374	valid_1's rmse: 0.0910557
[5900]	training's rmse: 0.0734257	valid_1's rmse: 0.0909631
[6000]	training's rmse: 0.0731466	valid_1's rmse: 0.0908974
[6100]	training's rmse: 0.0728461	valid_1's rmse: 0.0908253
[6200]	training's rmse: 0.072556	valid_1's rmse: 0.0907578
[6300]	training's rmse: 0.0722512	valid_1's rmse: 0.0906626
[6400]	training's rmse: 0.0719499	valid_1's rmse: 0.0905694
[6500]	training's rmse: 0.0716829	valid_1's rmse: 0.090496
[6600]	training's rmse: 0.0713772	valid_1's rmse: 0.090422
[6700]	training's rmse: 0.0711033	valid_1's rmse: 0.0903416
[6800]	training's rmse: 0.0708335	valid_1's rmse: 0.0902782
[6900]	training's rmse: 0.0705733	valid_1's rmse: 0.0902355
[7000]	training's rmse: 0.0703039	valid_1's rmse: 0.0901747
[7100]	training's rmse: 0.0700414	valid_1's rmse: 0.090113
[7200]	training's rmse: 0.0697697	valid_1's rmse: 0.0900577
[7300]	training's rmse: 0.0695154	valid_1's rmse: 0.0899984
[7400]	training's rmse: 0.0692643	valid_1's rmse: 0.0899273
[7500]	training's rmse: 0.069013	valid_1's rmse: 0.0898648
[7600]	training's rmse: 0.0687649	valid_1's rmse: 0.089814
[7700]	training's rmse: 0.0685256	valid_1's rmse: 0.0897682
[7800]	training's rmse: 0.0682727	valid_1's rmse: 0.0897097
[7900]	training's rmse: 0.068029	valid_1's rmse: 0.0896591
[8000]	training's rmse: 0.0677821	valid_1's rmse: 0.0895931
[8100]	training's rmse: 0.0675531	valid_1's rmse: 0.0895464
[8200]	training's rmse: 0.0673269	valid_1's rmse: 0.0894995
[8300]	training's rmse: 0.067088	valid_1's rmse: 0.0894555
[8400]	training's rmse: 0.0668667	valid_1's rmse: 0.0894235
[8500]	training's rmse: 0.0666329	valid_1's rmse: 0.0893747
[8600]	training's rmse: 0.0663983	valid_1's rmse: 0.0893353
[8700]	training's rmse: 0.0661612	valid_1's rmse: 0.0892913
[8800]	training's rmse: 0.065948	valid_1's rmse: 0.0892496
[8900]	training's rmse: 0.0657229	valid_1's rmse: 0.0892048
[9000]	training's rmse: 0.0655089	valid_1's rmse: 0.089176
[9100]	training's rmse: 0.0652828	valid_1's rmse: 0.0891421
[9200]	training's rmse: 0.0650752	valid_1's rmse: 0.0890869
[9300]	training's rmse: 0.064853	valid_1's rmse: 0.0890566
[9400]	training's rmse: 0.0646362	valid_1's rmse: 0.0890043
[9500]	training's rmse: 0.0644237	valid_1's rmse: 0.0889769
[9600]	training's rmse: 0.0642023	valid_1's rmse: 0.0889431
[9700]	training's rmse: 0.0639933	valid_1's rmse: 0.0889009
[9800]	training's rmse: 0.063772	valid_1's rmse: 0.0888585
[9900]	training's rmse: 0.063566	valid_1's rmse: 0.0888235
[10000]	training's rmse: 0.0633575	valid_1's rmse: 0.0887788
[10100]	training's rmse: 0.0631553	valid_1's rmse: 0.0887381
[10200]	training's rmse: 0.0629452	valid_1's rmse: 0.0887122
[10300]	training's rmse: 0.0627369	valid_1's rmse: 0.0886868
[10400]	training's rmse: 0.0625254	valid_1's rmse: 0.0886584
[10500]	training's rmse: 0.0623345	valid_1's rmse: 0.0886285
[10600]	training's rmse: 0.0621202	valid_1's rmse: 0.0885798
[10700]	training's rmse: 0.0619269	valid_1's rmse: 0.0885535
[10800]	training's rmse: 0.0617256	valid_1's rmse: 0.088522
[10900]	training's rmse: 0.0615226	valid_1's rmse: 0.0884835
[11000]	training's rmse: 0.0613232	valid_1's rmse: 0.0884613
[11100]	training's rmse: 0.0611275	valid_1's rmse: 0.0884322
[11200]	training's rmse: 0.0609266	valid_1's rmse: 0.0883918
[11300]	training's rmse: 0.0607286	valid_1's rmse: 0.0883537
[11400]	training's rmse: 0.0605448	valid_1's rmse: 0.0883383
[11500]	training's rmse: 0.0603558	valid_1's rmse: 0.0882952
[11600]	training's rmse: 0.0601804	valid_1's rmse: 0.0882565
[11700]	training's rmse: 0.0599907	valid_1's rmse: 0.088226
[11800]	training's rmse: 0.0598132	valid_1's rmse: 0.0881864
[11900]	training's rmse: 0.0596278	valid_1's rmse: 0.0881493
[12000]	training's rmse: 0.0594315	valid_1's rmse: 0.0881218
[12100]	training's rmse: 0.0592452	valid_1's rmse: 0.0880888
[12200]	training's rmse: 0.0590567	valid_1's rmse: 0.088057
[12300]	training's rmse: 0.058884	valid_1's rmse: 0.0880328
[12400]	training's rmse: 0.0587127	valid_1's rmse: 0.088008
[12500]	training's rmse: 0.0585422	valid_1's rmse: 0.0879858
[12600]	training's rmse: 0.0583756	valid_1's rmse: 0.0879632
[12700]	training's rmse: 0.058183	valid_1's rmse: 0.0879298
[12800]	training's rmse: 0.0580059	valid_1's rmse: 0.0878986
[12900]	training's rmse: 0.0578468	valid_1's rmse: 0.0878782
[13000]	training's rmse: 0.0576783	valid_1's rmse: 0.0878516
[13100]	training's rmse: 0.0574988	valid_1's rmse: 0.0878233
[13200]	training's rmse: 0.0573403	valid_1's rmse: 0.0877849
[13300]	training's rmse: 0.0571633	valid_1's rmse: 0.0877576
[13400]	training's rmse: 0.0570058	valid_1's rmse: 0.0877468
[13500]	training's rmse: 0.0568373	valid_1's rmse: 0.0877266
[13600]	training's rmse: 0.0566683	valid_1's rmse: 0.0877088
[13700]	training's rmse: 0.0565035	valid_1's rmse: 0.0876896
[13800]	training's rmse: 0.0563466	valid_1's rmse: 0.0876782
[13900]	training's rmse: 0.0561757	valid_1's rmse: 0.087655
[14000]	training's rmse: 0.0560075	valid_1's rmse: 0.0876331
[14100]	training's rmse: 0.0558411	valid_1's rmse: 0.0876192
[14200]	training's rmse: 0.0556758	valid_1's rmse: 0.0876193
[14300]	training's rmse: 0.0555051	valid_1's rmse: 0.0876082
[14400]	training's rmse: 0.0553612	valid_1's rmse: 0.0875944
[14500]	training's rmse: 0.0552002	valid_1's rmse: 0.0875698
[14600]	training's rmse: 0.0550477	valid_1's rmse: 0.0875546
[14700]	training's rmse: 0.0548774	valid_1's rmse: 0.0875311
[14800]	training's rmse: 0.0547341	valid_1's rmse: 0.0875164
[14900]	training's rmse: 0.054584	valid_1's rmse: 0.0874835
[15000]	training's rmse: 0.0544304	valid_1's rmse: 0.0874625
[15100]	training's rmse: 0.0542729	valid_1's rmse: 0.0874398
[15200]	training's rmse: 0.0541122	valid_1's rmse: 0.0874153
[15300]	training's rmse: 0.0539547	valid_1's rmse: 0.0873895
[15400]	training's rmse: 0.0537956	valid_1's rmse: 0.0873682
[15500]	training's rmse: 0.0536484	valid_1's rmse: 0.0873486
[15600]	training's rmse: 0.0535034	valid_1's rmse: 0.0873377
[15700]	training's rmse: 0.0533551	valid_1's rmse: 0.087321
[15800]	training's rmse: 0.0532078	valid_1's rmse: 0.0873014
[15900]	training's rmse: 0.0530416	valid_1's rmse: 0.0872772
[16000]	training's rmse: 0.0528968	valid_1's rmse: 0.0872696
[16100]	training's rmse: 0.0527602	valid_1's rmse: 0.0872519
[16200]	training's rmse: 0.0526194	valid_1's rmse: 0.0872331
[16300]	training's rmse: 0.0524855	valid_1's rmse: 0.0872159
[16400]	training's rmse: 0.0523436	valid_1's rmse: 0.0872017
[16500]	training's rmse: 0.052204	valid_1's rmse: 0.0871937
[16600]	training's rmse: 0.0520646	valid_1's rmse: 0.0871788
[16700]	training's rmse: 0.051917	valid_1's rmse: 0.0871663
[16800]	training's rmse: 0.0517789	valid_1's rmse: 0.0871593
[16900]	training's rmse: 0.0516386	valid_1's rmse: 0.0871525
[17000]	training's rmse: 0.0515007	valid_1's rmse: 0.0871407
[17100]	training's rmse: 0.0513673	valid_1's rmse: 0.0871338
[17200]	training's rmse: 0.0512313	valid_1's rmse: 0.0871291
[17300]	training's rmse: 0.0510869	valid_1's rmse: 0.087123
[17400]	training's rmse: 0.0509402	valid_1's rmse: 0.087106
[17500]	training's rmse: 0.0507988	valid_1's rmse: 0.0870938
[17600]	training's rmse: 0.0506657	valid_1's rmse: 0.0870797
[17700]	training's rmse: 0.0505259	valid_1's rmse: 0.0870616
[17800]	training's rmse: 0.0503858	valid_1's rmse: 0.0870489
[17900]	training's rmse: 0.0502558	valid_1's rmse: 0.0870372
[18000]	training's rmse: 0.0501239	valid_1's rmse: 0.087021
[18100]	training's rmse: 0.0499886	valid_1's rmse: 0.0870157
[18200]	training's rmse: 0.0498491	valid_1's rmse: 0.0870046
[18300]	training's rmse: 0.0497129	valid_1's rmse: 0.0869787
[18400]	training's rmse: 0.0495746	valid_1's rmse: 0.0869674
##### feature importance #####
                                  importance
feature                                     
area                            57134.030952
is_LDK                          46592.883746
districts                       26869.325061
洗面台独立                            8114.476612
age                              6915.619809
structure                        4688.276042
floor_building                   4604.489531
システムキッチン                         4091.270112
age_year                         3453.990202
エレベーター                           3397.640081
is_DK                            2216.908746
浴室乾燥機\t                          1612.386554
num_room                         1590.455389
layout                           1403.559305
バス・トイレ別                          1174.528922
床暖房                              1016.911595
floor_room                       1011.440065
mins_to_nearest_sta               997.037941
コンロ3口                             715.030495
スーパー                              629.037482
追焚機能                              615.757212
コンビニ                              592.933614
温水洗浄便座                            428.628211
direction                         413.641555
age_month                         316.472097
floor_room_over_floor_building    316.118452
脱衣所                               265.370266
山手線                               260.951604
ウォークインクローゼット                      235.423410
contract_period                   221.109855
日比谷線                              183.060724
室内洗濯機置場                           172.925400
fixed_term                        171.311595
銀座線                               154.823913
ドラッグストア                           133.029485
都営大江戸線                            132.877369
京王線                               125.899001
京王新線                              121.809810
東急東横線                             117.818927
南北線                               117.408848
car_parking                       117.143282
東急田園都市線                           112.905938
コンロ2口                             107.974405
シャワー                              101.187690
bicycle_parking                    99.936110
西武新宿線                              98.921308
病院                                 94.081431
京成本線                               93.053354
バルコニー                              92.652977
小田急小田原線                            86.015984
[100]	training's rmse: 0.228472	valid_1's rmse: 0.229758
[200]	training's rmse: 0.149218	valid_1's rmse: 0.152249
[300]	training's rmse: 0.123532	valid_1's rmse: 0.127452
[400]	training's rmse: 0.113793	valid_1's rmse: 0.118449
[500]	training's rmse: 0.108704	valid_1's rmse: 0.113843
[600]	training's rmse: 0.105469	valid_1's rmse: 0.111129
[700]	training's rmse: 0.10326	valid_1's rmse: 0.109335
[800]	training's rmse: 0.101321	valid_1's rmse: 0.107766
[900]	training's rmse: 0.0997852	valid_1's rmse: 0.106571
[1000]	training's rmse: 0.0983681	valid_1's rmse: 0.105551
[1100]	training's rmse: 0.0970601	valid_1's rmse: 0.104605
[1200]	training's rmse: 0.0957973	valid_1's rmse: 0.103662
[1300]	training's rmse: 0.0948188	valid_1's rmse: 0.102974
[1400]	training's rmse: 0.0939171	valid_1's rmse: 0.102393
[1500]	training's rmse: 0.0930941	valid_1's rmse: 0.101871
[1600]	training's rmse: 0.0923478	valid_1's rmse: 0.101387
[1700]	training's rmse: 0.0916072	valid_1's rmse: 0.100963
[1800]	training's rmse: 0.0908608	valid_1's rmse: 0.100482
[1900]	training's rmse: 0.0901652	valid_1's rmse: 0.100056
[2000]	training's rmse: 0.0895005	valid_1's rmse: 0.0996692
[2100]	training's rmse: 0.0888407	valid_1's rmse: 0.0992952
[2200]	training's rmse: 0.0881987	valid_1's rmse: 0.0989145
[2300]	training's rmse: 0.0875562	valid_1's rmse: 0.0985358
[2400]	training's rmse: 0.0869475	valid_1's rmse: 0.0982078
[2500]	training's rmse: 0.0863717	valid_1's rmse: 0.0978999
[2600]	training's rmse: 0.0858291	valid_1's rmse: 0.097604
[2700]	training's rmse: 0.0852823	valid_1's rmse: 0.0973323
[2800]	training's rmse: 0.084803	valid_1's rmse: 0.0970724
[2900]	training's rmse: 0.0842822	valid_1's rmse: 0.0968171
[3000]	training's rmse: 0.0837556	valid_1's rmse: 0.0965473
[3100]	training's rmse: 0.0832666	valid_1's rmse: 0.0963096
[3200]	training's rmse: 0.0828128	valid_1's rmse: 0.09609
[3300]	training's rmse: 0.0823609	valid_1's rmse: 0.0958869
[3400]	training's rmse: 0.0819437	valid_1's rmse: 0.0957059
[3500]	training's rmse: 0.081528	valid_1's rmse: 0.0955136
[3600]	training's rmse: 0.0811189	valid_1's rmse: 0.0953263
[3700]	training's rmse: 0.0807151	valid_1's rmse: 0.0951662
[3800]	training's rmse: 0.0803118	valid_1's rmse: 0.0949685
[3900]	training's rmse: 0.07994	valid_1's rmse: 0.0947987
[4000]	training's rmse: 0.079576	valid_1's rmse: 0.0946516
[4100]	training's rmse: 0.0792024	valid_1's rmse: 0.0944837
[4200]	training's rmse: 0.0788004	valid_1's rmse: 0.0943244
[4300]	training's rmse: 0.0783965	valid_1's rmse: 0.0941671
[4400]	training's rmse: 0.0780388	valid_1's rmse: 0.0940285
[4500]	training's rmse: 0.0776606	valid_1's rmse: 0.0938679
[4600]	training's rmse: 0.0773139	valid_1's rmse: 0.0937276
[4700]	training's rmse: 0.0769817	valid_1's rmse: 0.0936026
[4800]	training's rmse: 0.0766488	valid_1's rmse: 0.0935024
[4900]	training's rmse: 0.0763154	valid_1's rmse: 0.0933938
[5000]	training's rmse: 0.0759874	valid_1's rmse: 0.0932802
[5100]	training's rmse: 0.07567	valid_1's rmse: 0.0931646
[5200]	training's rmse: 0.0753236	valid_1's rmse: 0.0930395
[5300]	training's rmse: 0.0750085	valid_1's rmse: 0.0929465
[5400]	training's rmse: 0.0746887	valid_1's rmse: 0.092843
[5500]	training's rmse: 0.0743654	valid_1's rmse: 0.0927245
[5600]	training's rmse: 0.0740584	valid_1's rmse: 0.0926185
[5700]	training's rmse: 0.0737511	valid_1's rmse: 0.0925322
[5800]	training's rmse: 0.0734265	valid_1's rmse: 0.0924429
[5900]	training's rmse: 0.073137	valid_1's rmse: 0.0923421
[6000]	training's rmse: 0.0728175	valid_1's rmse: 0.0922315
[6100]	training's rmse: 0.0725385	valid_1's rmse: 0.0921512
[6200]	training's rmse: 0.0722721	valid_1's rmse: 0.0920578
[6300]	training's rmse: 0.0719825	valid_1's rmse: 0.091969
[6400]	training's rmse: 0.0716926	valid_1's rmse: 0.0918959
[6500]	training's rmse: 0.0714262	valid_1's rmse: 0.0918271
[6600]	training's rmse: 0.071158	valid_1's rmse: 0.0917453
[6700]	training's rmse: 0.0708845	valid_1's rmse: 0.0916702
[6800]	training's rmse: 0.0706193	valid_1's rmse: 0.0916017
[6900]	training's rmse: 0.0703432	valid_1's rmse: 0.0915456
[7000]	training's rmse: 0.0700977	valid_1's rmse: 0.0914734
[7100]	training's rmse: 0.0698399	valid_1's rmse: 0.091415
[7200]	training's rmse: 0.0695824	valid_1's rmse: 0.0913474
[7300]	training's rmse: 0.0693412	valid_1's rmse: 0.0912938
[7400]	training's rmse: 0.0690838	valid_1's rmse: 0.0912323
[7500]	training's rmse: 0.0688426	valid_1's rmse: 0.0911786
[7600]	training's rmse: 0.0685781	valid_1's rmse: 0.0911015
[7700]	training's rmse: 0.0683071	valid_1's rmse: 0.091041
[7800]	training's rmse: 0.0680644	valid_1's rmse: 0.0909681
[7900]	training's rmse: 0.0678222	valid_1's rmse: 0.0908966
[8000]	training's rmse: 0.0675869	valid_1's rmse: 0.0908358
[8100]	training's rmse: 0.0673363	valid_1's rmse: 0.090779
[8200]	training's rmse: 0.0671083	valid_1's rmse: 0.0907161
[8300]	training's rmse: 0.0668719	valid_1's rmse: 0.0906447
[8400]	training's rmse: 0.0666258	valid_1's rmse: 0.0905775
[8500]	training's rmse: 0.0664091	valid_1's rmse: 0.0905153
[8600]	training's rmse: 0.0661762	valid_1's rmse: 0.0904596
[8700]	training's rmse: 0.0659419	valid_1's rmse: 0.0904004
[8800]	training's rmse: 0.0657076	valid_1's rmse: 0.0903515
[8900]	training's rmse: 0.0654869	valid_1's rmse: 0.0903085
[9000]	training's rmse: 0.0652616	valid_1's rmse: 0.0902521
[9100]	training's rmse: 0.0650426	valid_1's rmse: 0.0902006
[9200]	training's rmse: 0.0648205	valid_1's rmse: 0.0901553
[9300]	training's rmse: 0.0646036	valid_1's rmse: 0.0901202
[9400]	training's rmse: 0.0643807	valid_1's rmse: 0.0900808
[9500]	training's rmse: 0.0641764	valid_1's rmse: 0.0900394
[9600]	training's rmse: 0.0639827	valid_1's rmse: 0.0899932
[9700]	training's rmse: 0.0637643	valid_1's rmse: 0.0899533
[9800]	training's rmse: 0.0635683	valid_1's rmse: 0.0899118
[9900]	training's rmse: 0.0633679	valid_1's rmse: 0.0898657
[10000]	training's rmse: 0.0631788	valid_1's rmse: 0.0898235
[10100]	training's rmse: 0.0629814	valid_1's rmse: 0.0897843
[10200]	training's rmse: 0.0627794	valid_1's rmse: 0.0897404
[10300]	training's rmse: 0.0625817	valid_1's rmse: 0.0897118
[10400]	training's rmse: 0.0623773	valid_1's rmse: 0.0896538
[10500]	training's rmse: 0.0621878	valid_1's rmse: 0.0896267
[10600]	training's rmse: 0.0620054	valid_1's rmse: 0.0895783
[10700]	training's rmse: 0.0618237	valid_1's rmse: 0.0895488
[10800]	training's rmse: 0.0616308	valid_1's rmse: 0.089506
[10900]	training's rmse: 0.0614411	valid_1's rmse: 0.0894713
[11000]	training's rmse: 0.0612507	valid_1's rmse: 0.0894321
[11100]	training's rmse: 0.061083	valid_1's rmse: 0.0893986
[11200]	training's rmse: 0.0609009	valid_1's rmse: 0.0893676
[11300]	training's rmse: 0.060713	valid_1's rmse: 0.0893379
[11400]	training's rmse: 0.0605344	valid_1's rmse: 0.0892949
[11500]	training's rmse: 0.0603514	valid_1's rmse: 0.0892599
[11600]	training's rmse: 0.0601781	valid_1's rmse: 0.0892237
[11700]	training's rmse: 0.0599992	valid_1's rmse: 0.0891903
[11800]	training's rmse: 0.0598221	valid_1's rmse: 0.0891465
[11900]	training's rmse: 0.059643	valid_1's rmse: 0.0891113
[12000]	training's rmse: 0.0594736	valid_1's rmse: 0.0890796
[12100]	training's rmse: 0.0593064	valid_1's rmse: 0.0890524
[12200]	training's rmse: 0.0591339	valid_1's rmse: 0.0890334
[12300]	training's rmse: 0.058963	valid_1's rmse: 0.0889979
[12400]	training's rmse: 0.0587831	valid_1's rmse: 0.0889656
[12500]	training's rmse: 0.0586125	valid_1's rmse: 0.0889284
[12600]	training's rmse: 0.0584324	valid_1's rmse: 0.0888877
[12700]	training's rmse: 0.0582761	valid_1's rmse: 0.0888629
[12800]	training's rmse: 0.0581188	valid_1's rmse: 0.0888351
[12900]	training's rmse: 0.0579423	valid_1's rmse: 0.0888001
[13000]	training's rmse: 0.0577694	valid_1's rmse: 0.0887664
[13100]	training's rmse: 0.0576045	valid_1's rmse: 0.0887467
[13200]	training's rmse: 0.0574293	valid_1's rmse: 0.0887202
[13300]	training's rmse: 0.0572729	valid_1's rmse: 0.0886922
[13400]	training's rmse: 0.0571018	valid_1's rmse: 0.0886637
[13500]	training's rmse: 0.0569337	valid_1's rmse: 0.0886445
[13600]	training's rmse: 0.0567654	valid_1's rmse: 0.0886184
[13700]	training's rmse: 0.0565985	valid_1's rmse: 0.0885814
[13800]	training's rmse: 0.056433	valid_1's rmse: 0.0885658
[13900]	training's rmse: 0.0562723	valid_1's rmse: 0.0885472
[14000]	training's rmse: 0.0561035	valid_1's rmse: 0.0885285
[14100]	training's rmse: 0.0559406	valid_1's rmse: 0.0885093
[14200]	training's rmse: 0.0557856	valid_1's rmse: 0.0884843
[14300]	training's rmse: 0.0556243	valid_1's rmse: 0.0884477
[14400]	training's rmse: 0.0554759	valid_1's rmse: 0.0884222
[14500]	training's rmse: 0.0553236	valid_1's rmse: 0.0884083
[14600]	training's rmse: 0.0551693	valid_1's rmse: 0.0883684
[14700]	training's rmse: 0.0550282	valid_1's rmse: 0.0883626
[14800]	training's rmse: 0.0548748	valid_1's rmse: 0.0883387
[14900]	training's rmse: 0.0547293	valid_1's rmse: 0.088312
[15000]	training's rmse: 0.0545796	valid_1's rmse: 0.0882919
[15100]	training's rmse: 0.0544258	valid_1's rmse: 0.0882677
[15200]	training's rmse: 0.054281	valid_1's rmse: 0.0882565
[15300]	training's rmse: 0.0541167	valid_1's rmse: 0.0882277
[15400]	training's rmse: 0.053958	valid_1's rmse: 0.0882051
[15500]	training's rmse: 0.0538159	valid_1's rmse: 0.0881863
[15600]	training's rmse: 0.0536702	valid_1's rmse: 0.088161
[15700]	training's rmse: 0.0535369	valid_1's rmse: 0.0881466
[15800]	training's rmse: 0.0533945	valid_1's rmse: 0.0881229
[15900]	training's rmse: 0.0532627	valid_1's rmse: 0.0881217
[16000]	training's rmse: 0.0531202	valid_1's rmse: 0.0881006
[16100]	training's rmse: 0.0529792	valid_1's rmse: 0.0880789
[16200]	training's rmse: 0.0528452	valid_1's rmse: 0.0880644
[16300]	training's rmse: 0.0527117	valid_1's rmse: 0.0880487
[16400]	training's rmse: 0.0525634	valid_1's rmse: 0.0880379
[16500]	training's rmse: 0.0524239	valid_1's rmse: 0.0880236
[16600]	training's rmse: 0.0522832	valid_1's rmse: 0.0880022
[16700]	training's rmse: 0.052132	valid_1's rmse: 0.0879851
[16800]	training's rmse: 0.0519939	valid_1's rmse: 0.0879689
[16900]	training's rmse: 0.0518651	valid_1's rmse: 0.0879637
[17000]	training's rmse: 0.0517231	valid_1's rmse: 0.0879505
[17100]	training's rmse: 0.0515904	valid_1's rmse: 0.0879443
[17200]	training's rmse: 0.0514641	valid_1's rmse: 0.0879345
[17300]	training's rmse: 0.05133	valid_1's rmse: 0.0879224
[17400]	training's rmse: 0.0511953	valid_1's rmse: 0.0879007
[17500]	training's rmse: 0.0510625	valid_1's rmse: 0.0878989
[17600]	training's rmse: 0.0509247	valid_1's rmse: 0.087878
[17700]	training's rmse: 0.0507846	valid_1's rmse: 0.0878534
[17800]	training's rmse: 0.0506545	valid_1's rmse: 0.0878375
[17900]	training's rmse: 0.050522	valid_1's rmse: 0.0878255
[18000]	training's rmse: 0.0503899	valid_1's rmse: 0.0878185
[18100]	training's rmse: 0.0502572	valid_1's rmse: 0.0877929
[18200]	training's rmse: 0.0501213	valid_1's rmse: 0.0877683
[18300]	training's rmse: 0.0499895	valid_1's rmse: 0.087745
[18400]	training's rmse: 0.0498564	valid_1's rmse: 0.087729
[18500]	training's rmse: 0.0497249	valid_1's rmse: 0.0877036
[18600]	training's rmse: 0.049606	valid_1's rmse: 0.087697
[18700]	training's rmse: 0.0494813	valid_1's rmse: 0.0876882
[18800]	training's rmse: 0.0493525	valid_1's rmse: 0.0876758
[18900]	training's rmse: 0.0492307	valid_1's rmse: 0.0876602
[19000]	training's rmse: 0.0490937	valid_1's rmse: 0.0876375
[19100]	training's rmse: 0.048973	valid_1's rmse: 0.0876191
[19200]	training's rmse: 0.0488428	valid_1's rmse: 0.0876034
[19300]	training's rmse: 0.0487246	valid_1's rmse: 0.0875936
[19400]	training's rmse: 0.0485969	valid_1's rmse: 0.087581
[19500]	training's rmse: 0.0484779	valid_1's rmse: 0.0875677
[19600]	training's rmse: 0.0483554	valid_1's rmse: 0.0875536
[19700]	training's rmse: 0.0482246	valid_1's rmse: 0.0875369
[19800]	training's rmse: 0.0480999	valid_1's rmse: 0.0875198
[19900]	training's rmse: 0.0479776	valid_1's rmse: 0.0875031
[20000]	training's rmse: 0.0478615	valid_1's rmse: 0.087502
[20100]	training's rmse: 0.047748	valid_1's rmse: 0.0874949
[20200]	training's rmse: 0.0476327	valid_1's rmse: 0.0874854
##### feature importance #####
                                  importance
feature                                     
area                            56727.560964
is_LDK                          47127.739716
districts                       26979.278662
age                              7709.964400
洗面台独立                            7123.256020
floor_building                   5280.920583
structure                        4726.488453
システムキッチン                         4507.110072
is_DK                            3935.191020
age_year                         3319.394966
エレベーター                           2980.963579
layout                           1727.919323
バス・トイレ別                          1341.593666
num_room                         1309.603120
浴室乾燥機\t                          1222.228357
mins_to_nearest_sta              1102.324423
floor_room                        931.919187
床暖房                               623.783795
スーパー                              599.516253
コンビニ                              592.967595
コンロ3口                             546.570134
温水洗浄便座                            496.588832
direction                         417.515153
脱衣所                               390.930576
floor_room_over_floor_building    348.467681
age_month                         301.974997
山手線                               301.468572
日比谷線                              235.892211
追焚機能                              232.856258
ウォークインクローゼット                      209.184405
銀座線                               189.506878
室内洗濯機置場                           182.781125
fixed_term                        163.732733
contract_period                   155.658317
東急東横線                             147.795154
ドラッグストア                           141.569256
シャワー                              136.854726
car_parking                       131.101556
南北線                               124.676251
京王新線                              122.312185
京王線                               121.601454
東急田園都市線                           117.527254
西武新宿線                             107.594347
都営大江戸線                            105.052891
京成本線                              102.514218
bicycle_parking                    99.960326
病院                                 97.716917
コンロ2口                              93.926754
光ファイバー                             90.554844
常磐線                                85.749033
5fold CV score: 19791.553127729243
