./logs/model_logs/BASE_9.log
Using features:['districts', 'mins_to_nearest_sta', 'num_sta', 'num_room', 'has_nando', 'is_R', 'is_K', 'is_DK', 'is_LDK', 'age_year', 'age_month', 'age', 'direction', 'area', 'floor_is_underground', 'floor_room', 'floor_building', 'floor_room_over_floor_building', 'シャワー', 'バスなし', 'バス・トイレ別', '共同トイレ', '共同バス', '専用トイレ', '専用バス', '洗面台独立', '浴室乾燥機', '浴室乾燥機\t', '温水洗浄便座', '脱衣所', '追焚機能', 'IHコンロ', 'L字キッチン', 'カウンターキッチン', 'ガスコンロ', 'コンロ1口', 'コンロ2口', 'コンロ3口', 'コンロ4口以上', 'コンロ設置可（コンロ1口）', 'コンロ設置可（コンロ2口）', 'コンロ設置可（コンロ3口）', 'コンロ設置可（コンロ4口以上）', 'コンロ設置可（口数不明）', 'システムキッチン', '冷蔵庫あり', '独立キッチン', '給湯', '電気コンロ', 'BSアンテナ', 'CATV', 'CSアンテナ', 'インターネット使用料無料', 'インターネット対応', '光ファイバー', '有線放送', '高速インターネット', '24時間換気システム', '2面採光', '3面採光', 'ウォークインクローゼット', 'エアコン付', 'エレベーター', 'オール電化', 'ガスその他', 'ガス暖房', 'クッションフロア', 'シューズボックス', 'タイル張り', 'トランクルーム', 'バリアフリー', 'バルコニー', 'フローリング', 'プロパンガス', 'ペアガラス', 'ルーフバルコニー', 'ロフト付き', '下水', '二世帯住宅', '二重サッシ', '井戸', '公営水道', '冷房', '出窓', '地下室', '室内洗濯機置場', '室外洗濯機置場', '専用庭', '床下収納', '床暖房', '排水その他', '敷地内ごみ置き場', '水道その他', '汲み取り', '洗濯機置場なし', '浄化槽', '石油暖房', '都市ガス', '防音室', 'bicycle_parking', 'car_parking', 'bike_parking', '学校', 'スーパー', 'レンタルビデオ', 'コンビニ', '小学校', 'デパート', 'コインパーキング', '飲食店', '幼稚園・保育園', '大学', '公園', '総合病院', '銀行', '図書館', 'クリーニング', '月極駐車場', '郵便局', 'ドラッグストア', '病院', 'structure', 'fixed_term', 'contract_period']
[100]	training's rmse: 0.229188	valid_1's rmse: 0.22885
[200]	training's rmse: 0.149023	valid_1's rmse: 0.149319
[300]	training's rmse: 0.124348	valid_1's rmse: 0.125101
[400]	training's rmse: 0.115284	valid_1's rmse: 0.116531
[500]	training's rmse: 0.110997	valid_1's rmse: 0.11281
[600]	training's rmse: 0.10843	valid_1's rmse: 0.110786
[700]	training's rmse: 0.106564	valid_1's rmse: 0.109389
[800]	training's rmse: 0.104928	valid_1's rmse: 0.108238
[900]	training's rmse: 0.103503	valid_1's rmse: 0.107284
[1000]	training's rmse: 0.102286	valid_1's rmse: 0.106502
[1100]	training's rmse: 0.101184	valid_1's rmse: 0.105817
[1200]	training's rmse: 0.100231	valid_1's rmse: 0.105259
[1300]	training's rmse: 0.0993629	valid_1's rmse: 0.104748
[1400]	training's rmse: 0.0985415	valid_1's rmse: 0.104306
[1500]	training's rmse: 0.0977775	valid_1's rmse: 0.10395
[1600]	training's rmse: 0.0969998	valid_1's rmse: 0.103572
[1700]	training's rmse: 0.0963386	valid_1's rmse: 0.103258
[1800]	training's rmse: 0.0956737	valid_1's rmse: 0.102933
[1900]	training's rmse: 0.0950216	valid_1's rmse: 0.102665
[2000]	training's rmse: 0.0944956	valid_1's rmse: 0.102442
[2100]	training's rmse: 0.0938751	valid_1's rmse: 0.102184
[2200]	training's rmse: 0.0933062	valid_1's rmse: 0.101928
[2300]	training's rmse: 0.0927692	valid_1's rmse: 0.10168
[2400]	training's rmse: 0.0922234	valid_1's rmse: 0.101447
[2500]	training's rmse: 0.0917212	valid_1's rmse: 0.10124
[2600]	training's rmse: 0.0911727	valid_1's rmse: 0.101033
[2700]	training's rmse: 0.0906766	valid_1's rmse: 0.100829
[2800]	training's rmse: 0.0902363	valid_1's rmse: 0.100684
[2900]	training's rmse: 0.0897914	valid_1's rmse: 0.100535
[3000]	training's rmse: 0.0893237	valid_1's rmse: 0.100378
[3100]	training's rmse: 0.0888709	valid_1's rmse: 0.100242
[3200]	training's rmse: 0.0883414	valid_1's rmse: 0.100078
[3300]	training's rmse: 0.0879254	valid_1's rmse: 0.0999472
[3400]	training's rmse: 0.0875063	valid_1's rmse: 0.0998038
[3500]	training's rmse: 0.0870711	valid_1's rmse: 0.0996687
[3600]	training's rmse: 0.0866666	valid_1's rmse: 0.0995338
[3700]	training's rmse: 0.0862181	valid_1's rmse: 0.0993944
[3800]	training's rmse: 0.0857971	valid_1's rmse: 0.0992558
[3900]	training's rmse: 0.0854283	valid_1's rmse: 0.0991694
[4000]	training's rmse: 0.085038	valid_1's rmse: 0.0990385
[4100]	training's rmse: 0.0846376	valid_1's rmse: 0.0989098
[4200]	training's rmse: 0.0842572	valid_1's rmse: 0.0987928
[4300]	training's rmse: 0.0838864	valid_1's rmse: 0.0986955
[4400]	training's rmse: 0.0835533	valid_1's rmse: 0.0986151
[4500]	training's rmse: 0.0831766	valid_1's rmse: 0.0985095
[4600]	training's rmse: 0.0827928	valid_1's rmse: 0.0984184
[4700]	training's rmse: 0.0824228	valid_1's rmse: 0.0983235
[4800]	training's rmse: 0.0820882	valid_1's rmse: 0.0982511
[4900]	training's rmse: 0.0817423	valid_1's rmse: 0.0981713
[5000]	training's rmse: 0.0813826	valid_1's rmse: 0.0980701
[5100]	training's rmse: 0.0810783	valid_1's rmse: 0.0979826
[5200]	training's rmse: 0.0807553	valid_1's rmse: 0.0979356
[5300]	training's rmse: 0.0804518	valid_1's rmse: 0.0978668
[5400]	training's rmse: 0.0801234	valid_1's rmse: 0.0978164
[5500]	training's rmse: 0.0797943	valid_1's rmse: 0.0977195
[5600]	training's rmse: 0.0794704	valid_1's rmse: 0.0976333
[5700]	training's rmse: 0.0791669	valid_1's rmse: 0.0975568
[5800]	training's rmse: 0.0788708	valid_1's rmse: 0.0974661
[5900]	training's rmse: 0.0785441	valid_1's rmse: 0.0973774
[6000]	training's rmse: 0.0782434	valid_1's rmse: 0.0973268
[6100]	training's rmse: 0.0779433	valid_1's rmse: 0.097245
[6200]	training's rmse: 0.0776319	valid_1's rmse: 0.0971772
[6300]	training's rmse: 0.0773311	valid_1's rmse: 0.0971266
[6400]	training's rmse: 0.0770375	valid_1's rmse: 0.0970682
[6500]	training's rmse: 0.0767166	valid_1's rmse: 0.096967
[6600]	training's rmse: 0.0764422	valid_1's rmse: 0.0968872
[6700]	training's rmse: 0.0761655	valid_1's rmse: 0.0968305
[6800]	training's rmse: 0.0758757	valid_1's rmse: 0.0967781
[6900]	training's rmse: 0.0756096	valid_1's rmse: 0.0967181
[7000]	training's rmse: 0.0753372	valid_1's rmse: 0.0966617
[7100]	training's rmse: 0.0750647	valid_1's rmse: 0.0966158
[7200]	training's rmse: 0.0747898	valid_1's rmse: 0.096564
[7300]	training's rmse: 0.0745426	valid_1's rmse: 0.0965197
[7400]	training's rmse: 0.0742838	valid_1's rmse: 0.0964595
[7500]	training's rmse: 0.0740293	valid_1's rmse: 0.0964237
[7600]	training's rmse: 0.0737654	valid_1's rmse: 0.0963826
[7700]	training's rmse: 0.0735012	valid_1's rmse: 0.0963263
[7800]	training's rmse: 0.0732216	valid_1's rmse: 0.0962638
[7900]	training's rmse: 0.0729737	valid_1's rmse: 0.0962147
[8000]	training's rmse: 0.07272	valid_1's rmse: 0.0961619
[8100]	training's rmse: 0.0724671	valid_1's rmse: 0.0961137
[8200]	training's rmse: 0.0722131	valid_1's rmse: 0.0960531
[8300]	training's rmse: 0.0719567	valid_1's rmse: 0.0960211
[8400]	training's rmse: 0.071717	valid_1's rmse: 0.0959789
[8500]	training's rmse: 0.0714721	valid_1's rmse: 0.0959345
[8600]	training's rmse: 0.0712254	valid_1's rmse: 0.0958784
[8700]	training's rmse: 0.0709886	valid_1's rmse: 0.0958267
[8800]	training's rmse: 0.0707587	valid_1's rmse: 0.0957785
[8900]	training's rmse: 0.0705166	valid_1's rmse: 0.0957296
[9000]	training's rmse: 0.0702843	valid_1's rmse: 0.0956976
[9100]	training's rmse: 0.0700592	valid_1's rmse: 0.0956435
[9200]	training's rmse: 0.0698111	valid_1's rmse: 0.0956103
[9300]	training's rmse: 0.06958	valid_1's rmse: 0.0955611
[9400]	training's rmse: 0.0693411	valid_1's rmse: 0.0955061
[9500]	training's rmse: 0.0691212	valid_1's rmse: 0.0954594
[9600]	training's rmse: 0.0689008	valid_1's rmse: 0.0954143
[9700]	training's rmse: 0.0686818	valid_1's rmse: 0.0953883
[9800]	training's rmse: 0.0684689	valid_1's rmse: 0.0953507
[9900]	training's rmse: 0.0682623	valid_1's rmse: 0.0953112
[10000]	training's rmse: 0.0680455	valid_1's rmse: 0.0952777
[10100]	training's rmse: 0.0678378	valid_1's rmse: 0.0952485
[10200]	training's rmse: 0.0676208	valid_1's rmse: 0.0952152
[10300]	training's rmse: 0.0673846	valid_1's rmse: 0.0951726
[10400]	training's rmse: 0.0671722	valid_1's rmse: 0.095154
[10500]	training's rmse: 0.0669582	valid_1's rmse: 0.0951167
[10600]	training's rmse: 0.0667416	valid_1's rmse: 0.0950737
[10700]	training's rmse: 0.0665431	valid_1's rmse: 0.0950499
[10800]	training's rmse: 0.0663442	valid_1's rmse: 0.0950142
[10900]	training's rmse: 0.0661361	valid_1's rmse: 0.0949771
[11000]	training's rmse: 0.0659362	valid_1's rmse: 0.0949436
[11100]	training's rmse: 0.0657119	valid_1's rmse: 0.0949192
[11200]	training's rmse: 0.0655051	valid_1's rmse: 0.0948778
[11300]	training's rmse: 0.0653054	valid_1's rmse: 0.0948551
[11400]	training's rmse: 0.0651011	valid_1's rmse: 0.0948261
[11500]	training's rmse: 0.0648962	valid_1's rmse: 0.0947958
[11600]	training's rmse: 0.0646984	valid_1's rmse: 0.0947692
[11700]	training's rmse: 0.064511	valid_1's rmse: 0.0947449
[11800]	training's rmse: 0.0643149	valid_1's rmse: 0.0947143
[11900]	training's rmse: 0.0640982	valid_1's rmse: 0.0946938
[12000]	training's rmse: 0.0639005	valid_1's rmse: 0.0946624
[12100]	training's rmse: 0.0637047	valid_1's rmse: 0.0946352
[12200]	training's rmse: 0.0635139	valid_1's rmse: 0.0946148
[12300]	training's rmse: 0.063317	valid_1's rmse: 0.0945919
[12400]	training's rmse: 0.0631402	valid_1's rmse: 0.0945596
[12500]	training's rmse: 0.0629579	valid_1's rmse: 0.0945304
[12600]	training's rmse: 0.0627862	valid_1's rmse: 0.0945174
[12700]	training's rmse: 0.0626029	valid_1's rmse: 0.0944927
[12800]	training's rmse: 0.0624294	valid_1's rmse: 0.0944812
[12900]	training's rmse: 0.0622456	valid_1's rmse: 0.0944596
[13000]	training's rmse: 0.0620711	valid_1's rmse: 0.094431
[13100]	training's rmse: 0.0618836	valid_1's rmse: 0.0944046
[13200]	training's rmse: 0.0617096	valid_1's rmse: 0.0943896
[13300]	training's rmse: 0.0615286	valid_1's rmse: 0.0943661
[13400]	training's rmse: 0.0613368	valid_1's rmse: 0.0943403
[13500]	training's rmse: 0.061153	valid_1's rmse: 0.094313
[13600]	training's rmse: 0.06098	valid_1's rmse: 0.0942847
[13700]	training's rmse: 0.0608093	valid_1's rmse: 0.0942589
[13800]	training's rmse: 0.0606327	valid_1's rmse: 0.0942206
[13900]	training's rmse: 0.0604629	valid_1's rmse: 0.0942073
[14000]	training's rmse: 0.0602882	valid_1's rmse: 0.0941943
[14100]	training's rmse: 0.0601239	valid_1's rmse: 0.094178
[14200]	training's rmse: 0.0599607	valid_1's rmse: 0.0941492
[14300]	training's rmse: 0.0597864	valid_1's rmse: 0.0941397
[14400]	training's rmse: 0.0596027	valid_1's rmse: 0.0941134
[14500]	training's rmse: 0.0594282	valid_1's rmse: 0.0940971
[14600]	training's rmse: 0.0592468	valid_1's rmse: 0.0940778
[14700]	training's rmse: 0.0590662	valid_1's rmse: 0.0940506
[14800]	training's rmse: 0.0588987	valid_1's rmse: 0.094035
[14900]	training's rmse: 0.0587315	valid_1's rmse: 0.0940162
[15000]	training's rmse: 0.0585694	valid_1's rmse: 0.0940075
[15100]	training's rmse: 0.0584114	valid_1's rmse: 0.0939937
[15200]	training's rmse: 0.0582383	valid_1's rmse: 0.0939714
[15300]	training's rmse: 0.0580808	valid_1's rmse: 0.0939547
[15400]	training's rmse: 0.0579257	valid_1's rmse: 0.0939367
[15500]	training's rmse: 0.0577565	valid_1's rmse: 0.0939219
[15600]	training's rmse: 0.0575909	valid_1's rmse: 0.0939197
##### feature importance #####
                                  importance
feature                                     
area                            60422.634046
is_LDK                          41265.613459
districts                       27748.683924
age                              8244.240210
洗面台独立                            6418.660292
structure                        5511.268971
is_DK                            5156.482258
floor_building                   4420.708397
システムキッチン                         3584.891342
age_year                         3221.874406
エレベーター                           3012.603162
浴室乾燥機\t                          2171.996222
バス・トイレ別                          1847.151248
num_room                         1626.278677
mins_to_nearest_sta              1082.716712
floor_room                       1074.740007
コンロ3口                            1048.396299
床暖房                               900.395307
コンビニ                              724.261462
温水洗浄便座                            717.133304
スーパー                              711.793310
追焚機能                              542.778903
direction                         505.225598
age_month                         385.029291
floor_room_over_floor_building    367.516182
contract_period                   280.427111
ウォークインクローゼット                      271.691615
脱衣所                               247.793763
fixed_term                        193.369471
室内洗濯機置場                           192.698282
ドラッグストア                           171.194485
コンロ2口                             166.314095
car_parking                       153.750436
病院                                131.160110
シャワー                              126.394854
飲食店                               109.483315
bicycle_parking                   108.839214
郵便局                               107.083513
公園                                105.800303
バルコニー                              97.613758
小学校                                92.869048
フローリング                             88.195735
都市ガス                               81.865345
大学                                 81.791599
CATV                               79.362934
CSアンテナ                             79.359618
エアコン付                              78.582084
プロパンガス                             78.062055
光ファイバー                             77.317299
num_sta                            74.321867
[100]	training's rmse: 0.228361	valid_1's rmse: 0.229514
[200]	training's rmse: 0.148464	valid_1's rmse: 0.152865
[300]	training's rmse: 0.123209	valid_1's rmse: 0.130441
[400]	training's rmse: 0.114175	valid_1's rmse: 0.123215
[500]	training's rmse: 0.109788	valid_1's rmse: 0.120036
[600]	training's rmse: 0.107132	valid_1's rmse: 0.118196
[700]	training's rmse: 0.105088	valid_1's rmse: 0.116885
[800]	training's rmse: 0.103305	valid_1's rmse: 0.115774
[900]	training's rmse: 0.101811	valid_1's rmse: 0.114853
[1000]	training's rmse: 0.100524	valid_1's rmse: 0.114119
[1100]	training's rmse: 0.0994222	valid_1's rmse: 0.113426
[1200]	training's rmse: 0.0984465	valid_1's rmse: 0.112854
[1300]	training's rmse: 0.0976487	valid_1's rmse: 0.112378
[1400]	training's rmse: 0.0968673	valid_1's rmse: 0.111919
[1500]	training's rmse: 0.0960704	valid_1's rmse: 0.111482
[1600]	training's rmse: 0.0953671	valid_1's rmse: 0.11112
[1700]	training's rmse: 0.0946886	valid_1's rmse: 0.110742
[1800]	training's rmse: 0.0940344	valid_1's rmse: 0.110384
[1900]	training's rmse: 0.0933906	valid_1's rmse: 0.110052
[2000]	training's rmse: 0.0927408	valid_1's rmse: 0.109755
[2100]	training's rmse: 0.0921575	valid_1's rmse: 0.109459
[2200]	training's rmse: 0.0916124	valid_1's rmse: 0.109206
[2300]	training's rmse: 0.0910753	valid_1's rmse: 0.108938
[2400]	training's rmse: 0.0905186	valid_1's rmse: 0.108678
[2500]	training's rmse: 0.0899688	valid_1's rmse: 0.108452
[2600]	training's rmse: 0.0893956	valid_1's rmse: 0.10821
[2700]	training's rmse: 0.0888614	valid_1's rmse: 0.107993
[2800]	training's rmse: 0.0883816	valid_1's rmse: 0.107796
[2900]	training's rmse: 0.0879248	valid_1's rmse: 0.107602
[3000]	training's rmse: 0.0874651	valid_1's rmse: 0.107423
[3100]	training's rmse: 0.0869859	valid_1's rmse: 0.107247
[3200]	training's rmse: 0.0865256	valid_1's rmse: 0.107075
[3300]	training's rmse: 0.0860931	valid_1's rmse: 0.106897
[3400]	training's rmse: 0.0856414	valid_1's rmse: 0.106731
[3500]	training's rmse: 0.0851963	valid_1's rmse: 0.106558
[3600]	training's rmse: 0.08479	valid_1's rmse: 0.106417
[3700]	training's rmse: 0.0843927	valid_1's rmse: 0.106279
[3800]	training's rmse: 0.0840206	valid_1's rmse: 0.10615
[3900]	training's rmse: 0.0836307	valid_1's rmse: 0.106031
[4000]	training's rmse: 0.0832522	valid_1's rmse: 0.105897
[4100]	training's rmse: 0.0828508	valid_1's rmse: 0.10575
[4200]	training's rmse: 0.0824669	valid_1's rmse: 0.105627
[4300]	training's rmse: 0.0820854	valid_1's rmse: 0.105519
[4400]	training's rmse: 0.0817247	valid_1's rmse: 0.105401
[4500]	training's rmse: 0.0813969	valid_1's rmse: 0.105286
[4600]	training's rmse: 0.0810406	valid_1's rmse: 0.105157
[4700]	training's rmse: 0.0807105	valid_1's rmse: 0.105059
[4800]	training's rmse: 0.0803913	valid_1's rmse: 0.104962
[4900]	training's rmse: 0.0800303	valid_1's rmse: 0.10486
[5000]	training's rmse: 0.0796944	valid_1's rmse: 0.104772
[5100]	training's rmse: 0.0793847	valid_1's rmse: 0.104683
[5200]	training's rmse: 0.0790575	valid_1's rmse: 0.104575
[5300]	training's rmse: 0.0787213	valid_1's rmse: 0.104455
[5400]	training's rmse: 0.0784075	valid_1's rmse: 0.10438
[5500]	training's rmse: 0.0780972	valid_1's rmse: 0.104284
[5600]	training's rmse: 0.0778071	valid_1's rmse: 0.104216
[5700]	training's rmse: 0.0775073	valid_1's rmse: 0.104125
[5800]	training's rmse: 0.0771989	valid_1's rmse: 0.104039
[5900]	training's rmse: 0.0768851	valid_1's rmse: 0.103946
[6000]	training's rmse: 0.0765707	valid_1's rmse: 0.103853
[6100]	training's rmse: 0.0762789	valid_1's rmse: 0.103777
[6200]	training's rmse: 0.0759855	valid_1's rmse: 0.103705
[6300]	training's rmse: 0.0756969	valid_1's rmse: 0.103617
[6400]	training's rmse: 0.0753924	valid_1's rmse: 0.103538
[6500]	training's rmse: 0.0751046	valid_1's rmse: 0.103473
[6600]	training's rmse: 0.0748364	valid_1's rmse: 0.103414
[6700]	training's rmse: 0.0745665	valid_1's rmse: 0.103359
[6800]	training's rmse: 0.0743027	valid_1's rmse: 0.103278
[6900]	training's rmse: 0.0740073	valid_1's rmse: 0.103215
[7000]	training's rmse: 0.0737365	valid_1's rmse: 0.103148
[7100]	training's rmse: 0.0734648	valid_1's rmse: 0.103092
[7200]	training's rmse: 0.0732139	valid_1's rmse: 0.103044
[7300]	training's rmse: 0.072956	valid_1's rmse: 0.102983
[7400]	training's rmse: 0.0726803	valid_1's rmse: 0.102939
[7500]	training's rmse: 0.0724284	valid_1's rmse: 0.102905
[7600]	training's rmse: 0.0721602	valid_1's rmse: 0.10287
[7700]	training's rmse: 0.0719145	valid_1's rmse: 0.102836
[7800]	training's rmse: 0.071667	valid_1's rmse: 0.10279
[7900]	training's rmse: 0.0714119	valid_1's rmse: 0.102733
[8000]	training's rmse: 0.0711626	valid_1's rmse: 0.102682
[8100]	training's rmse: 0.0709192	valid_1's rmse: 0.102626
[8200]	training's rmse: 0.0706856	valid_1's rmse: 0.102573
[8300]	training's rmse: 0.0704329	valid_1's rmse: 0.102523
[8400]	training's rmse: 0.0702036	valid_1's rmse: 0.10248
[8500]	training's rmse: 0.0699675	valid_1's rmse: 0.102437
[8600]	training's rmse: 0.0697287	valid_1's rmse: 0.102395
[8700]	training's rmse: 0.0694818	valid_1's rmse: 0.102334
[8800]	training's rmse: 0.0692413	valid_1's rmse: 0.102287
[8900]	training's rmse: 0.0690065	valid_1's rmse: 0.102247
[9000]	training's rmse: 0.0687896	valid_1's rmse: 0.102217
[9100]	training's rmse: 0.0685622	valid_1's rmse: 0.102185
[9200]	training's rmse: 0.0683392	valid_1's rmse: 0.102153
[9300]	training's rmse: 0.0681255	valid_1's rmse: 0.10212
[9400]	training's rmse: 0.0678819	valid_1's rmse: 0.102086
[9500]	training's rmse: 0.0676584	valid_1's rmse: 0.10204
[9600]	training's rmse: 0.0674324	valid_1's rmse: 0.102007
[9700]	training's rmse: 0.0672203	valid_1's rmse: 0.101965
[9800]	training's rmse: 0.066993	valid_1's rmse: 0.101925
[9900]	training's rmse: 0.0667717	valid_1's rmse: 0.101886
[10000]	training's rmse: 0.0665595	valid_1's rmse: 0.101843
[10100]	training's rmse: 0.0663434	valid_1's rmse: 0.101811
[10200]	training's rmse: 0.0661395	valid_1's rmse: 0.101776
[10300]	training's rmse: 0.0659284	valid_1's rmse: 0.101757
[10400]	training's rmse: 0.0657087	valid_1's rmse: 0.101714
[10500]	training's rmse: 0.0655027	valid_1's rmse: 0.101671
[10600]	training's rmse: 0.0652894	valid_1's rmse: 0.101638
[10700]	training's rmse: 0.0650824	valid_1's rmse: 0.101618
[10800]	training's rmse: 0.064879	valid_1's rmse: 0.101587
[10900]	training's rmse: 0.0646745	valid_1's rmse: 0.101566
[11000]	training's rmse: 0.0644742	valid_1's rmse: 0.101543
[11100]	training's rmse: 0.0642824	valid_1's rmse: 0.101517
[11200]	training's rmse: 0.0640778	valid_1's rmse: 0.101497
[11300]	training's rmse: 0.0638744	valid_1's rmse: 0.101465
[11400]	training's rmse: 0.0636667	valid_1's rmse: 0.101434
[11500]	training's rmse: 0.0634674	valid_1's rmse: 0.101412
[11600]	training's rmse: 0.063256	valid_1's rmse: 0.101372
[11700]	training's rmse: 0.0630519	valid_1's rmse: 0.101342
[11800]	training's rmse: 0.0628316	valid_1's rmse: 0.1013
[11900]	training's rmse: 0.0626221	valid_1's rmse: 0.101281
[12000]	training's rmse: 0.0624249	valid_1's rmse: 0.101255
[12100]	training's rmse: 0.0622392	valid_1's rmse: 0.10123
[12200]	training's rmse: 0.0620494	valid_1's rmse: 0.101208
[12300]	training's rmse: 0.0618317	valid_1's rmse: 0.101181
[12400]	training's rmse: 0.0616498	valid_1's rmse: 0.101158
[12500]	training's rmse: 0.061463	valid_1's rmse: 0.101136
[12600]	training's rmse: 0.0612711	valid_1's rmse: 0.101119
[12700]	training's rmse: 0.061097	valid_1's rmse: 0.101099
[12800]	training's rmse: 0.0609226	valid_1's rmse: 0.101073
[12900]	training's rmse: 0.060745	valid_1's rmse: 0.101045
[13000]	training's rmse: 0.0605482	valid_1's rmse: 0.101019
[13100]	training's rmse: 0.0603627	valid_1's rmse: 0.100991
[13200]	training's rmse: 0.0601794	valid_1's rmse: 0.100976
[13300]	training's rmse: 0.0599763	valid_1's rmse: 0.100958
[13400]	training's rmse: 0.059802	valid_1's rmse: 0.100947
[13500]	training's rmse: 0.0596203	valid_1's rmse: 0.100919
[13600]	training's rmse: 0.0594495	valid_1's rmse: 0.100895
[13700]	training's rmse: 0.0592644	valid_1's rmse: 0.100876
[13800]	training's rmse: 0.0590929	valid_1's rmse: 0.100855
[13900]	training's rmse: 0.0589298	valid_1's rmse: 0.100833
[14000]	training's rmse: 0.0587635	valid_1's rmse: 0.100815
[14100]	training's rmse: 0.0585881	valid_1's rmse: 0.100786
[14200]	training's rmse: 0.0584125	valid_1's rmse: 0.100765
[14300]	training's rmse: 0.0582522	valid_1's rmse: 0.100747
[14400]	training's rmse: 0.0580876	valid_1's rmse: 0.100734
[14500]	training's rmse: 0.0579108	valid_1's rmse: 0.100718
[14600]	training's rmse: 0.0577352	valid_1's rmse: 0.100696
[14700]	training's rmse: 0.0575506	valid_1's rmse: 0.100679
[14800]	training's rmse: 0.0573752	valid_1's rmse: 0.100665
[14900]	training's rmse: 0.0572144	valid_1's rmse: 0.100647
[15000]	training's rmse: 0.0570468	valid_1's rmse: 0.100633
[15100]	training's rmse: 0.0568878	valid_1's rmse: 0.100628
[15200]	training's rmse: 0.0567154	valid_1's rmse: 0.100603
[15300]	training's rmse: 0.0565519	valid_1's rmse: 0.10058
[15400]	training's rmse: 0.0563865	valid_1's rmse: 0.100564
[15500]	training's rmse: 0.0562069	valid_1's rmse: 0.100542
[15600]	training's rmse: 0.0560366	valid_1's rmse: 0.100526
[15700]	training's rmse: 0.0558816	valid_1's rmse: 0.100506
[15800]	training's rmse: 0.0557224	valid_1's rmse: 0.100483
[15900]	training's rmse: 0.0555741	valid_1's rmse: 0.100468
[16000]	training's rmse: 0.0554165	valid_1's rmse: 0.100453
[16100]	training's rmse: 0.055263	valid_1's rmse: 0.100438
[16200]	training's rmse: 0.055107	valid_1's rmse: 0.100432
[16300]	training's rmse: 0.0549297	valid_1's rmse: 0.10041
[16400]	training's rmse: 0.0547716	valid_1's rmse: 0.100388
[16500]	training's rmse: 0.0546272	valid_1's rmse: 0.100384
[16600]	training's rmse: 0.0544597	valid_1's rmse: 0.100373
[16700]	training's rmse: 0.0543075	valid_1's rmse: 0.100356
[16800]	training's rmse: 0.0541531	valid_1's rmse: 0.100333
[16900]	training's rmse: 0.0539999	valid_1's rmse: 0.100314
[17000]	training's rmse: 0.0538464	valid_1's rmse: 0.100302
[17100]	training's rmse: 0.0536969	valid_1's rmse: 0.100283
[17200]	training's rmse: 0.0535485	valid_1's rmse: 0.10026
[17300]	training's rmse: 0.0533924	valid_1's rmse: 0.100248
[17400]	training's rmse: 0.0532442	valid_1's rmse: 0.100234
[17500]	training's rmse: 0.0531046	valid_1's rmse: 0.100228
[17600]	training's rmse: 0.0529626	valid_1's rmse: 0.100226
[17700]	training's rmse: 0.0528186	valid_1's rmse: 0.100215
[17800]	training's rmse: 0.0526677	valid_1's rmse: 0.100198
[17900]	training's rmse: 0.0525308	valid_1's rmse: 0.100181
[18000]	training's rmse: 0.0523865	valid_1's rmse: 0.10017
[18100]	training's rmse: 0.0522341	valid_1's rmse: 0.100158
[18200]	training's rmse: 0.052086	valid_1's rmse: 0.100145
[18300]	training's rmse: 0.0519446	valid_1's rmse: 0.100142
[18400]	training's rmse: 0.0517993	valid_1's rmse: 0.100132
[18500]	training's rmse: 0.0516551	valid_1's rmse: 0.10012
[18600]	training's rmse: 0.051511	valid_1's rmse: 0.1001
[18700]	training's rmse: 0.0513685	valid_1's rmse: 0.100101
[18800]	training's rmse: 0.0512263	valid_1's rmse: 0.100087
[18900]	training's rmse: 0.0510819	valid_1's rmse: 0.100078
[19000]	training's rmse: 0.0509396	valid_1's rmse: 0.100059
[19100]	training's rmse: 0.0508054	valid_1's rmse: 0.100042
[19200]	training's rmse: 0.0506618	valid_1's rmse: 0.100034
[19300]	training's rmse: 0.0505135	valid_1's rmse: 0.100019
[19400]	training's rmse: 0.0503727	valid_1's rmse: 0.100008
##### feature importance #####
                                  importance
feature                                     
area                            58301.482783
is_LDK                          42634.143968
districts                       27874.845264
洗面台独立                            8117.202086
age                              6952.600912
is_DK                            5002.303308
floor_building                   4791.498241
structure                        4746.718138
エレベーター                           4659.276124
age_year                         3939.513957
システムキッチン                         3842.568987
num_room                         1965.304042
浴室乾燥機\t                          1396.899878
バス・トイレ別                          1355.201553
floor_room                       1089.674465
コンロ3口                            1083.051722
mins_to_nearest_sta              1061.583892
スーパー                              759.152390
コンビニ                              698.446465
床暖房                               685.704646
追焚機能                              593.351565
direction                         565.048122
脱衣所                               537.247483
温水洗浄便座                            512.984407
floor_room_over_floor_building    398.124160
age_month                         385.547592
ウォークインクローゼット                      255.645491
室内洗濯機置場                           245.722459
fixed_term                        242.150726
コンロ2口                             203.433395
contract_period                   186.970267
ドラッグストア                           175.785460
病院                                150.793516
car_parking                       148.246064
bicycle_parking                   133.447826
バルコニー                             130.483315
飲食店                               125.817025
公園                                114.844308
都市ガス                              114.378953
シャワー                              114.029798
郵便局                               106.438827
is_R                              102.590741
小学校                                93.294106
エアコン付                              90.738265
フローリング                             90.019680
給湯                                 82.418407
CATV                               79.467224
大学                                 79.024435
IHコンロ                              76.262857
光ファイバー                             75.738016
[100]	training's rmse: 0.229491	valid_1's rmse: 0.228695
[200]	training's rmse: 0.149123	valid_1's rmse: 0.150523
[300]	training's rmse: 0.124399	valid_1's rmse: 0.126873
[400]	training's rmse: 0.115351	valid_1's rmse: 0.118336
[500]	training's rmse: 0.111096	valid_1's rmse: 0.114399
[600]	training's rmse: 0.108612	valid_1's rmse: 0.112226
[700]	training's rmse: 0.106657	valid_1's rmse: 0.110517
[800]	training's rmse: 0.10504	valid_1's rmse: 0.109226
[900]	training's rmse: 0.103776	valid_1's rmse: 0.108247
[1000]	training's rmse: 0.102575	valid_1's rmse: 0.107356
[1100]	training's rmse: 0.101476	valid_1's rmse: 0.106576
[1200]	training's rmse: 0.100605	valid_1's rmse: 0.106028
[1300]	training's rmse: 0.099747	valid_1's rmse: 0.105479
[1400]	training's rmse: 0.0988958	valid_1's rmse: 0.104927
[1500]	training's rmse: 0.0981087	valid_1's rmse: 0.10444
[1600]	training's rmse: 0.0973913	valid_1's rmse: 0.104023
[1700]	training's rmse: 0.0966643	valid_1's rmse: 0.103623
[1800]	training's rmse: 0.096021	valid_1's rmse: 0.103287
[1900]	training's rmse: 0.0953706	valid_1's rmse: 0.102937
[2000]	training's rmse: 0.0948705	valid_1's rmse: 0.102691
[2100]	training's rmse: 0.0942649	valid_1's rmse: 0.10241
[2200]	training's rmse: 0.0936816	valid_1's rmse: 0.102108
[2300]	training's rmse: 0.0931683	valid_1's rmse: 0.10187
[2400]	training's rmse: 0.0926068	valid_1's rmse: 0.10161
[2500]	training's rmse: 0.0921218	valid_1's rmse: 0.101367
[2600]	training's rmse: 0.0915918	valid_1's rmse: 0.101145
[2700]	training's rmse: 0.0910951	valid_1's rmse: 0.100908
[2800]	training's rmse: 0.0906099	valid_1's rmse: 0.100655
[2900]	training's rmse: 0.0901492	valid_1's rmse: 0.100447
[3000]	training's rmse: 0.089693	valid_1's rmse: 0.10026
[3100]	training's rmse: 0.0892429	valid_1's rmse: 0.100083
[3200]	training's rmse: 0.0888171	valid_1's rmse: 0.0999142
[3300]	training's rmse: 0.088339	valid_1's rmse: 0.0997029
[3400]	training's rmse: 0.0878962	valid_1's rmse: 0.0995142
[3500]	training's rmse: 0.0874848	valid_1's rmse: 0.0993634
[3600]	training's rmse: 0.0870603	valid_1's rmse: 0.0991879
[3700]	training's rmse: 0.0866319	valid_1's rmse: 0.0990292
[3800]	training's rmse: 0.086164	valid_1's rmse: 0.0988538
[3900]	training's rmse: 0.0857578	valid_1's rmse: 0.0986874
[4000]	training's rmse: 0.0853985	valid_1's rmse: 0.0985514
[4100]	training's rmse: 0.085032	valid_1's rmse: 0.0984246
[4200]	training's rmse: 0.0846473	valid_1's rmse: 0.0982912
[4300]	training's rmse: 0.0842702	valid_1's rmse: 0.0981405
[4400]	training's rmse: 0.0838921	valid_1's rmse: 0.0980139
[4500]	training's rmse: 0.0835343	valid_1's rmse: 0.0978894
[4600]	training's rmse: 0.0831828	valid_1's rmse: 0.0977768
[4700]	training's rmse: 0.0828329	valid_1's rmse: 0.0976412
[4800]	training's rmse: 0.0824803	valid_1's rmse: 0.097533
[4900]	training's rmse: 0.0821138	valid_1's rmse: 0.0974274
[5000]	training's rmse: 0.0817758	valid_1's rmse: 0.0973098
[5100]	training's rmse: 0.0814328	valid_1's rmse: 0.0971988
[5200]	training's rmse: 0.0810958	valid_1's rmse: 0.097076
[5300]	training's rmse: 0.0807637	valid_1's rmse: 0.0969731
[5400]	training's rmse: 0.0804418	valid_1's rmse: 0.0968493
[5500]	training's rmse: 0.0801147	valid_1's rmse: 0.096754
[5600]	training's rmse: 0.0798041	valid_1's rmse: 0.0966412
[5700]	training's rmse: 0.0795055	valid_1's rmse: 0.0965373
[5800]	training's rmse: 0.0791936	valid_1's rmse: 0.0964727
[5900]	training's rmse: 0.0788652	valid_1's rmse: 0.0963568
[6000]	training's rmse: 0.078568	valid_1's rmse: 0.096262
[6100]	training's rmse: 0.0782609	valid_1's rmse: 0.09617
[6200]	training's rmse: 0.0779774	valid_1's rmse: 0.0960969
[6300]	training's rmse: 0.0776906	valid_1's rmse: 0.0960138
[6400]	training's rmse: 0.0774144	valid_1's rmse: 0.0959393
[6500]	training's rmse: 0.0771215	valid_1's rmse: 0.0958626
[6600]	training's rmse: 0.0768335	valid_1's rmse: 0.095795
[6700]	training's rmse: 0.0765508	valid_1's rmse: 0.0957228
[6800]	training's rmse: 0.0762496	valid_1's rmse: 0.0956368
[6900]	training's rmse: 0.075992	valid_1's rmse: 0.0955782
[7000]	training's rmse: 0.0757226	valid_1's rmse: 0.0955074
[7100]	training's rmse: 0.0754556	valid_1's rmse: 0.0954272
[7200]	training's rmse: 0.0751833	valid_1's rmse: 0.0953544
[7300]	training's rmse: 0.0749118	valid_1's rmse: 0.0952831
[7400]	training's rmse: 0.0746409	valid_1's rmse: 0.0952235
[7500]	training's rmse: 0.0743854	valid_1's rmse: 0.0951743
[7600]	training's rmse: 0.0741371	valid_1's rmse: 0.0951258
[7700]	training's rmse: 0.0738818	valid_1's rmse: 0.0950712
[7800]	training's rmse: 0.0736324	valid_1's rmse: 0.0950193
[7900]	training's rmse: 0.0733761	valid_1's rmse: 0.0949545
[8000]	training's rmse: 0.0731359	valid_1's rmse: 0.0949096
[8100]	training's rmse: 0.0728678	valid_1's rmse: 0.0948461
[8200]	training's rmse: 0.0726191	valid_1's rmse: 0.0948017
[8300]	training's rmse: 0.0723798	valid_1's rmse: 0.0947479
[8400]	training's rmse: 0.0721468	valid_1's rmse: 0.0947073
[8500]	training's rmse: 0.0719152	valid_1's rmse: 0.0946555
[8600]	training's rmse: 0.0716616	valid_1's rmse: 0.0946005
[8700]	training's rmse: 0.071423	valid_1's rmse: 0.0945497
[8800]	training's rmse: 0.0711862	valid_1's rmse: 0.0945078
[8900]	training's rmse: 0.070943	valid_1's rmse: 0.0944558
[9000]	training's rmse: 0.070703	valid_1's rmse: 0.094407
[9100]	training's rmse: 0.0704615	valid_1's rmse: 0.0943504
[9200]	training's rmse: 0.070245	valid_1's rmse: 0.094301
[9300]	training's rmse: 0.0700153	valid_1's rmse: 0.0942492
[9400]	training's rmse: 0.0697744	valid_1's rmse: 0.0942047
[9500]	training's rmse: 0.0695269	valid_1's rmse: 0.094149
[9600]	training's rmse: 0.0692958	valid_1's rmse: 0.094096
[9700]	training's rmse: 0.0690721	valid_1's rmse: 0.0940452
[9800]	training's rmse: 0.0688301	valid_1's rmse: 0.0939864
[9900]	training's rmse: 0.0686238	valid_1's rmse: 0.0939342
[10000]	training's rmse: 0.0684156	valid_1's rmse: 0.0938972
[10100]	training's rmse: 0.0681923	valid_1's rmse: 0.0938593
[10200]	training's rmse: 0.067973	valid_1's rmse: 0.0938132
[10300]	training's rmse: 0.0677615	valid_1's rmse: 0.0937812
[10400]	training's rmse: 0.0675399	valid_1's rmse: 0.0937463
[10500]	training's rmse: 0.0673206	valid_1's rmse: 0.0936958
[10600]	training's rmse: 0.0671056	valid_1's rmse: 0.0936438
[10700]	training's rmse: 0.0668778	valid_1's rmse: 0.0936
[10800]	training's rmse: 0.0666588	valid_1's rmse: 0.0935507
[10900]	training's rmse: 0.0664361	valid_1's rmse: 0.0935049
[11000]	training's rmse: 0.066241	valid_1's rmse: 0.0934607
[11100]	training's rmse: 0.0660282	valid_1's rmse: 0.0934297
[11200]	training's rmse: 0.0658141	valid_1's rmse: 0.093405
[11300]	training's rmse: 0.0656228	valid_1's rmse: 0.0933663
[11400]	training's rmse: 0.0654263	valid_1's rmse: 0.0933388
[11500]	training's rmse: 0.065223	valid_1's rmse: 0.0932953
[11600]	training's rmse: 0.0650238	valid_1's rmse: 0.0932737
[11700]	training's rmse: 0.0648309	valid_1's rmse: 0.0932421
[11800]	training's rmse: 0.0646193	valid_1's rmse: 0.0932106
[11900]	training's rmse: 0.0644245	valid_1's rmse: 0.0931612
[12000]	training's rmse: 0.0642393	valid_1's rmse: 0.0931212
[12100]	training's rmse: 0.0640446	valid_1's rmse: 0.0930833
[12200]	training's rmse: 0.0638489	valid_1's rmse: 0.0930652
[12300]	training's rmse: 0.0636587	valid_1's rmse: 0.0930302
[12400]	training's rmse: 0.0634667	valid_1's rmse: 0.0930129
[12500]	training's rmse: 0.0632763	valid_1's rmse: 0.0930053
[12600]	training's rmse: 0.063097	valid_1's rmse: 0.0929831
[12700]	training's rmse: 0.062906	valid_1's rmse: 0.0929409
[12800]	training's rmse: 0.0627142	valid_1's rmse: 0.0929223
[12900]	training's rmse: 0.0625354	valid_1's rmse: 0.0928846
[13000]	training's rmse: 0.0623473	valid_1's rmse: 0.0928676
[13100]	training's rmse: 0.062149	valid_1's rmse: 0.0928423
[13200]	training's rmse: 0.0619619	valid_1's rmse: 0.0928175
[13300]	training's rmse: 0.0617918	valid_1's rmse: 0.0928011
[13400]	training's rmse: 0.0615919	valid_1's rmse: 0.0927756
[13500]	training's rmse: 0.0614255	valid_1's rmse: 0.0927596
[13600]	training's rmse: 0.0612607	valid_1's rmse: 0.0927303
[13700]	training's rmse: 0.0610806	valid_1's rmse: 0.0927194
[13800]	training's rmse: 0.0609047	valid_1's rmse: 0.0926954
[13900]	training's rmse: 0.0607406	valid_1's rmse: 0.0926582
[14000]	training's rmse: 0.0605709	valid_1's rmse: 0.0926331
[14100]	training's rmse: 0.0604101	valid_1's rmse: 0.0926101
[14200]	training's rmse: 0.0602451	valid_1's rmse: 0.0926012
[14300]	training's rmse: 0.0600691	valid_1's rmse: 0.0925725
[14400]	training's rmse: 0.0598885	valid_1's rmse: 0.0925455
[14500]	training's rmse: 0.0597242	valid_1's rmse: 0.0925168
[14600]	training's rmse: 0.0595465	valid_1's rmse: 0.0924955
[14700]	training's rmse: 0.0593816	valid_1's rmse: 0.0924807
[14800]	training's rmse: 0.0592042	valid_1's rmse: 0.0924651
[14900]	training's rmse: 0.0590506	valid_1's rmse: 0.09245
[15000]	training's rmse: 0.0589001	valid_1's rmse: 0.0924223
[15100]	training's rmse: 0.0587236	valid_1's rmse: 0.0923937
[15200]	training's rmse: 0.0585568	valid_1's rmse: 0.0923653
[15300]	training's rmse: 0.0583927	valid_1's rmse: 0.0923484
[15400]	training's rmse: 0.0582271	valid_1's rmse: 0.0923365
[15500]	training's rmse: 0.0580731	valid_1's rmse: 0.0923134
[15600]	training's rmse: 0.0578966	valid_1's rmse: 0.0922913
[15700]	training's rmse: 0.0577378	valid_1's rmse: 0.0922777
[15800]	training's rmse: 0.0575685	valid_1's rmse: 0.0922574
[15900]	training's rmse: 0.0574156	valid_1's rmse: 0.0922347
[16000]	training's rmse: 0.0572586	valid_1's rmse: 0.0922136
[16100]	training's rmse: 0.0570967	valid_1's rmse: 0.0922021
[16200]	training's rmse: 0.0569392	valid_1's rmse: 0.092178
[16300]	training's rmse: 0.0567759	valid_1's rmse: 0.0921597
[16400]	training's rmse: 0.0566243	valid_1's rmse: 0.0921396
[16500]	training's rmse: 0.0564709	valid_1's rmse: 0.0921198
[16600]	training's rmse: 0.0563084	valid_1's rmse: 0.0921036
[16700]	training's rmse: 0.0561425	valid_1's rmse: 0.0920823
[16800]	training's rmse: 0.0559877	valid_1's rmse: 0.0920666
[16900]	training's rmse: 0.0558269	valid_1's rmse: 0.0920476
[17000]	training's rmse: 0.0556774	valid_1's rmse: 0.0920353
[17100]	training's rmse: 0.0555211	valid_1's rmse: 0.0920117
[17200]	training's rmse: 0.0553771	valid_1's rmse: 0.0919914
[17300]	training's rmse: 0.0552214	valid_1's rmse: 0.0919892
##### feature importance #####
                                  importance
feature                                     
area                            61110.540264
is_LDK                          42008.632188
districts                       27820.942293
age                              7510.247183
洗面台独立                            7027.752087
floor_building                   5049.477942
is_DK                            4941.797713
structure                        4837.544336
システムキッチン                         4322.271625
エレベーター                           3531.802996
age_year                         2703.596733
バス・トイレ別                          1855.281465
浴室乾燥機\t                          1833.976583
num_room                         1482.133825
コンロ3口                            1225.131373
floor_room                       1146.546501
mins_to_nearest_sta              1095.382666
スーパー                              756.589145
床暖房                               744.588732
コンビニ                              720.270777
追焚機能                              543.706950
direction                         532.254949
温水洗浄便座                            529.393096
floor_room_over_floor_building    411.460282
age_month                         377.894366
contract_period                   308.683635
脱衣所                               289.437798
ウォークインクローゼット                      267.841139
室内洗濯機置場                           191.609351
fixed_term                        186.018719
ドラッグストア                           175.158095
コンロ2口                             167.723230
病院                                125.438976
シャワー                              123.006294
公園                                119.821889
car_parking                       117.425834
bicycle_parking                   114.963180
飲食店                               108.869262
郵便局                               105.343104
バルコニー                              92.802434
小学校                                92.064171
大学                                 88.597195
都市ガス                               87.594414
給湯                                 85.109795
CATV                               82.669114
光ファイバー                             80.882689
フローリング                             79.509065
num_sta                            78.433141
プロパンガス                             78.221800
IHコンロ                              77.862782
[100]	training's rmse: 0.229364	valid_1's rmse: 0.229458
[200]	training's rmse: 0.150091	valid_1's rmse: 0.149807
[300]	training's rmse: 0.125002	valid_1's rmse: 0.125409
[400]	training's rmse: 0.11592	valid_1's rmse: 0.117307
[500]	training's rmse: 0.111395	valid_1's rmse: 0.113604
[600]	training's rmse: 0.108726	valid_1's rmse: 0.111709
[700]	training's rmse: 0.106658	valid_1's rmse: 0.110276
[800]	training's rmse: 0.104921	valid_1's rmse: 0.109112
[900]	training's rmse: 0.103487	valid_1's rmse: 0.108163
[1000]	training's rmse: 0.102244	valid_1's rmse: 0.107386
[1100]	training's rmse: 0.101085	valid_1's rmse: 0.106662
[1200]	training's rmse: 0.100119	valid_1's rmse: 0.106107
[1300]	training's rmse: 0.0992216	valid_1's rmse: 0.105569
[1400]	training's rmse: 0.0983579	valid_1's rmse: 0.105067
[1500]	training's rmse: 0.0976018	valid_1's rmse: 0.104659
[1600]	training's rmse: 0.0968492	valid_1's rmse: 0.104257
[1700]	training's rmse: 0.0961756	valid_1's rmse: 0.103934
[1800]	training's rmse: 0.0954883	valid_1's rmse: 0.103607
[1900]	training's rmse: 0.0948492	valid_1's rmse: 0.103291
[2000]	training's rmse: 0.0942248	valid_1's rmse: 0.103003
[2100]	training's rmse: 0.0936444	valid_1's rmse: 0.102749
[2200]	training's rmse: 0.0930549	valid_1's rmse: 0.102488
[2300]	training's rmse: 0.0924802	valid_1's rmse: 0.102215
[2400]	training's rmse: 0.0919297	valid_1's rmse: 0.10194
[2500]	training's rmse: 0.0914393	valid_1's rmse: 0.101755
[2600]	training's rmse: 0.0909311	valid_1's rmse: 0.101539
[2700]	training's rmse: 0.0903805	valid_1's rmse: 0.10129
[2800]	training's rmse: 0.0899075	valid_1's rmse: 0.101102
[2900]	training's rmse: 0.0894536	valid_1's rmse: 0.100932
[3000]	training's rmse: 0.0889624	valid_1's rmse: 0.100739
[3100]	training's rmse: 0.0885132	valid_1's rmse: 0.100583
[3200]	training's rmse: 0.0880976	valid_1's rmse: 0.100404
[3300]	training's rmse: 0.0876491	valid_1's rmse: 0.100227
[3400]	training's rmse: 0.0872118	valid_1's rmse: 0.100079
[3500]	training's rmse: 0.086765	valid_1's rmse: 0.0999268
[3600]	training's rmse: 0.0863365	valid_1's rmse: 0.0997808
[3700]	training's rmse: 0.0859442	valid_1's rmse: 0.0996556
[3800]	training's rmse: 0.0855652	valid_1's rmse: 0.0995266
[3900]	training's rmse: 0.0851956	valid_1's rmse: 0.099412
[4000]	training's rmse: 0.0847868	valid_1's rmse: 0.0992814
[4100]	training's rmse: 0.0843982	valid_1's rmse: 0.0991555
[4200]	training's rmse: 0.0840228	valid_1's rmse: 0.0990377
[4300]	training's rmse: 0.0836462	valid_1's rmse: 0.0989255
[4400]	training's rmse: 0.083281	valid_1's rmse: 0.098801
[4500]	training's rmse: 0.0828778	valid_1's rmse: 0.09866
[4600]	training's rmse: 0.082539	valid_1's rmse: 0.0985687
[4700]	training's rmse: 0.0821832	valid_1's rmse: 0.0984671
[4800]	training's rmse: 0.081856	valid_1's rmse: 0.0983501
[4900]	training's rmse: 0.081511	valid_1's rmse: 0.0982375
[5000]	training's rmse: 0.0811546	valid_1's rmse: 0.0981208
[5100]	training's rmse: 0.0808117	valid_1's rmse: 0.0980405
[5200]	training's rmse: 0.0804987	valid_1's rmse: 0.097929
[5300]	training's rmse: 0.0801635	valid_1's rmse: 0.0978256
[5400]	training's rmse: 0.0798265	valid_1's rmse: 0.0977175
[5500]	training's rmse: 0.0794758	valid_1's rmse: 0.0976306
[5600]	training's rmse: 0.0791559	valid_1's rmse: 0.0975481
[5700]	training's rmse: 0.0788698	valid_1's rmse: 0.0974663
[5800]	training's rmse: 0.078554	valid_1's rmse: 0.0973744
[5900]	training's rmse: 0.0782549	valid_1's rmse: 0.0972959
[6000]	training's rmse: 0.0779491	valid_1's rmse: 0.097232
[6100]	training's rmse: 0.0776552	valid_1's rmse: 0.0971528
[6200]	training's rmse: 0.0773426	valid_1's rmse: 0.0970728
[6300]	training's rmse: 0.0770581	valid_1's rmse: 0.096992
[6400]	training's rmse: 0.076773	valid_1's rmse: 0.0969332
[6500]	training's rmse: 0.0764689	valid_1's rmse: 0.0968747
[6600]	training's rmse: 0.0762076	valid_1's rmse: 0.0968143
[6700]	training's rmse: 0.0759121	valid_1's rmse: 0.096741
[6800]	training's rmse: 0.0756191	valid_1's rmse: 0.0966922
[6900]	training's rmse: 0.0753253	valid_1's rmse: 0.0966256
[7000]	training's rmse: 0.0750207	valid_1's rmse: 0.0965485
[7100]	training's rmse: 0.0747488	valid_1's rmse: 0.0964858
[7200]	training's rmse: 0.0744712	valid_1's rmse: 0.096419
[7300]	training's rmse: 0.0741817	valid_1's rmse: 0.0963457
[7400]	training's rmse: 0.0739277	valid_1's rmse: 0.0962863
[7500]	training's rmse: 0.0736647	valid_1's rmse: 0.0962152
[7600]	training's rmse: 0.07341	valid_1's rmse: 0.0961701
[7700]	training's rmse: 0.0731654	valid_1's rmse: 0.0961271
[7800]	training's rmse: 0.0729	valid_1's rmse: 0.0960634
[7900]	training's rmse: 0.0726315	valid_1's rmse: 0.096015
[8000]	training's rmse: 0.0723812	valid_1's rmse: 0.0959617
[8100]	training's rmse: 0.0721427	valid_1's rmse: 0.0958976
[8200]	training's rmse: 0.0718826	valid_1's rmse: 0.0958551
[8300]	training's rmse: 0.0716423	valid_1's rmse: 0.0958107
[8400]	training's rmse: 0.0714053	valid_1's rmse: 0.0957613
[8500]	training's rmse: 0.0711615	valid_1's rmse: 0.0957096
[8600]	training's rmse: 0.0709325	valid_1's rmse: 0.0956531
[8700]	training's rmse: 0.070685	valid_1's rmse: 0.0955971
[8800]	training's rmse: 0.0704531	valid_1's rmse: 0.0955402
[8900]	training's rmse: 0.0702141	valid_1's rmse: 0.0955046
[9000]	training's rmse: 0.0699725	valid_1's rmse: 0.0954578
[9100]	training's rmse: 0.0697549	valid_1's rmse: 0.0954282
[9200]	training's rmse: 0.0695381	valid_1's rmse: 0.095398
[9300]	training's rmse: 0.06932	valid_1's rmse: 0.0953607
[9400]	training's rmse: 0.0691054	valid_1's rmse: 0.0953192
[9500]	training's rmse: 0.0688902	valid_1's rmse: 0.0952716
[9600]	training's rmse: 0.0686766	valid_1's rmse: 0.0952365
[9700]	training's rmse: 0.0684656	valid_1's rmse: 0.0951924
[9800]	training's rmse: 0.0682578	valid_1's rmse: 0.0951641
[9900]	training's rmse: 0.0680436	valid_1's rmse: 0.0951211
[10000]	training's rmse: 0.0678228	valid_1's rmse: 0.0950798
[10100]	training's rmse: 0.0676049	valid_1's rmse: 0.0950544
[10200]	training's rmse: 0.067373	valid_1's rmse: 0.0950135
[10300]	training's rmse: 0.0671564	valid_1's rmse: 0.0949815
[10400]	training's rmse: 0.0669459	valid_1's rmse: 0.0949523
[10500]	training's rmse: 0.0667495	valid_1's rmse: 0.0949184
[10600]	training's rmse: 0.066528	valid_1's rmse: 0.0948844
[10700]	training's rmse: 0.0663258	valid_1's rmse: 0.0948506
[10800]	training's rmse: 0.0661048	valid_1's rmse: 0.0948186
[10900]	training's rmse: 0.0659062	valid_1's rmse: 0.0947879
[11000]	training's rmse: 0.0657039	valid_1's rmse: 0.0947565
[11100]	training's rmse: 0.0654976	valid_1's rmse: 0.0947267
[11200]	training's rmse: 0.0652923	valid_1's rmse: 0.0946992
[11300]	training's rmse: 0.0650894	valid_1's rmse: 0.0946723
[11400]	training's rmse: 0.0648915	valid_1's rmse: 0.0946362
[11500]	training's rmse: 0.0646891	valid_1's rmse: 0.0946043
[11600]	training's rmse: 0.0644963	valid_1's rmse: 0.0945854
[11700]	training's rmse: 0.0642965	valid_1's rmse: 0.0945591
[11800]	training's rmse: 0.064097	valid_1's rmse: 0.0945336
[11900]	training's rmse: 0.0638993	valid_1's rmse: 0.0945021
[12000]	training's rmse: 0.0637125	valid_1's rmse: 0.0944762
[12100]	training's rmse: 0.0635315	valid_1's rmse: 0.0944418
[12200]	training's rmse: 0.0633319	valid_1's rmse: 0.0944015
[12300]	training's rmse: 0.063132	valid_1's rmse: 0.0943611
[12400]	training's rmse: 0.0629268	valid_1's rmse: 0.0943326
[12500]	training's rmse: 0.0627359	valid_1's rmse: 0.094317
[12600]	training's rmse: 0.0625443	valid_1's rmse: 0.0942967
[12700]	training's rmse: 0.0623518	valid_1's rmse: 0.0942758
[12800]	training's rmse: 0.0621593	valid_1's rmse: 0.0942328
[12900]	training's rmse: 0.0619766	valid_1's rmse: 0.0942116
[13000]	training's rmse: 0.0617924	valid_1's rmse: 0.0941779
[13100]	training's rmse: 0.0616102	valid_1's rmse: 0.0941489
[13200]	training's rmse: 0.0614436	valid_1's rmse: 0.0941374
[13300]	training's rmse: 0.0612655	valid_1's rmse: 0.094113
[13400]	training's rmse: 0.0610852	valid_1's rmse: 0.0940953
[13500]	training's rmse: 0.0609013	valid_1's rmse: 0.0940707
[13600]	training's rmse: 0.0607345	valid_1's rmse: 0.0940456
[13700]	training's rmse: 0.0605619	valid_1's rmse: 0.0940361
[13800]	training's rmse: 0.0603826	valid_1's rmse: 0.094008
[13900]	training's rmse: 0.0602031	valid_1's rmse: 0.0939787
[14000]	training's rmse: 0.0600297	valid_1's rmse: 0.0939587
[14100]	training's rmse: 0.0598524	valid_1's rmse: 0.0939244
[14200]	training's rmse: 0.0596858	valid_1's rmse: 0.0939176
##### feature importance #####
                                  importance
feature                                     
area                            55453.939183
is_LDK                          44838.518779
districts                       27425.132628
洗面台独立                            8817.914811
age                              6718.148326
structure                        4900.778335
is_DK                            4813.200004
floor_building                   4614.855234
age_year                         3865.147069
システムキッチン                         3685.702793
エレベーター                           3633.880160
num_room                         2065.427214
バス・トイレ別                          1744.907025
浴室乾燥機\t                          1526.558969
mins_to_nearest_sta              1064.355906
コンロ3口                            1045.544775
floor_room                       1028.352263
床暖房                               996.690766
スーパー                              706.838473
コンビニ                              688.403800
追焚機能                              545.043366
direction                         497.891035
温水洗浄便座                            418.557873
脱衣所                               408.768785
floor_room_over_floor_building    368.139025
ウォークインクローゼット                      363.234769
age_month                         360.264241
contract_period                   276.024983
fixed_term                        227.455861
コンロ2口                             197.591637
室内洗濯機置場                           189.385825
ドラッグストア                           164.038003
病院                                131.079129
car_parking                       130.303017
bicycle_parking                   126.131825
バルコニー                             114.187453
シャワー                              109.453785
公園                                108.644825
郵便局                               104.896856
小学校                                94.886634
CSアンテナ                             91.752528
飲食店                                90.135089
エアコン付                              85.956511
都市ガス                               85.151145
is_R                               83.909415
IHコンロ                              82.575391
大学                                 76.744523
num_sta                            71.574034
光ファイバー                             70.989442
CATV                               69.520596
[100]	training's rmse: 0.228394	valid_1's rmse: 0.235084
[200]	training's rmse: 0.149078	valid_1's rmse: 0.156254
[300]	training's rmse: 0.124135	valid_1's rmse: 0.131105
[400]	training's rmse: 0.115254	valid_1's rmse: 0.122178
[500]	training's rmse: 0.110879	valid_1's rmse: 0.117987
[600]	training's rmse: 0.108142	valid_1's rmse: 0.115635
[700]	training's rmse: 0.106178	valid_1's rmse: 0.114069
[800]	training's rmse: 0.104476	valid_1's rmse: 0.112739
[900]	training's rmse: 0.103034	valid_1's rmse: 0.111702
[1000]	training's rmse: 0.101837	valid_1's rmse: 0.110853
[1100]	training's rmse: 0.100748	valid_1's rmse: 0.110093
[1200]	training's rmse: 0.0998018	valid_1's rmse: 0.109508
[1300]	training's rmse: 0.0988819	valid_1's rmse: 0.108912
[1400]	training's rmse: 0.0980673	valid_1's rmse: 0.108459
[1500]	training's rmse: 0.0973305	valid_1's rmse: 0.108038
[1600]	training's rmse: 0.0966051	valid_1's rmse: 0.107624
[1700]	training's rmse: 0.095897	valid_1's rmse: 0.107235
[1800]	training's rmse: 0.0952698	valid_1's rmse: 0.106932
[1900]	training's rmse: 0.0946161	valid_1's rmse: 0.106574
[2000]	training's rmse: 0.0939687	valid_1's rmse: 0.10626
[2100]	training's rmse: 0.0933616	valid_1's rmse: 0.105955
[2200]	training's rmse: 0.0927568	valid_1's rmse: 0.105655
[2300]	training's rmse: 0.092147	valid_1's rmse: 0.105353
[2400]	training's rmse: 0.0915778	valid_1's rmse: 0.105059
[2500]	training's rmse: 0.0910845	valid_1's rmse: 0.104834
[2600]	training's rmse: 0.090558	valid_1's rmse: 0.1046
[2700]	training's rmse: 0.0900685	valid_1's rmse: 0.104359
[2800]	training's rmse: 0.0895504	valid_1's rmse: 0.104122
[2900]	training's rmse: 0.0890371	valid_1's rmse: 0.10389
[3000]	training's rmse: 0.0885391	valid_1's rmse: 0.103662
[3100]	training's rmse: 0.0880667	valid_1's rmse: 0.103482
[3200]	training's rmse: 0.0875696	valid_1's rmse: 0.103278
[3300]	training's rmse: 0.0871076	valid_1's rmse: 0.10308
[3400]	training's rmse: 0.0866401	valid_1's rmse: 0.102883
[3500]	training's rmse: 0.0862047	valid_1's rmse: 0.102709
[3600]	training's rmse: 0.0857648	valid_1's rmse: 0.10254
[3700]	training's rmse: 0.0853531	valid_1's rmse: 0.102373
[3800]	training's rmse: 0.0849366	valid_1's rmse: 0.102238
[3900]	training's rmse: 0.0845437	valid_1's rmse: 0.102084
[4000]	training's rmse: 0.0841889	valid_1's rmse: 0.101967
[4100]	training's rmse: 0.0837958	valid_1's rmse: 0.101848
[4200]	training's rmse: 0.0834172	valid_1's rmse: 0.101724
[4300]	training's rmse: 0.0830671	valid_1's rmse: 0.101607
[4400]	training's rmse: 0.0826942	valid_1's rmse: 0.101514
[4500]	training's rmse: 0.0823234	valid_1's rmse: 0.101384
[4600]	training's rmse: 0.0819768	valid_1's rmse: 0.101272
[4700]	training's rmse: 0.0816374	valid_1's rmse: 0.101163
[4800]	training's rmse: 0.0812995	valid_1's rmse: 0.101062
[4900]	training's rmse: 0.0809746	valid_1's rmse: 0.100975
[5000]	training's rmse: 0.0806402	valid_1's rmse: 0.100877
[5100]	training's rmse: 0.0803125	valid_1's rmse: 0.100768
[5200]	training's rmse: 0.0799584	valid_1's rmse: 0.100644
[5300]	training's rmse: 0.07964	valid_1's rmse: 0.100556
[5400]	training's rmse: 0.0793398	valid_1's rmse: 0.100475
[5500]	training's rmse: 0.079011	valid_1's rmse: 0.100365
[5600]	training's rmse: 0.0786959	valid_1's rmse: 0.100291
[5700]	training's rmse: 0.0783945	valid_1's rmse: 0.100219
[5800]	training's rmse: 0.0781208	valid_1's rmse: 0.100132
[5900]	training's rmse: 0.0778362	valid_1's rmse: 0.100068
[6000]	training's rmse: 0.0775472	valid_1's rmse: 0.0999974
[6100]	training's rmse: 0.0772379	valid_1's rmse: 0.0999071
[6200]	training's rmse: 0.0769526	valid_1's rmse: 0.0998375
[6300]	training's rmse: 0.0766545	valid_1's rmse: 0.0997634
[6400]	training's rmse: 0.0763706	valid_1's rmse: 0.0996954
[6500]	training's rmse: 0.0760892	valid_1's rmse: 0.099628
[6600]	training's rmse: 0.0758082	valid_1's rmse: 0.0995465
[6700]	training's rmse: 0.0755678	valid_1's rmse: 0.0994916
[6800]	training's rmse: 0.0752945	valid_1's rmse: 0.0994338
[6900]	training's rmse: 0.0750152	valid_1's rmse: 0.0993784
[7000]	training's rmse: 0.0747328	valid_1's rmse: 0.0992979
[7100]	training's rmse: 0.0744509	valid_1's rmse: 0.0992101
[7200]	training's rmse: 0.0741844	valid_1's rmse: 0.09915
[7300]	training's rmse: 0.0739153	valid_1's rmse: 0.099088
[7400]	training's rmse: 0.0736569	valid_1's rmse: 0.0990174
[7500]	training's rmse: 0.0733976	valid_1's rmse: 0.0989426
[7600]	training's rmse: 0.0731398	valid_1's rmse: 0.0989004
[7700]	training's rmse: 0.0728925	valid_1's rmse: 0.09885
[7800]	training's rmse: 0.0726359	valid_1's rmse: 0.0987901
[7900]	training's rmse: 0.0723933	valid_1's rmse: 0.0987476
[8000]	training's rmse: 0.0721374	valid_1's rmse: 0.0987003
[8100]	training's rmse: 0.071876	valid_1's rmse: 0.0986308
[8200]	training's rmse: 0.0716376	valid_1's rmse: 0.0985958
[8300]	training's rmse: 0.0713953	valid_1's rmse: 0.0985284
[8400]	training's rmse: 0.0711524	valid_1's rmse: 0.0984789
[8500]	training's rmse: 0.0708954	valid_1's rmse: 0.0984383
[8600]	training's rmse: 0.0706703	valid_1's rmse: 0.0983696
[8700]	training's rmse: 0.0704042	valid_1's rmse: 0.0983077
[8800]	training's rmse: 0.0701703	valid_1's rmse: 0.0982504
[8900]	training's rmse: 0.0699376	valid_1's rmse: 0.098235
[9000]	training's rmse: 0.0696875	valid_1's rmse: 0.0981841
[9100]	training's rmse: 0.0694646	valid_1's rmse: 0.0981534
[9200]	training's rmse: 0.069241	valid_1's rmse: 0.0981091
[9300]	training's rmse: 0.0690151	valid_1's rmse: 0.0980579
[9400]	training's rmse: 0.06877	valid_1's rmse: 0.0980175
[9500]	training's rmse: 0.0685659	valid_1's rmse: 0.0979946
[9600]	training's rmse: 0.0683422	valid_1's rmse: 0.0979509
[9700]	training's rmse: 0.0681176	valid_1's rmse: 0.0979196
[9800]	training's rmse: 0.0678928	valid_1's rmse: 0.0978643
[9900]	training's rmse: 0.0676752	valid_1's rmse: 0.0978173
[10000]	training's rmse: 0.0674625	valid_1's rmse: 0.09778
[10100]	training's rmse: 0.067256	valid_1's rmse: 0.0977259
[10200]	training's rmse: 0.0670398	valid_1's rmse: 0.0976796
[10300]	training's rmse: 0.0668324	valid_1's rmse: 0.0976422
[10400]	training's rmse: 0.0666276	valid_1's rmse: 0.0975989
[10500]	training's rmse: 0.0664173	valid_1's rmse: 0.0975779
[10600]	training's rmse: 0.0662159	valid_1's rmse: 0.0975438
[10700]	training's rmse: 0.0660141	valid_1's rmse: 0.0975049
[10800]	training's rmse: 0.065804	valid_1's rmse: 0.0974739
[10900]	training's rmse: 0.065583	valid_1's rmse: 0.0974421
[11000]	training's rmse: 0.0653743	valid_1's rmse: 0.0974032
[11100]	training's rmse: 0.065179	valid_1's rmse: 0.0973676
[11200]	training's rmse: 0.0649709	valid_1's rmse: 0.0973413
[11300]	training's rmse: 0.0647686	valid_1's rmse: 0.0973105
[11400]	training's rmse: 0.0645691	valid_1's rmse: 0.0972704
[11500]	training's rmse: 0.0643674	valid_1's rmse: 0.0972379
[11600]	training's rmse: 0.0641764	valid_1's rmse: 0.0972081
[11700]	training's rmse: 0.0639939	valid_1's rmse: 0.0971712
[11800]	training's rmse: 0.0638117	valid_1's rmse: 0.0971358
[11900]	training's rmse: 0.0636151	valid_1's rmse: 0.0971145
[12000]	training's rmse: 0.0634196	valid_1's rmse: 0.0970763
[12100]	training's rmse: 0.0632335	valid_1's rmse: 0.097057
[12200]	training's rmse: 0.0630527	valid_1's rmse: 0.09704
[12300]	training's rmse: 0.0628716	valid_1's rmse: 0.09699
[12400]	training's rmse: 0.0626815	valid_1's rmse: 0.0969684
[12500]	training's rmse: 0.0625022	valid_1's rmse: 0.0969476
[12600]	training's rmse: 0.0623152	valid_1's rmse: 0.0969274
[12700]	training's rmse: 0.0621184	valid_1's rmse: 0.0968985
[12800]	training's rmse: 0.0619416	valid_1's rmse: 0.0968755
[12900]	training's rmse: 0.0617617	valid_1's rmse: 0.0968512
[13000]	training's rmse: 0.0615955	valid_1's rmse: 0.0968133
[13100]	training's rmse: 0.0614215	valid_1's rmse: 0.0967894
[13200]	training's rmse: 0.0612338	valid_1's rmse: 0.0967595
[13300]	training's rmse: 0.0610482	valid_1's rmse: 0.0967395
[13400]	training's rmse: 0.0608649	valid_1's rmse: 0.0967176
[13500]	training's rmse: 0.0607001	valid_1's rmse: 0.096692
[13600]	training's rmse: 0.0605316	valid_1's rmse: 0.096678
[13700]	training's rmse: 0.0603462	valid_1's rmse: 0.0966468
[13800]	training's rmse: 0.0601754	valid_1's rmse: 0.0966267
[13900]	training's rmse: 0.0600086	valid_1's rmse: 0.0966033
[14000]	training's rmse: 0.0598482	valid_1's rmse: 0.0965886
[14100]	training's rmse: 0.0596709	valid_1's rmse: 0.0965686
[14200]	training's rmse: 0.0594953	valid_1's rmse: 0.0965361
[14300]	training's rmse: 0.0593226	valid_1's rmse: 0.0965072
[14400]	training's rmse: 0.0591397	valid_1's rmse: 0.0964825
[14500]	training's rmse: 0.0589603	valid_1's rmse: 0.0964575
[14600]	training's rmse: 0.0587828	valid_1's rmse: 0.0964272
[14700]	training's rmse: 0.0586103	valid_1's rmse: 0.0964031
[14800]	training's rmse: 0.0584389	valid_1's rmse: 0.0963789
[14900]	training's rmse: 0.0582773	valid_1's rmse: 0.0963483
[15000]	training's rmse: 0.0580973	valid_1's rmse: 0.0963197
[15100]	training's rmse: 0.0579421	valid_1's rmse: 0.0963022
[15200]	training's rmse: 0.057775	valid_1's rmse: 0.0962718
[15300]	training's rmse: 0.0576048	valid_1's rmse: 0.0962502
[15400]	training's rmse: 0.0574375	valid_1's rmse: 0.0962305
[15500]	training's rmse: 0.0572744	valid_1's rmse: 0.0962145
[15600]	training's rmse: 0.0571169	valid_1's rmse: 0.0961943
[15700]	training's rmse: 0.0569626	valid_1's rmse: 0.0961744
[15800]	training's rmse: 0.0568115	valid_1's rmse: 0.0961629
[15900]	training's rmse: 0.0566503	valid_1's rmse: 0.0961365
[16000]	training's rmse: 0.0565118	valid_1's rmse: 0.0961247
[16100]	training's rmse: 0.0563683	valid_1's rmse: 0.0961062
[16200]	training's rmse: 0.0562164	valid_1's rmse: 0.0960898
[16300]	training's rmse: 0.0560727	valid_1's rmse: 0.0960653
[16400]	training's rmse: 0.05591	valid_1's rmse: 0.0960365
[16500]	training's rmse: 0.0557511	valid_1's rmse: 0.0960148
[16600]	training's rmse: 0.0556088	valid_1's rmse: 0.0960024
[16700]	training's rmse: 0.0554594	valid_1's rmse: 0.0959836
[16800]	training's rmse: 0.0553013	valid_1's rmse: 0.0959751
[16900]	training's rmse: 0.0551492	valid_1's rmse: 0.0959623
[17000]	training's rmse: 0.0549979	valid_1's rmse: 0.0959472
[17100]	training's rmse: 0.0548441	valid_1's rmse: 0.0959297
[17200]	training's rmse: 0.0546919	valid_1's rmse: 0.0959144
[17300]	training's rmse: 0.0545452	valid_1's rmse: 0.0958932
[17400]	training's rmse: 0.0543974	valid_1's rmse: 0.0958749
[17500]	training's rmse: 0.054249	valid_1's rmse: 0.0958584
[17600]	training's rmse: 0.0541037	valid_1's rmse: 0.0958481
[17700]	training's rmse: 0.0539608	valid_1's rmse: 0.0958347
[17800]	training's rmse: 0.0538152	valid_1's rmse: 0.0958175
[17900]	training's rmse: 0.0536609	valid_1's rmse: 0.0958067
[18000]	training's rmse: 0.0535102	valid_1's rmse: 0.0957943
[18100]	training's rmse: 0.0533556	valid_1's rmse: 0.0957759
[18200]	training's rmse: 0.0532078	valid_1's rmse: 0.0957547
[18300]	training's rmse: 0.0530652	valid_1's rmse: 0.0957331
[18400]	training's rmse: 0.052921	valid_1's rmse: 0.0957177
[18500]	training's rmse: 0.0527813	valid_1's rmse: 0.0957006
[18600]	training's rmse: 0.0526436	valid_1's rmse: 0.0956752
[18700]	training's rmse: 0.0524967	valid_1's rmse: 0.0956696
[18800]	training's rmse: 0.0523651	valid_1's rmse: 0.0956558
[18900]	training's rmse: 0.0522379	valid_1's rmse: 0.0956453
[19000]	training's rmse: 0.0520989	valid_1's rmse: 0.0956203
[19100]	training's rmse: 0.0519726	valid_1's rmse: 0.0956082
[19200]	training's rmse: 0.0518311	valid_1's rmse: 0.095595
[19300]	training's rmse: 0.051693	valid_1's rmse: 0.0955829
[19400]	training's rmse: 0.0515578	valid_1's rmse: 0.0955668
[19500]	training's rmse: 0.0514247	valid_1's rmse: 0.0955577
[19600]	training's rmse: 0.051289	valid_1's rmse: 0.0955523
[19700]	training's rmse: 0.0511555	valid_1's rmse: 0.0955366
[19800]	training's rmse: 0.0510182	valid_1's rmse: 0.095529
[19900]	training's rmse: 0.050898	valid_1's rmse: 0.0955279
[20000]	training's rmse: 0.0507676	valid_1's rmse: 0.0955138
[20100]	training's rmse: 0.050625	valid_1's rmse: 0.0955103
##### feature importance #####
                                  importance
feature                                     
area                            55150.788742
is_LDK                          45030.161586
districts                       27395.509168
洗面台独立                            8449.361195
age                              7167.309636
is_DK                            5165.846909
floor_building                   5060.537897
structure                        4715.477917
システムキッチン                         4145.193553
age_year                         4001.357943
エレベーター                           3685.944296
num_room                         2040.704480
バス・トイレ別                          1472.231462
浴室乾燥機\t                          1290.207882
mins_to_nearest_sta              1200.676928
floor_room                       1071.740573
コンロ3口                             927.152408
床暖房                               806.219688
スーパー                              802.233073
コンビニ                              790.383266
direction                         569.994842
脱衣所                               493.217552
温水洗浄便座                            487.434771
追焚機能                              485.549707
floor_room_over_floor_building    424.781730
age_month                         391.631513
室内洗濯機置場                           244.808344
contract_period                   218.249526
ウォークインクローゼット                      216.344207
コンロ2口                             209.620594
fixed_term                        208.595131
ドラッグストア                           195.285582
car_parking                       149.308308
病院                                149.036184
シャワー                              147.694191
bicycle_parking                   119.928498
公園                                115.544293
飲食店                               114.116194
CSアンテナ                            106.327927
バルコニー                             103.056331
給湯                                 98.794796
郵便局                                97.143444
光ファイバー                             92.713548
is_R                               92.115061
小学校                                90.856629
大学                                 88.681058
num_sta                            87.988482
フローリング                             85.081947
CATV                               81.957739
都市ガス                               77.916480
5fold CV score: 22520.171730438607
