./logs/model_logs/BASE_11.log
Using features:['districts', 'mins_to_nearest_sta', 'num_sta', 'num_room', 'has_nando', 'is_R', 'is_K', 'is_DK', 'is_LDK', 'age_year', 'age_month', 'age', 'direction', 'area', 'floor_is_underground', 'floor_room', 'floor_building', 'floor_room_over_floor_building', 'num_bath_toilet', 'シャワー', 'バスなし', 'バス・トイレ別', '共同トイレ', '共同バス', '専用トイレ', '専用バス', '洗面台独立', '浴室乾燥機', '浴室乾燥機\t', '温水洗浄便座', '脱衣所', '追焚機能', 'num_kitchen', 'IHコンロ', 'L字キッチン', 'カウンターキッチン', 'ガスコンロ', 'コンロ1口', 'コンロ2口', 'コンロ3口', 'コンロ4口以上', 'コンロ設置可（コンロ1口）', 'コンロ設置可（コンロ2口）', 'コンロ設置可（コンロ3口）', 'コンロ設置可（コンロ4口以上）', 'コンロ設置可（口数不明）', 'システムキッチン', '冷蔵庫あり', '独立キッチン', '給湯', '電気コンロ', 'num_broad_com', 'BSアンテナ', 'CATV', 'CSアンテナ', 'インターネット使用料無料', 'インターネット対応', '光ファイバー', '有線放送', '高速インターネット', 'num_facility', '24時間換気システム', '2面採光', '3面採光', 'ウォークインクローゼット', 'エアコン付', 'エレベーター', 'オール電化', 'ガスその他', 'ガス暖房', 'クッションフロア', 'シューズボックス', 'タイル張り', 'トランクルーム', 'バリアフリー', 'バルコニー', 'フローリング', 'プロパンガス', 'ペアガラス', 'ルーフバルコニー', 'ロフト付き', '下水', '二世帯住宅', '二重サッシ', '井戸', '公営水道', '冷房', '出窓', '地下室', '室内洗濯機置場', '室外洗濯機置場', '専用庭', '床下収納', '床暖房', '排水その他', '敷地内ごみ置き場', '水道その他', '汲み取り', '洗濯機置場なし', '浄化槽', '石油暖房', '都市ガス', '防音室', 'bicycle_parking', 'car_parking', 'bike_parking', 'num_environment', '飲食店', '学校', '病院', '幼稚園・保育園', '郵便局', '図書館', '銀行', '月極駐車場', 'デパート', 'クリーニング', '総合病院', '公園', '大学', 'スーパー', 'コンビニ', 'レンタルビデオ', 'ドラッグストア', 'コインパーキング', '小学校', 'structure', 'fixed_term', 'contract_period']
[100]	training's rmse: 0.230429	valid_1's rmse: 0.230103
[200]	training's rmse: 0.150919	valid_1's rmse: 0.151281
[300]	training's rmse: 0.125329	valid_1's rmse: 0.12615
[400]	training's rmse: 0.11615	valid_1's rmse: 0.117456
[500]	training's rmse: 0.11169	valid_1's rmse: 0.113669
[600]	training's rmse: 0.108866	valid_1's rmse: 0.111439
[700]	training's rmse: 0.106724	valid_1's rmse: 0.109865
[800]	training's rmse: 0.104937	valid_1's rmse: 0.108605
[900]	training's rmse: 0.10347	valid_1's rmse: 0.107626
[1000]	training's rmse: 0.102175	valid_1's rmse: 0.106789
[1100]	training's rmse: 0.101007	valid_1's rmse: 0.10609
[1200]	training's rmse: 0.10003	valid_1's rmse: 0.105545
[1300]	training's rmse: 0.0990828	valid_1's rmse: 0.105022
[1400]	training's rmse: 0.0982036	valid_1's rmse: 0.104536
[1500]	training's rmse: 0.0974495	valid_1's rmse: 0.104143
[1600]	training's rmse: 0.0966757	valid_1's rmse: 0.103769
[1700]	training's rmse: 0.0960155	valid_1's rmse: 0.103471
[1800]	training's rmse: 0.0953213	valid_1's rmse: 0.103124
[1900]	training's rmse: 0.0947266	valid_1's rmse: 0.102892
[2000]	training's rmse: 0.0941409	valid_1's rmse: 0.102642
[2100]	training's rmse: 0.0934945	valid_1's rmse: 0.10236
[2200]	training's rmse: 0.0928688	valid_1's rmse: 0.102101
[2300]	training's rmse: 0.0922896	valid_1's rmse: 0.101861
[2400]	training's rmse: 0.0917277	valid_1's rmse: 0.101646
[2500]	training's rmse: 0.0911623	valid_1's rmse: 0.101434
[2600]	training's rmse: 0.0905619	valid_1's rmse: 0.101221
[2700]	training's rmse: 0.0900646	valid_1's rmse: 0.101035
[2800]	training's rmse: 0.0895787	valid_1's rmse: 0.100881
[2900]	training's rmse: 0.089094	valid_1's rmse: 0.100701
[3000]	training's rmse: 0.0886144	valid_1's rmse: 0.100544
[3100]	training's rmse: 0.0881585	valid_1's rmse: 0.100376
[3200]	training's rmse: 0.0876877	valid_1's rmse: 0.100226
[3300]	training's rmse: 0.0872322	valid_1's rmse: 0.100068
[3400]	training's rmse: 0.0867686	valid_1's rmse: 0.0999046
[3500]	training's rmse: 0.0863526	valid_1's rmse: 0.0997672
[3600]	training's rmse: 0.0859462	valid_1's rmse: 0.0996246
[3700]	training's rmse: 0.0855251	valid_1's rmse: 0.0994906
[3800]	training's rmse: 0.0850906	valid_1's rmse: 0.0993527
[3900]	training's rmse: 0.0846689	valid_1's rmse: 0.0992333
[4000]	training's rmse: 0.0842701	valid_1's rmse: 0.0991013
[4100]	training's rmse: 0.0838786	valid_1's rmse: 0.0989927
[4200]	training's rmse: 0.083494	valid_1's rmse: 0.098883
[4300]	training's rmse: 0.0831192	valid_1's rmse: 0.0987847
[4400]	training's rmse: 0.0827343	valid_1's rmse: 0.0986926
[4500]	training's rmse: 0.0823561	valid_1's rmse: 0.0986094
[4600]	training's rmse: 0.0819761	valid_1's rmse: 0.0985042
[4700]	training's rmse: 0.0816124	valid_1's rmse: 0.0984154
[4800]	training's rmse: 0.0812611	valid_1's rmse: 0.098286
[4900]	training's rmse: 0.0809162	valid_1's rmse: 0.098207
[5000]	training's rmse: 0.0805489	valid_1's rmse: 0.0980991
[5100]	training's rmse: 0.0802205	valid_1's rmse: 0.0980231
[5200]	training's rmse: 0.0798744	valid_1's rmse: 0.0979514
[5300]	training's rmse: 0.0795478	valid_1's rmse: 0.0978892
[5400]	training's rmse: 0.079209	valid_1's rmse: 0.097824
[5500]	training's rmse: 0.078896	valid_1's rmse: 0.0977606
[5600]	training's rmse: 0.0785895	valid_1's rmse: 0.0976852
[5700]	training's rmse: 0.0782883	valid_1's rmse: 0.0976101
[5800]	training's rmse: 0.0779723	valid_1's rmse: 0.0975395
[5900]	training's rmse: 0.0776519	valid_1's rmse: 0.0974614
[6000]	training's rmse: 0.0773346	valid_1's rmse: 0.0973985
[6100]	training's rmse: 0.0770352	valid_1's rmse: 0.0973404
[6200]	training's rmse: 0.076743	valid_1's rmse: 0.0972846
[6300]	training's rmse: 0.0764345	valid_1's rmse: 0.0972248
[6400]	training's rmse: 0.076138	valid_1's rmse: 0.0971624
[6500]	training's rmse: 0.075845	valid_1's rmse: 0.0971066
[6600]	training's rmse: 0.0755762	valid_1's rmse: 0.0970521
[6700]	training's rmse: 0.0752981	valid_1's rmse: 0.0969913
[6800]	training's rmse: 0.0750204	valid_1's rmse: 0.0969445
[6900]	training's rmse: 0.0747441	valid_1's rmse: 0.0968921
[7000]	training's rmse: 0.0744466	valid_1's rmse: 0.0968268
[7100]	training's rmse: 0.0741754	valid_1's rmse: 0.0967706
[7200]	training's rmse: 0.0738986	valid_1's rmse: 0.0967256
[7300]	training's rmse: 0.0736214	valid_1's rmse: 0.0966708
[7400]	training's rmse: 0.0733575	valid_1's rmse: 0.0966175
[7500]	training's rmse: 0.0730812	valid_1's rmse: 0.0965554
[7600]	training's rmse: 0.0728024	valid_1's rmse: 0.0964967
[7700]	training's rmse: 0.0725501	valid_1's rmse: 0.0964612
[7800]	training's rmse: 0.0722915	valid_1's rmse: 0.0964109
[7900]	training's rmse: 0.0720394	valid_1's rmse: 0.0963709
[8000]	training's rmse: 0.0717835	valid_1's rmse: 0.096319
[8100]	training's rmse: 0.0715254	valid_1's rmse: 0.096271
[8200]	training's rmse: 0.0712673	valid_1's rmse: 0.0962344
[8300]	training's rmse: 0.0710029	valid_1's rmse: 0.0961591
[8400]	training's rmse: 0.0707643	valid_1's rmse: 0.096134
[8500]	training's rmse: 0.0705072	valid_1's rmse: 0.0960907
[8600]	training's rmse: 0.0702484	valid_1's rmse: 0.0960298
[8700]	training's rmse: 0.0699836	valid_1's rmse: 0.0959959
[8800]	training's rmse: 0.0697413	valid_1's rmse: 0.0959612
[8900]	training's rmse: 0.069507	valid_1's rmse: 0.0959209
[9000]	training's rmse: 0.0692781	valid_1's rmse: 0.0958909
[9100]	training's rmse: 0.0690383	valid_1's rmse: 0.0958601
[9200]	training's rmse: 0.0688067	valid_1's rmse: 0.0958165
[9300]	training's rmse: 0.0685553	valid_1's rmse: 0.0957829
[9400]	training's rmse: 0.0683206	valid_1's rmse: 0.095743
[9500]	training's rmse: 0.0680895	valid_1's rmse: 0.0956999
[9600]	training's rmse: 0.0678592	valid_1's rmse: 0.0956621
[9700]	training's rmse: 0.0676407	valid_1's rmse: 0.0956425
[9800]	training's rmse: 0.0674271	valid_1's rmse: 0.0956136
[9900]	training's rmse: 0.0672032	valid_1's rmse: 0.0955895
[10000]	training's rmse: 0.0669787	valid_1's rmse: 0.0955595
[10100]	training's rmse: 0.0667604	valid_1's rmse: 0.0955218
[10200]	training's rmse: 0.0665321	valid_1's rmse: 0.0954963
[10300]	training's rmse: 0.0663019	valid_1's rmse: 0.0954688
[10400]	training's rmse: 0.066066	valid_1's rmse: 0.0954263
[10500]	training's rmse: 0.0658612	valid_1's rmse: 0.0953928
[10600]	training's rmse: 0.0656366	valid_1's rmse: 0.0953597
[10700]	training's rmse: 0.0653984	valid_1's rmse: 0.0953128
[10800]	training's rmse: 0.0651727	valid_1's rmse: 0.0952807
[10900]	training's rmse: 0.0649687	valid_1's rmse: 0.0952471
[11000]	training's rmse: 0.064757	valid_1's rmse: 0.0952121
[11100]	training's rmse: 0.0645296	valid_1's rmse: 0.095192
[11200]	training's rmse: 0.0643184	valid_1's rmse: 0.0951642
[11300]	training's rmse: 0.0641232	valid_1's rmse: 0.0951379
[11400]	training's rmse: 0.0639255	valid_1's rmse: 0.095115
[11500]	training's rmse: 0.0637211	valid_1's rmse: 0.0950883
[11600]	training's rmse: 0.0635249	valid_1's rmse: 0.0950732
[11700]	training's rmse: 0.0633264	valid_1's rmse: 0.09504
[11800]	training's rmse: 0.0630967	valid_1's rmse: 0.0950168
[11900]	training's rmse: 0.0629005	valid_1's rmse: 0.0949984
[12000]	training's rmse: 0.0627078	valid_1's rmse: 0.0949786
[12100]	training's rmse: 0.0625107	valid_1's rmse: 0.0949551
[12200]	training's rmse: 0.0623065	valid_1's rmse: 0.0949269
[12300]	training's rmse: 0.0621159	valid_1's rmse: 0.0949092
[12400]	training's rmse: 0.0619236	valid_1's rmse: 0.0948904
[12500]	training's rmse: 0.0617367	valid_1's rmse: 0.0948703
[12600]	training's rmse: 0.0615642	valid_1's rmse: 0.094854
[12700]	training's rmse: 0.0613734	valid_1's rmse: 0.0948299
[12800]	training's rmse: 0.0611943	valid_1's rmse: 0.0948103
[12900]	training's rmse: 0.0610067	valid_1's rmse: 0.0947958
[13000]	training's rmse: 0.0608201	valid_1's rmse: 0.09478
[13100]	training's rmse: 0.0606308	valid_1's rmse: 0.0947492
[13200]	training's rmse: 0.0604475	valid_1's rmse: 0.0947177
[13300]	training's rmse: 0.0602648	valid_1's rmse: 0.094711
[13400]	training's rmse: 0.0600801	valid_1's rmse: 0.0946896
[13500]	training's rmse: 0.0598898	valid_1's rmse: 0.0946619
[13600]	training's rmse: 0.0597109	valid_1's rmse: 0.0946361
[13700]	training's rmse: 0.0595328	valid_1's rmse: 0.0946204
[13800]	training's rmse: 0.0593524	valid_1's rmse: 0.0946135
[13900]	training's rmse: 0.0591738	valid_1's rmse: 0.0945929
[14000]	training's rmse: 0.0589902	valid_1's rmse: 0.0945787
[14100]	training's rmse: 0.0588157	valid_1's rmse: 0.0945644
[14200]	training's rmse: 0.0586495	valid_1's rmse: 0.094544
[14300]	training's rmse: 0.0584804	valid_1's rmse: 0.0945408
[14400]	training's rmse: 0.0582921	valid_1's rmse: 0.0945296
[14500]	training's rmse: 0.0581144	valid_1's rmse: 0.0945126
[14600]	training's rmse: 0.0579422	valid_1's rmse: 0.0944913
[14700]	training's rmse: 0.0577489	valid_1's rmse: 0.0944698
[14800]	training's rmse: 0.0575891	valid_1's rmse: 0.0944611
[14900]	training's rmse: 0.0574139	valid_1's rmse: 0.0944363
[15000]	training's rmse: 0.0572423	valid_1's rmse: 0.0944215
[15100]	training's rmse: 0.0570814	valid_1's rmse: 0.0943858
[15200]	training's rmse: 0.0569127	valid_1's rmse: 0.0943716
[15300]	training's rmse: 0.0567235	valid_1's rmse: 0.0943492
[15400]	training's rmse: 0.0565552	valid_1's rmse: 0.0943426
[15500]	training's rmse: 0.0563932	valid_1's rmse: 0.0943297
[15600]	training's rmse: 0.056234	valid_1's rmse: 0.0943189
[15700]	training's rmse: 0.0560584	valid_1's rmse: 0.0943049
[15800]	training's rmse: 0.0558824	valid_1's rmse: 0.0942821
[15900]	training's rmse: 0.0557185	valid_1's rmse: 0.0942616
[16000]	training's rmse: 0.0555541	valid_1's rmse: 0.0942341
[16100]	training's rmse: 0.0553915	valid_1's rmse: 0.0942271
[16200]	training's rmse: 0.0552278	valid_1's rmse: 0.0942126
[16300]	training's rmse: 0.0550679	valid_1's rmse: 0.0941941
[16400]	training's rmse: 0.0549153	valid_1's rmse: 0.0941845
[16500]	training's rmse: 0.0547594	valid_1's rmse: 0.094169
[16600]	training's rmse: 0.0546107	valid_1's rmse: 0.0941618
[16700]	training's rmse: 0.0544619	valid_1's rmse: 0.0941521
[16800]	training's rmse: 0.0543071	valid_1's rmse: 0.09414
[16900]	training's rmse: 0.0541516	valid_1's rmse: 0.0941251
[17000]	training's rmse: 0.0540013	valid_1's rmse: 0.0941126
[17100]	training's rmse: 0.0538446	valid_1's rmse: 0.0940975
[17200]	training's rmse: 0.0536944	valid_1's rmse: 0.0940827
[17300]	training's rmse: 0.0535501	valid_1's rmse: 0.0940761
[17400]	training's rmse: 0.0533916	valid_1's rmse: 0.0940621
[17500]	training's rmse: 0.0532434	valid_1's rmse: 0.0940598
[17600]	training's rmse: 0.0530944	valid_1's rmse: 0.0940385
[17700]	training's rmse: 0.0529447	valid_1's rmse: 0.0940184
[17800]	training's rmse: 0.0528124	valid_1's rmse: 0.0940025
[17900]	training's rmse: 0.0526666	valid_1's rmse: 0.0939965
[18000]	training's rmse: 0.052517	valid_1's rmse: 0.093988
[18100]	training's rmse: 0.0523662	valid_1's rmse: 0.0939788
##### feature importance #####
                                  importance
feature                                     
area                            54265.828034
is_LDK                          43455.553685
districts                       28043.187404
num_bath_toilet                  9322.668890
age                              6954.950659
is_DK                            6469.932427
structure                        5060.825594
洗面台独立                            4794.108840
floor_building                   4558.477190
age_year                         3364.860729
エレベーター                           3051.345456
num_room                         2028.653834
システムキッチン                         1806.817466
バス・トイレ別                          1188.222399
コンロ3口                            1155.548409
mins_to_nearest_sta              1080.077782
床暖房                               995.211881
floor_room                        986.670118
コンビニ                              751.488376
スーパー                              723.427030
浴室乾燥機\t                           674.793334
direction                         514.530038
追焚機能                              481.809459
num_facility                      464.254277
age_month                         383.100310
floor_room_over_floor_building    368.616161
温水洗浄便座                            315.071705
ウォークインクローゼット                      312.194268
contract_period                   299.972829
fixed_term                        290.360332
num_environment                   286.799213
num_broad_com                     234.539769
コンロ2口                             214.511641
num_kitchen                       206.092492
室内洗濯機置場                           200.625539
ドラッグストア                           160.498129
car_parking                       150.595448
病院                                130.859212
bicycle_parking                   119.602496
シャワー                              105.507350
公園                                104.937072
郵便局                               101.806954
飲食店                                98.544728
脱衣所                                92.063956
is_R                               90.854586
小学校                                83.388540
プロパンガス                             79.428079
バルコニー                              78.540137
大学                                 75.823133
num_sta                            75.184011
[100]	training's rmse: 0.228444	valid_1's rmse: 0.229516
[200]	training's rmse: 0.148649	valid_1's rmse: 0.153308
[300]	training's rmse: 0.123167	valid_1's rmse: 0.130543
[400]	training's rmse: 0.11394	valid_1's rmse: 0.123127
[500]	training's rmse: 0.109551	valid_1's rmse: 0.11989
[600]	training's rmse: 0.10695	valid_1's rmse: 0.118119
[700]	training's rmse: 0.104893	valid_1's rmse: 0.116818
[800]	training's rmse: 0.103254	valid_1's rmse: 0.115771
[900]	training's rmse: 0.101792	valid_1's rmse: 0.114866
[1000]	training's rmse: 0.100508	valid_1's rmse: 0.114044
[1100]	training's rmse: 0.0994356	valid_1's rmse: 0.113375
[1200]	training's rmse: 0.0984071	valid_1's rmse: 0.112804
[1300]	training's rmse: 0.0975934	valid_1's rmse: 0.112334
[1400]	training's rmse: 0.0967364	valid_1's rmse: 0.111841
[1500]	training's rmse: 0.0959392	valid_1's rmse: 0.111389
[1600]	training's rmse: 0.0951977	valid_1's rmse: 0.110993
[1700]	training's rmse: 0.0945179	valid_1's rmse: 0.110645
[1800]	training's rmse: 0.0938727	valid_1's rmse: 0.110307
[1900]	training's rmse: 0.0932704	valid_1's rmse: 0.110011
[2000]	training's rmse: 0.0926409	valid_1's rmse: 0.109711
[2100]	training's rmse: 0.0920031	valid_1's rmse: 0.109393
[2200]	training's rmse: 0.0914663	valid_1's rmse: 0.109171
[2300]	training's rmse: 0.0909462	valid_1's rmse: 0.108907
[2400]	training's rmse: 0.0904083	valid_1's rmse: 0.108696
[2500]	training's rmse: 0.0899036	valid_1's rmse: 0.108493
[2600]	training's rmse: 0.0893211	valid_1's rmse: 0.10823
[2700]	training's rmse: 0.088743	valid_1's rmse: 0.10799
[2800]	training's rmse: 0.0882834	valid_1's rmse: 0.107796
[2900]	training's rmse: 0.0877922	valid_1's rmse: 0.107599
[3000]	training's rmse: 0.08729	valid_1's rmse: 0.107384
[3100]	training's rmse: 0.0868216	valid_1's rmse: 0.107225
[3200]	training's rmse: 0.0863447	valid_1's rmse: 0.107047
[3300]	training's rmse: 0.0858862	valid_1's rmse: 0.106886
[3400]	training's rmse: 0.0854273	valid_1's rmse: 0.106731
[3500]	training's rmse: 0.0849954	valid_1's rmse: 0.106568
[3600]	training's rmse: 0.0845917	valid_1's rmse: 0.106423
[3700]	training's rmse: 0.0841603	valid_1's rmse: 0.106289
[3800]	training's rmse: 0.0837693	valid_1's rmse: 0.106153
[3900]	training's rmse: 0.0833802	valid_1's rmse: 0.106032
[4000]	training's rmse: 0.0830012	valid_1's rmse: 0.1059
[4100]	training's rmse: 0.0825894	valid_1's rmse: 0.105749
[4200]	training's rmse: 0.082204	valid_1's rmse: 0.10565
[4300]	training's rmse: 0.0818122	valid_1's rmse: 0.105528
[4400]	training's rmse: 0.081446	valid_1's rmse: 0.105416
[4500]	training's rmse: 0.081107	valid_1's rmse: 0.105323
[4600]	training's rmse: 0.0807375	valid_1's rmse: 0.105214
[4700]	training's rmse: 0.0803821	valid_1's rmse: 0.105108
[4800]	training's rmse: 0.0800342	valid_1's rmse: 0.105012
[4900]	training's rmse: 0.0796382	valid_1's rmse: 0.104891
[5000]	training's rmse: 0.0792819	valid_1's rmse: 0.104793
[5100]	training's rmse: 0.0789435	valid_1's rmse: 0.104709
[5200]	training's rmse: 0.0785782	valid_1's rmse: 0.104611
[5300]	training's rmse: 0.0782477	valid_1's rmse: 0.104532
[5400]	training's rmse: 0.0779169	valid_1's rmse: 0.104436
[5500]	training's rmse: 0.0776208	valid_1's rmse: 0.104352
[5600]	training's rmse: 0.0773002	valid_1's rmse: 0.104278
[5700]	training's rmse: 0.0769739	valid_1's rmse: 0.104189
[5800]	training's rmse: 0.0766655	valid_1's rmse: 0.104106
[5900]	training's rmse: 0.0763706	valid_1's rmse: 0.104034
[6000]	training's rmse: 0.0760686	valid_1's rmse: 0.103964
[6100]	training's rmse: 0.0757587	valid_1's rmse: 0.103877
[6200]	training's rmse: 0.0754845	valid_1's rmse: 0.10383
[6300]	training's rmse: 0.0752172	valid_1's rmse: 0.10376
[6400]	training's rmse: 0.0749197	valid_1's rmse: 0.103703
[6500]	training's rmse: 0.0746451	valid_1's rmse: 0.103642
[6600]	training's rmse: 0.0743759	valid_1's rmse: 0.103596
[6700]	training's rmse: 0.0740754	valid_1's rmse: 0.10354
[6800]	training's rmse: 0.0738077	valid_1's rmse: 0.103476
[6900]	training's rmse: 0.0735443	valid_1's rmse: 0.103428
[7000]	training's rmse: 0.073284	valid_1's rmse: 0.103375
[7100]	training's rmse: 0.0730209	valid_1's rmse: 0.103331
[7200]	training's rmse: 0.0727645	valid_1's rmse: 0.103278
[7300]	training's rmse: 0.0724932	valid_1's rmse: 0.103216
[7400]	training's rmse: 0.0722281	valid_1's rmse: 0.103158
[7500]	training's rmse: 0.0719497	valid_1's rmse: 0.103101
[7600]	training's rmse: 0.0716718	valid_1's rmse: 0.103051
[7700]	training's rmse: 0.0714284	valid_1's rmse: 0.103003
[7800]	training's rmse: 0.0711762	valid_1's rmse: 0.102967
[7900]	training's rmse: 0.0709381	valid_1's rmse: 0.10293
[8000]	training's rmse: 0.0706865	valid_1's rmse: 0.102888
[8100]	training's rmse: 0.0704262	valid_1's rmse: 0.102856
[8200]	training's rmse: 0.0701808	valid_1's rmse: 0.102807
[8300]	training's rmse: 0.0699336	valid_1's rmse: 0.102761
[8400]	training's rmse: 0.06971	valid_1's rmse: 0.102719
[8500]	training's rmse: 0.0694604	valid_1's rmse: 0.102674
[8600]	training's rmse: 0.0692097	valid_1's rmse: 0.102626
[8700]	training's rmse: 0.0689698	valid_1's rmse: 0.102574
[8800]	training's rmse: 0.0687375	valid_1's rmse: 0.102536
[8900]	training's rmse: 0.0684824	valid_1's rmse: 0.102492
[9000]	training's rmse: 0.0682434	valid_1's rmse: 0.102446
[9100]	training's rmse: 0.06798	valid_1's rmse: 0.102411
[9200]	training's rmse: 0.0677471	valid_1's rmse: 0.102364
[9300]	training's rmse: 0.0675054	valid_1's rmse: 0.102328
[9400]	training's rmse: 0.0672523	valid_1's rmse: 0.102295
[9500]	training's rmse: 0.06701	valid_1's rmse: 0.10224
[9600]	training's rmse: 0.0667872	valid_1's rmse: 0.102209
[9700]	training's rmse: 0.0665586	valid_1's rmse: 0.102181
[9800]	training's rmse: 0.0663248	valid_1's rmse: 0.102143
[9900]	training's rmse: 0.0661181	valid_1's rmse: 0.102105
[10000]	training's rmse: 0.0659021	valid_1's rmse: 0.102074
[10100]	training's rmse: 0.0656628	valid_1's rmse: 0.102036
[10200]	training's rmse: 0.0654526	valid_1's rmse: 0.101998
[10300]	training's rmse: 0.0652478	valid_1's rmse: 0.101972
[10400]	training's rmse: 0.0650439	valid_1's rmse: 0.101946
[10500]	training's rmse: 0.0648347	valid_1's rmse: 0.101901
[10600]	training's rmse: 0.0646162	valid_1's rmse: 0.101878
[10700]	training's rmse: 0.0644034	valid_1's rmse: 0.101845
[10800]	training's rmse: 0.0641817	valid_1's rmse: 0.101813
[10900]	training's rmse: 0.0639568	valid_1's rmse: 0.101789
[11000]	training's rmse: 0.0637536	valid_1's rmse: 0.101762
[11100]	training's rmse: 0.063538	valid_1's rmse: 0.101727
[11200]	training's rmse: 0.0633284	valid_1's rmse: 0.101692
[11300]	training's rmse: 0.0631378	valid_1's rmse: 0.101671
[11400]	training's rmse: 0.0629283	valid_1's rmse: 0.101649
[11500]	training's rmse: 0.0627277	valid_1's rmse: 0.101619
[11600]	training's rmse: 0.0625252	valid_1's rmse: 0.10158
[11700]	training's rmse: 0.0623286	valid_1's rmse: 0.10155
[11800]	training's rmse: 0.0621359	valid_1's rmse: 0.101511
[11900]	training's rmse: 0.0619282	valid_1's rmse: 0.10148
[12000]	training's rmse: 0.0617282	valid_1's rmse: 0.101449
[12100]	training's rmse: 0.0615327	valid_1's rmse: 0.101429
[12200]	training's rmse: 0.0613362	valid_1's rmse: 0.101412
[12300]	training's rmse: 0.0611292	valid_1's rmse: 0.101378
[12400]	training's rmse: 0.0609345	valid_1's rmse: 0.101353
[12500]	training's rmse: 0.0607313	valid_1's rmse: 0.101331
[12600]	training's rmse: 0.0605435	valid_1's rmse: 0.101309
[12700]	training's rmse: 0.0603591	valid_1's rmse: 0.101296
[12800]	training's rmse: 0.0601819	valid_1's rmse: 0.101272
[12900]	training's rmse: 0.0599928	valid_1's rmse: 0.101248
[13000]	training's rmse: 0.0598046	valid_1's rmse: 0.101226
[13100]	training's rmse: 0.0596158	valid_1's rmse: 0.101212
[13200]	training's rmse: 0.0594278	valid_1's rmse: 0.10119
[13300]	training's rmse: 0.059235	valid_1's rmse: 0.101165
[13400]	training's rmse: 0.0590525	valid_1's rmse: 0.101145
[13500]	training's rmse: 0.0588713	valid_1's rmse: 0.101124
[13600]	training's rmse: 0.0586962	valid_1's rmse: 0.101096
[13700]	training's rmse: 0.0585031	valid_1's rmse: 0.101071
[13800]	training's rmse: 0.0583214	valid_1's rmse: 0.101055
[13900]	training's rmse: 0.0581417	valid_1's rmse: 0.101036
[14000]	training's rmse: 0.0579561	valid_1's rmse: 0.101023
[14100]	training's rmse: 0.0577762	valid_1's rmse: 0.10101
[14200]	training's rmse: 0.0575955	valid_1's rmse: 0.100991
[14300]	training's rmse: 0.0574165	valid_1's rmse: 0.100973
[14400]	training's rmse: 0.0572542	valid_1's rmse: 0.100955
[14500]	training's rmse: 0.0570793	valid_1's rmse: 0.10094
[14600]	training's rmse: 0.0568958	valid_1's rmse: 0.100925
[14700]	training's rmse: 0.0567078	valid_1's rmse: 0.100893
[14800]	training's rmse: 0.0565366	valid_1's rmse: 0.10088
[14900]	training's rmse: 0.0563617	valid_1's rmse: 0.100854
[15000]	training's rmse: 0.0561934	valid_1's rmse: 0.100843
[15100]	training's rmse: 0.0560194	valid_1's rmse: 0.100826
[15200]	training's rmse: 0.05584	valid_1's rmse: 0.100802
[15300]	training's rmse: 0.0556645	valid_1's rmse: 0.100787
[15400]	training's rmse: 0.0554965	valid_1's rmse: 0.100771
[15500]	training's rmse: 0.0553217	valid_1's rmse: 0.10076
[15600]	training's rmse: 0.0551494	valid_1's rmse: 0.100741
[15700]	training's rmse: 0.0549757	valid_1's rmse: 0.100717
[15800]	training's rmse: 0.0548069	valid_1's rmse: 0.100695
[15900]	training's rmse: 0.0546366	valid_1's rmse: 0.100681
[16000]	training's rmse: 0.0544715	valid_1's rmse: 0.100665
[16100]	training's rmse: 0.0543091	valid_1's rmse: 0.100666
[16200]	training's rmse: 0.0541444	valid_1's rmse: 0.10065
[16300]	training's rmse: 0.0539802	valid_1's rmse: 0.100636
[16400]	training's rmse: 0.0538144	valid_1's rmse: 0.100621
[16500]	training's rmse: 0.053657	valid_1's rmse: 0.100613
[16600]	training's rmse: 0.0534865	valid_1's rmse: 0.100602
[16700]	training's rmse: 0.0533339	valid_1's rmse: 0.100587
[16800]	training's rmse: 0.0531666	valid_1's rmse: 0.10057
[16900]	training's rmse: 0.0530028	valid_1's rmse: 0.100556
[17000]	training's rmse: 0.0528414	valid_1's rmse: 0.100539
[17100]	training's rmse: 0.0526878	valid_1's rmse: 0.100522
[17200]	training's rmse: 0.0525306	valid_1's rmse: 0.100503
[17300]	training's rmse: 0.0523753	valid_1's rmse: 0.100495
[17400]	training's rmse: 0.0522249	valid_1's rmse: 0.100475
[17500]	training's rmse: 0.0520693	valid_1's rmse: 0.100458
[17600]	training's rmse: 0.0519079	valid_1's rmse: 0.100446
[17700]	training's rmse: 0.051757	valid_1's rmse: 0.100441
[17800]	training's rmse: 0.051608	valid_1's rmse: 0.100417
[17900]	training's rmse: 0.0514553	valid_1's rmse: 0.100403
[18000]	training's rmse: 0.0513157	valid_1's rmse: 0.100386
[18100]	training's rmse: 0.0511602	valid_1's rmse: 0.100368
[18200]	training's rmse: 0.0510056	valid_1's rmse: 0.100357
[18300]	training's rmse: 0.0508601	valid_1's rmse: 0.100344
[18400]	training's rmse: 0.050711	valid_1's rmse: 0.100335
[18500]	training's rmse: 0.0505674	valid_1's rmse: 0.100321
[18600]	training's rmse: 0.0504336	valid_1's rmse: 0.100323
[18700]	training's rmse: 0.0502925	valid_1's rmse: 0.100311
[18800]	training's rmse: 0.0501469	valid_1's rmse: 0.10031
[18900]	training's rmse: 0.0500103	valid_1's rmse: 0.100301
[19000]	training's rmse: 0.0498614	valid_1's rmse: 0.100284
[19100]	training's rmse: 0.0497229	valid_1's rmse: 0.100278
[19200]	training's rmse: 0.0495836	valid_1's rmse: 0.100266
[19300]	training's rmse: 0.0494455	valid_1's rmse: 0.100263
[19400]	training's rmse: 0.0493019	valid_1's rmse: 0.100253
[19500]	training's rmse: 0.0491604	valid_1's rmse: 0.100238
[19600]	training's rmse: 0.0490201	valid_1's rmse: 0.100225
[19700]	training's rmse: 0.0488832	valid_1's rmse: 0.100209
[19800]	training's rmse: 0.0487413	valid_1's rmse: 0.100201
[19900]	training's rmse: 0.0486067	valid_1's rmse: 0.100185
[20000]	training's rmse: 0.0484639	valid_1's rmse: 0.100178
[20100]	training's rmse: 0.0483272	valid_1's rmse: 0.10017
[20200]	training's rmse: 0.0481871	valid_1's rmse: 0.100152
[20300]	training's rmse: 0.0480528	valid_1's rmse: 0.100146
[20400]	training's rmse: 0.0479215	valid_1's rmse: 0.10013
[20500]	training's rmse: 0.0477911	valid_1's rmse: 0.100115
[20600]	training's rmse: 0.0476584	valid_1's rmse: 0.100101
[20700]	training's rmse: 0.0475315	valid_1's rmse: 0.100106
##### feature importance #####
                                  importance
feature                                     
area                            59683.377691
is_LDK                          42795.251266
districts                       27238.372670
age                              7649.763489
num_bath_toilet                  7599.572963
洗面台独立                            5667.158710
floor_building                   4904.637885
structure                        4741.265967
エレベーター                           3669.065082
is_DK                            3068.056133
システムキッチン                         2880.951256
age_year                         2799.116999
num_room                         1545.780835
バス・トイレ別                          1156.051437
mins_to_nearest_sta              1093.048006
floor_room                       1080.996761
コンロ3口                             898.676682
浴室乾燥機\t                           830.401029
床暖房                               812.617187
スーパー                              716.329460
コンビニ                              647.774138
direction                         556.363008
追焚機能                              489.289827
num_facility                      400.377175
floor_room_over_floor_building    379.117771
age_month                         364.353670
温水洗浄便座                            317.061902
num_environment                   304.481442
ウォークインクローゼット                      242.434573
fixed_term                        232.528832
num_broad_com                     227.946029
室内洗濯機置場                           206.278766
num_kitchen                       205.478939
コンロ2口                             195.526745
contract_period                   188.222171
car_parking                       165.847721
脱衣所                               157.735381
ドラッグストア                           155.475977
bicycle_parking                   149.455357
病院                                145.625029
バルコニー                             124.912440
シャワー                              115.545649
飲食店                               114.937655
公園                                113.089317
郵便局                               100.733339
is_R                               95.959931
都市ガス                               90.158290
小学校                                89.204291
エアコン付                              82.867884
プロパンガス                             78.338642
[100]	training's rmse: 0.230791	valid_1's rmse: 0.230089
[200]	training's rmse: 0.150932	valid_1's rmse: 0.152503
[300]	training's rmse: 0.125304	valid_1's rmse: 0.128074
[400]	training's rmse: 0.116112	valid_1's rmse: 0.119329
[500]	training's rmse: 0.111731	valid_1's rmse: 0.115294
[600]	training's rmse: 0.109028	valid_1's rmse: 0.112961
[700]	training's rmse: 0.106983	valid_1's rmse: 0.111213
[800]	training's rmse: 0.105261	valid_1's rmse: 0.109784
[900]	training's rmse: 0.103833	valid_1's rmse: 0.108666
[1000]	training's rmse: 0.102626	valid_1's rmse: 0.107776
[1100]	training's rmse: 0.10143	valid_1's rmse: 0.106961
[1200]	training's rmse: 0.100471	valid_1's rmse: 0.106309
[1300]	training's rmse: 0.099573	valid_1's rmse: 0.105718
[1400]	training's rmse: 0.0986958	valid_1's rmse: 0.105175
[1500]	training's rmse: 0.0978793	valid_1's rmse: 0.104677
[1600]	training's rmse: 0.0971228	valid_1's rmse: 0.104255
[1700]	training's rmse: 0.0963464	valid_1's rmse: 0.103804
[1800]	training's rmse: 0.0956815	valid_1's rmse: 0.103437
[1900]	training's rmse: 0.0949675	valid_1's rmse: 0.103068
[2000]	training's rmse: 0.0944073	valid_1's rmse: 0.102784
[2100]	training's rmse: 0.0937545	valid_1's rmse: 0.102467
[2200]	training's rmse: 0.0931705	valid_1's rmse: 0.102178
[2300]	training's rmse: 0.0926125	valid_1's rmse: 0.101948
[2400]	training's rmse: 0.0920704	valid_1's rmse: 0.101706
[2500]	training's rmse: 0.0915574	valid_1's rmse: 0.101467
[2600]	training's rmse: 0.0910272	valid_1's rmse: 0.101229
[2700]	training's rmse: 0.090542	valid_1's rmse: 0.100998
[2800]	training's rmse: 0.0900811	valid_1's rmse: 0.100808
[2900]	training's rmse: 0.0895646	valid_1's rmse: 0.100592
[3000]	training's rmse: 0.0890884	valid_1's rmse: 0.100403
[3100]	training's rmse: 0.0886604	valid_1's rmse: 0.10024
[3200]	training's rmse: 0.0882126	valid_1's rmse: 0.100079
[3300]	training's rmse: 0.0877486	valid_1's rmse: 0.0998907
[3400]	training's rmse: 0.0873433	valid_1's rmse: 0.0997295
[3500]	training's rmse: 0.0869013	valid_1's rmse: 0.0995709
[3600]	training's rmse: 0.0864745	valid_1's rmse: 0.0993992
[3700]	training's rmse: 0.0860362	valid_1's rmse: 0.0992443
[3800]	training's rmse: 0.0855834	valid_1's rmse: 0.0990889
[3900]	training's rmse: 0.0851858	valid_1's rmse: 0.0989461
[4000]	training's rmse: 0.0847806	valid_1's rmse: 0.0988107
[4100]	training's rmse: 0.084358	valid_1's rmse: 0.0986512
[4200]	training's rmse: 0.0839963	valid_1's rmse: 0.0985339
[4300]	training's rmse: 0.0836333	valid_1's rmse: 0.098396
[4400]	training's rmse: 0.0832635	valid_1's rmse: 0.0982615
[4500]	training's rmse: 0.0829216	valid_1's rmse: 0.0981543
[4600]	training's rmse: 0.0825696	valid_1's rmse: 0.0980393
[4700]	training's rmse: 0.0822027	valid_1's rmse: 0.0979216
[4800]	training's rmse: 0.0818658	valid_1's rmse: 0.097823
[4900]	training's rmse: 0.0814836	valid_1's rmse: 0.0976834
[5000]	training's rmse: 0.081124	valid_1's rmse: 0.0975617
[5100]	training's rmse: 0.0807802	valid_1's rmse: 0.0974693
[5200]	training's rmse: 0.0804387	valid_1's rmse: 0.097343
[5300]	training's rmse: 0.0800925	valid_1's rmse: 0.0972398
[5400]	training's rmse: 0.0797734	valid_1's rmse: 0.0971315
[5500]	training's rmse: 0.0794687	valid_1's rmse: 0.097041
[5600]	training's rmse: 0.07915	valid_1's rmse: 0.096957
[5700]	training's rmse: 0.078815	valid_1's rmse: 0.0968492
[5800]	training's rmse: 0.0785074	valid_1's rmse: 0.0967819
[5900]	training's rmse: 0.0781869	valid_1's rmse: 0.096699
[6000]	training's rmse: 0.0778583	valid_1's rmse: 0.0966118
[6100]	training's rmse: 0.0775477	valid_1's rmse: 0.0965353
[6200]	training's rmse: 0.0772635	valid_1's rmse: 0.0964736
[6300]	training's rmse: 0.0769569	valid_1's rmse: 0.0963742
[6400]	training's rmse: 0.076664	valid_1's rmse: 0.0963103
[6500]	training's rmse: 0.076379	valid_1's rmse: 0.0962371
[6600]	training's rmse: 0.0760783	valid_1's rmse: 0.0961572
[6700]	training's rmse: 0.075777	valid_1's rmse: 0.0960855
[6800]	training's rmse: 0.0754877	valid_1's rmse: 0.0960023
[6900]	training's rmse: 0.0752118	valid_1's rmse: 0.0959448
[7000]	training's rmse: 0.07493	valid_1's rmse: 0.0958707
[7100]	training's rmse: 0.0746687	valid_1's rmse: 0.0958091
[7200]	training's rmse: 0.0743768	valid_1's rmse: 0.0957433
[7300]	training's rmse: 0.0741035	valid_1's rmse: 0.0956633
[7400]	training's rmse: 0.0738466	valid_1's rmse: 0.0956036
[7500]	training's rmse: 0.0735733	valid_1's rmse: 0.0955533
[7600]	training's rmse: 0.0733042	valid_1's rmse: 0.0954752
[7700]	training's rmse: 0.0730607	valid_1's rmse: 0.0954273
[7800]	training's rmse: 0.0727869	valid_1's rmse: 0.0953603
[7900]	training's rmse: 0.0725111	valid_1's rmse: 0.0952931
[8000]	training's rmse: 0.0722555	valid_1's rmse: 0.095232
[8100]	training's rmse: 0.0719918	valid_1's rmse: 0.0951791
[8200]	training's rmse: 0.0717591	valid_1's rmse: 0.0951254
[8300]	training's rmse: 0.0715066	valid_1's rmse: 0.0950871
[8400]	training's rmse: 0.0712706	valid_1's rmse: 0.0950345
[8500]	training's rmse: 0.0710304	valid_1's rmse: 0.0949913
[8600]	training's rmse: 0.0707935	valid_1's rmse: 0.0949363
[8700]	training's rmse: 0.0705462	valid_1's rmse: 0.0948991
[8800]	training's rmse: 0.0702958	valid_1's rmse: 0.0948534
[8900]	training's rmse: 0.0700572	valid_1's rmse: 0.0948132
[9000]	training's rmse: 0.0698171	valid_1's rmse: 0.0947588
[9100]	training's rmse: 0.0695901	valid_1's rmse: 0.0947062
[9200]	training's rmse: 0.0693675	valid_1's rmse: 0.0946636
[9300]	training's rmse: 0.0691304	valid_1's rmse: 0.0946189
[9400]	training's rmse: 0.0688963	valid_1's rmse: 0.094563
[9500]	training's rmse: 0.0686481	valid_1's rmse: 0.0945261
[9600]	training's rmse: 0.0684167	valid_1's rmse: 0.0944683
[9700]	training's rmse: 0.0681914	valid_1's rmse: 0.0944085
[9800]	training's rmse: 0.0679504	valid_1's rmse: 0.0943567
[9900]	training's rmse: 0.0677314	valid_1's rmse: 0.094319
[10000]	training's rmse: 0.0675214	valid_1's rmse: 0.0942886
[10100]	training's rmse: 0.0672869	valid_1's rmse: 0.0942337
[10200]	training's rmse: 0.0670559	valid_1's rmse: 0.0942037
[10300]	training's rmse: 0.0668454	valid_1's rmse: 0.0941719
[10400]	training's rmse: 0.0666136	valid_1's rmse: 0.0941246
[10500]	training's rmse: 0.0663983	valid_1's rmse: 0.0940905
[10600]	training's rmse: 0.0661768	valid_1's rmse: 0.094058
[10700]	training's rmse: 0.0659593	valid_1's rmse: 0.0940175
[10800]	training's rmse: 0.0657524	valid_1's rmse: 0.0939925
[10900]	training's rmse: 0.0655377	valid_1's rmse: 0.093947
[11000]	training's rmse: 0.0653409	valid_1's rmse: 0.0939123
[11100]	training's rmse: 0.0651233	valid_1's rmse: 0.0938809
[11200]	training's rmse: 0.064915	valid_1's rmse: 0.0938469
[11300]	training's rmse: 0.0647001	valid_1's rmse: 0.0938001
[11400]	training's rmse: 0.0644945	valid_1's rmse: 0.093773
[11500]	training's rmse: 0.0642949	valid_1's rmse: 0.0937405
[11600]	training's rmse: 0.0640868	valid_1's rmse: 0.0937125
[11700]	training's rmse: 0.0639025	valid_1's rmse: 0.0936865
[11800]	training's rmse: 0.0636978	valid_1's rmse: 0.0936383
[11900]	training's rmse: 0.0634908	valid_1's rmse: 0.0936122
[12000]	training's rmse: 0.0633031	valid_1's rmse: 0.0935664
[12100]	training's rmse: 0.0630922	valid_1's rmse: 0.0935404
[12200]	training's rmse: 0.0628939	valid_1's rmse: 0.0935179
[12300]	training's rmse: 0.0627037	valid_1's rmse: 0.0934792
[12400]	training's rmse: 0.0624984	valid_1's rmse: 0.0934457
[12500]	training's rmse: 0.0623104	valid_1's rmse: 0.0934175
[12600]	training's rmse: 0.0621248	valid_1's rmse: 0.0933958
[12700]	training's rmse: 0.0619258	valid_1's rmse: 0.0933583
[12800]	training's rmse: 0.0617254	valid_1's rmse: 0.0933274
[12900]	training's rmse: 0.0615334	valid_1's rmse: 0.0932817
[13000]	training's rmse: 0.0613417	valid_1's rmse: 0.0932548
[13100]	training's rmse: 0.0611483	valid_1's rmse: 0.0932367
[13200]	training's rmse: 0.0609564	valid_1's rmse: 0.0932079
[13300]	training's rmse: 0.0607821	valid_1's rmse: 0.0931977
[13400]	training's rmse: 0.0606105	valid_1's rmse: 0.0931857
[13500]	training's rmse: 0.0604197	valid_1's rmse: 0.0931569
[13600]	training's rmse: 0.0602478	valid_1's rmse: 0.0931259
[13700]	training's rmse: 0.0600583	valid_1's rmse: 0.0931029
[13800]	training's rmse: 0.0598886	valid_1's rmse: 0.0930801
[13900]	training's rmse: 0.0597209	valid_1's rmse: 0.0930625
[14000]	training's rmse: 0.0595469	valid_1's rmse: 0.093036
[14100]	training's rmse: 0.0593525	valid_1's rmse: 0.0930092
[14200]	training's rmse: 0.059176	valid_1's rmse: 0.0929868
[14300]	training's rmse: 0.0589981	valid_1's rmse: 0.0929716
[14400]	training's rmse: 0.0588319	valid_1's rmse: 0.0929385
[14500]	training's rmse: 0.0586656	valid_1's rmse: 0.0929182
[14600]	training's rmse: 0.058493	valid_1's rmse: 0.0928929
[14700]	training's rmse: 0.0583221	valid_1's rmse: 0.0928719
[14800]	training's rmse: 0.0581554	valid_1's rmse: 0.0928618
[14900]	training's rmse: 0.0579847	valid_1's rmse: 0.0928512
[15000]	training's rmse: 0.0578222	valid_1's rmse: 0.092829
[15100]	training's rmse: 0.0576513	valid_1's rmse: 0.0928139
[15200]	training's rmse: 0.0574882	valid_1's rmse: 0.0927959
[15300]	training's rmse: 0.0573177	valid_1's rmse: 0.0927599
[15400]	training's rmse: 0.0571542	valid_1's rmse: 0.092741
[15500]	training's rmse: 0.0569979	valid_1's rmse: 0.0927144
[15600]	training's rmse: 0.0568209	valid_1's rmse: 0.0926928
[15700]	training's rmse: 0.0566617	valid_1's rmse: 0.0926754
[15800]	training's rmse: 0.0564989	valid_1's rmse: 0.0926632
[15900]	training's rmse: 0.056337	valid_1's rmse: 0.0926521
[16000]	training's rmse: 0.0561794	valid_1's rmse: 0.0926313
[16100]	training's rmse: 0.0560202	valid_1's rmse: 0.0926197
[16200]	training's rmse: 0.0558501	valid_1's rmse: 0.0926061
[16300]	training's rmse: 0.0556814	valid_1's rmse: 0.0925848
[16400]	training's rmse: 0.0555144	valid_1's rmse: 0.0925767
[16500]	training's rmse: 0.0553599	valid_1's rmse: 0.0925584
[16600]	training's rmse: 0.0552045	valid_1's rmse: 0.0925383
[16700]	training's rmse: 0.0550421	valid_1's rmse: 0.092511
[16800]	training's rmse: 0.0548884	valid_1's rmse: 0.0924864
[16900]	training's rmse: 0.054738	valid_1's rmse: 0.0924751
[17000]	training's rmse: 0.0545778	valid_1's rmse: 0.0924593
[17100]	training's rmse: 0.0544051	valid_1's rmse: 0.0924479
[17200]	training's rmse: 0.0542448	valid_1's rmse: 0.092425
[17300]	training's rmse: 0.0540885	valid_1's rmse: 0.0924062
[17400]	training's rmse: 0.053938	valid_1's rmse: 0.0923939
[17500]	training's rmse: 0.0537961	valid_1's rmse: 0.0923788
[17600]	training's rmse: 0.05364	valid_1's rmse: 0.0923659
[17700]	training's rmse: 0.0534847	valid_1's rmse: 0.0923632
[17800]	training's rmse: 0.0533336	valid_1's rmse: 0.0923456
[17900]	training's rmse: 0.0531769	valid_1's rmse: 0.0923257
[18000]	training's rmse: 0.0530344	valid_1's rmse: 0.0923205
[18100]	training's rmse: 0.0528804	valid_1's rmse: 0.0923101
[18200]	training's rmse: 0.0527353	valid_1's rmse: 0.0922933
[18300]	training's rmse: 0.0525885	valid_1's rmse: 0.0922722
[18400]	training's rmse: 0.052444	valid_1's rmse: 0.0922531
[18500]	training's rmse: 0.0522936	valid_1's rmse: 0.0922437
[18600]	training's rmse: 0.0521578	valid_1's rmse: 0.0922222
[18700]	training's rmse: 0.0520177	valid_1's rmse: 0.0922173
[18800]	training's rmse: 0.0518747	valid_1's rmse: 0.0922007
[18900]	training's rmse: 0.0517257	valid_1's rmse: 0.0921829
[19000]	training's rmse: 0.0515782	valid_1's rmse: 0.092169
[19100]	training's rmse: 0.0514325	valid_1's rmse: 0.0921574
[19200]	training's rmse: 0.0512962	valid_1's rmse: 0.0921479
[19300]	training's rmse: 0.0511623	valid_1's rmse: 0.0921351
[19400]	training's rmse: 0.0510219	valid_1's rmse: 0.0921186
[19500]	training's rmse: 0.0508774	valid_1's rmse: 0.092109
[19600]	training's rmse: 0.0507357	valid_1's rmse: 0.0920929
[19700]	training's rmse: 0.0506019	valid_1's rmse: 0.0920875
[19800]	training's rmse: 0.0504586	valid_1's rmse: 0.0920869
[19900]	training's rmse: 0.0503262	valid_1's rmse: 0.0920671
[20000]	training's rmse: 0.0501875	valid_1's rmse: 0.0920587
[20100]	training's rmse: 0.0500452	valid_1's rmse: 0.092054
[20200]	training's rmse: 0.0499065	valid_1's rmse: 0.0920447
[20300]	training's rmse: 0.0497681	valid_1's rmse: 0.092034
[20400]	training's rmse: 0.0496299	valid_1's rmse: 0.0920205
[20500]	training's rmse: 0.0494914	valid_1's rmse: 0.092002
[20600]	training's rmse: 0.0493532	valid_1's rmse: 0.0919987
[20700]	training's rmse: 0.0492152	valid_1's rmse: 0.0919923
[20800]	training's rmse: 0.0490788	valid_1's rmse: 0.0919956
##### feature importance #####
                                  importance
feature                                     
area                            54096.088477
is_LDK                          44718.623643
districts                       28106.439051
num_bath_toilet                  8914.871835
is_DK                            6922.699389
age                              6363.292152
floor_building                   5187.492750
洗面台独立                            4912.244774
structure                        4840.706407
age_year                         3132.267256
エレベーター                           3131.626753
システムキッチン                         2784.722129
num_room                         2015.844966
mins_to_nearest_sta              1138.939463
コンロ3口                            1041.990800
floor_room                       1014.027854
バス・トイレ別                          1009.311339
床暖房                               936.653549
スーパー                              765.411533
コンビニ                              725.653711
direction                         554.880046
浴室乾燥機\t                           552.529423
floor_room_over_floor_building    424.519706
追焚機能                              415.275903
num_facility                      405.342322
age_month                         398.991428
ウォークインクローゼット                      315.271695
num_environment                   299.540738
温水洗浄便座                            243.651878
num_broad_com                     241.180040
num_kitchen                       237.665404
contract_period                   232.460793
fixed_term                        230.217420
コンロ2口                             204.456581
室内洗濯機置場                           192.480310
ドラッグストア                           166.384452
car_parking                       138.987010
bicycle_parking                   125.636420
病院                                121.757057
公園                                118.225625
シャワー                              101.687545
バルコニー                             101.647190
飲食店                               100.916791
郵便局                                98.931295
is_R                               92.490240
小学校                                88.434223
プロパンガス                             81.273373
num_sta                            80.672680
大学                                 79.941890
光ファイバー                             69.926874
[100]	training's rmse: 0.22951	valid_1's rmse: 0.229424
[200]	training's rmse: 0.150326	valid_1's rmse: 0.149878
[300]	training's rmse: 0.125014	valid_1's rmse: 0.125243
[400]	training's rmse: 0.115884	valid_1's rmse: 0.117113
[500]	training's rmse: 0.111463	valid_1's rmse: 0.113586
[600]	training's rmse: 0.108729	valid_1's rmse: 0.1116
[700]	training's rmse: 0.106687	valid_1's rmse: 0.110123
[800]	training's rmse: 0.105005	valid_1's rmse: 0.108981
[900]	training's rmse: 0.103531	valid_1's rmse: 0.107938
[1000]	training's rmse: 0.10231	valid_1's rmse: 0.107145
[1100]	training's rmse: 0.101188	valid_1's rmse: 0.106434
[1200]	training's rmse: 0.100217	valid_1's rmse: 0.10588
[1300]	training's rmse: 0.0992722	valid_1's rmse: 0.105358
[1400]	training's rmse: 0.0983877	valid_1's rmse: 0.104906
[1500]	training's rmse: 0.0975856	valid_1's rmse: 0.104463
[1600]	training's rmse: 0.096852	valid_1's rmse: 0.104105
[1700]	training's rmse: 0.0961606	valid_1's rmse: 0.103793
[1800]	training's rmse: 0.0954853	valid_1's rmse: 0.103482
[1900]	training's rmse: 0.0948382	valid_1's rmse: 0.103167
[2000]	training's rmse: 0.0942242	valid_1's rmse: 0.102866
[2100]	training's rmse: 0.0936272	valid_1's rmse: 0.102609
[2200]	training's rmse: 0.0930682	valid_1's rmse: 0.102353
[2300]	training's rmse: 0.0924843	valid_1's rmse: 0.102097
[2400]	training's rmse: 0.0919338	valid_1's rmse: 0.101849
[2500]	training's rmse: 0.0914047	valid_1's rmse: 0.101608
[2600]	training's rmse: 0.0908984	valid_1's rmse: 0.101417
[2700]	training's rmse: 0.0903685	valid_1's rmse: 0.101196
[2800]	training's rmse: 0.0898751	valid_1's rmse: 0.100997
[2900]	training's rmse: 0.0894008	valid_1's rmse: 0.100815
[3000]	training's rmse: 0.0888746	valid_1's rmse: 0.100639
[3100]	training's rmse: 0.0884111	valid_1's rmse: 0.100454
[3200]	training's rmse: 0.0879865	valid_1's rmse: 0.100296
[3300]	training's rmse: 0.0875358	valid_1's rmse: 0.100145
[3400]	training's rmse: 0.0870979	valid_1's rmse: 0.10002
[3500]	training's rmse: 0.0866488	valid_1's rmse: 0.0998469
[3600]	training's rmse: 0.086202	valid_1's rmse: 0.0996872
[3700]	training's rmse: 0.0858026	valid_1's rmse: 0.0995575
[3800]	training's rmse: 0.0853506	valid_1's rmse: 0.0993772
[3900]	training's rmse: 0.0849465	valid_1's rmse: 0.0992538
[4000]	training's rmse: 0.0845309	valid_1's rmse: 0.0990998
[4100]	training's rmse: 0.0841123	valid_1's rmse: 0.0989854
[4200]	training's rmse: 0.0836949	valid_1's rmse: 0.0988398
[4300]	training's rmse: 0.0832978	valid_1's rmse: 0.0987375
[4400]	training's rmse: 0.0829164	valid_1's rmse: 0.0986036
[4500]	training's rmse: 0.0825528	valid_1's rmse: 0.0984883
[4600]	training's rmse: 0.0821988	valid_1's rmse: 0.0983687
[4700]	training's rmse: 0.0818484	valid_1's rmse: 0.0982761
[4800]	training's rmse: 0.0814837	valid_1's rmse: 0.0981839
[4900]	training's rmse: 0.0811374	valid_1's rmse: 0.0981066
[5000]	training's rmse: 0.0807755	valid_1's rmse: 0.0980266
[5100]	training's rmse: 0.0803987	valid_1's rmse: 0.0978962
[5200]	training's rmse: 0.0800272	valid_1's rmse: 0.0977908
[5300]	training's rmse: 0.0796962	valid_1's rmse: 0.0976928
[5400]	training's rmse: 0.0793613	valid_1's rmse: 0.0976014
[5500]	training's rmse: 0.0790645	valid_1's rmse: 0.0975315
[5600]	training's rmse: 0.0787494	valid_1's rmse: 0.0974492
[5700]	training's rmse: 0.0784281	valid_1's rmse: 0.0973414
[5800]	training's rmse: 0.0781017	valid_1's rmse: 0.097249
[5900]	training's rmse: 0.0777996	valid_1's rmse: 0.0971674
[6000]	training's rmse: 0.0774995	valid_1's rmse: 0.0971037
[6100]	training's rmse: 0.0772079	valid_1's rmse: 0.0970323
[6200]	training's rmse: 0.0769321	valid_1's rmse: 0.0969613
[6300]	training's rmse: 0.0766552	valid_1's rmse: 0.0969028
[6400]	training's rmse: 0.0763631	valid_1's rmse: 0.0968439
[6500]	training's rmse: 0.0760577	valid_1's rmse: 0.0967854
[6600]	training's rmse: 0.0757841	valid_1's rmse: 0.096721
[6700]	training's rmse: 0.0755127	valid_1's rmse: 0.0966778
[6800]	training's rmse: 0.0752192	valid_1's rmse: 0.0966239
[6900]	training's rmse: 0.0749396	valid_1's rmse: 0.0965626
[7000]	training's rmse: 0.0746568	valid_1's rmse: 0.0964821
[7100]	training's rmse: 0.0743624	valid_1's rmse: 0.0964018
[7200]	training's rmse: 0.0740847	valid_1's rmse: 0.0963423
[7300]	training's rmse: 0.0738132	valid_1's rmse: 0.0963061
[7400]	training's rmse: 0.0735541	valid_1's rmse: 0.0962443
[7500]	training's rmse: 0.0733032	valid_1's rmse: 0.0961941
[7600]	training's rmse: 0.0730041	valid_1's rmse: 0.0961474
[7700]	training's rmse: 0.0727368	valid_1's rmse: 0.0961013
[7800]	training's rmse: 0.072477	valid_1's rmse: 0.0960533
[7900]	training's rmse: 0.0721993	valid_1's rmse: 0.0959988
[8000]	training's rmse: 0.0719425	valid_1's rmse: 0.0959701
[8100]	training's rmse: 0.0716681	valid_1's rmse: 0.0959222
[8200]	training's rmse: 0.0714061	valid_1's rmse: 0.0958714
[8300]	training's rmse: 0.0711697	valid_1's rmse: 0.0958326
[8400]	training's rmse: 0.0709276	valid_1's rmse: 0.095782
[8500]	training's rmse: 0.0706758	valid_1's rmse: 0.0957507
[8600]	training's rmse: 0.0704294	valid_1's rmse: 0.0957088
[8700]	training's rmse: 0.0701785	valid_1's rmse: 0.0956547
[8800]	training's rmse: 0.0699462	valid_1's rmse: 0.0956088
[8900]	training's rmse: 0.069709	valid_1's rmse: 0.0955605
[9000]	training's rmse: 0.0694762	valid_1's rmse: 0.0955165
[9100]	training's rmse: 0.0692362	valid_1's rmse: 0.0954857
[9200]	training's rmse: 0.0690142	valid_1's rmse: 0.0954496
[9300]	training's rmse: 0.0687898	valid_1's rmse: 0.0954063
[9400]	training's rmse: 0.0685483	valid_1's rmse: 0.0953798
[9500]	training's rmse: 0.0682953	valid_1's rmse: 0.0953404
[9600]	training's rmse: 0.0680664	valid_1's rmse: 0.0952969
[9700]	training's rmse: 0.0678483	valid_1's rmse: 0.0952634
[9800]	training's rmse: 0.0676138	valid_1's rmse: 0.0952227
[9900]	training's rmse: 0.0674017	valid_1's rmse: 0.0952028
[10000]	training's rmse: 0.0671729	valid_1's rmse: 0.0951687
[10100]	training's rmse: 0.0669472	valid_1's rmse: 0.0951253
[10200]	training's rmse: 0.0667166	valid_1's rmse: 0.095091
[10300]	training's rmse: 0.0664877	valid_1's rmse: 0.0950573
[10400]	training's rmse: 0.0662736	valid_1's rmse: 0.095025
[10500]	training's rmse: 0.0660463	valid_1's rmse: 0.0949873
[10600]	training's rmse: 0.0658368	valid_1's rmse: 0.0949661
[10700]	training's rmse: 0.0656222	valid_1's rmse: 0.0949345
[10800]	training's rmse: 0.0653913	valid_1's rmse: 0.094903
[10900]	training's rmse: 0.0651916	valid_1's rmse: 0.0948783
[11000]	training's rmse: 0.0649883	valid_1's rmse: 0.0948336
[11100]	training's rmse: 0.0647741	valid_1's rmse: 0.0947896
[11200]	training's rmse: 0.0645459	valid_1's rmse: 0.0947518
[11300]	training's rmse: 0.0643396	valid_1's rmse: 0.0947304
[11400]	training's rmse: 0.0641407	valid_1's rmse: 0.0946896
[11500]	training's rmse: 0.063923	valid_1's rmse: 0.0946632
[11600]	training's rmse: 0.063713	valid_1's rmse: 0.0946559
[11700]	training's rmse: 0.0635057	valid_1's rmse: 0.0946322
[11800]	training's rmse: 0.0632922	valid_1's rmse: 0.0946135
[11900]	training's rmse: 0.0630935	valid_1's rmse: 0.0945969
[12000]	training's rmse: 0.0629112	valid_1's rmse: 0.094572
[12100]	training's rmse: 0.062698	valid_1's rmse: 0.0945478
[12200]	training's rmse: 0.0625126	valid_1's rmse: 0.0945348
[12300]	training's rmse: 0.0623129	valid_1's rmse: 0.0945109
[12400]	training's rmse: 0.0621135	valid_1's rmse: 0.0945008
[12500]	training's rmse: 0.0619121	valid_1's rmse: 0.0944814
[12600]	training's rmse: 0.06173	valid_1's rmse: 0.0944616
[12700]	training's rmse: 0.0615288	valid_1's rmse: 0.0944335
[12800]	training's rmse: 0.0613429	valid_1's rmse: 0.0944037
[12900]	training's rmse: 0.0611504	valid_1's rmse: 0.0943847
[13000]	training's rmse: 0.0609575	valid_1's rmse: 0.0943602
[13100]	training's rmse: 0.0607651	valid_1's rmse: 0.0943411
[13200]	training's rmse: 0.0605861	valid_1's rmse: 0.0943271
[13300]	training's rmse: 0.0603897	valid_1's rmse: 0.0942984
[13400]	training's rmse: 0.0602074	valid_1's rmse: 0.0942803
[13500]	training's rmse: 0.0600362	valid_1's rmse: 0.0942607
[13600]	training's rmse: 0.0598585	valid_1's rmse: 0.094237
[13700]	training's rmse: 0.0596794	valid_1's rmse: 0.0942169
[13800]	training's rmse: 0.0595012	valid_1's rmse: 0.0942013
[13900]	training's rmse: 0.0593288	valid_1's rmse: 0.0941838
[14000]	training's rmse: 0.0591363	valid_1's rmse: 0.094155
[14100]	training's rmse: 0.0589633	valid_1's rmse: 0.0941283
[14200]	training's rmse: 0.058789	valid_1's rmse: 0.0941167
[14300]	training's rmse: 0.0586015	valid_1's rmse: 0.094097
[14400]	training's rmse: 0.0584186	valid_1's rmse: 0.094071
[14500]	training's rmse: 0.0582474	valid_1's rmse: 0.0940499
[14600]	training's rmse: 0.0580833	valid_1's rmse: 0.0940286
[14700]	training's rmse: 0.0579114	valid_1's rmse: 0.0940151
[14800]	training's rmse: 0.0577468	valid_1's rmse: 0.0939923
[14900]	training's rmse: 0.0575713	valid_1's rmse: 0.0939773
[15000]	training's rmse: 0.0573946	valid_1's rmse: 0.0939708
[15100]	training's rmse: 0.0572084	valid_1's rmse: 0.0939603
[15200]	training's rmse: 0.0570429	valid_1's rmse: 0.0939398
[15300]	training's rmse: 0.0568641	valid_1's rmse: 0.0939217
[15400]	training's rmse: 0.0566885	valid_1's rmse: 0.093915
[15500]	training's rmse: 0.0565202	valid_1's rmse: 0.093899
[15600]	training's rmse: 0.0563481	valid_1's rmse: 0.0938819
[15700]	training's rmse: 0.0561792	valid_1's rmse: 0.0938606
[15800]	training's rmse: 0.0559995	valid_1's rmse: 0.0938488
[15900]	training's rmse: 0.055826	valid_1's rmse: 0.0938366
[16000]	training's rmse: 0.0556646	valid_1's rmse: 0.0938223
[16100]	training's rmse: 0.0555051	valid_1's rmse: 0.0938081
[16200]	training's rmse: 0.0553282	valid_1's rmse: 0.0937963
[16300]	training's rmse: 0.0551683	valid_1's rmse: 0.0937844
[16400]	training's rmse: 0.0550084	valid_1's rmse: 0.0937605
[16500]	training's rmse: 0.054848	valid_1's rmse: 0.0937474
##### feature importance #####
                                  importance
feature                                     
area                            57371.613289
is_LDK                          44755.987125
districts                       27033.198137
num_bath_toilet                  8045.737558
age                              6876.757524
洗面台独立                            5556.888329
structure                        4839.915062
floor_building                   4440.601188
エレベーター                           3216.319016
age_year                         3188.761121
is_DK                            2858.980178
システムキッチン                         2718.364068
num_room                         1591.251869
バス・トイレ別                          1414.814998
床暖房                              1120.811750
mins_to_nearest_sta              1112.690802
floor_room                       1049.870941
浴室乾燥機\t                           909.677007
コンロ3口                             868.124917
コンビニ                              693.393363
スーパー                              691.317348
direction                         518.325174
追焚機能                              461.462394
floor_room_over_floor_building    368.039084
age_month                         365.313453
num_facility                      337.660056
ウォークインクローゼット                      327.529009
num_environment                   274.407578
温水洗浄便座                            274.218202
contract_period                   273.132995
fixed_term                        265.305685
num_broad_com                     232.859464
num_kitchen                       174.942406
室内洗濯機置場                           173.778261
コンロ2口                             172.035431
car_parking                       155.417927
ドラッグストア                           150.030942
病院                                129.013461
bicycle_parking                   123.459818
公園                                107.240470
シャワー                              105.993771
バルコニー                              98.672082
郵便局                                97.225933
脱衣所                                93.456750
小学校                                92.136167
飲食店                                81.180403
プロパンガス                             76.939890
num_sta                            74.338126
大学                                 73.283275
エアコン付                              72.175951
[100]	training's rmse: 0.228369	valid_1's rmse: 0.234936
[200]	training's rmse: 0.149016	valid_1's rmse: 0.155992
[300]	training's rmse: 0.123783	valid_1's rmse: 0.130801
[400]	training's rmse: 0.114746	valid_1's rmse: 0.12188
[500]	training's rmse: 0.110462	valid_1's rmse: 0.11782
[600]	training's rmse: 0.107683	valid_1's rmse: 0.115478
[700]	training's rmse: 0.105752	valid_1's rmse: 0.113905
[800]	training's rmse: 0.104062	valid_1's rmse: 0.112624
[900]	training's rmse: 0.102632	valid_1's rmse: 0.111598
[1000]	training's rmse: 0.101452	valid_1's rmse: 0.110763
[1100]	training's rmse: 0.100419	valid_1's rmse: 0.110101
[1200]	training's rmse: 0.0994161	valid_1's rmse: 0.109479
[1300]	training's rmse: 0.0984637	valid_1's rmse: 0.108916
[1400]	training's rmse: 0.0976744	valid_1's rmse: 0.108473
[1500]	training's rmse: 0.0969272	valid_1's rmse: 0.108046
[1600]	training's rmse: 0.0961864	valid_1's rmse: 0.107637
[1700]	training's rmse: 0.0954685	valid_1's rmse: 0.107224
[1800]	training's rmse: 0.0948372	valid_1's rmse: 0.106908
[1900]	training's rmse: 0.0942045	valid_1's rmse: 0.106585
[2000]	training's rmse: 0.093588	valid_1's rmse: 0.106263
[2100]	training's rmse: 0.0930103	valid_1's rmse: 0.105976
[2200]	training's rmse: 0.0924253	valid_1's rmse: 0.10569
[2300]	training's rmse: 0.0918594	valid_1's rmse: 0.105444
[2400]	training's rmse: 0.0912953	valid_1's rmse: 0.105185
[2500]	training's rmse: 0.0907474	valid_1's rmse: 0.104909
[2600]	training's rmse: 0.0902718	valid_1's rmse: 0.1047
[2700]	training's rmse: 0.0897599	valid_1's rmse: 0.104465
[2800]	training's rmse: 0.0892557	valid_1's rmse: 0.104235
[2900]	training's rmse: 0.0887326	valid_1's rmse: 0.104014
[3000]	training's rmse: 0.0882144	valid_1's rmse: 0.103775
[3100]	training's rmse: 0.0877121	valid_1's rmse: 0.103561
[3200]	training's rmse: 0.0872284	valid_1's rmse: 0.103362
[3300]	training's rmse: 0.0867815	valid_1's rmse: 0.103199
[3400]	training's rmse: 0.0863306	valid_1's rmse: 0.103006
[3500]	training's rmse: 0.0858996	valid_1's rmse: 0.102851
[3600]	training's rmse: 0.0854637	valid_1's rmse: 0.102708
[3700]	training's rmse: 0.0850643	valid_1's rmse: 0.102561
[3800]	training's rmse: 0.0846159	valid_1's rmse: 0.102396
[3900]	training's rmse: 0.0842227	valid_1's rmse: 0.102266
[4000]	training's rmse: 0.0838449	valid_1's rmse: 0.10212
[4100]	training's rmse: 0.0834487	valid_1's rmse: 0.10199
[4200]	training's rmse: 0.0830557	valid_1's rmse: 0.101857
[4300]	training's rmse: 0.0827084	valid_1's rmse: 0.101735
[4400]	training's rmse: 0.0823429	valid_1's rmse: 0.101632
[4500]	training's rmse: 0.081983	valid_1's rmse: 0.1015
[4600]	training's rmse: 0.081621	valid_1's rmse: 0.101364
[4700]	training's rmse: 0.0812776	valid_1's rmse: 0.101285
[4800]	training's rmse: 0.0809136	valid_1's rmse: 0.10117
[4900]	training's rmse: 0.0805874	valid_1's rmse: 0.101094
[5000]	training's rmse: 0.0802466	valid_1's rmse: 0.100988
[5100]	training's rmse: 0.0798791	valid_1's rmse: 0.10088
[5200]	training's rmse: 0.0795368	valid_1's rmse: 0.100782
[5300]	training's rmse: 0.0792103	valid_1's rmse: 0.100693
[5400]	training's rmse: 0.0788788	valid_1's rmse: 0.100588
[5500]	training's rmse: 0.0785454	valid_1's rmse: 0.100465
[5600]	training's rmse: 0.0782505	valid_1's rmse: 0.100384
[5700]	training's rmse: 0.0779254	valid_1's rmse: 0.100278
[5800]	training's rmse: 0.0776434	valid_1's rmse: 0.100217
[5900]	training's rmse: 0.0773673	valid_1's rmse: 0.100146
[6000]	training's rmse: 0.0770562	valid_1's rmse: 0.100051
[6100]	training's rmse: 0.0767447	valid_1's rmse: 0.0999583
[6200]	training's rmse: 0.0764763	valid_1's rmse: 0.0999064
[6300]	training's rmse: 0.0761748	valid_1's rmse: 0.0998324
[6400]	training's rmse: 0.0758735	valid_1's rmse: 0.0997593
[6500]	training's rmse: 0.0756118	valid_1's rmse: 0.0996957
[6600]	training's rmse: 0.0753185	valid_1's rmse: 0.0995999
[6700]	training's rmse: 0.0750408	valid_1's rmse: 0.0995348
[6800]	training's rmse: 0.0747695	valid_1's rmse: 0.0994823
[6900]	training's rmse: 0.074503	valid_1's rmse: 0.0994406
[7000]	training's rmse: 0.0742283	valid_1's rmse: 0.0993758
[7100]	training's rmse: 0.0739397	valid_1's rmse: 0.0993015
[7200]	training's rmse: 0.0736734	valid_1's rmse: 0.0992333
[7300]	training's rmse: 0.0734088	valid_1's rmse: 0.0991785
[7400]	training's rmse: 0.0731447	valid_1's rmse: 0.0991178
[7500]	training's rmse: 0.0728888	valid_1's rmse: 0.0990678
[7600]	training's rmse: 0.0726414	valid_1's rmse: 0.0990239
[7700]	training's rmse: 0.0723748	valid_1's rmse: 0.0989503
[7800]	training's rmse: 0.0721183	valid_1's rmse: 0.0988994
[7900]	training's rmse: 0.0718586	valid_1's rmse: 0.0988518
[8000]	training's rmse: 0.0715999	valid_1's rmse: 0.0987947
[8100]	training's rmse: 0.0713145	valid_1's rmse: 0.098728
[8200]	training's rmse: 0.0710762	valid_1's rmse: 0.0986928
[8300]	training's rmse: 0.0708224	valid_1's rmse: 0.0986393
[8400]	training's rmse: 0.0705786	valid_1's rmse: 0.0985808
[8500]	training's rmse: 0.070334	valid_1's rmse: 0.0985248
[8600]	training's rmse: 0.0700974	valid_1's rmse: 0.0984901
[8700]	training's rmse: 0.0698361	valid_1's rmse: 0.0984253
[8800]	training's rmse: 0.0695992	valid_1's rmse: 0.0983667
[8900]	training's rmse: 0.069362	valid_1's rmse: 0.098333
[9000]	training's rmse: 0.0691109	valid_1's rmse: 0.0982773
[9100]	training's rmse: 0.0688518	valid_1's rmse: 0.0982293
[9200]	training's rmse: 0.0686235	valid_1's rmse: 0.0982062
[9300]	training's rmse: 0.0684036	valid_1's rmse: 0.098164
[9400]	training's rmse: 0.0681682	valid_1's rmse: 0.0981205
[9500]	training's rmse: 0.0679573	valid_1's rmse: 0.0980694
[9600]	training's rmse: 0.0677285	valid_1's rmse: 0.0980429
[9700]	training's rmse: 0.0675096	valid_1's rmse: 0.0980033
[9800]	training's rmse: 0.06728	valid_1's rmse: 0.0979444
[9900]	training's rmse: 0.0670536	valid_1's rmse: 0.097903
[10000]	training's rmse: 0.0668273	valid_1's rmse: 0.0978605
[10100]	training's rmse: 0.0666077	valid_1's rmse: 0.0978178
[10200]	training's rmse: 0.0663909	valid_1's rmse: 0.0977853
[10300]	training's rmse: 0.0661782	valid_1's rmse: 0.097751
[10400]	training's rmse: 0.0659667	valid_1's rmse: 0.0977095
[10500]	training's rmse: 0.0657515	valid_1's rmse: 0.0976762
[10600]	training's rmse: 0.065531	valid_1's rmse: 0.0976273
[10700]	training's rmse: 0.0653223	valid_1's rmse: 0.0975867
[10800]	training's rmse: 0.0651158	valid_1's rmse: 0.0975579
[10900]	training's rmse: 0.0649034	valid_1's rmse: 0.0975185
[11000]	training's rmse: 0.0646937	valid_1's rmse: 0.0974819
[11100]	training's rmse: 0.0644992	valid_1's rmse: 0.0974466
[11200]	training's rmse: 0.064275	valid_1's rmse: 0.0974017
[11300]	training's rmse: 0.0640701	valid_1's rmse: 0.0973677
[11400]	training's rmse: 0.0638761	valid_1's rmse: 0.0973478
[11500]	training's rmse: 0.0636686	valid_1's rmse: 0.0973277
[11600]	training's rmse: 0.0634577	valid_1's rmse: 0.0972881
[11700]	training's rmse: 0.0632519	valid_1's rmse: 0.097257
[11800]	training's rmse: 0.0630565	valid_1's rmse: 0.0972237
[11900]	training's rmse: 0.062859	valid_1's rmse: 0.0971875
[12000]	training's rmse: 0.062662	valid_1's rmse: 0.0971449
[12100]	training's rmse: 0.0624716	valid_1's rmse: 0.0971113
[12200]	training's rmse: 0.0622942	valid_1's rmse: 0.0970905
[12300]	training's rmse: 0.0621204	valid_1's rmse: 0.0970638
[12400]	training's rmse: 0.0619133	valid_1's rmse: 0.0970321
[12500]	training's rmse: 0.0617161	valid_1's rmse: 0.0970105
[12600]	training's rmse: 0.0615401	valid_1's rmse: 0.0970057
[12700]	training's rmse: 0.06134	valid_1's rmse: 0.0969821
[12800]	training's rmse: 0.0611548	valid_1's rmse: 0.0969607
[12900]	training's rmse: 0.0609702	valid_1's rmse: 0.0969287
[13000]	training's rmse: 0.0607752	valid_1's rmse: 0.0969045
[13100]	training's rmse: 0.0605928	valid_1's rmse: 0.0968726
[13200]	training's rmse: 0.0604152	valid_1's rmse: 0.0968492
[13300]	training's rmse: 0.0602295	valid_1's rmse: 0.0968163
[13400]	training's rmse: 0.0600387	valid_1's rmse: 0.0967795
[13500]	training's rmse: 0.059862	valid_1's rmse: 0.0967525
[13600]	training's rmse: 0.059685	valid_1's rmse: 0.0967133
[13700]	training's rmse: 0.059514	valid_1's rmse: 0.0966942
[13800]	training's rmse: 0.0593269	valid_1's rmse: 0.0966606
[13900]	training's rmse: 0.0591465	valid_1's rmse: 0.0966376
[14000]	training's rmse: 0.0589656	valid_1's rmse: 0.0966087
[14100]	training's rmse: 0.0587936	valid_1's rmse: 0.0965907
[14200]	training's rmse: 0.0585975	valid_1's rmse: 0.0965666
[14300]	training's rmse: 0.0584221	valid_1's rmse: 0.0965459
[14400]	training's rmse: 0.0582532	valid_1's rmse: 0.0965299
[14500]	training's rmse: 0.0580776	valid_1's rmse: 0.096502
[14600]	training's rmse: 0.0579013	valid_1's rmse: 0.0964875
[14700]	training's rmse: 0.0577211	valid_1's rmse: 0.0964687
[14800]	training's rmse: 0.0575527	valid_1's rmse: 0.0964376
[14900]	training's rmse: 0.0573818	valid_1's rmse: 0.0963969
[15000]	training's rmse: 0.05721	valid_1's rmse: 0.0963741
[15100]	training's rmse: 0.0570465	valid_1's rmse: 0.0963558
[15200]	training's rmse: 0.0568674	valid_1's rmse: 0.0963356
[15300]	training's rmse: 0.056695	valid_1's rmse: 0.0963067
[15400]	training's rmse: 0.0565217	valid_1's rmse: 0.0962843
[15500]	training's rmse: 0.0563695	valid_1's rmse: 0.0962823
[15600]	training's rmse: 0.056212	valid_1's rmse: 0.0962562
[15700]	training's rmse: 0.0560533	valid_1's rmse: 0.0962275
[15800]	training's rmse: 0.0558837	valid_1's rmse: 0.0961989
[15900]	training's rmse: 0.0557254	valid_1's rmse: 0.0961844
[16000]	training's rmse: 0.0555614	valid_1's rmse: 0.0961636
[16100]	training's rmse: 0.0553956	valid_1's rmse: 0.0961505
[16200]	training's rmse: 0.0552389	valid_1's rmse: 0.0961284
[16300]	training's rmse: 0.0550835	valid_1's rmse: 0.096099
[16400]	training's rmse: 0.0549272	valid_1's rmse: 0.0960724
[16500]	training's rmse: 0.0547699	valid_1's rmse: 0.0960541
[16600]	training's rmse: 0.054633	valid_1's rmse: 0.0960378
##### feature importance #####
                                  importance
feature                                     
area                            57675.375605
is_LDK                          44449.717373
districts                       26824.103002
age                              7548.510498
num_bath_toilet                  7488.311227
洗面台独立                            5617.688645
floor_building                   5143.814746
structure                        4640.782341
is_DK                            3072.830364
age_year                         2999.916719
エレベーター                           2845.145807
システムキッチン                         2689.959517
num_room                         1567.660840
バス・トイレ別                          1369.367098
mins_to_nearest_sta              1187.882644
floor_room                       1159.481521
コンロ3口                             955.905359
浴室乾燥機\t                           853.766584
床暖房                               715.731829
コンビニ                              662.736985
スーパー                              660.462792
direction                         510.953867
追焚機能                              417.988797
num_facility                      395.313303
floor_room_over_floor_building    362.128303
age_month                         336.726349
温水洗浄便座                            287.636281
num_environment                   258.329600
fixed_term                        244.323624
num_broad_com                     222.701034
ウォークインクローゼット                      211.531704
num_kitchen                       195.485030
contract_period                   177.801939
コンロ2口                             176.556614
室内洗濯機置場                           172.949200
ドラッグストア                           157.617483
car_parking                       154.444814
病院                                138.303427
シャワー                              122.557104
bicycle_parking                   113.985748
脱衣所                               112.352177
飲食店                               103.903357
公園                                102.374912
CSアンテナ                            100.735091
郵便局                                88.268103
小学校                                83.071098
is_R                               81.323660
給湯                                 80.933355
バルコニー                              79.281693
大学                                 76.614078
5fold CV score: 22720.842323476285
