./logs/model_logs/BASE_1.log
##### feature importance #####
                  importance
feature                     
area            18349.098690
districts        5241.922991
洗面台独立            2915.447021
age_year          964.172704
structure         680.863297
floor_building    164.119968
システムキッチン          105.405998
浴室乾燥機\t            57.781099
エレベーター             25.104100
室内洗濯機置場             0.000000
室外洗濯機置場             0.000000
学校                  0.000000
大学                  0.000000
専用トイレ               0.000000
地下室                 0.000000
専用バス                0.000000
専用庭                 0.000000
図書館                 0.000000
24時間換気システム          0.000000
出窓                  0.000000
幼稚園・保育園             0.000000
冷蔵庫あり               0.000000
冷房                  0.000000
共同バス                0.000000
共同トイレ               0.000000
公園                  0.000000
公営水道                0.000000
光ファイバー              0.000000
井戸                  0.000000
二重サッシ               0.000000
二世帯住宅               0.000000
下水                  0.000000
ロフト付き               0.000000
小学校                 0.000000
月極駐車場               0.000000
床下収納                0.000000
床暖房                 0.000000
飲食店                 0.000000
電気コンロ               0.000000
防音室                 0.000000
銀行                  0.000000
都市ガス                0.000000
郵便局                 0.000000
追焚機能                0.000000
脱衣所                 0.000000
総合病院                0.000000
給湯                  0.000000
石油暖房                0.000000
病院                  0.000000
独立キッチン              0.000000
##### feature importance #####
                  importance
feature                     
area            18186.345169
districts        5129.809115
洗面台独立            3354.884979
age_year          752.989181
structure         604.856815
floor_building    233.736010
エレベーター            204.224329
浴室乾燥機\t            52.156062
システムキッチン           40.167099
室内洗濯機置場             0.000000
室外洗濯機置場             0.000000
学校                  0.000000
大学                  0.000000
専用トイレ               0.000000
地下室                 0.000000
専用バス                0.000000
専用庭                 0.000000
図書館                 0.000000
24時間換気システム          0.000000
出窓                  0.000000
幼稚園・保育園             0.000000
冷蔵庫あり               0.000000
冷房                  0.000000
共同バス                0.000000
共同トイレ               0.000000
公園                  0.000000
公営水道                0.000000
光ファイバー              0.000000
井戸                  0.000000
二重サッシ               0.000000
二世帯住宅               0.000000
下水                  0.000000
ロフト付き               0.000000
小学校                 0.000000
月極駐車場               0.000000
床下収納                0.000000
床暖房                 0.000000
飲食店                 0.000000
電気コンロ               0.000000
防音室                 0.000000
銀行                  0.000000
都市ガス                0.000000
郵便局                 0.000000
追焚機能                0.000000
脱衣所                 0.000000
総合病院                0.000000
給湯                  0.000000
石油暖房                0.000000
病院                  0.000000
独立キッチン              0.000000
##### feature importance #####
                  importance
feature                     
area            17982.914714
districts        5309.777712
洗面台独立            3728.560380
structure         660.967996
age_year          597.714370
floor_building    185.511852
エレベーター            114.087649
浴室乾燥機\t            78.730000
室外洗濯機置場             0.000000
専用トイレ               0.000000
図書館                 0.000000
室内洗濯機置場             0.000000
学校                  0.000000
専用バス                0.000000
大学                  0.000000
専用庭                 0.000000
小学校                 0.000000
地下室                 0.000000
24時間換気システム          0.000000
出窓                  0.000000
床下収納                0.000000
冷蔵庫あり               0.000000
冷房                  0.000000
共同バス                0.000000
共同トイレ               0.000000
公園                  0.000000
公営水道                0.000000
光ファイバー              0.000000
井戸                  0.000000
二重サッシ               0.000000
二世帯住宅               0.000000
下水                  0.000000
ロフト付き               0.000000
幼稚園・保育園             0.000000
月極駐車場               0.000000
床暖房                 0.000000
石油暖房                0.000000
飲食店                 0.000000
電気コンロ               0.000000
防音室                 0.000000
銀行                  0.000000
都市ガス                0.000000
郵便局                 0.000000
追焚機能                0.000000
脱衣所                 0.000000
総合病院                0.000000
給湯                  0.000000
病院                  0.000000
排水その他               0.000000
独立キッチン              0.000000
##### feature importance #####
                  importance
feature                     
area            17367.082800
districts        5145.553518
洗面台独立            4241.261017
structure         656.785203
age_year          641.852031
floor_building    206.292822
エレベーター             29.425990
バス・トイレ別            13.086940
浴室乾燥機\t            11.514500
システムキッチン            6.812320
ウォークインクローゼット        6.317610
室内洗濯機置場             0.000000
室外洗濯機置場             0.000000
学校                  0.000000
大学                  0.000000
専用トイレ               0.000000
専用バス                0.000000
地下室                 0.000000
専用庭                 0.000000
24時間換気システム          0.000000
図書館                 0.000000
出窓                  0.000000
幼稚園・保育園             0.000000
冷蔵庫あり               0.000000
冷房                  0.000000
共同バス                0.000000
共同トイレ               0.000000
公園                  0.000000
公営水道                0.000000
光ファイバー              0.000000
井戸                  0.000000
二重サッシ               0.000000
二世帯住宅               0.000000
下水                  0.000000
小学校                 0.000000
月極駐車場               0.000000
床下収納                0.000000
床暖房                 0.000000
飲食店                 0.000000
電気コンロ               0.000000
防音室                 0.000000
銀行                  0.000000
都市ガス                0.000000
郵便局                 0.000000
追焚機能                0.000000
脱衣所                 0.000000
総合病院                0.000000
給湯                  0.000000
石油暖房                0.000000
病院                  0.000000
##### feature importance #####
                  importance
feature                     
area            17891.621539
districts        5083.624632
洗面台独立            3663.393982
age_year          728.566976
structure         628.802199
floor_building    253.880722
エレベーター             63.097701
システムキッチン           33.241800
浴室乾燥機\t            22.442901
室内洗濯機置場             0.000000
室外洗濯機置場             0.000000
学校                  0.000000
大学                  0.000000
専用トイレ               0.000000
地下室                 0.000000
専用バス                0.000000
専用庭                 0.000000
図書館                 0.000000
24時間換気システム          0.000000
出窓                  0.000000
幼稚園・保育園             0.000000
冷蔵庫あり               0.000000
冷房                  0.000000
共同バス                0.000000
共同トイレ               0.000000
公園                  0.000000
公営水道                0.000000
光ファイバー              0.000000
井戸                  0.000000
二重サッシ               0.000000
二世帯住宅               0.000000
下水                  0.000000
ロフト付き               0.000000
小学校                 0.000000
月極駐車場               0.000000
床下収納                0.000000
床暖房                 0.000000
飲食店                 0.000000
電気コンロ               0.000000
防音室                 0.000000
銀行                  0.000000
都市ガス                0.000000
郵便局                 0.000000
追焚機能                0.000000
脱衣所                 0.000000
総合病院                0.000000
給湯                  0.000000
石油暖房                0.000000
病院                  0.000000
独立キッチン              0.000000
./logs/model_logs/BASE_1.log
##### feature importance #####
                  importance
feature                     
area            18349.098690
districts        5241.922991
洗面台独立            2915.447021
age_year          964.172704
structure         680.863297
floor_building    164.119968
システムキッチン          105.405998
浴室乾燥機\t            57.781099
エレベーター             25.104100
室内洗濯機置場             0.000000
室外洗濯機置場             0.000000
学校                  0.000000
大学                  0.000000
専用トイレ               0.000000
地下室                 0.000000
専用バス                0.000000
専用庭                 0.000000
図書館                 0.000000
24時間換気システム          0.000000
出窓                  0.000000
幼稚園・保育園             0.000000
冷蔵庫あり               0.000000
冷房                  0.000000
共同バス                0.000000
共同トイレ               0.000000
公園                  0.000000
公営水道                0.000000
光ファイバー              0.000000
井戸                  0.000000
二重サッシ               0.000000
二世帯住宅               0.000000
下水                  0.000000
ロフト付き               0.000000
小学校                 0.000000
月極駐車場               0.000000
床下収納                0.000000
床暖房                 0.000000
飲食店                 0.000000
電気コンロ               0.000000
防音室                 0.000000
銀行                  0.000000
都市ガス                0.000000
郵便局                 0.000000
追焚機能                0.000000
脱衣所                 0.000000
総合病院                0.000000
給湯                  0.000000
石油暖房                0.000000
病院                  0.000000
独立キッチン              0.000000
##### feature importance #####
                  importance
feature                     
area            18186.345169
districts        5129.809115
洗面台独立            3354.884979
age_year          752.989181
structure         604.856815
floor_building    233.736010
エレベーター            204.224329
浴室乾燥機\t            52.156062
システムキッチン           40.167099
室内洗濯機置場             0.000000
室外洗濯機置場             0.000000
学校                  0.000000
大学                  0.000000
専用トイレ               0.000000
地下室                 0.000000
専用バス                0.000000
専用庭                 0.000000
図書館                 0.000000
24時間換気システム          0.000000
出窓                  0.000000
幼稚園・保育園             0.000000
冷蔵庫あり               0.000000
冷房                  0.000000
共同バス                0.000000
共同トイレ               0.000000
公園                  0.000000
公営水道                0.000000
光ファイバー              0.000000
井戸                  0.000000
二重サッシ               0.000000
二世帯住宅               0.000000
下水                  0.000000
ロフト付き               0.000000
小学校                 0.000000
月極駐車場               0.000000
床下収納                0.000000
床暖房                 0.000000
飲食店                 0.000000
電気コンロ               0.000000
防音室                 0.000000
銀行                  0.000000
都市ガス                0.000000
郵便局                 0.000000
追焚機能                0.000000
脱衣所                 0.000000
総合病院                0.000000
給湯                  0.000000
石油暖房                0.000000
病院                  0.000000
独立キッチン              0.000000
##### feature importance #####
                  importance
feature                     
area            17982.914714
districts        5309.777712
洗面台独立            3728.560380
structure         660.967996
age_year          597.714370
floor_building    185.511852
エレベーター            114.087649
浴室乾燥機\t            78.730000
室外洗濯機置場             0.000000
専用トイレ               0.000000
図書館                 0.000000
室内洗濯機置場             0.000000
学校                  0.000000
専用バス                0.000000
大学                  0.000000
専用庭                 0.000000
小学校                 0.000000
地下室                 0.000000
24時間換気システム          0.000000
出窓                  0.000000
床下収納                0.000000
冷蔵庫あり               0.000000
冷房                  0.000000
共同バス                0.000000
共同トイレ               0.000000
公園                  0.000000
公営水道                0.000000
光ファイバー              0.000000
井戸                  0.000000
二重サッシ               0.000000
二世帯住宅               0.000000
下水                  0.000000
ロフト付き               0.000000
幼稚園・保育園             0.000000
月極駐車場               0.000000
床暖房                 0.000000
石油暖房                0.000000
飲食店                 0.000000
電気コンロ               0.000000
防音室                 0.000000
銀行                  0.000000
都市ガス                0.000000
郵便局                 0.000000
追焚機能                0.000000
脱衣所                 0.000000
総合病院                0.000000
給湯                  0.000000
病院                  0.000000
排水その他               0.000000
独立キッチン              0.000000
##### feature importance #####
                  importance
feature                     
area            17367.082800
districts        5145.553518
洗面台独立            4241.261017
structure         656.785203
age_year          641.852031
floor_building    206.292822
エレベーター             29.425990
バス・トイレ別            13.086940
浴室乾燥機\t            11.514500
システムキッチン            6.812320
ウォークインクローゼット        6.317610
室内洗濯機置場             0.000000
室外洗濯機置場             0.000000
学校                  0.000000
大学                  0.000000
専用トイレ               0.000000
専用バス                0.000000
地下室                 0.000000
専用庭                 0.000000
24時間換気システム          0.000000
図書館                 0.000000
出窓                  0.000000
幼稚園・保育園             0.000000
冷蔵庫あり               0.000000
冷房                  0.000000
共同バス                0.000000
共同トイレ               0.000000
公園                  0.000000
公営水道                0.000000
光ファイバー              0.000000
井戸                  0.000000
二重サッシ               0.000000
二世帯住宅               0.000000
下水                  0.000000
小学校                 0.000000
月極駐車場               0.000000
床下収納                0.000000
床暖房                 0.000000
飲食店                 0.000000
電気コンロ               0.000000
防音室                 0.000000
銀行                  0.000000
都市ガス                0.000000
郵便局                 0.000000
追焚機能                0.000000
脱衣所                 0.000000
総合病院                0.000000
給湯                  0.000000
石油暖房                0.000000
病院                  0.000000
##### feature importance #####
                  importance
feature                     
area            17891.621539
districts        5083.624632
洗面台独立            3663.393982
age_year          728.566976
structure         628.802199
floor_building    253.880722
エレベーター             63.097701
システムキッチン           33.241800
浴室乾燥機\t            22.442901
室内洗濯機置場             0.000000
室外洗濯機置場             0.000000
学校                  0.000000
大学                  0.000000
専用トイレ               0.000000
地下室                 0.000000
専用バス                0.000000
専用庭                 0.000000
図書館                 0.000000
24時間換気システム          0.000000
出窓                  0.000000
幼稚園・保育園             0.000000
冷蔵庫あり               0.000000
冷房                  0.000000
共同バス                0.000000
共同トイレ               0.000000
公園                  0.000000
公営水道                0.000000
光ファイバー              0.000000
井戸                  0.000000
二重サッシ               0.000000
二世帯住宅               0.000000
下水                  0.000000
ロフト付き               0.000000
小学校                 0.000000
月極駐車場               0.000000
床下収納                0.000000
床暖房                 0.000000
飲食店                 0.000000
電気コンロ               0.000000
防音室                 0.000000
銀行                  0.000000
都市ガス                0.000000
郵便局                 0.000000
追焚機能                0.000000
脱衣所                 0.000000
総合病院                0.000000
給湯                  0.000000
石油暖房                0.000000
病院                  0.000000
独立キッチン              0.000000
./logs/model_logs/BASE_1.log
##### feature importance #####
                  importance
feature                     
area            18349.098690
districts        5241.922991
洗面台独立            2915.447021
age_year          964.172704
structure         680.863297
floor_building    164.119968
システムキッチン          105.405998
浴室乾燥機\t            57.781099
エレベーター             25.104100
室内洗濯機置場             0.000000
室外洗濯機置場             0.000000
学校                  0.000000
大学                  0.000000
専用トイレ               0.000000
地下室                 0.000000
専用バス                0.000000
専用庭                 0.000000
図書館                 0.000000
24時間換気システム          0.000000
出窓                  0.000000
幼稚園・保育園             0.000000
冷蔵庫あり               0.000000
冷房                  0.000000
共同バス                0.000000
共同トイレ               0.000000
公園                  0.000000
公営水道                0.000000
光ファイバー              0.000000
井戸                  0.000000
二重サッシ               0.000000
二世帯住宅               0.000000
下水                  0.000000
ロフト付き               0.000000
小学校                 0.000000
月極駐車場               0.000000
床下収納                0.000000
床暖房                 0.000000
飲食店                 0.000000
電気コンロ               0.000000
防音室                 0.000000
銀行                  0.000000
都市ガス                0.000000
郵便局                 0.000000
追焚機能                0.000000
脱衣所                 0.000000
総合病院                0.000000
給湯                  0.000000
石油暖房                0.000000
病院                  0.000000
独立キッチン              0.000000
##### feature importance #####
                  importance
feature                     
area            18186.345169
districts        5129.809115
洗面台独立            3354.884979
age_year          752.989181
structure         604.856815
floor_building    233.736010
エレベーター            204.224329
浴室乾燥機\t            52.156062
システムキッチン           40.167099
室内洗濯機置場             0.000000
室外洗濯機置場             0.000000
学校                  0.000000
大学                  0.000000
専用トイレ               0.000000
地下室                 0.000000
専用バス                0.000000
専用庭                 0.000000
図書館                 0.000000
24時間換気システム          0.000000
出窓                  0.000000
幼稚園・保育園             0.000000
冷蔵庫あり               0.000000
冷房                  0.000000
共同バス                0.000000
共同トイレ               0.000000
公園                  0.000000
公営水道                0.000000
光ファイバー              0.000000
井戸                  0.000000
二重サッシ               0.000000
二世帯住宅               0.000000
下水                  0.000000
ロフト付き               0.000000
小学校                 0.000000
月極駐車場               0.000000
床下収納                0.000000
床暖房                 0.000000
飲食店                 0.000000
電気コンロ               0.000000
防音室                 0.000000
銀行                  0.000000
都市ガス                0.000000
郵便局                 0.000000
追焚機能                0.000000
脱衣所                 0.000000
総合病院                0.000000
給湯                  0.000000
石油暖房                0.000000
病院                  0.000000
独立キッチン              0.000000
##### feature importance #####
                  importance
feature                     
area            17982.914714
districts        5309.777712
洗面台独立            3728.560380
structure         660.967996
age_year          597.714370
floor_building    185.511852
エレベーター            114.087649
浴室乾燥機\t            78.730000
室外洗濯機置場             0.000000
専用トイレ               0.000000
図書館                 0.000000
室内洗濯機置場             0.000000
学校                  0.000000
専用バス                0.000000
大学                  0.000000
専用庭                 0.000000
小学校                 0.000000
地下室                 0.000000
24時間換気システム          0.000000
出窓                  0.000000
床下収納                0.000000
冷蔵庫あり               0.000000
冷房                  0.000000
共同バス                0.000000
共同トイレ               0.000000
公園                  0.000000
公営水道                0.000000
光ファイバー              0.000000
井戸                  0.000000
二重サッシ               0.000000
二世帯住宅               0.000000
下水                  0.000000
ロフト付き               0.000000
幼稚園・保育園             0.000000
月極駐車場               0.000000
床暖房                 0.000000
石油暖房                0.000000
飲食店                 0.000000
電気コンロ               0.000000
防音室                 0.000000
銀行                  0.000000
都市ガス                0.000000
郵便局                 0.000000
追焚機能                0.000000
脱衣所                 0.000000
総合病院                0.000000
給湯                  0.000000
病院                  0.000000
排水その他               0.000000
独立キッチン              0.000000
##### feature importance #####
                  importance
feature                     
area            17367.082800
districts        5145.553518
洗面台独立            4241.261017
structure         656.785203
age_year          641.852031
floor_building    206.292822
エレベーター             29.425990
バス・トイレ別            13.086940
浴室乾燥機\t            11.514500
システムキッチン            6.812320
ウォークインクローゼット        6.317610
室内洗濯機置場             0.000000
室外洗濯機置場             0.000000
学校                  0.000000
大学                  0.000000
専用トイレ               0.000000
専用バス                0.000000
地下室                 0.000000
専用庭                 0.000000
24時間換気システム          0.000000
図書館                 0.000000
出窓                  0.000000
幼稚園・保育園             0.000000
冷蔵庫あり               0.000000
冷房                  0.000000
共同バス                0.000000
共同トイレ               0.000000
公園                  0.000000
公営水道                0.000000
光ファイバー              0.000000
井戸                  0.000000
二重サッシ               0.000000
二世帯住宅               0.000000
下水                  0.000000
小学校                 0.000000
月極駐車場               0.000000
床下収納                0.000000
床暖房                 0.000000
飲食店                 0.000000
電気コンロ               0.000000
防音室                 0.000000
銀行                  0.000000
都市ガス                0.000000
郵便局                 0.000000
追焚機能                0.000000
脱衣所                 0.000000
総合病院                0.000000
給湯                  0.000000
石油暖房                0.000000
病院                  0.000000
##### feature importance #####
                  importance
feature                     
area            17891.621539
districts        5083.624632
洗面台独立            3663.393982
age_year          728.566976
structure         628.802199
floor_building    253.880722
エレベーター             63.097701
システムキッチン           33.241800
浴室乾燥機\t            22.442901
室内洗濯機置場             0.000000
室外洗濯機置場             0.000000
学校                  0.000000
大学                  0.000000
専用トイレ               0.000000
地下室                 0.000000
専用バス                0.000000
専用庭                 0.000000
図書館                 0.000000
24時間換気システム          0.000000
出窓                  0.000000
幼稚園・保育園             0.000000
冷蔵庫あり               0.000000
冷房                  0.000000
共同バス                0.000000
共同トイレ               0.000000
公園                  0.000000
公営水道                0.000000
光ファイバー              0.000000
井戸                  0.000000
二重サッシ               0.000000
二世帯住宅               0.000000
下水                  0.000000
ロフト付き               0.000000
小学校                 0.000000
月極駐車場               0.000000
床下収納                0.000000
床暖房                 0.000000
飲食店                 0.000000
電気コンロ               0.000000
防音室                 0.000000
銀行                  0.000000
都市ガス                0.000000
郵便局                 0.000000
追焚機能                0.000000
脱衣所                 0.000000
総合病院                0.000000
給湯                  0.000000
石油暖房                0.000000
病院                  0.000000
独立キッチン              0.000000
./logs/model_logs/BASE_1.log
[100]	training's rmse: 0.221512	valid_1's rmse: 0.222617
[200]	training's rmse: 0.144282	valid_1's rmse: 0.145968
[300]	training's rmse: 0.1204	valid_1's rmse: 0.122611
[400]	training's rmse: 0.111903	valid_1's rmse: 0.114615
[500]	training's rmse: 0.10757	valid_1's rmse: 0.110943
[600]	training's rmse: 0.104619	valid_1's rmse: 0.108797
[700]	training's rmse: 0.102315	valid_1's rmse: 0.107331
[800]	training's rmse: 0.100337	valid_1's rmse: 0.106213
[900]	training's rmse: 0.0986026	valid_1's rmse: 0.105354
[1000]	training's rmse: 0.0970407	valid_1's rmse: 0.104632
[1100]	training's rmse: 0.0955966	valid_1's rmse: 0.103973
[1200]	training's rmse: 0.0942495	valid_1's rmse: 0.103427
[1300]	training's rmse: 0.0929806	valid_1's rmse: 0.102932
[1400]	training's rmse: 0.091824	valid_1's rmse: 0.102514
[1500]	training's rmse: 0.0907014	valid_1's rmse: 0.102134
[1600]	training's rmse: 0.0896247	valid_1's rmse: 0.101756
[1700]	training's rmse: 0.0886105	valid_1's rmse: 0.101468
[1800]	training's rmse: 0.0876389	valid_1's rmse: 0.101169
[1900]	training's rmse: 0.0866932	valid_1's rmse: 0.100883
[2000]	training's rmse: 0.085834	valid_1's rmse: 0.100664
[2100]	training's rmse: 0.0849777	valid_1's rmse: 0.100448
[2200]	training's rmse: 0.0841336	valid_1's rmse: 0.100212
[2300]	training's rmse: 0.0833028	valid_1's rmse: 0.0999978
[2400]	training's rmse: 0.0825102	valid_1's rmse: 0.0997914
[2500]	training's rmse: 0.0817374	valid_1's rmse: 0.0996126
[2600]	training's rmse: 0.0809948	valid_1's rmse: 0.0994565
[2700]	training's rmse: 0.0802575	valid_1's rmse: 0.0992793
[2800]	training's rmse: 0.0795677	valid_1's rmse: 0.0991325
[2900]	training's rmse: 0.0788737	valid_1's rmse: 0.0989754
[3000]	training's rmse: 0.0781945	valid_1's rmse: 0.0988292
[3100]	training's rmse: 0.0775211	valid_1's rmse: 0.0986704
[3200]	training's rmse: 0.0768711	valid_1's rmse: 0.0985389
[3300]	training's rmse: 0.0762339	valid_1's rmse: 0.0984199
[3400]	training's rmse: 0.0756204	valid_1's rmse: 0.0982844
[3500]	training's rmse: 0.0750158	valid_1's rmse: 0.0981611
[3600]	training's rmse: 0.0744264	valid_1's rmse: 0.0980644
[3700]	training's rmse: 0.0738527	valid_1's rmse: 0.0979538
[3800]	training's rmse: 0.073285	valid_1's rmse: 0.0978385
[3900]	training's rmse: 0.0727317	valid_1's rmse: 0.0977241
[4000]	training's rmse: 0.072196	valid_1's rmse: 0.0976492
[4100]	training's rmse: 0.0716767	valid_1's rmse: 0.0975795
[4200]	training's rmse: 0.071146	valid_1's rmse: 0.0974822
[4300]	training's rmse: 0.0706276	valid_1's rmse: 0.0974045
[4400]	training's rmse: 0.070125	valid_1's rmse: 0.097325
[4500]	training's rmse: 0.0696278	valid_1's rmse: 0.0972505
[4600]	training's rmse: 0.0691328	valid_1's rmse: 0.0971565
[4700]	training's rmse: 0.0686409	valid_1's rmse: 0.097083
[4800]	training's rmse: 0.0681623	valid_1's rmse: 0.0969924
[4900]	training's rmse: 0.0676979	valid_1's rmse: 0.0969189
[5000]	training's rmse: 0.067234	valid_1's rmse: 0.0968504
[5100]	training's rmse: 0.0667769	valid_1's rmse: 0.0967823
[5200]	training's rmse: 0.0663119	valid_1's rmse: 0.0967131
[5300]	training's rmse: 0.0658645	valid_1's rmse: 0.0966444
[5400]	training's rmse: 0.0654269	valid_1's rmse: 0.0965809
[5500]	training's rmse: 0.0649877	valid_1's rmse: 0.0965081
[5600]	training's rmse: 0.0645588	valid_1's rmse: 0.0964443
[5700]	training's rmse: 0.0641218	valid_1's rmse: 0.0963943
[5800]	training's rmse: 0.063714	valid_1's rmse: 0.0963306
[5900]	training's rmse: 0.0633042	valid_1's rmse: 0.0962651
[6000]	training's rmse: 0.0628972	valid_1's rmse: 0.0962245
[6100]	training's rmse: 0.0625002	valid_1's rmse: 0.0961722
[6200]	training's rmse: 0.0620978	valid_1's rmse: 0.0961237
[6300]	training's rmse: 0.0617112	valid_1's rmse: 0.0960792
[6400]	training's rmse: 0.0613277	valid_1's rmse: 0.0960329
[6500]	training's rmse: 0.0609415	valid_1's rmse: 0.0959957
[6600]	training's rmse: 0.0605663	valid_1's rmse: 0.0959383
[6700]	training's rmse: 0.0601948	valid_1's rmse: 0.095897
[6800]	training's rmse: 0.0598182	valid_1's rmse: 0.0958654
[6900]	training's rmse: 0.0594496	valid_1's rmse: 0.0958056
[7000]	training's rmse: 0.0590909	valid_1's rmse: 0.095761
[7100]	training's rmse: 0.0587303	valid_1's rmse: 0.0957188
[7200]	training's rmse: 0.0583879	valid_1's rmse: 0.0956857
[7300]	training's rmse: 0.0580417	valid_1's rmse: 0.095632
[7400]	training's rmse: 0.0577053	valid_1's rmse: 0.0956027
[7500]	training's rmse: 0.0573701	valid_1's rmse: 0.0955812
[7600]	training's rmse: 0.0570307	valid_1's rmse: 0.0955588
[7700]	training's rmse: 0.0567054	valid_1's rmse: 0.0955291
[7800]	training's rmse: 0.0563781	valid_1's rmse: 0.0954873
[7900]	training's rmse: 0.0560507	valid_1's rmse: 0.0954542
[8000]	training's rmse: 0.0557251	valid_1's rmse: 0.0954102
[8100]	training's rmse: 0.055403	valid_1's rmse: 0.0953833
[8200]	training's rmse: 0.0550894	valid_1's rmse: 0.0953465
[8300]	training's rmse: 0.0547814	valid_1's rmse: 0.0953189
[8400]	training's rmse: 0.0544729	valid_1's rmse: 0.0952843
[8500]	training's rmse: 0.0541679	valid_1's rmse: 0.0952581
[8600]	training's rmse: 0.0538684	valid_1's rmse: 0.0952178
[8700]	training's rmse: 0.0535759	valid_1's rmse: 0.0951941
[8800]	training's rmse: 0.0532752	valid_1's rmse: 0.0951707
[8900]	training's rmse: 0.0529784	valid_1's rmse: 0.095138
[9000]	training's rmse: 0.0526923	valid_1's rmse: 0.0951041
[9100]	training's rmse: 0.0524006	valid_1's rmse: 0.0950736
[9200]	training's rmse: 0.0521231	valid_1's rmse: 0.0950397
[9300]	training's rmse: 0.0518385	valid_1's rmse: 0.0950212
[9400]	training's rmse: 0.0515552	valid_1's rmse: 0.0949955
[9500]	training's rmse: 0.0512845	valid_1's rmse: 0.0949789
[9600]	training's rmse: 0.0509998	valid_1's rmse: 0.0949509
[9700]	training's rmse: 0.050721	valid_1's rmse: 0.0949183
[9800]	training's rmse: 0.0504393	valid_1's rmse: 0.0948982
[9900]	training's rmse: 0.0501698	valid_1's rmse: 0.0948815
[10000]	training's rmse: 0.0499	valid_1's rmse: 0.0948589
##### feature importance #####
                        importance
feature                           
area                 105316.578289
districts             34076.928478
age_year              12458.502370
洗面台独立                  7445.768580
structure              4458.090527
システムキッチン               3903.977804
浴室乾燥機\t                3704.056062
floor_building         3141.559727
エレベーター                 2554.982286
mins_to_nearest_sta    1244.697278
floor_room             1100.599973
スーパー                    929.630237
コンビニ                    894.032457
温水洗浄便座                  821.668796
direction               585.867162
バス・トイレ別                 502.719089
床暖房                     284.835849
コンロ3口                   216.086586
num_room                200.839192
追焚機能                    193.332009
ドラッグストア                 182.927346
室内洗濯機置場                 182.578981
ウォークインクローゼット            179.931065
contract_period         164.229955
bicycle_parking         143.393577
シャワー                    140.783580
病院                      140.780586
fixed_term              138.807159
car_parking             131.263267
CATV                    111.045681
公園                      106.015495
郵便局                     103.610522
飲食店                     103.465755
バルコニー                   102.896052
光ファイバー                  102.105425
BSアンテナ                  101.195643
フローリング                  100.144130
CSアンテナ                   99.562997
エアコン付                    88.978351
脱衣所                      86.629410
都市ガス                     85.122660
小学校                      81.418142
大学                       79.628738
コンロ2口                    79.085621
インターネット対応                75.002039
インターネット使用料無料             72.159754
敷地内ごみ置き場                 71.241213
bike_parking             70.924462
給湯                       70.239998
IHコンロ                    69.715686
[100]	training's rmse: 0.22141	valid_1's rmse: 0.222632
[200]	training's rmse: 0.143179	valid_1's rmse: 0.148612
[300]	training's rmse: 0.118836	valid_1's rmse: 0.127672
[400]	training's rmse: 0.110295	valid_1's rmse: 0.121239
[500]	training's rmse: 0.105964	valid_1's rmse: 0.118366
[600]	training's rmse: 0.103034	valid_1's rmse: 0.116585
[700]	training's rmse: 0.100747	valid_1's rmse: 0.115278
[800]	training's rmse: 0.0987826	valid_1's rmse: 0.114236
[900]	training's rmse: 0.09704	valid_1's rmse: 0.113343
[1000]	training's rmse: 0.0954774	valid_1's rmse: 0.112563
[1100]	training's rmse: 0.0940392	valid_1's rmse: 0.111869
[1200]	training's rmse: 0.0927188	valid_1's rmse: 0.11132
[1300]	training's rmse: 0.091493	valid_1's rmse: 0.110827
[1400]	training's rmse: 0.0903319	valid_1's rmse: 0.110366
[1500]	training's rmse: 0.0891896	valid_1's rmse: 0.109878
[1600]	training's rmse: 0.0881422	valid_1's rmse: 0.10947
[1700]	training's rmse: 0.0871388	valid_1's rmse: 0.109117
[1800]	training's rmse: 0.0861426	valid_1's rmse: 0.10876
[1900]	training's rmse: 0.0852347	valid_1's rmse: 0.108465
[2000]	training's rmse: 0.0843538	valid_1's rmse: 0.108188
[2100]	training's rmse: 0.0834802	valid_1's rmse: 0.107922
[2200]	training's rmse: 0.0826447	valid_1's rmse: 0.10769
[2300]	training's rmse: 0.0818542	valid_1's rmse: 0.107455
[2400]	training's rmse: 0.0810743	valid_1's rmse: 0.107224
[2500]	training's rmse: 0.0803254	valid_1's rmse: 0.107026
[2600]	training's rmse: 0.0795691	valid_1's rmse: 0.10682
[2700]	training's rmse: 0.0788581	valid_1's rmse: 0.106641
[2800]	training's rmse: 0.0781675	valid_1's rmse: 0.106428
[2900]	training's rmse: 0.0774733	valid_1's rmse: 0.10624
[3000]	training's rmse: 0.0768121	valid_1's rmse: 0.10608
[3100]	training's rmse: 0.0761511	valid_1's rmse: 0.105904
[3200]	training's rmse: 0.075501	valid_1's rmse: 0.105742
[3300]	training's rmse: 0.0748743	valid_1's rmse: 0.105599
[3400]	training's rmse: 0.0742476	valid_1's rmse: 0.10546
[3500]	training's rmse: 0.0736526	valid_1's rmse: 0.105305
[3600]	training's rmse: 0.0730579	valid_1's rmse: 0.105172
[3700]	training's rmse: 0.0724778	valid_1's rmse: 0.105066
[3800]	training's rmse: 0.0719224	valid_1's rmse: 0.104933
[3900]	training's rmse: 0.0713757	valid_1's rmse: 0.104831
[4000]	training's rmse: 0.0708315	valid_1's rmse: 0.104736
[4100]	training's rmse: 0.0702846	valid_1's rmse: 0.104626
[4200]	training's rmse: 0.069744	valid_1's rmse: 0.104533
[4300]	training's rmse: 0.0692369	valid_1's rmse: 0.104433
[4400]	training's rmse: 0.0687153	valid_1's rmse: 0.104341
[4500]	training's rmse: 0.0682143	valid_1's rmse: 0.104248
[4600]	training's rmse: 0.0677169	valid_1's rmse: 0.10416
[4700]	training's rmse: 0.0672345	valid_1's rmse: 0.104073
[4800]	training's rmse: 0.0667564	valid_1's rmse: 0.10399
[4900]	training's rmse: 0.066279	valid_1's rmse: 0.103918
[5000]	training's rmse: 0.0658165	valid_1's rmse: 0.103842
[5100]	training's rmse: 0.0653748	valid_1's rmse: 0.103776
[5200]	training's rmse: 0.0649351	valid_1's rmse: 0.103705
[5300]	training's rmse: 0.0644857	valid_1's rmse: 0.10363
[5400]	training's rmse: 0.0640473	valid_1's rmse: 0.103564
[5500]	training's rmse: 0.063619	valid_1's rmse: 0.103504
[5600]	training's rmse: 0.0631803	valid_1's rmse: 0.103444
[5700]	training's rmse: 0.0627509	valid_1's rmse: 0.103378
[5800]	training's rmse: 0.0623386	valid_1's rmse: 0.103322
[5900]	training's rmse: 0.0619236	valid_1's rmse: 0.103257
[6000]	training's rmse: 0.0615079	valid_1's rmse: 0.103207
[6100]	training's rmse: 0.0611083	valid_1's rmse: 0.103157
[6200]	training's rmse: 0.0607111	valid_1's rmse: 0.103099
[6300]	training's rmse: 0.0603112	valid_1's rmse: 0.103045
[6400]	training's rmse: 0.0599325	valid_1's rmse: 0.102998
[6500]	training's rmse: 0.0595593	valid_1's rmse: 0.102953
[6600]	training's rmse: 0.0591876	valid_1's rmse: 0.102903
[6700]	training's rmse: 0.0588168	valid_1's rmse: 0.102866
[6800]	training's rmse: 0.0584489	valid_1's rmse: 0.10282
[6900]	training's rmse: 0.0580824	valid_1's rmse: 0.10277
[7000]	training's rmse: 0.0577203	valid_1's rmse: 0.102724
[7100]	training's rmse: 0.0573686	valid_1's rmse: 0.10267
[7200]	training's rmse: 0.0570158	valid_1's rmse: 0.102635
[7300]	training's rmse: 0.0566597	valid_1's rmse: 0.102583
[7400]	training's rmse: 0.0563144	valid_1's rmse: 0.102549
[7500]	training's rmse: 0.0559653	valid_1's rmse: 0.102512
[7600]	training's rmse: 0.0556214	valid_1's rmse: 0.102484
[7700]	training's rmse: 0.0552952	valid_1's rmse: 0.102443
[7800]	training's rmse: 0.0549656	valid_1's rmse: 0.102417
[7900]	training's rmse: 0.054642	valid_1's rmse: 0.102382
[8000]	training's rmse: 0.0543154	valid_1's rmse: 0.10234
[8100]	training's rmse: 0.0539938	valid_1's rmse: 0.102315
[8200]	training's rmse: 0.0536775	valid_1's rmse: 0.102277
[8300]	training's rmse: 0.0533573	valid_1's rmse: 0.102233
[8400]	training's rmse: 0.0530438	valid_1's rmse: 0.102193
[8500]	training's rmse: 0.0527335	valid_1's rmse: 0.102164
[8600]	training's rmse: 0.0524186	valid_1's rmse: 0.10213
[8700]	training's rmse: 0.0521198	valid_1's rmse: 0.102094
[8800]	training's rmse: 0.0518175	valid_1's rmse: 0.102051
[8900]	training's rmse: 0.0515204	valid_1's rmse: 0.102017
[9000]	training's rmse: 0.0512299	valid_1's rmse: 0.10198
[9100]	training's rmse: 0.050941	valid_1's rmse: 0.101949
[9200]	training's rmse: 0.050645	valid_1's rmse: 0.10191
[9300]	training's rmse: 0.0503609	valid_1's rmse: 0.101879
[9400]	training's rmse: 0.0500786	valid_1's rmse: 0.101862
[9500]	training's rmse: 0.0497968	valid_1's rmse: 0.101827
[9600]	training's rmse: 0.0495177	valid_1's rmse: 0.101797
[9700]	training's rmse: 0.0492442	valid_1's rmse: 0.101771
[9800]	training's rmse: 0.0489602	valid_1's rmse: 0.101754
[9900]	training's rmse: 0.0486855	valid_1's rmse: 0.101744
[10000]	training's rmse: 0.0484132	valid_1's rmse: 0.101708
##### feature importance #####
                        importance
feature                           
area                 104845.578919
districts             33438.379368
age_year              12485.043795
洗面台独立                  8192.426058
システムキッチン               5557.185299
structure              4354.742601
floor_building         3521.065575
エレベーター                 2696.538307
浴室乾燥機\t                2695.723549
mins_to_nearest_sta    1153.482927
floor_room             1086.458339
スーパー                    893.173250
コンビニ                    794.592583
温水洗浄便座                  680.744295
direction               595.914816
バス・トイレ別                 482.489800
床暖房                     305.793477
num_room                222.029334
コンロ3口                   206.778085
追焚機能                    194.419749
fixed_term              177.394320
室内洗濯機置場                 172.213489
ドラッグストア                 168.073987
contract_period         152.956703
bicycle_parking         152.793537
病院                      142.090766
car_parking             135.215727
シャワー                    129.235943
バルコニー                   126.478056
ウォークインクローゼット            124.524747
都市ガス                    115.231222
フローリング                  112.156586
公園                      106.490016
郵便局                     104.931768
飲食店                     103.969230
脱衣所                     103.679172
エアコン付                    98.584877
CATV                     97.462233
BSアンテナ                   91.748649
コンロ2口                    91.171094
光ファイバー                   86.811524
小学校                      85.265252
給湯                       82.500681
インターネット対応                77.677202
大学                       75.295139
タイル張り                    73.292522
IHコンロ                    72.552406
bike_parking             71.148733
ガスコンロ                    68.925669
敷地内ごみ置き場                 64.971079
[100]	training's rmse: 0.221994	valid_1's rmse: 0.22149
[200]	training's rmse: 0.144276	valid_1's rmse: 0.146211
[300]	training's rmse: 0.120308	valid_1's rmse: 0.123557
[400]	training's rmse: 0.11191	valid_1's rmse: 0.115832
[500]	training's rmse: 0.107695	valid_1's rmse: 0.112127
[600]	training's rmse: 0.104828	valid_1's rmse: 0.109909
[700]	training's rmse: 0.102559	valid_1's rmse: 0.108409
[800]	training's rmse: 0.100646	valid_1's rmse: 0.107218
[900]	training's rmse: 0.098886	valid_1's rmse: 0.106213
[1000]	training's rmse: 0.0973884	valid_1's rmse: 0.105432
[1100]	training's rmse: 0.0959194	valid_1's rmse: 0.104691
[1200]	training's rmse: 0.0946228	valid_1's rmse: 0.10405
[1300]	training's rmse: 0.0933715	valid_1's rmse: 0.103466
[1400]	training's rmse: 0.0921946	valid_1's rmse: 0.102941
[1500]	training's rmse: 0.0910795	valid_1's rmse: 0.102489
[1600]	training's rmse: 0.0900138	valid_1's rmse: 0.102051
[1700]	training's rmse: 0.0890196	valid_1's rmse: 0.101646
[1800]	training's rmse: 0.0880383	valid_1's rmse: 0.101278
[1900]	training's rmse: 0.0870989	valid_1's rmse: 0.100918
[2000]	training's rmse: 0.08622	valid_1's rmse: 0.100607
[2100]	training's rmse: 0.0853306	valid_1's rmse: 0.100302
[2200]	training's rmse: 0.0844869	valid_1's rmse: 0.0999963
[2300]	training's rmse: 0.0836777	valid_1's rmse: 0.0997194
[2400]	training's rmse: 0.0828852	valid_1's rmse: 0.0994769
[2500]	training's rmse: 0.0821455	valid_1's rmse: 0.0992585
[2600]	training's rmse: 0.0813945	valid_1's rmse: 0.0990341
[2700]	training's rmse: 0.0806661	valid_1's rmse: 0.098824
[2800]	training's rmse: 0.0799546	valid_1's rmse: 0.0986237
[2900]	training's rmse: 0.0792559	valid_1's rmse: 0.0984231
[3000]	training's rmse: 0.0785781	valid_1's rmse: 0.0982343
[3100]	training's rmse: 0.077911	valid_1's rmse: 0.0980568
[3200]	training's rmse: 0.0772717	valid_1's rmse: 0.0978756
[3300]	training's rmse: 0.0766463	valid_1's rmse: 0.0977181
[3400]	training's rmse: 0.0760253	valid_1's rmse: 0.0975497
[3500]	training's rmse: 0.0754196	valid_1's rmse: 0.0974114
[3600]	training's rmse: 0.0748243	valid_1's rmse: 0.0972717
[3700]	training's rmse: 0.074246	valid_1's rmse: 0.0971184
[3800]	training's rmse: 0.0736694	valid_1's rmse: 0.0969756
[3900]	training's rmse: 0.0731222	valid_1's rmse: 0.0968376
[4000]	training's rmse: 0.0725811	valid_1's rmse: 0.0967158
[4100]	training's rmse: 0.0720395	valid_1's rmse: 0.0965938
[4200]	training's rmse: 0.0715229	valid_1's rmse: 0.0964663
[4300]	training's rmse: 0.0710044	valid_1's rmse: 0.0963578
[4400]	training's rmse: 0.0704793	valid_1's rmse: 0.0962492
[4500]	training's rmse: 0.0699796	valid_1's rmse: 0.0961198
[4600]	training's rmse: 0.0694872	valid_1's rmse: 0.0960183
[4700]	training's rmse: 0.0690012	valid_1's rmse: 0.0959225
[4800]	training's rmse: 0.0685171	valid_1's rmse: 0.0958252
[4900]	training's rmse: 0.0680384	valid_1's rmse: 0.0957296
[5000]	training's rmse: 0.0675669	valid_1's rmse: 0.0956257
[5100]	training's rmse: 0.0671054	valid_1's rmse: 0.095531
[5200]	training's rmse: 0.0666461	valid_1's rmse: 0.0954518
[5300]	training's rmse: 0.0661991	valid_1's rmse: 0.0953695
[5400]	training's rmse: 0.065769	valid_1's rmse: 0.0953101
[5500]	training's rmse: 0.0653412	valid_1's rmse: 0.0952392
[5600]	training's rmse: 0.0649075	valid_1's rmse: 0.095171
[5700]	training's rmse: 0.0644936	valid_1's rmse: 0.0951049
[5800]	training's rmse: 0.0640735	valid_1's rmse: 0.0950516
[5900]	training's rmse: 0.0636678	valid_1's rmse: 0.0949874
[6000]	training's rmse: 0.063249	valid_1's rmse: 0.094913
[6100]	training's rmse: 0.0628325	valid_1's rmse: 0.0948618
[6200]	training's rmse: 0.0624419	valid_1's rmse: 0.0948187
[6300]	training's rmse: 0.062056	valid_1's rmse: 0.0947664
[6400]	training's rmse: 0.0616699	valid_1's rmse: 0.0947336
[6500]	training's rmse: 0.0612938	valid_1's rmse: 0.0946715
[6600]	training's rmse: 0.0609161	valid_1's rmse: 0.0946191
[6700]	training's rmse: 0.0605299	valid_1's rmse: 0.0945671
[6800]	training's rmse: 0.0601466	valid_1's rmse: 0.094518
[6900]	training's rmse: 0.05979	valid_1's rmse: 0.0944685
[7000]	training's rmse: 0.0594269	valid_1's rmse: 0.0944293
[7100]	training's rmse: 0.0590715	valid_1's rmse: 0.0943679
[7200]	training's rmse: 0.0587152	valid_1's rmse: 0.0943145
[7300]	training's rmse: 0.0583607	valid_1's rmse: 0.094266
[7400]	training's rmse: 0.0580069	valid_1's rmse: 0.0942302
[7500]	training's rmse: 0.0576655	valid_1's rmse: 0.0941885
[7600]	training's rmse: 0.0573185	valid_1's rmse: 0.0941458
[7700]	training's rmse: 0.0569755	valid_1's rmse: 0.0941029
[7800]	training's rmse: 0.0566394	valid_1's rmse: 0.0940706
[7900]	training's rmse: 0.0563114	valid_1's rmse: 0.0940165
[8000]	training's rmse: 0.0559805	valid_1's rmse: 0.0939796
[8100]	training's rmse: 0.0556539	valid_1's rmse: 0.0939478
[8200]	training's rmse: 0.055339	valid_1's rmse: 0.0939145
[8300]	training's rmse: 0.0550323	valid_1's rmse: 0.093892
[8400]	training's rmse: 0.0547235	valid_1's rmse: 0.0938376
[8500]	training's rmse: 0.0544116	valid_1's rmse: 0.0938101
[8600]	training's rmse: 0.0541024	valid_1's rmse: 0.0937759
[8700]	training's rmse: 0.053801	valid_1's rmse: 0.0937449
[8800]	training's rmse: 0.0535042	valid_1's rmse: 0.093712
[8900]	training's rmse: 0.0532013	valid_1's rmse: 0.0937003
[9000]	training's rmse: 0.0529054	valid_1's rmse: 0.0936907
[9100]	training's rmse: 0.0526128	valid_1's rmse: 0.0936495
[9200]	training's rmse: 0.0523227	valid_1's rmse: 0.0936236
[9300]	training's rmse: 0.0520344	valid_1's rmse: 0.0935984
[9400]	training's rmse: 0.051747	valid_1's rmse: 0.0935597
[9500]	training's rmse: 0.0514557	valid_1's rmse: 0.0935207
[9600]	training's rmse: 0.0511764	valid_1's rmse: 0.0934929
[9700]	training's rmse: 0.0508986	valid_1's rmse: 0.0934611
[9800]	training's rmse: 0.0506296	valid_1's rmse: 0.0934352
[9900]	training's rmse: 0.0503528	valid_1's rmse: 0.0934036
[10000]	training's rmse: 0.0500931	valid_1's rmse: 0.0933785
##### feature importance #####
                        importance
feature                           
area                 105908.919394
districts             34571.330194
age_year              11369.274871
洗面台独立                  8119.936306
システムキッチン               5454.731615
structure              4191.791361
floor_building         3485.723821
浴室乾燥機\t                2870.148927
エレベーター                 2375.560551
mins_to_nearest_sta    1197.089065
floor_room             1171.941751
スーパー                    957.847506
コンビニ                    856.422786
温水洗浄便座                  593.360614
direction               591.088121
バス・トイレ別                 471.865571
床暖房                     262.906932
num_room                209.731012
コンロ3口                   202.579291
追焚機能                    201.362797
室内洗濯機置場                 188.598871
ドラッグストア                 180.862889
contract_period         171.306742
fixed_term              152.895172
ウォークインクローゼット            149.437408
bicycle_parking         149.185900
シャワー                    145.662995
car_parking             119.561565
病院                      117.721401
公園                      116.427474
BSアンテナ                  111.636897
バルコニー                   108.731597
CATV                    100.822837
都市ガス                     99.090383
飲食店                      98.282377
脱衣所                      96.258623
郵便局                      95.439242
光ファイバー                   95.064648
フローリング                   91.031549
給湯                       88.781566
大学                       84.655594
小学校                      81.158351
CSアンテナ                   78.748779
インターネット対応                74.996300
コンロ2口                    73.283891
タイル張り                    70.639677
bike_parking             70.534900
IHコンロ                    70.262604
敷地内ごみ置き場                 69.144018
プロパンガス                   69.053981
./logs/model_logs/BASE_1.log
Using features:['districts', 'mins_to_nearest_sta', 'num_room', 'age_year', 'direction', 'area', 'floor_is_underground', 'floor_room', 'floor_building', 'シャワー', 'バスなし', 'バス・トイレ別', '共同トイレ', '共同バス', '専用トイレ', '専用バス', '洗面台独立', '浴室乾燥機', '浴室乾燥機\t', '温水洗浄便座', '脱衣所', '追焚機能', 'IHコンロ', 'L字キッチン', 'カウンターキッチン', 'ガスコンロ', 'コンロ1口', 'コンロ2口', 'コンロ3口', 'コンロ4口以上', 'コンロ設置可（コンロ1口）', 'コンロ設置可（コンロ2口）', 'コンロ設置可（コンロ3口）', 'コンロ設置可（コンロ4口以上）', 'コンロ設置可（口数不明）', 'システムキッチン', '冷蔵庫あり', '独立キッチン', '給湯', '電気コンロ', 'BSアンテナ', 'CATV', 'CSアンテナ', 'インターネット使用料無料', 'インターネット対応', '光ファイバー', '有線放送', '高速インターネット', '24時間換気システム', '2面採光', '3面採光', 'ウォークインクローゼット', 'エアコン付', 'エレベーター', 'オール電化', 'ガスその他', 'ガス暖房', 'クッションフロア', 'シューズボックス', 'タイル張り', 'トランクルーム', 'バリアフリー', 'バルコニー', 'フローリング', 'プロパンガス', 'ペアガラス', 'ルーフバルコニー', 'ロフト付き', '下水', '二世帯住宅', '二重サッシ', '井戸', '公営水道', '冷房', '出窓', '地下室', '室内洗濯機置場', '室外洗濯機置場', '専用庭', '床下収納', '床暖房', '排水その他', '敷地内ごみ置き場', '水道その他', '汲み取り', '洗濯機置場なし', '浄化槽', '石油暖房', '都市ガス', '防音室', 'bicycle_parking', 'car_parking', 'bike_parking', 'コインパーキング', '銀行', 'コンビニ', '総合病院', '幼稚園・保育園', 'ドラッグストア', '公園', '飲食店', 'スーパー', '病院', '学校', 'レンタルビデオ', 'デパート', '月極駐車場', '図書館', 'クリーニング', '郵便局', '大学', '小学校', 'structure', 'fixed_term', 'contract_period']
[100]	training's rmse: 0.221512	valid_1's rmse: 0.222617
[200]	training's rmse: 0.144282	valid_1's rmse: 0.145968
[300]	training's rmse: 0.1204	valid_1's rmse: 0.122611
[400]	training's rmse: 0.111903	valid_1's rmse: 0.114615
[500]	training's rmse: 0.10757	valid_1's rmse: 0.110943
[600]	training's rmse: 0.104619	valid_1's rmse: 0.108797
[700]	training's rmse: 0.102315	valid_1's rmse: 0.107331
[800]	training's rmse: 0.100337	valid_1's rmse: 0.106213
[900]	training's rmse: 0.0986026	valid_1's rmse: 0.105354
[1000]	training's rmse: 0.0970407	valid_1's rmse: 0.104632
[1100]	training's rmse: 0.0955966	valid_1's rmse: 0.103973
[1200]	training's rmse: 0.0942495	valid_1's rmse: 0.103427
[1300]	training's rmse: 0.0929806	valid_1's rmse: 0.102932
[1400]	training's rmse: 0.091824	valid_1's rmse: 0.102514
[1500]	training's rmse: 0.0907014	valid_1's rmse: 0.102134
[1600]	training's rmse: 0.0896247	valid_1's rmse: 0.101756
[1700]	training's rmse: 0.0886105	valid_1's rmse: 0.101468
[1800]	training's rmse: 0.0876389	valid_1's rmse: 0.101169
[1900]	training's rmse: 0.0866932	valid_1's rmse: 0.100883
[2000]	training's rmse: 0.085834	valid_1's rmse: 0.100664
[2100]	training's rmse: 0.0849777	valid_1's rmse: 0.100448
[2200]	training's rmse: 0.0841336	valid_1's rmse: 0.100212
[2300]	training's rmse: 0.0833028	valid_1's rmse: 0.0999978
[2400]	training's rmse: 0.0825102	valid_1's rmse: 0.0997914
[2500]	training's rmse: 0.0817374	valid_1's rmse: 0.0996126
[2600]	training's rmse: 0.0809948	valid_1's rmse: 0.0994565
[2700]	training's rmse: 0.0802575	valid_1's rmse: 0.0992793
[2800]	training's rmse: 0.0795677	valid_1's rmse: 0.0991325
[2900]	training's rmse: 0.0788737	valid_1's rmse: 0.0989754
[3000]	training's rmse: 0.0781945	valid_1's rmse: 0.0988292
[3100]	training's rmse: 0.0775211	valid_1's rmse: 0.0986704
[3200]	training's rmse: 0.0768711	valid_1's rmse: 0.0985389
[3300]	training's rmse: 0.0762339	valid_1's rmse: 0.0984199
[3400]	training's rmse: 0.0756204	valid_1's rmse: 0.0982844
[3500]	training's rmse: 0.0750158	valid_1's rmse: 0.0981611
[3600]	training's rmse: 0.0744264	valid_1's rmse: 0.0980644
[3700]	training's rmse: 0.0738527	valid_1's rmse: 0.0979538
[3800]	training's rmse: 0.073285	valid_1's rmse: 0.0978385
[3900]	training's rmse: 0.0727317	valid_1's rmse: 0.0977241
[4000]	training's rmse: 0.072196	valid_1's rmse: 0.0976492
[4100]	training's rmse: 0.0716767	valid_1's rmse: 0.0975795
[4200]	training's rmse: 0.071146	valid_1's rmse: 0.0974822
[4300]	training's rmse: 0.0706276	valid_1's rmse: 0.0974045
[4400]	training's rmse: 0.070125	valid_1's rmse: 0.097325
[4500]	training's rmse: 0.0696278	valid_1's rmse: 0.0972505
[4600]	training's rmse: 0.0691328	valid_1's rmse: 0.0971565
[4700]	training's rmse: 0.0686409	valid_1's rmse: 0.097083
[4800]	training's rmse: 0.0681623	valid_1's rmse: 0.0969924
[4900]	training's rmse: 0.0676979	valid_1's rmse: 0.0969189
[5000]	training's rmse: 0.067234	valid_1's rmse: 0.0968504
[5100]	training's rmse: 0.0667769	valid_1's rmse: 0.0967823
[5200]	training's rmse: 0.0663119	valid_1's rmse: 0.0967131
[5300]	training's rmse: 0.0658645	valid_1's rmse: 0.0966444
[5400]	training's rmse: 0.0654269	valid_1's rmse: 0.0965809
[5500]	training's rmse: 0.0649877	valid_1's rmse: 0.0965081
[5600]	training's rmse: 0.0645588	valid_1's rmse: 0.0964443
[5700]	training's rmse: 0.0641218	valid_1's rmse: 0.0963943
[5800]	training's rmse: 0.063714	valid_1's rmse: 0.0963306
[5900]	training's rmse: 0.0633042	valid_1's rmse: 0.0962651
[6000]	training's rmse: 0.0628972	valid_1's rmse: 0.0962245
[6100]	training's rmse: 0.0625002	valid_1's rmse: 0.0961722
[6200]	training's rmse: 0.0620978	valid_1's rmse: 0.0961237
[6300]	training's rmse: 0.0617112	valid_1's rmse: 0.0960792
[6400]	training's rmse: 0.0613277	valid_1's rmse: 0.0960329
[6500]	training's rmse: 0.0609415	valid_1's rmse: 0.0959957
[6600]	training's rmse: 0.0605663	valid_1's rmse: 0.0959383
[6700]	training's rmse: 0.0601948	valid_1's rmse: 0.095897
[6800]	training's rmse: 0.0598182	valid_1's rmse: 0.0958654
[6900]	training's rmse: 0.0594496	valid_1's rmse: 0.0958056
[7000]	training's rmse: 0.0590909	valid_1's rmse: 0.095761
[7100]	training's rmse: 0.0587303	valid_1's rmse: 0.0957188
[7200]	training's rmse: 0.0583879	valid_1's rmse: 0.0956857
[7300]	training's rmse: 0.0580417	valid_1's rmse: 0.095632
[7400]	training's rmse: 0.0577053	valid_1's rmse: 0.0956027
[7500]	training's rmse: 0.0573701	valid_1's rmse: 0.0955812
[7600]	training's rmse: 0.0570307	valid_1's rmse: 0.0955588
[7700]	training's rmse: 0.0567054	valid_1's rmse: 0.0955291
[7800]	training's rmse: 0.0563781	valid_1's rmse: 0.0954873
[7900]	training's rmse: 0.0560507	valid_1's rmse: 0.0954542
[8000]	training's rmse: 0.0557251	valid_1's rmse: 0.0954102
[8100]	training's rmse: 0.055403	valid_1's rmse: 0.0953833
[8200]	training's rmse: 0.0550894	valid_1's rmse: 0.0953465
[8300]	training's rmse: 0.0547814	valid_1's rmse: 0.0953189
[8400]	training's rmse: 0.0544729	valid_1's rmse: 0.0952843
[8500]	training's rmse: 0.0541679	valid_1's rmse: 0.0952581
[8600]	training's rmse: 0.0538684	valid_1's rmse: 0.0952178
[8700]	training's rmse: 0.0535759	valid_1's rmse: 0.0951941
[8800]	training's rmse: 0.0532752	valid_1's rmse: 0.0951707
[8900]	training's rmse: 0.0529784	valid_1's rmse: 0.095138
[9000]	training's rmse: 0.0526923	valid_1's rmse: 0.0951041
[9100]	training's rmse: 0.0524006	valid_1's rmse: 0.0950736
[9200]	training's rmse: 0.0521231	valid_1's rmse: 0.0950397
[9300]	training's rmse: 0.0518385	valid_1's rmse: 0.0950212
[9400]	training's rmse: 0.0515552	valid_1's rmse: 0.0949955
[9500]	training's rmse: 0.0512845	valid_1's rmse: 0.0949789
[9600]	training's rmse: 0.0509998	valid_1's rmse: 0.0949509
[9700]	training's rmse: 0.050721	valid_1's rmse: 0.0949183
[9800]	training's rmse: 0.0504393	valid_1's rmse: 0.0948982
[9900]	training's rmse: 0.0501698	valid_1's rmse: 0.0948815
[10000]	training's rmse: 0.0499	valid_1's rmse: 0.0948589
##### feature importance #####
                        importance
feature                           
area                 105316.578289
districts             34076.928478
age_year              12458.502370
洗面台独立                  7445.768580
structure              4458.090527
システムキッチン               3903.977804
浴室乾燥機\t                3704.056062
floor_building         3141.559727
エレベーター                 2554.982286
mins_to_nearest_sta    1244.697278
floor_room             1100.599973
スーパー                    929.630237
コンビニ                    894.032457
温水洗浄便座                  821.668796
direction               585.867162
バス・トイレ別                 502.719089
床暖房                     284.835849
コンロ3口                   216.086586
num_room                200.839192
追焚機能                    193.332009
ドラッグストア                 182.927346
室内洗濯機置場                 182.578981
ウォークインクローゼット            179.931065
contract_period         164.229955
bicycle_parking         143.393577
シャワー                    140.783580
病院                      140.780586
fixed_term              138.807159
car_parking             131.263267
CATV                    111.045681
公園                      106.015495
郵便局                     103.610522
飲食店                     103.465755
バルコニー                   102.896052
光ファイバー                  102.105425
BSアンテナ                  101.195643
フローリング                  100.144130
CSアンテナ                   99.562997
エアコン付                    88.978351
脱衣所                      86.629410
都市ガス                     85.122660
小学校                      81.418142
大学                       79.628738
コンロ2口                    79.085621
インターネット対応                75.002039
インターネット使用料無料             72.159754
敷地内ごみ置き場                 71.241213
bike_parking             70.924462
給湯                       70.239998
IHコンロ                    69.715686
[100]	training's rmse: 0.22141	valid_1's rmse: 0.222632
[200]	training's rmse: 0.143179	valid_1's rmse: 0.148612
[300]	training's rmse: 0.118836	valid_1's rmse: 0.127672
[400]	training's rmse: 0.110295	valid_1's rmse: 0.121239
[500]	training's rmse: 0.105964	valid_1's rmse: 0.118366
[600]	training's rmse: 0.103034	valid_1's rmse: 0.116585
[700]	training's rmse: 0.100747	valid_1's rmse: 0.115278
[800]	training's rmse: 0.0987826	valid_1's rmse: 0.114236
[900]	training's rmse: 0.09704	valid_1's rmse: 0.113343
[1000]	training's rmse: 0.0954774	valid_1's rmse: 0.112563
[1100]	training's rmse: 0.0940392	valid_1's rmse: 0.111869
[1200]	training's rmse: 0.0927188	valid_1's rmse: 0.11132
[1300]	training's rmse: 0.091493	valid_1's rmse: 0.110827
[1400]	training's rmse: 0.0903319	valid_1's rmse: 0.110366
[1500]	training's rmse: 0.0891896	valid_1's rmse: 0.109878
[1600]	training's rmse: 0.0881422	valid_1's rmse: 0.10947
[1700]	training's rmse: 0.0871388	valid_1's rmse: 0.109117
[1800]	training's rmse: 0.0861426	valid_1's rmse: 0.10876
[1900]	training's rmse: 0.0852347	valid_1's rmse: 0.108465
[2000]	training's rmse: 0.0843538	valid_1's rmse: 0.108188
[2100]	training's rmse: 0.0834802	valid_1's rmse: 0.107922
[2200]	training's rmse: 0.0826447	valid_1's rmse: 0.10769
[2300]	training's rmse: 0.0818542	valid_1's rmse: 0.107455
[2400]	training's rmse: 0.0810743	valid_1's rmse: 0.107224
[2500]	training's rmse: 0.0803254	valid_1's rmse: 0.107026
[2600]	training's rmse: 0.0795691	valid_1's rmse: 0.10682
[2700]	training's rmse: 0.0788581	valid_1's rmse: 0.106641
[2800]	training's rmse: 0.0781675	valid_1's rmse: 0.106428
[2900]	training's rmse: 0.0774733	valid_1's rmse: 0.10624
[3000]	training's rmse: 0.0768121	valid_1's rmse: 0.10608
[3100]	training's rmse: 0.0761511	valid_1's rmse: 0.105904
[3200]	training's rmse: 0.075501	valid_1's rmse: 0.105742
[3300]	training's rmse: 0.0748743	valid_1's rmse: 0.105599
[3400]	training's rmse: 0.0742476	valid_1's rmse: 0.10546
[3500]	training's rmse: 0.0736526	valid_1's rmse: 0.105305
[3600]	training's rmse: 0.0730579	valid_1's rmse: 0.105172
[3700]	training's rmse: 0.0724778	valid_1's rmse: 0.105066
[3800]	training's rmse: 0.0719224	valid_1's rmse: 0.104933
[3900]	training's rmse: 0.0713757	valid_1's rmse: 0.104831
[4000]	training's rmse: 0.0708315	valid_1's rmse: 0.104736
[4100]	training's rmse: 0.0702846	valid_1's rmse: 0.104626
[4200]	training's rmse: 0.069744	valid_1's rmse: 0.104533
[4300]	training's rmse: 0.0692369	valid_1's rmse: 0.104433
[4400]	training's rmse: 0.0687153	valid_1's rmse: 0.104341
[4500]	training's rmse: 0.0682143	valid_1's rmse: 0.104248
[4600]	training's rmse: 0.0677169	valid_1's rmse: 0.10416
[4700]	training's rmse: 0.0672345	valid_1's rmse: 0.104073
[4800]	training's rmse: 0.0667564	valid_1's rmse: 0.10399
[4900]	training's rmse: 0.066279	valid_1's rmse: 0.103918
[5000]	training's rmse: 0.0658165	valid_1's rmse: 0.103842
[5100]	training's rmse: 0.0653748	valid_1's rmse: 0.103776
[5200]	training's rmse: 0.0649351	valid_1's rmse: 0.103705
[5300]	training's rmse: 0.0644857	valid_1's rmse: 0.10363
[5400]	training's rmse: 0.0640473	valid_1's rmse: 0.103564
[5500]	training's rmse: 0.063619	valid_1's rmse: 0.103504
[5600]	training's rmse: 0.0631803	valid_1's rmse: 0.103444
[5700]	training's rmse: 0.0627509	valid_1's rmse: 0.103378
[5800]	training's rmse: 0.0623386	valid_1's rmse: 0.103322
[5900]	training's rmse: 0.0619236	valid_1's rmse: 0.103257
[6000]	training's rmse: 0.0615079	valid_1's rmse: 0.103207
[6100]	training's rmse: 0.0611083	valid_1's rmse: 0.103157
[6200]	training's rmse: 0.0607111	valid_1's rmse: 0.103099
[6300]	training's rmse: 0.0603112	valid_1's rmse: 0.103045
[6400]	training's rmse: 0.0599325	valid_1's rmse: 0.102998
[6500]	training's rmse: 0.0595593	valid_1's rmse: 0.102953
[6600]	training's rmse: 0.0591876	valid_1's rmse: 0.102903
[6700]	training's rmse: 0.0588168	valid_1's rmse: 0.102866
[6800]	training's rmse: 0.0584489	valid_1's rmse: 0.10282
[6900]	training's rmse: 0.0580824	valid_1's rmse: 0.10277
[7000]	training's rmse: 0.0577203	valid_1's rmse: 0.102724
[7100]	training's rmse: 0.0573686	valid_1's rmse: 0.10267
[7200]	training's rmse: 0.0570158	valid_1's rmse: 0.102635
[7300]	training's rmse: 0.0566597	valid_1's rmse: 0.102583
[7400]	training's rmse: 0.0563144	valid_1's rmse: 0.102549
[7500]	training's rmse: 0.0559653	valid_1's rmse: 0.102512
[7600]	training's rmse: 0.0556214	valid_1's rmse: 0.102484
[7700]	training's rmse: 0.0552952	valid_1's rmse: 0.102443
[7800]	training's rmse: 0.0549656	valid_1's rmse: 0.102417
[7900]	training's rmse: 0.054642	valid_1's rmse: 0.102382
[8000]	training's rmse: 0.0543154	valid_1's rmse: 0.10234
[8100]	training's rmse: 0.0539938	valid_1's rmse: 0.102315
[8200]	training's rmse: 0.0536775	valid_1's rmse: 0.102277
[8300]	training's rmse: 0.0533573	valid_1's rmse: 0.102233
[8400]	training's rmse: 0.0530438	valid_1's rmse: 0.102193
[8500]	training's rmse: 0.0527335	valid_1's rmse: 0.102164
[8600]	training's rmse: 0.0524186	valid_1's rmse: 0.10213
[8700]	training's rmse: 0.0521198	valid_1's rmse: 0.102094
[8800]	training's rmse: 0.0518175	valid_1's rmse: 0.102051
[8900]	training's rmse: 0.0515204	valid_1's rmse: 0.102017
[9000]	training's rmse: 0.0512299	valid_1's rmse: 0.10198
[9100]	training's rmse: 0.050941	valid_1's rmse: 0.101949
[9200]	training's rmse: 0.050645	valid_1's rmse: 0.10191
[9300]	training's rmse: 0.0503609	valid_1's rmse: 0.101879
[9400]	training's rmse: 0.0500786	valid_1's rmse: 0.101862
[9500]	training's rmse: 0.0497968	valid_1's rmse: 0.101827
[9600]	training's rmse: 0.0495177	valid_1's rmse: 0.101797
[9700]	training's rmse: 0.0492442	valid_1's rmse: 0.101771
[9800]	training's rmse: 0.0489602	valid_1's rmse: 0.101754
[9900]	training's rmse: 0.0486855	valid_1's rmse: 0.101744
[10000]	training's rmse: 0.0484132	valid_1's rmse: 0.101708
##### feature importance #####
                        importance
feature                           
area                 104845.578919
districts             33438.379368
age_year              12485.043795
洗面台独立                  8192.426058
システムキッチン               5557.185299
structure              4354.742601
floor_building         3521.065575
エレベーター                 2696.538307
浴室乾燥機\t                2695.723549
mins_to_nearest_sta    1153.482927
floor_room             1086.458339
スーパー                    893.173250
コンビニ                    794.592583
温水洗浄便座                  680.744295
direction               595.914816
バス・トイレ別                 482.489800
床暖房                     305.793477
num_room                222.029334
コンロ3口                   206.778085
追焚機能                    194.419749
fixed_term              177.394320
室内洗濯機置場                 172.213489
ドラッグストア                 168.073987
contract_period         152.956703
bicycle_parking         152.793537
病院                      142.090766
car_parking             135.215727
シャワー                    129.235943
バルコニー                   126.478056
ウォークインクローゼット            124.524747
都市ガス                    115.231222
フローリング                  112.156586
公園                      106.490016
郵便局                     104.931768
飲食店                     103.969230
脱衣所                     103.679172
エアコン付                    98.584877
CATV                     97.462233
BSアンテナ                   91.748649
コンロ2口                    91.171094
光ファイバー                   86.811524
小学校                      85.265252
給湯                       82.500681
インターネット対応                77.677202
大学                       75.295139
タイル張り                    73.292522
IHコンロ                    72.552406
bike_parking             71.148733
ガスコンロ                    68.925669
敷地内ごみ置き場                 64.971079
[100]	training's rmse: 0.221994	valid_1's rmse: 0.22149
[200]	training's rmse: 0.144276	valid_1's rmse: 0.146211
[300]	training's rmse: 0.120308	valid_1's rmse: 0.123557
[400]	training's rmse: 0.11191	valid_1's rmse: 0.115832
[500]	training's rmse: 0.107695	valid_1's rmse: 0.112127
[600]	training's rmse: 0.104828	valid_1's rmse: 0.109909
[700]	training's rmse: 0.102559	valid_1's rmse: 0.108409
[800]	training's rmse: 0.100646	valid_1's rmse: 0.107218
[900]	training's rmse: 0.098886	valid_1's rmse: 0.106213
[1000]	training's rmse: 0.0973884	valid_1's rmse: 0.105432
[1100]	training's rmse: 0.0959194	valid_1's rmse: 0.104691
[1200]	training's rmse: 0.0946228	valid_1's rmse: 0.10405
[1300]	training's rmse: 0.0933715	valid_1's rmse: 0.103466
[1400]	training's rmse: 0.0921946	valid_1's rmse: 0.102941
[1500]	training's rmse: 0.0910795	valid_1's rmse: 0.102489
[1600]	training's rmse: 0.0900138	valid_1's rmse: 0.102051
[1700]	training's rmse: 0.0890196	valid_1's rmse: 0.101646
[1800]	training's rmse: 0.0880383	valid_1's rmse: 0.101278
[1900]	training's rmse: 0.0870989	valid_1's rmse: 0.100918
[2000]	training's rmse: 0.08622	valid_1's rmse: 0.100607
[2100]	training's rmse: 0.0853306	valid_1's rmse: 0.100302
[2200]	training's rmse: 0.0844869	valid_1's rmse: 0.0999963
[2300]	training's rmse: 0.0836777	valid_1's rmse: 0.0997194
[2400]	training's rmse: 0.0828852	valid_1's rmse: 0.0994769
[2500]	training's rmse: 0.0821455	valid_1's rmse: 0.0992585
[2600]	training's rmse: 0.0813945	valid_1's rmse: 0.0990341
[2700]	training's rmse: 0.0806661	valid_1's rmse: 0.098824
[2800]	training's rmse: 0.0799546	valid_1's rmse: 0.0986237
[2900]	training's rmse: 0.0792559	valid_1's rmse: 0.0984231
[3000]	training's rmse: 0.0785781	valid_1's rmse: 0.0982343
[3100]	training's rmse: 0.077911	valid_1's rmse: 0.0980568
[3200]	training's rmse: 0.0772717	valid_1's rmse: 0.0978756
[3300]	training's rmse: 0.0766463	valid_1's rmse: 0.0977181
[3400]	training's rmse: 0.0760253	valid_1's rmse: 0.0975497
[3500]	training's rmse: 0.0754196	valid_1's rmse: 0.0974114
[3600]	training's rmse: 0.0748243	valid_1's rmse: 0.0972717
[3700]	training's rmse: 0.074246	valid_1's rmse: 0.0971184
[3800]	training's rmse: 0.0736694	valid_1's rmse: 0.0969756
[3900]	training's rmse: 0.0731222	valid_1's rmse: 0.0968376
[4000]	training's rmse: 0.0725811	valid_1's rmse: 0.0967158
[4100]	training's rmse: 0.0720395	valid_1's rmse: 0.0965938
[4200]	training's rmse: 0.0715229	valid_1's rmse: 0.0964663
[4300]	training's rmse: 0.0710044	valid_1's rmse: 0.0963578
[4400]	training's rmse: 0.0704793	valid_1's rmse: 0.0962492
[4500]	training's rmse: 0.0699796	valid_1's rmse: 0.0961198
[4600]	training's rmse: 0.0694872	valid_1's rmse: 0.0960183
[4700]	training's rmse: 0.0690012	valid_1's rmse: 0.0959225
[4800]	training's rmse: 0.0685171	valid_1's rmse: 0.0958252
[4900]	training's rmse: 0.0680384	valid_1's rmse: 0.0957296
[5000]	training's rmse: 0.0675669	valid_1's rmse: 0.0956257
[5100]	training's rmse: 0.0671054	valid_1's rmse: 0.095531
[5200]	training's rmse: 0.0666461	valid_1's rmse: 0.0954518
[5300]	training's rmse: 0.0661991	valid_1's rmse: 0.0953695
[5400]	training's rmse: 0.065769	valid_1's rmse: 0.0953101
[5500]	training's rmse: 0.0653412	valid_1's rmse: 0.0952392
[5600]	training's rmse: 0.0649075	valid_1's rmse: 0.095171
[5700]	training's rmse: 0.0644936	valid_1's rmse: 0.0951049
[5800]	training's rmse: 0.0640735	valid_1's rmse: 0.0950516
[5900]	training's rmse: 0.0636678	valid_1's rmse: 0.0949874
[6000]	training's rmse: 0.063249	valid_1's rmse: 0.094913
[6100]	training's rmse: 0.0628325	valid_1's rmse: 0.0948618
[6200]	training's rmse: 0.0624419	valid_1's rmse: 0.0948187
[6300]	training's rmse: 0.062056	valid_1's rmse: 0.0947664
[6400]	training's rmse: 0.0616699	valid_1's rmse: 0.0947336
[6500]	training's rmse: 0.0612938	valid_1's rmse: 0.0946715
[6600]	training's rmse: 0.0609161	valid_1's rmse: 0.0946191
[6700]	training's rmse: 0.0605299	valid_1's rmse: 0.0945671
[6800]	training's rmse: 0.0601466	valid_1's rmse: 0.094518
[6900]	training's rmse: 0.05979	valid_1's rmse: 0.0944685
[7000]	training's rmse: 0.0594269	valid_1's rmse: 0.0944293
[7100]	training's rmse: 0.0590715	valid_1's rmse: 0.0943679
[7200]	training's rmse: 0.0587152	valid_1's rmse: 0.0943145
[7300]	training's rmse: 0.0583607	valid_1's rmse: 0.094266
[7400]	training's rmse: 0.0580069	valid_1's rmse: 0.0942302
[7500]	training's rmse: 0.0576655	valid_1's rmse: 0.0941885
[7600]	training's rmse: 0.0573185	valid_1's rmse: 0.0941458
[7700]	training's rmse: 0.0569755	valid_1's rmse: 0.0941029
[7800]	training's rmse: 0.0566394	valid_1's rmse: 0.0940706
[7900]	training's rmse: 0.0563114	valid_1's rmse: 0.0940165
[8000]	training's rmse: 0.0559805	valid_1's rmse: 0.0939796
[8100]	training's rmse: 0.0556539	valid_1's rmse: 0.0939478
[8200]	training's rmse: 0.055339	valid_1's rmse: 0.0939145
[8300]	training's rmse: 0.0550323	valid_1's rmse: 0.093892
[8400]	training's rmse: 0.0547235	valid_1's rmse: 0.0938376
[8500]	training's rmse: 0.0544116	valid_1's rmse: 0.0938101
[8600]	training's rmse: 0.0541024	valid_1's rmse: 0.0937759
[8700]	training's rmse: 0.053801	valid_1's rmse: 0.0937449
[8800]	training's rmse: 0.0535042	valid_1's rmse: 0.093712
[8900]	training's rmse: 0.0532013	valid_1's rmse: 0.0937003
[9000]	training's rmse: 0.0529054	valid_1's rmse: 0.0936907
[9100]	training's rmse: 0.0526128	valid_1's rmse: 0.0936495
[9200]	training's rmse: 0.0523227	valid_1's rmse: 0.0936236
[9300]	training's rmse: 0.0520344	valid_1's rmse: 0.0935984
[9400]	training's rmse: 0.051747	valid_1's rmse: 0.0935597
[9500]	training's rmse: 0.0514557	valid_1's rmse: 0.0935207
[9600]	training's rmse: 0.0511764	valid_1's rmse: 0.0934929
[9700]	training's rmse: 0.0508986	valid_1's rmse: 0.0934611
[9800]	training's rmse: 0.0506296	valid_1's rmse: 0.0934352
[9900]	training's rmse: 0.0503528	valid_1's rmse: 0.0934036
[10000]	training's rmse: 0.0500931	valid_1's rmse: 0.0933785
##### feature importance #####
                        importance
feature                           
area                 105908.919394
districts             34571.330194
age_year              11369.274871
洗面台独立                  8119.936306
システムキッチン               5454.731615
structure              4191.791361
floor_building         3485.723821
浴室乾燥機\t                2870.148927
エレベーター                 2375.560551
mins_to_nearest_sta    1197.089065
floor_room             1171.941751
スーパー                    957.847506
コンビニ                    856.422786
温水洗浄便座                  593.360614
direction               591.088121
バス・トイレ別                 471.865571
床暖房                     262.906932
num_room                209.731012
コンロ3口                   202.579291
追焚機能                    201.362797
室内洗濯機置場                 188.598871
ドラッグストア                 180.862889
contract_period         171.306742
fixed_term              152.895172
ウォークインクローゼット            149.437408
bicycle_parking         149.185900
シャワー                    145.662995
car_parking             119.561565
病院                      117.721401
公園                      116.427474
BSアンテナ                  111.636897
バルコニー                   108.731597
CATV                    100.822837
都市ガス                     99.090383
飲食店                      98.282377
脱衣所                      96.258623
郵便局                      95.439242
光ファイバー                   95.064648
フローリング                   91.031549
給湯                       88.781566
大学                       84.655594
小学校                      81.158351
CSアンテナ                   78.748779
インターネット対応                74.996300
コンロ2口                    73.283891
タイル張り                    70.639677
bike_parking             70.534900
IHコンロ                    70.262604
敷地内ごみ置き場                 69.144018
プロパンガス                   69.053981
[100]	training's rmse: 0.221908	valid_1's rmse: 0.220662
[200]	training's rmse: 0.144664	valid_1's rmse: 0.143688
[300]	training's rmse: 0.120708	valid_1's rmse: 0.120999
[400]	training's rmse: 0.112212	valid_1's rmse: 0.11405
[500]	training's rmse: 0.107811	valid_1's rmse: 0.11103
[600]	training's rmse: 0.10494	valid_1's rmse: 0.109221
[700]	training's rmse: 0.102581	valid_1's rmse: 0.107762
[800]	training's rmse: 0.100609	valid_1's rmse: 0.106614
[900]	training's rmse: 0.0988447	valid_1's rmse: 0.10562
[1000]	training's rmse: 0.097293	valid_1's rmse: 0.104888
[1100]	training's rmse: 0.0958103	valid_1's rmse: 0.104165
[1200]	training's rmse: 0.0944414	valid_1's rmse: 0.103552
[1300]	training's rmse: 0.0932142	valid_1's rmse: 0.103051
[1400]	training's rmse: 0.0920004	valid_1's rmse: 0.102549
[1500]	training's rmse: 0.0908734	valid_1's rmse: 0.102142
[1600]	training's rmse: 0.0897985	valid_1's rmse: 0.101781
[1700]	training's rmse: 0.0888071	valid_1's rmse: 0.101443
[1800]	training's rmse: 0.0878276	valid_1's rmse: 0.101105
[1900]	training's rmse: 0.0868815	valid_1's rmse: 0.100782
[2000]	training's rmse: 0.085974	valid_1's rmse: 0.10045
[2100]	training's rmse: 0.0851168	valid_1's rmse: 0.100172
[2200]	training's rmse: 0.084306	valid_1's rmse: 0.0998881
[2300]	training's rmse: 0.0834873	valid_1's rmse: 0.0996386
[2400]	training's rmse: 0.0827066	valid_1's rmse: 0.0994194
[2500]	training's rmse: 0.0819319	valid_1's rmse: 0.0992167
[2600]	training's rmse: 0.081201	valid_1's rmse: 0.0990517
[2700]	training's rmse: 0.0804778	valid_1's rmse: 0.0988684
[2800]	training's rmse: 0.0797517	valid_1's rmse: 0.0986841
[2900]	training's rmse: 0.0790681	valid_1's rmse: 0.0985078
[3000]	training's rmse: 0.0783772	valid_1's rmse: 0.0983449
[3100]	training's rmse: 0.0777161	valid_1's rmse: 0.0981766
[3200]	training's rmse: 0.0770726	valid_1's rmse: 0.0980113
[3300]	training's rmse: 0.0764426	valid_1's rmse: 0.0978646
[3400]	training's rmse: 0.0758166	valid_1's rmse: 0.0977317
[3500]	training's rmse: 0.0752087	valid_1's rmse: 0.0975877
[3600]	training's rmse: 0.0746011	valid_1's rmse: 0.0974466
[3700]	training's rmse: 0.0740075	valid_1's rmse: 0.0973096
[3800]	training's rmse: 0.0734405	valid_1's rmse: 0.0971902
[3900]	training's rmse: 0.0728675	valid_1's rmse: 0.097074
[4000]	training's rmse: 0.0723229	valid_1's rmse: 0.0969619
[4100]	training's rmse: 0.0717836	valid_1's rmse: 0.0968625
[4200]	training's rmse: 0.0712521	valid_1's rmse: 0.0967755
[4300]	training's rmse: 0.0707354	valid_1's rmse: 0.0966838
[4400]	training's rmse: 0.0702229	valid_1's rmse: 0.0965792
[4500]	training's rmse: 0.0697198	valid_1's rmse: 0.0964978
[4600]	training's rmse: 0.0692244	valid_1's rmse: 0.0964211
[4700]	training's rmse: 0.0687386	valid_1's rmse: 0.0963372
[4800]	training's rmse: 0.0682588	valid_1's rmse: 0.0962656
[4900]	training's rmse: 0.0677816	valid_1's rmse: 0.0961789
[5000]	training's rmse: 0.0673038	valid_1's rmse: 0.0961171
[5100]	training's rmse: 0.0668404	valid_1's rmse: 0.0960481
[5200]	training's rmse: 0.0663801	valid_1's rmse: 0.0959645
[5300]	training's rmse: 0.0659291	valid_1's rmse: 0.0958981
[5400]	training's rmse: 0.0654873	valid_1's rmse: 0.0958362
[5500]	training's rmse: 0.065058	valid_1's rmse: 0.0957803
[5600]	training's rmse: 0.0646278	valid_1's rmse: 0.0957089
[5700]	training's rmse: 0.0642105	valid_1's rmse: 0.0956561
[5800]	training's rmse: 0.0637896	valid_1's rmse: 0.0955824
[5900]	training's rmse: 0.0633836	valid_1's rmse: 0.0955139
[6000]	training's rmse: 0.0629717	valid_1's rmse: 0.0954504
[6100]	training's rmse: 0.0625539	valid_1's rmse: 0.0953824
[6200]	training's rmse: 0.0621568	valid_1's rmse: 0.0953174
[6300]	training's rmse: 0.0617571	valid_1's rmse: 0.0952562
[6400]	training's rmse: 0.0613661	valid_1's rmse: 0.0952179
[6500]	training's rmse: 0.0609851	valid_1's rmse: 0.0951715
[6600]	training's rmse: 0.0606123	valid_1's rmse: 0.0951408
[6700]	training's rmse: 0.0602285	valid_1's rmse: 0.0951042
[6800]	training's rmse: 0.0598604	valid_1's rmse: 0.0950564
[6900]	training's rmse: 0.0594891	valid_1's rmse: 0.0950213
[7000]	training's rmse: 0.0591295	valid_1's rmse: 0.0949866
[7100]	training's rmse: 0.058773	valid_1's rmse: 0.0949421
[7200]	training's rmse: 0.0584274	valid_1's rmse: 0.0948937
[7300]	training's rmse: 0.0580687	valid_1's rmse: 0.0948645
[7400]	training's rmse: 0.0577309	valid_1's rmse: 0.0948155
[7500]	training's rmse: 0.0573851	valid_1's rmse: 0.0947603
[7600]	training's rmse: 0.0570548	valid_1's rmse: 0.094722
[7700]	training's rmse: 0.0567224	valid_1's rmse: 0.0946727
[7800]	training's rmse: 0.0563983	valid_1's rmse: 0.0946204
[7900]	training's rmse: 0.0560748	valid_1's rmse: 0.0945739
[8000]	training's rmse: 0.0557545	valid_1's rmse: 0.0945565
[8100]	training's rmse: 0.0554347	valid_1's rmse: 0.0945126
[8200]	training's rmse: 0.0551111	valid_1's rmse: 0.0944847
[8300]	training's rmse: 0.0547966	valid_1's rmse: 0.0944723
[8400]	training's rmse: 0.0544943	valid_1's rmse: 0.0944369
[8500]	training's rmse: 0.0541782	valid_1's rmse: 0.0944186
[8600]	training's rmse: 0.0538669	valid_1's rmse: 0.0943893
[8700]	training's rmse: 0.053561	valid_1's rmse: 0.0943555
[8800]	training's rmse: 0.053259	valid_1's rmse: 0.0943161
[8900]	training's rmse: 0.0529685	valid_1's rmse: 0.0942804
[9000]	training's rmse: 0.0526674	valid_1's rmse: 0.0942395
[9100]	training's rmse: 0.0523811	valid_1's rmse: 0.0942184
[9200]	training's rmse: 0.0520856	valid_1's rmse: 0.0941938
[9300]	training's rmse: 0.0518049	valid_1's rmse: 0.094167
[9400]	training's rmse: 0.051524	valid_1's rmse: 0.0941496
[9500]	training's rmse: 0.0512369	valid_1's rmse: 0.0941292
[9600]	training's rmse: 0.0509508	valid_1's rmse: 0.0940983
[9700]	training's rmse: 0.0506832	valid_1's rmse: 0.0940732
[9800]	training's rmse: 0.050406	valid_1's rmse: 0.0940632
[9900]	training's rmse: 0.0501412	valid_1's rmse: 0.0940476
[10000]	training's rmse: 0.0498738	valid_1's rmse: 0.0940262
##### feature importance #####
                        importance
feature                           
area                 103207.010230
districts             34059.520719
age_year              12164.591405
洗面台独立                  9114.459560
システムキッチン               5628.869149
structure              4236.601972
floor_building         3219.282617
浴室乾燥機\t                2910.630949
エレベーター                 2529.075466
mins_to_nearest_sta    1247.390309
floor_room             1173.911101
スーパー                    966.695770
コンビニ                    910.456171
direction               619.627132
バス・トイレ別                 486.470171
温水洗浄便座                  441.338315
床暖房                     380.233398
num_room                215.421168
ウォークインクローゼット            205.613842
contract_period         191.675065
fixed_term              175.626664
ドラッグストア                 172.250837
追焚機能                    169.528208
室内洗濯機置場                 167.205280
bicycle_parking         159.873084
コンロ3口                   143.110439
病院                      134.115050
car_parking             133.501302
シャワー                    125.611573
公園                      111.917614
郵便局                     106.024813
光ファイバー                  104.638842
BSアンテナ                  104.336972
バルコニー                   101.302738
CATV                     99.007409
都市ガス                     98.310536
コンロ2口                    97.990719
エアコン付                    91.371542
小学校                      91.022174
飲食店                      90.869384
CSアンテナ                   80.675224
大学                       78.898973
IHコンロ                    77.758752
bike_parking             77.511299
フローリング                   76.467748
敷地内ごみ置き場                 75.558439
給湯                       74.283649
24時間換気システム               72.987783
タイル張り                    71.307850
プロパンガス                   70.054240
[100]	training's rmse: 0.22145	valid_1's rmse: 0.228224
[200]	training's rmse: 0.144014	valid_1's rmse: 0.151052
[300]	training's rmse: 0.120001	valid_1's rmse: 0.126798
[400]	training's rmse: 0.111408	valid_1's rmse: 0.118613
[500]	training's rmse: 0.107055	valid_1's rmse: 0.114968
[600]	training's rmse: 0.104167	valid_1's rmse: 0.1129
[700]	training's rmse: 0.101867	valid_1's rmse: 0.111483
[800]	training's rmse: 0.099901	valid_1's rmse: 0.110376
[900]	training's rmse: 0.0982129	valid_1's rmse: 0.109477
[1000]	training's rmse: 0.0966844	valid_1's rmse: 0.10868
[1100]	training's rmse: 0.0952828	valid_1's rmse: 0.107921
[1200]	training's rmse: 0.0939799	valid_1's rmse: 0.107319
[1300]	training's rmse: 0.0926928	valid_1's rmse: 0.10672
[1400]	training's rmse: 0.0915279	valid_1's rmse: 0.106198
[1500]	training's rmse: 0.0904143	valid_1's rmse: 0.10577
[1600]	training's rmse: 0.0893804	valid_1's rmse: 0.105334
[1700]	training's rmse: 0.0883707	valid_1's rmse: 0.104965
[1800]	training's rmse: 0.0874147	valid_1's rmse: 0.104648
[1900]	training's rmse: 0.086479	valid_1's rmse: 0.10431
[2000]	training's rmse: 0.0855773	valid_1's rmse: 0.103976
[2100]	training's rmse: 0.0847127	valid_1's rmse: 0.10368
[2200]	training's rmse: 0.083882	valid_1's rmse: 0.103412
[2300]	training's rmse: 0.0830722	valid_1's rmse: 0.103136
[2400]	training's rmse: 0.0822966	valid_1's rmse: 0.102915
[2500]	training's rmse: 0.0815294	valid_1's rmse: 0.102669
[2600]	training's rmse: 0.0807914	valid_1's rmse: 0.102476
[2700]	training's rmse: 0.080077	valid_1's rmse: 0.102276
[2800]	training's rmse: 0.0793887	valid_1's rmse: 0.102086
[2900]	training's rmse: 0.0787135	valid_1's rmse: 0.101903
[3000]	training's rmse: 0.0780461	valid_1's rmse: 0.101674
[3100]	training's rmse: 0.0773985	valid_1's rmse: 0.10152
[3200]	training's rmse: 0.0767745	valid_1's rmse: 0.101356
[3300]	training's rmse: 0.0761273	valid_1's rmse: 0.101201
[3400]	training's rmse: 0.0755084	valid_1's rmse: 0.101056
[3500]	training's rmse: 0.0749079	valid_1's rmse: 0.100886
[3600]	training's rmse: 0.0743106	valid_1's rmse: 0.100729
[3700]	training's rmse: 0.0737397	valid_1's rmse: 0.10059
[3800]	training's rmse: 0.0731632	valid_1's rmse: 0.100448
[3900]	training's rmse: 0.0725979	valid_1's rmse: 0.100334
[4000]	training's rmse: 0.0720696	valid_1's rmse: 0.10024
[4100]	training's rmse: 0.0715258	valid_1's rmse: 0.100125
[4200]	training's rmse: 0.0710078	valid_1's rmse: 0.100028
[4300]	training's rmse: 0.0704993	valid_1's rmse: 0.0999159
[4400]	training's rmse: 0.0699985	valid_1's rmse: 0.0998146
[4500]	training's rmse: 0.0695055	valid_1's rmse: 0.0997151
[4600]	training's rmse: 0.0690206	valid_1's rmse: 0.0996328
[4700]	training's rmse: 0.0685356	valid_1's rmse: 0.0995439
[4800]	training's rmse: 0.0680488	valid_1's rmse: 0.0994315
[4900]	training's rmse: 0.0675807	valid_1's rmse: 0.0993536
[5000]	training's rmse: 0.067117	valid_1's rmse: 0.099262
[5100]	training's rmse: 0.0666576	valid_1's rmse: 0.0991907
[5200]	training's rmse: 0.0662059	valid_1's rmse: 0.0991078
[5300]	training's rmse: 0.0657675	valid_1's rmse: 0.099016
[5400]	training's rmse: 0.0653353	valid_1's rmse: 0.0989492
[5500]	training's rmse: 0.0649036	valid_1's rmse: 0.0988821
[5600]	training's rmse: 0.0644803	valid_1's rmse: 0.0988245
[5700]	training's rmse: 0.0640567	valid_1's rmse: 0.098777
[5800]	training's rmse: 0.0636445	valid_1's rmse: 0.0987031
[5900]	training's rmse: 0.0632318	valid_1's rmse: 0.0986378
[6000]	training's rmse: 0.0628148	valid_1's rmse: 0.0985753
[6100]	training's rmse: 0.0624162	valid_1's rmse: 0.0985189
[6200]	training's rmse: 0.0620205	valid_1's rmse: 0.098447
[6300]	training's rmse: 0.0616383	valid_1's rmse: 0.0983941
[6400]	training's rmse: 0.0612521	valid_1's rmse: 0.0983499
[6500]	training's rmse: 0.0608714	valid_1's rmse: 0.098313
[6600]	training's rmse: 0.0604867	valid_1's rmse: 0.0982656
[6700]	training's rmse: 0.0601205	valid_1's rmse: 0.098216
[6800]	training's rmse: 0.0597505	valid_1's rmse: 0.0981592
[6900]	training's rmse: 0.059386	valid_1's rmse: 0.0981065
[7000]	training's rmse: 0.0590227	valid_1's rmse: 0.0980422
[7100]	training's rmse: 0.0586797	valid_1's rmse: 0.0979804
[7200]	training's rmse: 0.0583231	valid_1's rmse: 0.0979165
[7300]	training's rmse: 0.0579723	valid_1's rmse: 0.0978825
[7400]	training's rmse: 0.0576281	valid_1's rmse: 0.0978394
[7500]	training's rmse: 0.0572899	valid_1's rmse: 0.0977931
[7600]	training's rmse: 0.0569514	valid_1's rmse: 0.0977389
[7700]	training's rmse: 0.0566199	valid_1's rmse: 0.0976953
[7800]	training's rmse: 0.0562921	valid_1's rmse: 0.0976477
[7900]	training's rmse: 0.0559642	valid_1's rmse: 0.0976113
[8000]	training's rmse: 0.055638	valid_1's rmse: 0.0975677
[8100]	training's rmse: 0.0553229	valid_1's rmse: 0.097526
[8200]	training's rmse: 0.055005	valid_1's rmse: 0.0974742
[8300]	training's rmse: 0.0546902	valid_1's rmse: 0.0974166
[8400]	training's rmse: 0.0543787	valid_1's rmse: 0.097382
[8500]	training's rmse: 0.0540618	valid_1's rmse: 0.0973425
[8600]	training's rmse: 0.0537577	valid_1's rmse: 0.0973047
[8700]	training's rmse: 0.0534527	valid_1's rmse: 0.0972725
[8800]	training's rmse: 0.0531536	valid_1's rmse: 0.0972308
[8900]	training's rmse: 0.0528487	valid_1's rmse: 0.0972105
[9000]	training's rmse: 0.0525548	valid_1's rmse: 0.0971734
[9100]	training's rmse: 0.0522597	valid_1's rmse: 0.0971429
[9200]	training's rmse: 0.0519683	valid_1's rmse: 0.0971011
[9300]	training's rmse: 0.0516796	valid_1's rmse: 0.0970625
[9400]	training's rmse: 0.051393	valid_1's rmse: 0.0970361
[9500]	training's rmse: 0.0511182	valid_1's rmse: 0.0970006
[9600]	training's rmse: 0.0508451	valid_1's rmse: 0.096979
[9700]	training's rmse: 0.0505669	valid_1's rmse: 0.0969441
[9800]	training's rmse: 0.0502991	valid_1's rmse: 0.0969013
[9900]	training's rmse: 0.0500312	valid_1's rmse: 0.0968759
[10000]	training's rmse: 0.0497669	valid_1's rmse: 0.0968425
##### feature importance #####
                        importance
feature                           
area                 104093.955621
districts             33658.499243
age_year              12418.297220
洗面台独立                  8525.708631
システムキッチン               5558.873356
structure              4256.159471
floor_building         3574.405578
浴室乾燥機\t                2393.470062
エレベーター                 2057.400563
mins_to_nearest_sta    1298.403056
floor_room             1141.145089
スーパー                    934.016822
コンビニ                    864.474856
direction               596.514060
温水洗浄便座                  551.540043
バス・トイレ別                 445.587611
床暖房                     343.776717
num_room                232.271657
コンロ3口                   216.637772
ドラッグストア                 197.417543
室内洗濯機置場                 171.251945
追焚機能                    161.645850
contract_period         159.442723
fixed_term              157.233904
シャワー                    153.456075
bicycle_parking         144.989753
病院                      138.463066
ウォークインクローゼット            136.484042
car_parking             126.715047
公園                      112.141361
CATV                    106.224512
光ファイバー                  105.567219
給湯                      101.591504
飲食店                     100.847776
BSアンテナ                   99.426979
フローリング                   95.583303
郵便局                      94.194284
バルコニー                    93.511463
コンロ2口                    93.030424
脱衣所                      89.572036
都市ガス                     87.947494
CSアンテナ                   87.877846
小学校                      85.878992
大学                       83.655332
インターネット使用料無料             75.818940
インターネット対応                75.588413
タイル張り                    72.263943
プロパンガス                   70.695053
bike_parking             70.324212
IHコンロ                    69.526803
5fold CV score: 22619.72091263542
