./logs/model_logs/NN_1.log
Using features:['index' 'district' 'layout' 'direction' 'structure' 'lati' 'long'
 'min_to_nearest_sta' 'num_sta' 'つくばエクスプレス' '中央線' '丸ノ内線' '京急本線' '京急空港線'
 '京成押上線' '京成本線' '京成金町線' '京浜東北線' '京王井の頭線' '京王新線' '京王線' '京葉線' '副都心線' '千代田線'
 '半蔵門線' '南北線' '埼京線' '小田急小田原線' '山手線' '常磐線' '日暮里舎人ライナー' '日比谷線' '有楽町線'
 '東急世田谷線' '東急多摩川線' '東急大井町線' '東急東横線' '東急池上線' '東急田園都市線' '東急目黒線'
 '東武スカイツリーライン' '東武亀戸線' '東武大師線' '東武東上線' '東西線' '総武本線' '総武線' '西武新宿線' '西武池袋線'
 '都営三田線' '都営大江戸線' '都営新宿線' '都営浅草線' '都電荒川線' '銀座線' 'お花茶屋駅' '一之江駅' '三ノ輪駅'
 '三軒茶屋駅' '下板橋駅' '中板橋駅' '中目黒駅' '中野坂上駅' '中野駅' '亀有駅' '五反野駅' '京急蒲田駅' '代田橋駅'
 '住吉駅' '入谷駅' '八丁堀駅' '八幡山駅' '勝どき駅' '北千住駅' '北綾瀬駅' '千歳烏山駅' '大井町駅' '大塚駅' '大山駅'
 '大森駅' '大泉学園駅' '学芸大学駅' '巣鴨駅' '広尾駅' '恵比寿駅' '押上駅' '新中野駅' '新江古田駅' '新高円寺駅'
 '方南町駅' '月島駅' '木場駅' '東十条駅' '東高円寺駅' '板橋区役所前駅' '板橋本町駅' '板橋駅' '桜新町駅' '梅島駅'
 '武蔵小山駅' '江戸川橋駅' '池尻大橋駅' '池袋駅' '浅草駅' '清澄白河駅' '王子駅' '瑞江駅' '用賀駅' '白金高輪駅'
 '目黒駅' '祐天寺駅' '祖師ケ谷大蔵駅' '神楽坂駅' '笹塚駅' '築地駅' '篠崎駅' '綾瀬駅' '練馬駅' '自由が丘駅'
 '芦花公園駅' '荻窪駅' '菊川駅' '葛西駅' '蒲田駅' '西大島駅' '西新井駅' '西葛西駅' '要町駅' '赤羽駅' '越中島駅'
 '都立大学駅' '門前仲町駅' '青井駅' '駒沢大学駅' '高円寺駅' '麻布十番駅' 'is_K' 'is_R' 'is_L' 'is_D'
 'is_S' 'num_room' 'age_year' 'age_month' 'age_in_months' 'has_N' 'has_S'
 'has_E' 'has_W' 'area' 'area_per_room' 'has_underground' 'room_floor'
 'building_floor' 'floor_ratio' 'シャワー' 'バスなし' 'バス・トイレ別' '共同トイレ' '共同バス'
 '専用トイレ' '専用バス' '洗面台独立' '浴室乾燥機' '温水洗浄便座' '脱衣所' '追焚機能' 'IHコンロ' 'L字キッチン'
 'カウンターキッチン' 'ガスコンロ' 'コンロ1口' 'コンロ2口' 'コンロ3口' 'コンロ4口以上' 'コンロ設置可（コンロ1口）'
 'コンロ設置可（コンロ2口）' 'コンロ設置可（コンロ3口）' 'コンロ設置可（コンロ4口以上）' 'コンロ設置可（口数不明）'
 'システムキッチン' '冷蔵庫あり' '独立キッチン' '給湯' '電気コンロ' 'BSアンテナ' 'CATV' 'CSアンテナ'
 'インターネット使用料無料' 'インターネット対応' '光ファイバー' '有線放送' '高速インターネット' '24時間換気システム'
 '2面採光' '3面採光' 'ウォークインクローゼット' 'エアコン付' 'エレベーター' 'オール電化' 'ガスその他' 'ガス暖房'
 'クッションフロア' 'シューズボックス' 'タイル張り' 'トランクルーム' 'バリアフリー' 'バルコニー' 'フローリング'
 'プロパンガス' 'ペアガラス' 'ルーフバルコニー' 'ロフト付き' '下水' '二世帯住宅' '二重サッシ' '井戸' '公営水道' '冷房'
 '出窓' '地下室' '室内洗濯機置場' '室外洗濯機置場' '専用庭' '床下収納' '床暖房' '排水その他' '敷地内ごみ置き場'
 '水道その他' '汲み取り' '洗濯機置場なし' '浄化槽' '石油暖房' '都市ガス' '防音室' 'bicycle_parking'
 'car_parking' 'bike_parking' 'デパート' '公園' '郵便局' 'コインパーキング' '学校' '図書館'
 '飲食店' '月極駐車場' '銀行' '小学校' 'ドラッグストア' 'レンタルビデオ' '病院' '総合病院' 'コンビニ' '大学'
 '幼稚園・保育園' 'スーパー' 'クリーニング' 'fixed_term' 'contract_period_year'
 'contract_period_month' 'contract_period_in_months']
./logs/model_logs/NN_1.log
Using features:['index' 'district' 'layout' 'direction' 'structure' 'lati' 'long'
 'min_to_nearest_sta' 'num_sta' 'つくばエクスプレス' '中央線' '丸ノ内線' '京急本線' '京急空港線'
 '京成押上線' '京成本線' '京成金町線' '京浜東北線' '京王井の頭線' '京王新線' '京王線' '京葉線' '副都心線' '千代田線'
 '半蔵門線' '南北線' '埼京線' '小田急小田原線' '山手線' '常磐線' '日暮里舎人ライナー' '日比谷線' '有楽町線'
 '東急世田谷線' '東急多摩川線' '東急大井町線' '東急東横線' '東急池上線' '東急田園都市線' '東急目黒線'
 '東武スカイツリーライン' '東武亀戸線' '東武大師線' '東武東上線' '東西線' '総武本線' '総武線' '西武新宿線' '西武池袋線'
 '都営三田線' '都営大江戸線' '都営新宿線' '都営浅草線' '都電荒川線' '銀座線' 'お花茶屋駅' '一之江駅' '三ノ輪駅'
 '三軒茶屋駅' '下板橋駅' '中板橋駅' '中目黒駅' '中野坂上駅' '中野駅' '亀有駅' '五反野駅' '京急蒲田駅' '代田橋駅'
 '住吉駅' '入谷駅' '八丁堀駅' '八幡山駅' '勝どき駅' '北千住駅' '北綾瀬駅' '千歳烏山駅' '大井町駅' '大塚駅' '大山駅'
 '大森駅' '大泉学園駅' '学芸大学駅' '巣鴨駅' '広尾駅' '恵比寿駅' '押上駅' '新中野駅' '新江古田駅' '新高円寺駅'
 '方南町駅' '月島駅' '木場駅' '東十条駅' '東高円寺駅' '板橋区役所前駅' '板橋本町駅' '板橋駅' '桜新町駅' '梅島駅'
 '武蔵小山駅' '江戸川橋駅' '池尻大橋駅' '池袋駅' '浅草駅' '清澄白河駅' '王子駅' '瑞江駅' '用賀駅' '白金高輪駅'
 '目黒駅' '祐天寺駅' '祖師ケ谷大蔵駅' '神楽坂駅' '笹塚駅' '築地駅' '篠崎駅' '綾瀬駅' '練馬駅' '自由が丘駅'
 '芦花公園駅' '荻窪駅' '菊川駅' '葛西駅' '蒲田駅' '西大島駅' '西新井駅' '西葛西駅' '要町駅' '赤羽駅' '越中島駅'
 '都立大学駅' '門前仲町駅' '青井駅' '駒沢大学駅' '高円寺駅' '麻布十番駅' 'is_K' 'is_R' 'is_L' 'is_D'
 'is_S' 'num_room' 'age_year' 'age_month' 'age_in_months' 'has_N' 'has_S'
 'has_E' 'has_W' 'area' 'area_per_room' 'has_underground' 'room_floor'
 'building_floor' 'floor_ratio' 'シャワー' 'バスなし' 'バス・トイレ別' '共同トイレ' '共同バス'
 '専用トイレ' '専用バス' '洗面台独立' '浴室乾燥機' '温水洗浄便座' '脱衣所' '追焚機能' 'IHコンロ' 'L字キッチン'
 'カウンターキッチン' 'ガスコンロ' 'コンロ1口' 'コンロ2口' 'コンロ3口' 'コンロ4口以上' 'コンロ設置可（コンロ1口）'
 'コンロ設置可（コンロ2口）' 'コンロ設置可（コンロ3口）' 'コンロ設置可（コンロ4口以上）' 'コンロ設置可（口数不明）'
 'システムキッチン' '冷蔵庫あり' '独立キッチン' '給湯' '電気コンロ' 'BSアンテナ' 'CATV' 'CSアンテナ'
 'インターネット使用料無料' 'インターネット対応' '光ファイバー' '有線放送' '高速インターネット' '24時間換気システム'
 '2面採光' '3面採光' 'ウォークインクローゼット' 'エアコン付' 'エレベーター' 'オール電化' 'ガスその他' 'ガス暖房'
 'クッションフロア' 'シューズボックス' 'タイル張り' 'トランクルーム' 'バリアフリー' 'バルコニー' 'フローリング'
 'プロパンガス' 'ペアガラス' 'ルーフバルコニー' 'ロフト付き' '下水' '二世帯住宅' '二重サッシ' '井戸' '公営水道' '冷房'
 '出窓' '地下室' '室内洗濯機置場' '室外洗濯機置場' '専用庭' '床下収納' '床暖房' '排水その他' '敷地内ごみ置き場'
 '水道その他' '汲み取り' '洗濯機置場なし' '浄化槽' '石油暖房' '都市ガス' '防音室' 'bicycle_parking'
 'car_parking' 'bike_parking' 'デパート' '公園' '郵便局' 'コインパーキング' '学校' '図書館'
 '飲食店' '月極駐車場' '銀行' '小学校' 'ドラッグストア' 'レンタルビデオ' '病院' '総合病院' 'コンビニ' '大学'
 '幼稚園・保育園' 'スーパー' 'クリーニング' 'fixed_term' 'contract_period_year'
 'contract_period_month' 'contract_period_in_months']
./logs/model_logs/NN_1.log
Using features:['index' 'district' 'layout' 'direction' 'structure' 'lati' 'long'
 'min_to_nearest_sta' 'num_sta' 'つくばエクスプレス' '中央線' '丸ノ内線' '京急本線' '京急空港線'
 '京成押上線' '京成本線' '京成金町線' '京浜東北線' '京王井の頭線' '京王新線' '京王線' '京葉線' '副都心線' '千代田線'
 '半蔵門線' '南北線' '埼京線' '小田急小田原線' '山手線' '常磐線' '日暮里舎人ライナー' '日比谷線' '有楽町線'
 '東急世田谷線' '東急多摩川線' '東急大井町線' '東急東横線' '東急池上線' '東急田園都市線' '東急目黒線'
 '東武スカイツリーライン' '東武亀戸線' '東武大師線' '東武東上線' '東西線' '総武本線' '総武線' '西武新宿線' '西武池袋線'
 '都営三田線' '都営大江戸線' '都営新宿線' '都営浅草線' '都電荒川線' '銀座線' 'お花茶屋駅' '一之江駅' '三ノ輪駅'
 '三軒茶屋駅' '下板橋駅' '中板橋駅' '中目黒駅' '中野坂上駅' '中野駅' '亀有駅' '五反野駅' '京急蒲田駅' '代田橋駅'
 '住吉駅' '入谷駅' '八丁堀駅' '八幡山駅' '勝どき駅' '北千住駅' '北綾瀬駅' '千歳烏山駅' '大井町駅' '大塚駅' '大山駅'
 '大森駅' '大泉学園駅' '学芸大学駅' '巣鴨駅' '広尾駅' '恵比寿駅' '押上駅' '新中野駅' '新江古田駅' '新高円寺駅'
 '方南町駅' '月島駅' '木場駅' '東十条駅' '東高円寺駅' '板橋区役所前駅' '板橋本町駅' '板橋駅' '桜新町駅' '梅島駅'
 '武蔵小山駅' '江戸川橋駅' '池尻大橋駅' '池袋駅' '浅草駅' '清澄白河駅' '王子駅' '瑞江駅' '用賀駅' '白金高輪駅'
 '目黒駅' '祐天寺駅' '祖師ケ谷大蔵駅' '神楽坂駅' '笹塚駅' '築地駅' '篠崎駅' '綾瀬駅' '練馬駅' '自由が丘駅'
 '芦花公園駅' '荻窪駅' '菊川駅' '葛西駅' '蒲田駅' '西大島駅' '西新井駅' '西葛西駅' '要町駅' '赤羽駅' '越中島駅'
 '都立大学駅' '門前仲町駅' '青井駅' '駒沢大学駅' '高円寺駅' '麻布十番駅' 'is_K' 'is_R' 'is_L' 'is_D'
 'is_S' 'num_room' 'age_year' 'age_month' 'age_in_months' 'has_N' 'has_S'
 'has_E' 'has_W' 'area' 'area_per_room' 'has_underground' 'room_floor'
 'building_floor' 'floor_ratio' 'シャワー' 'バスなし' 'バス・トイレ別' '共同トイレ' '共同バス'
 '専用トイレ' '専用バス' '洗面台独立' '浴室乾燥機' '温水洗浄便座' '脱衣所' '追焚機能' 'IHコンロ' 'L字キッチン'
 'カウンターキッチン' 'ガスコンロ' 'コンロ1口' 'コンロ2口' 'コンロ3口' 'コンロ4口以上' 'コンロ設置可（コンロ1口）'
 'コンロ設置可（コンロ2口）' 'コンロ設置可（コンロ3口）' 'コンロ設置可（コンロ4口以上）' 'コンロ設置可（口数不明）'
 'システムキッチン' '冷蔵庫あり' '独立キッチン' '給湯' '電気コンロ' 'BSアンテナ' 'CATV' 'CSアンテナ'
 'インターネット使用料無料' 'インターネット対応' '光ファイバー' '有線放送' '高速インターネット' '24時間換気システム'
 '2面採光' '3面採光' 'ウォークインクローゼット' 'エアコン付' 'エレベーター' 'オール電化' 'ガスその他' 'ガス暖房'
 'クッションフロア' 'シューズボックス' 'タイル張り' 'トランクルーム' 'バリアフリー' 'バルコニー' 'フローリング'
 'プロパンガス' 'ペアガラス' 'ルーフバルコニー' 'ロフト付き' '下水' '二世帯住宅' '二重サッシ' '井戸' '公営水道' '冷房'
 '出窓' '地下室' '室内洗濯機置場' '室外洗濯機置場' '専用庭' '床下収納' '床暖房' '排水その他' '敷地内ごみ置き場'
 '水道その他' '汲み取り' '洗濯機置場なし' '浄化槽' '石油暖房' '都市ガス' '防音室' 'bicycle_parking'
 'car_parking' 'bike_parking' 'デパート' '公園' '郵便局' 'コインパーキング' '学校' '図書館'
 '飲食店' '月極駐車場' '銀行' '小学校' 'ドラッグストア' 'レンタルビデオ' '病院' '総合病院' 'コンビニ' '大学'
 '幼稚園・保育園' 'スーパー' 'クリーニング' 'fixed_term' 'contract_period_year'
 'contract_period_month' 'contract_period_in_months']
./logs/model_logs/NN_1.log
Using features:['index' 'district' 'layout' 'direction' 'structure' 'lati' 'long'
 'min_to_nearest_sta' 'num_sta' 'つくばエクスプレス' '中央線' '丸ノ内線' '京急本線' '京急空港線'
 '京成押上線' '京成本線' '京成金町線' '京浜東北線' '京王井の頭線' '京王新線' '京王線' '京葉線' '副都心線' '千代田線'
 '半蔵門線' '南北線' '埼京線' '小田急小田原線' '山手線' '常磐線' '日暮里舎人ライナー' '日比谷線' '有楽町線'
 '東急世田谷線' '東急多摩川線' '東急大井町線' '東急東横線' '東急池上線' '東急田園都市線' '東急目黒線'
 '東武スカイツリーライン' '東武亀戸線' '東武大師線' '東武東上線' '東西線' '総武本線' '総武線' '西武新宿線' '西武池袋線'
 '都営三田線' '都営大江戸線' '都営新宿線' '都営浅草線' '都電荒川線' '銀座線' 'お花茶屋駅' '一之江駅' '三ノ輪駅'
 '三軒茶屋駅' '下板橋駅' '中板橋駅' '中目黒駅' '中野坂上駅' '中野駅' '亀有駅' '五反野駅' '京急蒲田駅' '代田橋駅'
 '住吉駅' '入谷駅' '八丁堀駅' '八幡山駅' '勝どき駅' '北千住駅' '北綾瀬駅' '千歳烏山駅' '大井町駅' '大塚駅' '大山駅'
 '大森駅' '大泉学園駅' '学芸大学駅' '巣鴨駅' '広尾駅' '恵比寿駅' '押上駅' '新中野駅' '新江古田駅' '新高円寺駅'
 '方南町駅' '月島駅' '木場駅' '東十条駅' '東高円寺駅' '板橋区役所前駅' '板橋本町駅' '板橋駅' '桜新町駅' '梅島駅'
 '武蔵小山駅' '江戸川橋駅' '池尻大橋駅' '池袋駅' '浅草駅' '清澄白河駅' '王子駅' '瑞江駅' '用賀駅' '白金高輪駅'
 '目黒駅' '祐天寺駅' '祖師ケ谷大蔵駅' '神楽坂駅' '笹塚駅' '築地駅' '篠崎駅' '綾瀬駅' '練馬駅' '自由が丘駅'
 '芦花公園駅' '荻窪駅' '菊川駅' '葛西駅' '蒲田駅' '西大島駅' '西新井駅' '西葛西駅' '要町駅' '赤羽駅' '越中島駅'
 '都立大学駅' '門前仲町駅' '青井駅' '駒沢大学駅' '高円寺駅' '麻布十番駅' 'is_K' 'is_R' 'is_L' 'is_D'
 'is_S' 'num_room' 'age_year' 'age_month' 'age_in_months' 'has_N' 'has_S'
 'has_E' 'has_W' 'area' 'area_per_room' 'has_underground' 'room_floor'
 'building_floor' 'floor_ratio' 'シャワー' 'バスなし' 'バス・トイレ別' '共同トイレ' '共同バス'
 '専用トイレ' '専用バス' '洗面台独立' '浴室乾燥機' '温水洗浄便座' '脱衣所' '追焚機能' 'IHコンロ' 'L字キッチン'
 'カウンターキッチン' 'ガスコンロ' 'コンロ1口' 'コンロ2口' 'コンロ3口' 'コンロ4口以上' 'コンロ設置可（コンロ1口）'
 'コンロ設置可（コンロ2口）' 'コンロ設置可（コンロ3口）' 'コンロ設置可（コンロ4口以上）' 'コンロ設置可（口数不明）'
 'システムキッチン' '冷蔵庫あり' '独立キッチン' '給湯' '電気コンロ' 'BSアンテナ' 'CATV' 'CSアンテナ'
 'インターネット使用料無料' 'インターネット対応' '光ファイバー' '有線放送' '高速インターネット' '24時間換気システム'
 '2面採光' '3面採光' 'ウォークインクローゼット' 'エアコン付' 'エレベーター' 'オール電化' 'ガスその他' 'ガス暖房'
 'クッションフロア' 'シューズボックス' 'タイル張り' 'トランクルーム' 'バリアフリー' 'バルコニー' 'フローリング'
 'プロパンガス' 'ペアガラス' 'ルーフバルコニー' 'ロフト付き' '下水' '二世帯住宅' '二重サッシ' '井戸' '公営水道' '冷房'
 '出窓' '地下室' '室内洗濯機置場' '室外洗濯機置場' '専用庭' '床下収納' '床暖房' '排水その他' '敷地内ごみ置き場'
 '水道その他' '汲み取り' '洗濯機置場なし' '浄化槽' '石油暖房' '都市ガス' '防音室' 'bicycle_parking'
 'car_parking' 'bike_parking' 'デパート' '公園' '郵便局' 'コインパーキング' '学校' '図書館'
 '飲食店' '月極駐車場' '銀行' '小学校' 'ドラッグストア' 'レンタルビデオ' '病院' '総合病院' 'コンビニ' '大学'
 '幼稚園・保育園' 'スーパー' 'クリーニング' 'fixed_term' 'contract_period_year'
 'contract_period_month' 'contract_period_in_months']
./logs/model_logs/NN_1.log
Using features:['index' 'district' 'layout' 'direction' 'structure' 'lati' 'long'
 'min_to_nearest_sta' 'num_sta' 'つくばエクスプレス' '中央線' '丸ノ内線' '京急本線' '京急空港線'
 '京成押上線' '京成本線' '京成金町線' '京浜東北線' '京王井の頭線' '京王新線' '京王線' '京葉線' '副都心線' '千代田線'
 '半蔵門線' '南北線' '埼京線' '小田急小田原線' '山手線' '常磐線' '日暮里舎人ライナー' '日比谷線' '有楽町線'
 '東急世田谷線' '東急多摩川線' '東急大井町線' '東急東横線' '東急池上線' '東急田園都市線' '東急目黒線'
 '東武スカイツリーライン' '東武亀戸線' '東武大師線' '東武東上線' '東西線' '総武本線' '総武線' '西武新宿線' '西武池袋線'
 '都営三田線' '都営大江戸線' '都営新宿線' '都営浅草線' '都電荒川線' '銀座線' 'お花茶屋駅' '一之江駅' '三ノ輪駅'
 '三軒茶屋駅' '下板橋駅' '中板橋駅' '中目黒駅' '中野坂上駅' '中野駅' '亀有駅' '五反野駅' '京急蒲田駅' '代田橋駅'
 '住吉駅' '入谷駅' '八丁堀駅' '八幡山駅' '勝どき駅' '北千住駅' '北綾瀬駅' '千歳烏山駅' '大井町駅' '大塚駅' '大山駅'
 '大森駅' '大泉学園駅' '学芸大学駅' '巣鴨駅' '広尾駅' '恵比寿駅' '押上駅' '新中野駅' '新江古田駅' '新高円寺駅'
 '方南町駅' '月島駅' '木場駅' '東十条駅' '東高円寺駅' '板橋区役所前駅' '板橋本町駅' '板橋駅' '桜新町駅' '梅島駅'
 '武蔵小山駅' '江戸川橋駅' '池尻大橋駅' '池袋駅' '浅草駅' '清澄白河駅' '王子駅' '瑞江駅' '用賀駅' '白金高輪駅'
 '目黒駅' '祐天寺駅' '祖師ケ谷大蔵駅' '神楽坂駅' '笹塚駅' '築地駅' '篠崎駅' '綾瀬駅' '練馬駅' '自由が丘駅'
 '芦花公園駅' '荻窪駅' '菊川駅' '葛西駅' '蒲田駅' '西大島駅' '西新井駅' '西葛西駅' '要町駅' '赤羽駅' '越中島駅'
 '都立大学駅' '門前仲町駅' '青井駅' '駒沢大学駅' '高円寺駅' '麻布十番駅' 'is_K' 'is_R' 'is_L' 'is_D'
 'is_S' 'num_room' 'age_year' 'age_month' 'age_in_months' 'has_N' 'has_S'
 'has_E' 'has_W' 'area' 'area_per_room' 'has_underground' 'room_floor'
 'building_floor' 'floor_ratio' 'シャワー' 'バスなし' 'バス・トイレ別' '共同トイレ' '共同バス'
 '専用トイレ' '専用バス' '洗面台独立' '浴室乾燥機' '温水洗浄便座' '脱衣所' '追焚機能' 'IHコンロ' 'L字キッチン'
 'カウンターキッチン' 'ガスコンロ' 'コンロ1口' 'コンロ2口' 'コンロ3口' 'コンロ4口以上' 'コンロ設置可（コンロ1口）'
 'コンロ設置可（コンロ2口）' 'コンロ設置可（コンロ3口）' 'コンロ設置可（コンロ4口以上）' 'コンロ設置可（口数不明）'
 'システムキッチン' '冷蔵庫あり' '独立キッチン' '給湯' '電気コンロ' 'BSアンテナ' 'CATV' 'CSアンテナ'
 'インターネット使用料無料' 'インターネット対応' '光ファイバー' '有線放送' '高速インターネット' '24時間換気システム'
 '2面採光' '3面採光' 'ウォークインクローゼット' 'エアコン付' 'エレベーター' 'オール電化' 'ガスその他' 'ガス暖房'
 'クッションフロア' 'シューズボックス' 'タイル張り' 'トランクルーム' 'バリアフリー' 'バルコニー' 'フローリング'
 'プロパンガス' 'ペアガラス' 'ルーフバルコニー' 'ロフト付き' '下水' '二世帯住宅' '二重サッシ' '井戸' '公営水道' '冷房'
 '出窓' '地下室' '室内洗濯機置場' '室外洗濯機置場' '専用庭' '床下収納' '床暖房' '排水その他' '敷地内ごみ置き場'
 '水道その他' '汲み取り' '洗濯機置場なし' '浄化槽' '石油暖房' '都市ガス' '防音室' 'bicycle_parking'
 'car_parking' 'bike_parking' 'デパート' '公園' '郵便局' 'コインパーキング' '学校' '図書館'
 '飲食店' '月極駐車場' '銀行' '小学校' 'ドラッグストア' 'レンタルビデオ' '病院' '総合病院' 'コンビニ' '大学'
 '幼稚園・保育園' 'スーパー' 'クリーニング' 'fixed_term' 'contract_period_year'
 'contract_period_month' 'contract_period_in_months']
