./logs/model_logs/TEINEI_7.log
Using features:['district' 'min_to_nearest_sta' 'num_sta' 'つくばエクスプレス' '中央線' '丸ノ内線' '京急本線'
 '京急空港線' '京成押上線' '京成本線' '京成金町線' '京浜東北線' '京王井の頭線' '京王新線' '京王線' '京葉線' '副都心線'
 '千代田線' '半蔵門線' '南北線' '埼京線' '小田急小田原線' '山手線' '常磐線' '日暮里舎人ライナー' '日比谷線' '有楽町線'
 '東急世田谷線' '東急多摩川線' '東急大井町線' '東急東横線' '東急池上線' '東急田園都市線' '東急目黒線'
 '東武スカイツリーライン' '東武亀戸線' '東武大師線' '東武東上線' '東西線' '総武本線' '総武線' '西武新宿線' '西武池袋線'
 '都営三田線' '都営大江戸線' '都営新宿線' '都営浅草線' '都電荒川線' '銀座線' 'お花茶屋駅' '一之江駅' '三ノ輪駅'
 '三軒茶屋駅' '下板橋駅' '中板橋駅' '中目黒駅' '中野坂上駅' '中野駅' '亀有駅' '五反野駅' '京急蒲田駅' '代田橋駅'
 '住吉駅' '入谷駅' '八丁堀駅' '八幡山駅' '勝どき駅' '北千住駅' '北綾瀬駅' '千歳烏山駅' '大井町駅' '大塚駅' '大山駅'
 '大森駅' '大泉学園駅' '学芸大学駅' '巣鴨駅' '広尾駅' '恵比寿駅' '押上駅' '新中野駅' '新江古田駅' '新高円寺駅'
 '方南町駅' '月島駅' '木場駅' '東十条駅' '東高円寺駅' '板橋区役所前駅' '板橋本町駅' '板橋駅' '桜新町駅' '梅島駅'
 '武蔵小山駅' '江戸川橋駅' '池尻大橋駅' '池袋駅' '浅草駅' '清澄白河駅' '王子駅' '瑞江駅' '用賀駅' '白金高輪駅'
 '目黒駅' '祐天寺駅' '祖師ケ谷大蔵駅' '神楽坂駅' '笹塚駅' '築地駅' '篠崎駅' '綾瀬駅' '練馬駅' '自由が丘駅'
 '芦花公園駅' '荻窪駅' '菊川駅' '葛西駅' '蒲田駅' '西大島駅' '西新井駅' '西葛西駅' '要町駅' '赤羽駅' '越中島駅'
 '都立大学駅' '門前仲町駅' '青井駅' '駒沢大学駅' '高円寺駅' '麻布十番駅' 'layout' 'is_K' 'is_R'
 'is_L' 'is_D' 'is_S' 'num_room' 'age_year' 'age_month' 'age_in_months'
 'direction' 'has_N' 'has_S' 'has_E' 'has_W' 'area' 'area_per_room'
 'has_underground' 'room_floor' 'building_floor' 'floor_ratio' 'シャワー'
 'バスなし' 'バス・トイレ別' '共同トイレ' '共同バス' '専用トイレ' '専用バス' '洗面台独立' '浴室乾燥機' '温水洗浄便座'
 '脱衣所' '追焚機能' 'IHコンロ' 'L字キッチン' 'カウンターキッチン' 'ガスコンロ' 'コンロ1口' 'コンロ2口' 'コンロ3口'
 'コンロ4口以上' 'コンロ設置可（コンロ1口）' 'コンロ設置可（コンロ2口）' 'コンロ設置可（コンロ3口）'
 'コンロ設置可（コンロ4口以上）' 'コンロ設置可（口数不明）' 'システムキッチン' '冷蔵庫あり' '独立キッチン' '給湯' '電気コンロ'
 'BSアンテナ' 'CATV' 'CSアンテナ' 'インターネット使用料無料' 'インターネット対応' '光ファイバー' '有線放送'
 '高速インターネット' '24時間換気システム' '2面採光' '3面採光' 'ウォークインクローゼット' 'エアコン付' 'エレベーター'
 'オール電化' 'ガスその他' 'ガス暖房' 'クッションフロア' 'シューズボックス' 'タイル張り' 'トランクルーム' 'バリアフリー'
 'バルコニー' 'フローリング' 'プロパンガス' 'ペアガラス' 'ルーフバルコニー' 'ロフト付き' '下水' '二世帯住宅' '二重サッシ'
 '井戸' '公営水道' '冷房' '出窓' '地下室' '室内洗濯機置場' '室外洗濯機置場' '専用庭' '床下収納' '床暖房'
 '排水その他' '敷地内ごみ置き場' '水道その他' '汲み取り' '洗濯機置場なし' '浄化槽' '石油暖房' '都市ガス' '防音室'
 'bicycle_parking' 'car_parking' 'bike_parking' 'デパート' '公園' '郵便局'
 'コインパーキング' '学校' '図書館' '飲食店' '月極駐車場' '銀行' '小学校' 'ドラッグストア' 'レンタルビデオ' '病院'
 '総合病院' 'コンビニ' '大学' '幼稚園・保育園' 'スーパー' 'クリーニング' 'structure' 'fixed_term'
 'contract_period_year' 'contract_period_month'
 'contract_period_in_months']
[100]	training's rmse: 0.223969	valid_1's rmse: 0.221694
[200]	training's rmse: 0.145826	valid_1's rmse: 0.145265
[300]	training's rmse: 0.120735	valid_1's rmse: 0.120982
[400]	training's rmse: 0.111124	valid_1's rmse: 0.112176
[500]	training's rmse: 0.106173	valid_1's rmse: 0.10788
[600]	training's rmse: 0.103095	valid_1's rmse: 0.105351
[700]	training's rmse: 0.100717	valid_1's rmse: 0.10342
[800]	training's rmse: 0.0987902	valid_1's rmse: 0.10191
[900]	training's rmse: 0.0971724	valid_1's rmse: 0.100719
[1000]	training's rmse: 0.0958576	valid_1's rmse: 0.0997433
[1100]	training's rmse: 0.094617	valid_1's rmse: 0.0988467
[1200]	training's rmse: 0.0934655	valid_1's rmse: 0.0980792
[1300]	training's rmse: 0.0923716	valid_1's rmse: 0.0973272
[1400]	training's rmse: 0.0913935	valid_1's rmse: 0.0966693
[1500]	training's rmse: 0.0904808	valid_1's rmse: 0.0960748
[1600]	training's rmse: 0.0896056	valid_1's rmse: 0.0955255
[1700]	training's rmse: 0.0887314	valid_1's rmse: 0.0949523
[1800]	training's rmse: 0.0879256	valid_1's rmse: 0.0944648
[1900]	training's rmse: 0.087183	valid_1's rmse: 0.0940065
[2000]	training's rmse: 0.0864709	valid_1's rmse: 0.0935868
[2100]	training's rmse: 0.0858379	valid_1's rmse: 0.0932118
[2200]	training's rmse: 0.0852054	valid_1's rmse: 0.0928627
[2300]	training's rmse: 0.0846029	valid_1's rmse: 0.0925393
[2400]	training's rmse: 0.0839855	valid_1's rmse: 0.0922044
[2500]	training's rmse: 0.0834174	valid_1's rmse: 0.0918912
[2600]	training's rmse: 0.082853	valid_1's rmse: 0.0916041
[2700]	training's rmse: 0.0822902	valid_1's rmse: 0.0913272
[2800]	training's rmse: 0.0818051	valid_1's rmse: 0.0910569
[2900]	training's rmse: 0.0813255	valid_1's rmse: 0.0908211
[3000]	training's rmse: 0.0808215	valid_1's rmse: 0.0905651
[3100]	training's rmse: 0.0803476	valid_1's rmse: 0.0903383
[3200]	training's rmse: 0.0798435	valid_1's rmse: 0.0901024
[3300]	training's rmse: 0.0793459	valid_1's rmse: 0.0898655
[3400]	training's rmse: 0.0788226	valid_1's rmse: 0.0896185
[3500]	training's rmse: 0.0783693	valid_1's rmse: 0.0894042
[3600]	training's rmse: 0.0779088	valid_1's rmse: 0.0891943
[3700]	training's rmse: 0.0774447	valid_1's rmse: 0.0889702
[3800]	training's rmse: 0.0769779	valid_1's rmse: 0.0887414
[3900]	training's rmse: 0.076538	valid_1's rmse: 0.0885604
[4000]	training's rmse: 0.076153	valid_1's rmse: 0.088394
[4100]	training's rmse: 0.0757495	valid_1's rmse: 0.0882201
[4200]	training's rmse: 0.075354	valid_1's rmse: 0.0880473
[4300]	training's rmse: 0.0749509	valid_1's rmse: 0.0878843
[4400]	training's rmse: 0.07457	valid_1's rmse: 0.0877197
[4500]	training's rmse: 0.0742015	valid_1's rmse: 0.087575
[4600]	training's rmse: 0.0738257	valid_1's rmse: 0.0874262
[4700]	training's rmse: 0.0734293	valid_1's rmse: 0.0872817
[4800]	training's rmse: 0.0730541	valid_1's rmse: 0.0871428
[4900]	training's rmse: 0.0726913	valid_1's rmse: 0.0870068
[5000]	training's rmse: 0.0723177	valid_1's rmse: 0.0868889
[5100]	training's rmse: 0.0719532	valid_1's rmse: 0.0867748
[5200]	training's rmse: 0.071592	valid_1's rmse: 0.0866464
[5300]	training's rmse: 0.0712427	valid_1's rmse: 0.0865311
[5400]	training's rmse: 0.0709061	valid_1's rmse: 0.0864191
[5500]	training's rmse: 0.0705605	valid_1's rmse: 0.0863193
[5600]	training's rmse: 0.0702197	valid_1's rmse: 0.0861994
[5700]	training's rmse: 0.0698806	valid_1's rmse: 0.0860736
[5800]	training's rmse: 0.0695695	valid_1's rmse: 0.0859814
[5900]	training's rmse: 0.0692618	valid_1's rmse: 0.0858931
[6000]	training's rmse: 0.0689343	valid_1's rmse: 0.0857893
[6100]	training's rmse: 0.0686285	valid_1's rmse: 0.085698
[6200]	training's rmse: 0.06831	valid_1's rmse: 0.0856091
[6300]	training's rmse: 0.0679999	valid_1's rmse: 0.0855209
[6400]	training's rmse: 0.0677108	valid_1's rmse: 0.0854363
[6500]	training's rmse: 0.0674064	valid_1's rmse: 0.085369
[6600]	training's rmse: 0.0671163	valid_1's rmse: 0.085287
[6700]	training's rmse: 0.0668139	valid_1's rmse: 0.0852004
[6800]	training's rmse: 0.0665091	valid_1's rmse: 0.0850901
[6900]	training's rmse: 0.0662433	valid_1's rmse: 0.0850227
[7000]	training's rmse: 0.0659617	valid_1's rmse: 0.084943
[7100]	training's rmse: 0.0656828	valid_1's rmse: 0.0848657
[7200]	training's rmse: 0.0654068	valid_1's rmse: 0.0848045
[7300]	training's rmse: 0.0651293	valid_1's rmse: 0.0847329
[7400]	training's rmse: 0.0648514	valid_1's rmse: 0.084662
[7500]	training's rmse: 0.0645745	valid_1's rmse: 0.08459
[7600]	training's rmse: 0.0643068	valid_1's rmse: 0.0845269
[7700]	training's rmse: 0.064044	valid_1's rmse: 0.0844521
[7800]	training's rmse: 0.0637705	valid_1's rmse: 0.084385
[7900]	training's rmse: 0.0635209	valid_1's rmse: 0.0843263
[8000]	training's rmse: 0.0632641	valid_1's rmse: 0.0842567
[8100]	training's rmse: 0.0629968	valid_1's rmse: 0.0841863
[8200]	training's rmse: 0.0627478	valid_1's rmse: 0.0841341
[8300]	training's rmse: 0.0624809	valid_1's rmse: 0.0840638
[8400]	training's rmse: 0.0622366	valid_1's rmse: 0.0840139
[8500]	training's rmse: 0.061982	valid_1's rmse: 0.0839574
[8600]	training's rmse: 0.0617379	valid_1's rmse: 0.0839027
[8700]	training's rmse: 0.0615052	valid_1's rmse: 0.0838445
[8800]	training's rmse: 0.0612552	valid_1's rmse: 0.0837845
[8900]	training's rmse: 0.0610213	valid_1's rmse: 0.0837263
[9000]	training's rmse: 0.0607804	valid_1's rmse: 0.0836592
[9100]	training's rmse: 0.0605178	valid_1's rmse: 0.0836008
[9200]	training's rmse: 0.0602922	valid_1's rmse: 0.0835566
[9300]	training's rmse: 0.0600482	valid_1's rmse: 0.0834991
[9400]	training's rmse: 0.0598177	valid_1's rmse: 0.0834512
[9500]	training's rmse: 0.0595891	valid_1's rmse: 0.0834134
[9600]	training's rmse: 0.0593552	valid_1's rmse: 0.0833644
[9700]	training's rmse: 0.0591183	valid_1's rmse: 0.0833138
[9800]	training's rmse: 0.0588931	valid_1's rmse: 0.0832568
[9900]	training's rmse: 0.0586654	valid_1's rmse: 0.0832145
[10000]	training's rmse: 0.05844	valid_1's rmse: 0.0831623
[10100]	training's rmse: 0.0582183	valid_1's rmse: 0.0831099
[10200]	training's rmse: 0.0579866	valid_1's rmse: 0.0830686
[10300]	training's rmse: 0.0577658	valid_1's rmse: 0.0830264
[10400]	training's rmse: 0.0575558	valid_1's rmse: 0.0829994
[10500]	training's rmse: 0.0573363	valid_1's rmse: 0.0829501
[10600]	training's rmse: 0.0571219	valid_1's rmse: 0.0829104
[10700]	training's rmse: 0.0568857	valid_1's rmse: 0.0828721
[10800]	training's rmse: 0.0566797	valid_1's rmse: 0.0828331
[10900]	training's rmse: 0.0564647	valid_1's rmse: 0.0827921
[11000]	training's rmse: 0.0562624	valid_1's rmse: 0.082758
[11100]	training's rmse: 0.0560438	valid_1's rmse: 0.0827357
[11200]	training's rmse: 0.0558289	valid_1's rmse: 0.0826903
[11300]	training's rmse: 0.0556302	valid_1's rmse: 0.0826416
[11400]	training's rmse: 0.055418	valid_1's rmse: 0.0826062
[11500]	training's rmse: 0.0552116	valid_1's rmse: 0.0825789
[11600]	training's rmse: 0.0550097	valid_1's rmse: 0.0825482
[11700]	training's rmse: 0.054811	valid_1's rmse: 0.0825201
[11800]	training's rmse: 0.0546197	valid_1's rmse: 0.08248
[11900]	training's rmse: 0.0544272	valid_1's rmse: 0.0824582
[12000]	training's rmse: 0.0542389	valid_1's rmse: 0.0824263
[12100]	training's rmse: 0.0540365	valid_1's rmse: 0.0823897
[12200]	training's rmse: 0.0538351	valid_1's rmse: 0.0823507
[12300]	training's rmse: 0.0536478	valid_1's rmse: 0.0823094
[12400]	training's rmse: 0.053464	valid_1's rmse: 0.0822808
[12500]	training's rmse: 0.0532776	valid_1's rmse: 0.0822551
[12600]	training's rmse: 0.0530865	valid_1's rmse: 0.0822377
[12700]	training's rmse: 0.0529065	valid_1's rmse: 0.0821975
[12800]	training's rmse: 0.0527187	valid_1's rmse: 0.0821732
[12900]	training's rmse: 0.0525414	valid_1's rmse: 0.0821526
[13000]	training's rmse: 0.0523507	valid_1's rmse: 0.0821297
[13100]	training's rmse: 0.0521595	valid_1's rmse: 0.0820973
[13200]	training's rmse: 0.0519864	valid_1's rmse: 0.0820768
[13300]	training's rmse: 0.0517904	valid_1's rmse: 0.0820418
[13400]	training's rmse: 0.0516085	valid_1's rmse: 0.0820156
[13500]	training's rmse: 0.0514254	valid_1's rmse: 0.0819905
[13600]	training's rmse: 0.0512477	valid_1's rmse: 0.081957
[13700]	training's rmse: 0.0510771	valid_1's rmse: 0.0819371
[13800]	training's rmse: 0.0508952	valid_1's rmse: 0.0819177
[13900]	training's rmse: 0.0507046	valid_1's rmse: 0.0818937
[14000]	training's rmse: 0.0505274	valid_1's rmse: 0.0818812
[14100]	training's rmse: 0.0503488	valid_1's rmse: 0.0818523
[14200]	training's rmse: 0.0501718	valid_1's rmse: 0.0818342
[14300]	training's rmse: 0.0499915	valid_1's rmse: 0.0818118
[14400]	training's rmse: 0.0498137	valid_1's rmse: 0.0817767
[14500]	training's rmse: 0.0496482	valid_1's rmse: 0.0817563
[14600]	training's rmse: 0.0494643	valid_1's rmse: 0.0817319
[14700]	training's rmse: 0.0492891	valid_1's rmse: 0.0817105
[14800]	training's rmse: 0.0491181	valid_1's rmse: 0.0816977
[14900]	training's rmse: 0.0489392	valid_1's rmse: 0.0816755
[15000]	training's rmse: 0.0487679	valid_1's rmse: 0.0816538
[15100]	training's rmse: 0.0485967	valid_1's rmse: 0.0816334
[15200]	training's rmse: 0.0484361	valid_1's rmse: 0.0816192
[15300]	training's rmse: 0.048275	valid_1's rmse: 0.0816045
[15400]	training's rmse: 0.0481284	valid_1's rmse: 0.0815821
[15500]	training's rmse: 0.0479704	valid_1's rmse: 0.0815649
[15600]	training's rmse: 0.0478041	valid_1's rmse: 0.0815345
[15700]	training's rmse: 0.0476437	valid_1's rmse: 0.0815258
[15800]	training's rmse: 0.0474865	valid_1's rmse: 0.0815132
[15900]	training's rmse: 0.0473232	valid_1's rmse: 0.081499
[16000]	training's rmse: 0.0471666	valid_1's rmse: 0.0814829
[16100]	training's rmse: 0.0470112	valid_1's rmse: 0.0814673
[16200]	training's rmse: 0.0468565	valid_1's rmse: 0.0814406
[16300]	training's rmse: 0.0466987	valid_1's rmse: 0.0814168
[16400]	training's rmse: 0.0465438	valid_1's rmse: 0.0814066
[16500]	training's rmse: 0.0463913	valid_1's rmse: 0.0813817
[16600]	training's rmse: 0.0462254	valid_1's rmse: 0.0813613
[16700]	training's rmse: 0.0460853	valid_1's rmse: 0.0813437
[16800]	training's rmse: 0.0459377	valid_1's rmse: 0.0813274
[16900]	training's rmse: 0.0457918	valid_1's rmse: 0.0813034
[17000]	training's rmse: 0.0456444	valid_1's rmse: 0.0812827
[17100]	training's rmse: 0.0455041	valid_1's rmse: 0.0812722
[17200]	training's rmse: 0.0453577	valid_1's rmse: 0.081255
[17300]	training's rmse: 0.045209	valid_1's rmse: 0.0812364
[17400]	training's rmse: 0.0450612	valid_1's rmse: 0.0812154
[17500]	training's rmse: 0.0449173	valid_1's rmse: 0.0812083
[17600]	training's rmse: 0.0447774	valid_1's rmse: 0.0811945
[17700]	training's rmse: 0.0446365	valid_1's rmse: 0.0811846
[17800]	training's rmse: 0.0444904	valid_1's rmse: 0.0811707
[17900]	training's rmse: 0.0443418	valid_1's rmse: 0.0811513
[18000]	training's rmse: 0.0441964	valid_1's rmse: 0.0811276
[18100]	training's rmse: 0.0440552	valid_1's rmse: 0.0811107
[18200]	training's rmse: 0.0439261	valid_1's rmse: 0.0810957
[18300]	training's rmse: 0.0437926	valid_1's rmse: 0.0810763
[18400]	training's rmse: 0.0436569	valid_1's rmse: 0.0810658
[18500]	training's rmse: 0.043507	valid_1's rmse: 0.0810535
[18600]	training's rmse: 0.0433775	valid_1's rmse: 0.0810319
[18700]	training's rmse: 0.0432343	valid_1's rmse: 0.0810137
[18800]	training's rmse: 0.043095	valid_1's rmse: 0.0809957
[18900]	training's rmse: 0.0429701	valid_1's rmse: 0.0809862
[19000]	training's rmse: 0.0428378	valid_1's rmse: 0.0809808
[19100]	training's rmse: 0.0427002	valid_1's rmse: 0.0809647
[19200]	training's rmse: 0.0425615	valid_1's rmse: 0.080947
[19300]	training's rmse: 0.042423	valid_1's rmse: 0.0809339
[19400]	training's rmse: 0.0422995	valid_1's rmse: 0.0809209
[19500]	training's rmse: 0.0421766	valid_1's rmse: 0.0809118
[19600]	training's rmse: 0.0420407	valid_1's rmse: 0.0808862
[19700]	training's rmse: 0.0419176	valid_1's rmse: 0.0808726
[19800]	training's rmse: 0.0417848	valid_1's rmse: 0.0808609
[19900]	training's rmse: 0.04166	valid_1's rmse: 0.0808577
[20000]	training's rmse: 0.0415287	valid_1's rmse: 0.0808466
[20100]	training's rmse: 0.0414023	valid_1's rmse: 0.0808328
[20200]	training's rmse: 0.0412714	valid_1's rmse: 0.0808262
[20300]	training's rmse: 0.0411415	valid_1's rmse: 0.0808168
[20400]	training's rmse: 0.0410142	valid_1's rmse: 0.0808103
[20500]	training's rmse: 0.0408867	valid_1's rmse: 0.0808017
[20600]	training's rmse: 0.0407539	valid_1's rmse: 0.0807904
[20700]	training's rmse: 0.0406337	valid_1's rmse: 0.0807771
[20800]	training's rmse: 0.0405137	valid_1's rmse: 0.0807766
##### feature importance #####
                        importance
feature                           
area                  60469.587771
is_L                  31797.756821
district              20627.983247
layout                20151.690021
te_district            9863.964659
age_in_months          8225.573305
洗面台独立                  5350.436641
structure              4838.749366
システムキッチン               3689.341660
building_floor         3024.877346
age_year               2693.559371
エレベーター                 2563.203742
area_per_room          2351.796496
浴室乾燥機                  1643.567337
min_to_nearest_sta     1206.835227
room_floor             1169.175988
温水洗浄便座                  738.829803
バス・トイレ別                 542.477747
num_room                452.833974
スーパー                    435.221517
コンビニ                    428.613938
床暖房                     389.268521
direction               375.243554
floor_ratio             366.481020
age_month               313.381579
追焚機能                    204.560618
室内洗濯機置場                 153.320406
ウォークインクローゼット            140.628523
山手線                     135.862189
fixed_term              123.730119
日暮里舎人ライナー               122.500350
コンロ3口                   116.678596
恵比寿駅                    116.572414
ドラッグストア                 115.840177
シャワー                    112.190132
北千住駅                    108.342855
contract_period_year    103.310576
銀座線                     101.727926
三軒茶屋駅                   100.270712
西武新宿線                    94.518338
バルコニー                    93.742916
総武線                      92.972724
京王新線                     91.214483
脱衣所                      91.174549
病院                       88.766320
bicycle_parking          83.864347
東急東横線                    82.524637
BSアンテナ                   79.211438
CATV                     78.274840
car_parking              77.301358
[100]	training's rmse: 0.222641	valid_1's rmse: 0.228953
[200]	training's rmse: 0.144345	valid_1's rmse: 0.151779
[300]	training's rmse: 0.119373	valid_1's rmse: 0.127768
[400]	training's rmse: 0.10975	valid_1's rmse: 0.118936
[500]	training's rmse: 0.104908	valid_1's rmse: 0.114609
[600]	training's rmse: 0.101669	valid_1's rmse: 0.111779
[700]	training's rmse: 0.0992906	valid_1's rmse: 0.109835
[800]	training's rmse: 0.0974126	valid_1's rmse: 0.108346
[900]	training's rmse: 0.0957883	valid_1's rmse: 0.107099
[1000]	training's rmse: 0.0944512	valid_1's rmse: 0.106078
[1100]	training's rmse: 0.0932102	valid_1's rmse: 0.105178
[1200]	training's rmse: 0.0920582	valid_1's rmse: 0.104326
[1300]	training's rmse: 0.0910138	valid_1's rmse: 0.103575
[1400]	training's rmse: 0.0900095	valid_1's rmse: 0.102843
[1500]	training's rmse: 0.0891102	valid_1's rmse: 0.102201
[1600]	training's rmse: 0.0882389	valid_1's rmse: 0.101591
[1700]	training's rmse: 0.0874652	valid_1's rmse: 0.101019
[1800]	training's rmse: 0.08676	valid_1's rmse: 0.10055
[1900]	training's rmse: 0.0860817	valid_1's rmse: 0.100099
[2000]	training's rmse: 0.0854099	valid_1's rmse: 0.0996392
[2100]	training's rmse: 0.0848199	valid_1's rmse: 0.0992523
[2200]	training's rmse: 0.0842586	valid_1's rmse: 0.098891
[2300]	training's rmse: 0.0836897	valid_1's rmse: 0.098534
[2400]	training's rmse: 0.0831386	valid_1's rmse: 0.0981866
[2500]	training's rmse: 0.0825939	valid_1's rmse: 0.097851
[2600]	training's rmse: 0.0820109	valid_1's rmse: 0.0975174
[2700]	training's rmse: 0.0814831	valid_1's rmse: 0.0972071
[2800]	training's rmse: 0.0809053	valid_1's rmse: 0.0968836
[2900]	training's rmse: 0.0803913	valid_1's rmse: 0.0966105
[3000]	training's rmse: 0.0798966	valid_1's rmse: 0.0963759
[3100]	training's rmse: 0.0793802	valid_1's rmse: 0.0960922
[3200]	training's rmse: 0.0788295	valid_1's rmse: 0.0957858
[3300]	training's rmse: 0.0783697	valid_1's rmse: 0.0955576
[3400]	training's rmse: 0.0778806	valid_1's rmse: 0.0953131
[3500]	training's rmse: 0.0774341	valid_1's rmse: 0.0950572
[3600]	training's rmse: 0.0770195	valid_1's rmse: 0.0948424
[3700]	training's rmse: 0.076572	valid_1's rmse: 0.0946156
[3800]	training's rmse: 0.0761587	valid_1's rmse: 0.0944122
[3900]	training's rmse: 0.0757119	valid_1's rmse: 0.0942007
[4000]	training's rmse: 0.075281	valid_1's rmse: 0.0939984
[4100]	training's rmse: 0.0748649	valid_1's rmse: 0.0938208
[4200]	training's rmse: 0.0744524	valid_1's rmse: 0.0936404
[4300]	training's rmse: 0.0740392	valid_1's rmse: 0.0934687
[4400]	training's rmse: 0.0736328	valid_1's rmse: 0.0932996
[4500]	training's rmse: 0.0732561	valid_1's rmse: 0.0931237
[4600]	training's rmse: 0.0728782	valid_1's rmse: 0.0929686
[4700]	training's rmse: 0.0725037	valid_1's rmse: 0.0928171
[4800]	training's rmse: 0.0721189	valid_1's rmse: 0.0926604
[4900]	training's rmse: 0.0717681	valid_1's rmse: 0.0925245
[5000]	training's rmse: 0.0713929	valid_1's rmse: 0.0923853
[5100]	training's rmse: 0.0710188	valid_1's rmse: 0.0922511
[5200]	training's rmse: 0.0706894	valid_1's rmse: 0.0920938
[5300]	training's rmse: 0.0703442	valid_1's rmse: 0.0919663
[5400]	training's rmse: 0.0700016	valid_1's rmse: 0.0918422
[5500]	training's rmse: 0.0696286	valid_1's rmse: 0.0917039
[5600]	training's rmse: 0.0692915	valid_1's rmse: 0.0916049
[5700]	training's rmse: 0.0689722	valid_1's rmse: 0.0914998
[5800]	training's rmse: 0.0686558	valid_1's rmse: 0.0913985
[5900]	training's rmse: 0.0683309	valid_1's rmse: 0.0913
[6000]	training's rmse: 0.0680027	valid_1's rmse: 0.0911946
[6100]	training's rmse: 0.0676766	valid_1's rmse: 0.091091
[6200]	training's rmse: 0.0674068	valid_1's rmse: 0.0909818
[6300]	training's rmse: 0.0671048	valid_1's rmse: 0.0909017
[6400]	training's rmse: 0.0667864	valid_1's rmse: 0.0907994
[6500]	training's rmse: 0.0664808	valid_1's rmse: 0.0906935
[6600]	training's rmse: 0.0661818	valid_1's rmse: 0.0905926
[6700]	training's rmse: 0.0659118	valid_1's rmse: 0.0905191
[6800]	training's rmse: 0.065621	valid_1's rmse: 0.0904319
[6900]	training's rmse: 0.06534	valid_1's rmse: 0.0903739
[7000]	training's rmse: 0.0650415	valid_1's rmse: 0.0902725
[7100]	training's rmse: 0.0647563	valid_1's rmse: 0.0901916
[7200]	training's rmse: 0.064478	valid_1's rmse: 0.0901118
[7300]	training's rmse: 0.0641967	valid_1's rmse: 0.0900369
[7400]	training's rmse: 0.0639447	valid_1's rmse: 0.0899761
[7500]	training's rmse: 0.0636766	valid_1's rmse: 0.0898945
[7600]	training's rmse: 0.0634172	valid_1's rmse: 0.0897995
[7700]	training's rmse: 0.0631297	valid_1's rmse: 0.0897284
[7800]	training's rmse: 0.0628747	valid_1's rmse: 0.0896678
[7900]	training's rmse: 0.0626009	valid_1's rmse: 0.0895917
[8000]	training's rmse: 0.0623485	valid_1's rmse: 0.0895196
[8100]	training's rmse: 0.0620671	valid_1's rmse: 0.0894467
[8200]	training's rmse: 0.0618133	valid_1's rmse: 0.0893849
[8300]	training's rmse: 0.0615629	valid_1's rmse: 0.0893207
[8400]	training's rmse: 0.0613314	valid_1's rmse: 0.0892592
[8500]	training's rmse: 0.0610803	valid_1's rmse: 0.0892026
[8600]	training's rmse: 0.0608401	valid_1's rmse: 0.0891284
[8700]	training's rmse: 0.0605943	valid_1's rmse: 0.089055
[8800]	training's rmse: 0.0603509	valid_1's rmse: 0.088999
[8900]	training's rmse: 0.0601137	valid_1's rmse: 0.0889508
[9000]	training's rmse: 0.0598723	valid_1's rmse: 0.0888856
[9100]	training's rmse: 0.0596403	valid_1's rmse: 0.0888238
[9200]	training's rmse: 0.059415	valid_1's rmse: 0.0887631
[9300]	training's rmse: 0.0591875	valid_1's rmse: 0.0887149
[9400]	training's rmse: 0.0589547	valid_1's rmse: 0.0886611
[9500]	training's rmse: 0.0587277	valid_1's rmse: 0.0886257
[9600]	training's rmse: 0.0585089	valid_1's rmse: 0.0885751
[9700]	training's rmse: 0.058266	valid_1's rmse: 0.0885145
[9800]	training's rmse: 0.0580333	valid_1's rmse: 0.0884643
[9900]	training's rmse: 0.0578047	valid_1's rmse: 0.0884171
[10000]	training's rmse: 0.0575954	valid_1's rmse: 0.0883504
[10100]	training's rmse: 0.0573755	valid_1's rmse: 0.0883
[10200]	training's rmse: 0.0571578	valid_1's rmse: 0.0882602
[10300]	training's rmse: 0.0569416	valid_1's rmse: 0.0882297
[10400]	training's rmse: 0.0567179	valid_1's rmse: 0.0881834
[10500]	training's rmse: 0.0564975	valid_1's rmse: 0.0881438
[10600]	training's rmse: 0.0562943	valid_1's rmse: 0.0881106
[10700]	training's rmse: 0.0560827	valid_1's rmse: 0.0880702
[10800]	training's rmse: 0.055874	valid_1's rmse: 0.0880188
[10900]	training's rmse: 0.0556679	valid_1's rmse: 0.0879731
[11000]	training's rmse: 0.0554629	valid_1's rmse: 0.0879309
[11100]	training's rmse: 0.0552597	valid_1's rmse: 0.0878832
[11200]	training's rmse: 0.0550603	valid_1's rmse: 0.0878503
[11300]	training's rmse: 0.0548521	valid_1's rmse: 0.0878165
[11400]	training's rmse: 0.0546614	valid_1's rmse: 0.0877736
[11500]	training's rmse: 0.0544455	valid_1's rmse: 0.0877386
[11600]	training's rmse: 0.0542485	valid_1's rmse: 0.0877016
[11700]	training's rmse: 0.0540474	valid_1's rmse: 0.0876623
[11800]	training's rmse: 0.0538451	valid_1's rmse: 0.0876241
[11900]	training's rmse: 0.0536342	valid_1's rmse: 0.0875913
[12000]	training's rmse: 0.0534407	valid_1's rmse: 0.0875586
[12100]	training's rmse: 0.0532617	valid_1's rmse: 0.0875293
[12200]	training's rmse: 0.0530591	valid_1's rmse: 0.0875045
[12300]	training's rmse: 0.0528735	valid_1's rmse: 0.0874613
[12400]	training's rmse: 0.0526849	valid_1's rmse: 0.0874291
[12500]	training's rmse: 0.0524961	valid_1's rmse: 0.0873989
[12600]	training's rmse: 0.052307	valid_1's rmse: 0.0873665
[12700]	training's rmse: 0.0521125	valid_1's rmse: 0.0873328
[12800]	training's rmse: 0.0519285	valid_1's rmse: 0.0872991
[12900]	training's rmse: 0.0517496	valid_1's rmse: 0.0872775
[13000]	training's rmse: 0.051564	valid_1's rmse: 0.0872561
[13100]	training's rmse: 0.0513726	valid_1's rmse: 0.0872225
[13200]	training's rmse: 0.051202	valid_1's rmse: 0.0871987
[13300]	training's rmse: 0.0510395	valid_1's rmse: 0.0871787
[13400]	training's rmse: 0.0508651	valid_1's rmse: 0.0871475
[13500]	training's rmse: 0.0506866	valid_1's rmse: 0.0871054
[13600]	training's rmse: 0.0505199	valid_1's rmse: 0.0870872
[13700]	training's rmse: 0.0503369	valid_1's rmse: 0.0870601
[13800]	training's rmse: 0.0501646	valid_1's rmse: 0.0870378
[13900]	training's rmse: 0.0499961	valid_1's rmse: 0.0870068
[14000]	training's rmse: 0.0498223	valid_1's rmse: 0.0869677
[14100]	training's rmse: 0.0496578	valid_1's rmse: 0.0869469
[14200]	training's rmse: 0.0494897	valid_1's rmse: 0.0869224
[14300]	training's rmse: 0.0493181	valid_1's rmse: 0.0869147
[14400]	training's rmse: 0.0491471	valid_1's rmse: 0.0868831
[14500]	training's rmse: 0.0489894	valid_1's rmse: 0.086862
[14600]	training's rmse: 0.0488245	valid_1's rmse: 0.0868485
[14700]	training's rmse: 0.0486575	valid_1's rmse: 0.0868317
[14800]	training's rmse: 0.0484995	valid_1's rmse: 0.0868041
[14900]	training's rmse: 0.0483359	valid_1's rmse: 0.0867878
[15000]	training's rmse: 0.0481688	valid_1's rmse: 0.0867833
[15100]	training's rmse: 0.0480173	valid_1's rmse: 0.0867748
[15200]	training's rmse: 0.0478522	valid_1's rmse: 0.086759
[15300]	training's rmse: 0.0476867	valid_1's rmse: 0.0867363
[15400]	training's rmse: 0.0475108	valid_1's rmse: 0.0867117
[15500]	training's rmse: 0.0473542	valid_1's rmse: 0.0866908
[15600]	training's rmse: 0.0471946	valid_1's rmse: 0.0866672
[15700]	training's rmse: 0.0470418	valid_1's rmse: 0.0866509
[15800]	training's rmse: 0.0468831	valid_1's rmse: 0.0866344
[15900]	training's rmse: 0.0467265	valid_1's rmse: 0.0866171
[16000]	training's rmse: 0.0465678	valid_1's rmse: 0.086597
[16100]	training's rmse: 0.0464129	valid_1's rmse: 0.0865823
[16200]	training's rmse: 0.046261	valid_1's rmse: 0.0865699
[16300]	training's rmse: 0.0461129	valid_1's rmse: 0.0865505
[16400]	training's rmse: 0.0459703	valid_1's rmse: 0.086534
[16500]	training's rmse: 0.0458185	valid_1's rmse: 0.0865136
[16600]	training's rmse: 0.0456621	valid_1's rmse: 0.086493
[16700]	training's rmse: 0.0455117	valid_1's rmse: 0.0864796
[16800]	training's rmse: 0.0453653	valid_1's rmse: 0.0864588
[16900]	training's rmse: 0.0452178	valid_1's rmse: 0.08644
[17000]	training's rmse: 0.0450714	valid_1's rmse: 0.08642
[17100]	training's rmse: 0.0449224	valid_1's rmse: 0.086395
[17200]	training's rmse: 0.044777	valid_1's rmse: 0.0863827
[17300]	training's rmse: 0.0446295	valid_1's rmse: 0.0863588
[17400]	training's rmse: 0.0444752	valid_1's rmse: 0.0863472
[17500]	training's rmse: 0.0443315	valid_1's rmse: 0.0863394
[17600]	training's rmse: 0.0441869	valid_1's rmse: 0.0863283
[17700]	training's rmse: 0.0440525	valid_1's rmse: 0.0863156
[17800]	training's rmse: 0.0439097	valid_1's rmse: 0.0862996
[17900]	training's rmse: 0.043767	valid_1's rmse: 0.0862851
[18000]	training's rmse: 0.0436362	valid_1's rmse: 0.0862796
[18100]	training's rmse: 0.043502	valid_1's rmse: 0.0862644
[18200]	training's rmse: 0.0433673	valid_1's rmse: 0.0862514
[18300]	training's rmse: 0.0432174	valid_1's rmse: 0.0862359
[18400]	training's rmse: 0.0430808	valid_1's rmse: 0.0862215
[18500]	training's rmse: 0.0429448	valid_1's rmse: 0.0862076
[18600]	training's rmse: 0.0428169	valid_1's rmse: 0.0861929
[18700]	training's rmse: 0.0426835	valid_1's rmse: 0.0861742
[18800]	training's rmse: 0.042537	valid_1's rmse: 0.0861588
[18900]	training's rmse: 0.0423989	valid_1's rmse: 0.0861428
[19000]	training's rmse: 0.0422756	valid_1's rmse: 0.086128
[19100]	training's rmse: 0.0421416	valid_1's rmse: 0.0861064
[19200]	training's rmse: 0.0420049	valid_1's rmse: 0.0860955
[19300]	training's rmse: 0.0418676	valid_1's rmse: 0.0860884
[19400]	training's rmse: 0.0417281	valid_1's rmse: 0.0860721
[19500]	training's rmse: 0.0416009	valid_1's rmse: 0.086065
[19600]	training's rmse: 0.0414744	valid_1's rmse: 0.0860478
[19700]	training's rmse: 0.0413487	valid_1's rmse: 0.0860342
[19800]	training's rmse: 0.0412205	valid_1's rmse: 0.0860263
[19900]	training's rmse: 0.0410954	valid_1's rmse: 0.086011
[20000]	training's rmse: 0.0409644	valid_1's rmse: 0.0859917
[20100]	training's rmse: 0.0408357	valid_1's rmse: 0.0859721
[20200]	training's rmse: 0.0407025	valid_1's rmse: 0.085952
[20300]	training's rmse: 0.0405773	valid_1's rmse: 0.0859407
[20400]	training's rmse: 0.0404492	valid_1's rmse: 0.0859277
[20500]	training's rmse: 0.0403202	valid_1's rmse: 0.0859133
[20600]	training's rmse: 0.040197	valid_1's rmse: 0.085895
[20700]	training's rmse: 0.0400682	valid_1's rmse: 0.0858817
[20800]	training's rmse: 0.0399465	valid_1's rmse: 0.0858783
[20900]	training's rmse: 0.0398329	valid_1's rmse: 0.0858653
[21000]	training's rmse: 0.0397113	valid_1's rmse: 0.0858597
[21100]	training's rmse: 0.0395922	valid_1's rmse: 0.0858499
[21200]	training's rmse: 0.0394679	valid_1's rmse: 0.0858451
[21300]	training's rmse: 0.0393452	valid_1's rmse: 0.0858351
[21400]	training's rmse: 0.0392216	valid_1's rmse: 0.08583
[21500]	training's rmse: 0.0390978	valid_1's rmse: 0.0858193
[21600]	training's rmse: 0.0389813	valid_1's rmse: 0.0858136
[21700]	training's rmse: 0.0388649	valid_1's rmse: 0.0858032
[21800]	training's rmse: 0.0387458	valid_1's rmse: 0.0857953
[21900]	training's rmse: 0.0386264	valid_1's rmse: 0.0857921
[22000]	training's rmse: 0.0385151	valid_1's rmse: 0.0857857
[22100]	training's rmse: 0.0384052	valid_1's rmse: 0.0857788
[22200]	training's rmse: 0.0382877	valid_1's rmse: 0.0857665
[22300]	training's rmse: 0.0381764	valid_1's rmse: 0.085764
##### feature importance #####
                        importance
feature                           
area                  59840.473689
layout                29228.038718
is_L                  22591.359464
district              19484.293701
te_district           10276.972547
age_in_months          8531.560658
洗面台独立                  5070.772066
structure              4759.464115
システムキッチン               3637.053042
building_floor         3185.869782
area_per_room          2666.237310
age_year               2307.249565
エレベーター                 2234.496137
浴室乾燥機                  1585.027223
min_to_nearest_sta     1220.368763
room_floor             1202.949754
温水洗浄便座                  875.525885
バス・トイレ別                 671.162501
スーパー                    452.158807
num_room                428.674816
コンビニ                    421.636281
direction               394.530901
floor_ratio             370.520357
age_month               284.305476
床暖房                     278.228831
追焚機能                    177.508321
室内洗濯機置場                 138.082702
山手線                     134.550720
ドラッグストア                 113.459283
ウォークインクローゼット            109.010363
脱衣所                     107.802829
fixed_term              107.351722
日暮里舎人ライナー               106.428792
北千住駅                    104.495153
is_D                    103.827170
恵比寿駅                    102.235670
西武新宿線                    98.364690
コンロ3口                    97.544702
京王新線                     95.797219
銀座線                      94.825738
bicycle_parking          89.796106
シャワー                     88.556753
バルコニー                    86.557658
BSアンテナ                   86.549168
東急東横線                    85.837791
総武線                      85.314262
contract_period_year     84.291319
CATV                     81.934567
三軒茶屋駅                    81.415546
car_parking              79.756233
[100]	training's rmse: 0.22321	valid_1's rmse: 0.226944
[200]	training's rmse: 0.145276	valid_1's rmse: 0.149595
[300]	training's rmse: 0.120597	valid_1's rmse: 0.125122
[400]	training's rmse: 0.111127	valid_1's rmse: 0.115699
[500]	training's rmse: 0.106129	valid_1's rmse: 0.110897
[600]	training's rmse: 0.103171	valid_1's rmse: 0.108209
[700]	training's rmse: 0.100822	valid_1's rmse: 0.106133
[800]	training's rmse: 0.0989571	valid_1's rmse: 0.104493
[900]	training's rmse: 0.0973808	valid_1's rmse: 0.103185
[1000]	training's rmse: 0.0959189	valid_1's rmse: 0.101939
[1100]	training's rmse: 0.0946686	valid_1's rmse: 0.10094
[1200]	training's rmse: 0.0934144	valid_1's rmse: 0.0999915
[1300]	training's rmse: 0.0923315	valid_1's rmse: 0.0992313
[1400]	training's rmse: 0.0913056	valid_1's rmse: 0.0984805
[1500]	training's rmse: 0.0903975	valid_1's rmse: 0.097849
[1600]	training's rmse: 0.0894801	valid_1's rmse: 0.0972167
[1700]	training's rmse: 0.0886786	valid_1's rmse: 0.0966595
[1800]	training's rmse: 0.0879057	valid_1's rmse: 0.0961859
[1900]	training's rmse: 0.0871884	valid_1's rmse: 0.0957145
[2000]	training's rmse: 0.0864825	valid_1's rmse: 0.0952838
[2100]	training's rmse: 0.0857778	valid_1's rmse: 0.0948678
[2200]	training's rmse: 0.0851408	valid_1's rmse: 0.0944979
[2300]	training's rmse: 0.0844913	valid_1's rmse: 0.094128
[2400]	training's rmse: 0.0839121	valid_1's rmse: 0.0937753
[2500]	training's rmse: 0.0833197	valid_1's rmse: 0.0934593
[2600]	training's rmse: 0.0827384	valid_1's rmse: 0.0931494
[2700]	training's rmse: 0.08221	valid_1's rmse: 0.0928731
[2800]	training's rmse: 0.0816454	valid_1's rmse: 0.0925812
[2900]	training's rmse: 0.0810499	valid_1's rmse: 0.0922845
[3000]	training's rmse: 0.0805849	valid_1's rmse: 0.0920475
[3100]	training's rmse: 0.080075	valid_1's rmse: 0.0918014
[3200]	training's rmse: 0.0795995	valid_1's rmse: 0.0915863
[3300]	training's rmse: 0.0791719	valid_1's rmse: 0.091412
[3400]	training's rmse: 0.0786768	valid_1's rmse: 0.0911554
[3500]	training's rmse: 0.0782395	valid_1's rmse: 0.0909583
[3600]	training's rmse: 0.0777593	valid_1's rmse: 0.090744
[3700]	training's rmse: 0.0773287	valid_1's rmse: 0.0905725
[3800]	training's rmse: 0.0768974	valid_1's rmse: 0.0903978
[3900]	training's rmse: 0.0764752	valid_1's rmse: 0.0901995
[4000]	training's rmse: 0.0760305	valid_1's rmse: 0.0900193
[4100]	training's rmse: 0.0756216	valid_1's rmse: 0.0898537
[4200]	training's rmse: 0.0752117	valid_1's rmse: 0.0897048
[4300]	training's rmse: 0.074811	valid_1's rmse: 0.0895525
[4400]	training's rmse: 0.0744398	valid_1's rmse: 0.0894041
[4500]	training's rmse: 0.0740304	valid_1's rmse: 0.0892452
[4600]	training's rmse: 0.0736567	valid_1's rmse: 0.0891223
[4700]	training's rmse: 0.0733074	valid_1's rmse: 0.0889695
[4800]	training's rmse: 0.0729195	valid_1's rmse: 0.0888167
[4900]	training's rmse: 0.0725425	valid_1's rmse: 0.0886993
[5000]	training's rmse: 0.0721968	valid_1's rmse: 0.0885764
[5100]	training's rmse: 0.0718433	valid_1's rmse: 0.0884632
[5200]	training's rmse: 0.0714891	valid_1's rmse: 0.0883576
[5300]	training's rmse: 0.071149	valid_1's rmse: 0.0882404
[5400]	training's rmse: 0.0708217	valid_1's rmse: 0.0881508
[5500]	training's rmse: 0.0704813	valid_1's rmse: 0.0880254
[5600]	training's rmse: 0.0701467	valid_1's rmse: 0.0879272
[5700]	training's rmse: 0.0698179	valid_1's rmse: 0.0878258
[5800]	training's rmse: 0.0694952	valid_1's rmse: 0.0877288
[5900]	training's rmse: 0.0691644	valid_1's rmse: 0.08764
[6000]	training's rmse: 0.0688459	valid_1's rmse: 0.087543
[6100]	training's rmse: 0.0685516	valid_1's rmse: 0.0874675
[6200]	training's rmse: 0.0682212	valid_1's rmse: 0.0873638
[6300]	training's rmse: 0.0679198	valid_1's rmse: 0.0872724
[6400]	training's rmse: 0.0676063	valid_1's rmse: 0.0871746
[6500]	training's rmse: 0.0673094	valid_1's rmse: 0.0871046
[6600]	training's rmse: 0.0670114	valid_1's rmse: 0.0870197
[6700]	training's rmse: 0.0667251	valid_1's rmse: 0.0869476
[6800]	training's rmse: 0.0664295	valid_1's rmse: 0.0868782
[6900]	training's rmse: 0.0661276	valid_1's rmse: 0.086805
[7000]	training's rmse: 0.0658621	valid_1's rmse: 0.0867413
[7100]	training's rmse: 0.0655746	valid_1's rmse: 0.0866695
[7200]	training's rmse: 0.0652998	valid_1's rmse: 0.0865889
[7300]	training's rmse: 0.0650451	valid_1's rmse: 0.0865185
[7400]	training's rmse: 0.064758	valid_1's rmse: 0.0864481
[7500]	training's rmse: 0.0644637	valid_1's rmse: 0.0863786
[7600]	training's rmse: 0.0641788	valid_1's rmse: 0.0863133
[7700]	training's rmse: 0.0639264	valid_1's rmse: 0.0862376
[7800]	training's rmse: 0.0636591	valid_1's rmse: 0.0861817
[7900]	training's rmse: 0.0634012	valid_1's rmse: 0.0861112
[8000]	training's rmse: 0.0631387	valid_1's rmse: 0.0860517
[8100]	training's rmse: 0.0628798	valid_1's rmse: 0.0859932
[8200]	training's rmse: 0.0626176	valid_1's rmse: 0.0859291
[8300]	training's rmse: 0.062352	valid_1's rmse: 0.0858694
[8400]	training's rmse: 0.062105	valid_1's rmse: 0.0858008
[8500]	training's rmse: 0.0618263	valid_1's rmse: 0.0857354
[8600]	training's rmse: 0.0615799	valid_1's rmse: 0.0856766
[8700]	training's rmse: 0.0613367	valid_1's rmse: 0.0856126
[8800]	training's rmse: 0.0610639	valid_1's rmse: 0.0855391
[8900]	training's rmse: 0.0608009	valid_1's rmse: 0.0854901
[9000]	training's rmse: 0.0605738	valid_1's rmse: 0.0854304
[9100]	training's rmse: 0.0603189	valid_1's rmse: 0.0853673
[9200]	training's rmse: 0.0600838	valid_1's rmse: 0.0853219
[9300]	training's rmse: 0.0598609	valid_1's rmse: 0.0852609
[9400]	training's rmse: 0.059621	valid_1's rmse: 0.0852162
[9500]	training's rmse: 0.0593867	valid_1's rmse: 0.0851655
[9600]	training's rmse: 0.0591517	valid_1's rmse: 0.0851201
[9700]	training's rmse: 0.0589295	valid_1's rmse: 0.0850671
[9800]	training's rmse: 0.058688	valid_1's rmse: 0.0850131
[9900]	training's rmse: 0.0584617	valid_1's rmse: 0.0849705
[10000]	training's rmse: 0.0582354	valid_1's rmse: 0.084926
[10100]	training's rmse: 0.0580099	valid_1's rmse: 0.0848802
[10200]	training's rmse: 0.0577916	valid_1's rmse: 0.0848508
[10300]	training's rmse: 0.0575783	valid_1's rmse: 0.0848119
[10400]	training's rmse: 0.0573695	valid_1's rmse: 0.0847883
[10500]	training's rmse: 0.0571539	valid_1's rmse: 0.0847381
[10600]	training's rmse: 0.0569403	valid_1's rmse: 0.0847078
[10700]	training's rmse: 0.0567222	valid_1's rmse: 0.0846706
[10800]	training's rmse: 0.0565277	valid_1's rmse: 0.0846347
[10900]	training's rmse: 0.0563323	valid_1's rmse: 0.0845994
[11000]	training's rmse: 0.0561131	valid_1's rmse: 0.0845546
[11100]	training's rmse: 0.0559059	valid_1's rmse: 0.0845194
[11200]	training's rmse: 0.0556906	valid_1's rmse: 0.0844927
[11300]	training's rmse: 0.0554822	valid_1's rmse: 0.084462
[11400]	training's rmse: 0.0552805	valid_1's rmse: 0.0844365
[11500]	training's rmse: 0.0550595	valid_1's rmse: 0.0844006
[11600]	training's rmse: 0.0548532	valid_1's rmse: 0.0843558
[11700]	training's rmse: 0.0546672	valid_1's rmse: 0.0843124
[11800]	training's rmse: 0.0544552	valid_1's rmse: 0.0842841
[11900]	training's rmse: 0.0542672	valid_1's rmse: 0.0842658
[12000]	training's rmse: 0.054066	valid_1's rmse: 0.084228
[12100]	training's rmse: 0.0538662	valid_1's rmse: 0.0841959
[12200]	training's rmse: 0.05367	valid_1's rmse: 0.084167
[12300]	training's rmse: 0.0534715	valid_1's rmse: 0.0841461
[12400]	training's rmse: 0.0532834	valid_1's rmse: 0.0841109
[12500]	training's rmse: 0.0530908	valid_1's rmse: 0.0840777
[12600]	training's rmse: 0.0529029	valid_1's rmse: 0.0840475
[12700]	training's rmse: 0.0527197	valid_1's rmse: 0.0840207
[12800]	training's rmse: 0.05254	valid_1's rmse: 0.0839934
[12900]	training's rmse: 0.0523441	valid_1's rmse: 0.0839562
[13000]	training's rmse: 0.0521563	valid_1's rmse: 0.083928
[13100]	training's rmse: 0.0519653	valid_1's rmse: 0.0838986
[13200]	training's rmse: 0.0517852	valid_1's rmse: 0.0838626
[13300]	training's rmse: 0.0516017	valid_1's rmse: 0.0838392
[13400]	training's rmse: 0.0514375	valid_1's rmse: 0.0838137
[13500]	training's rmse: 0.051264	valid_1's rmse: 0.0837856
[13600]	training's rmse: 0.0510883	valid_1's rmse: 0.083758
[13700]	training's rmse: 0.0509087	valid_1's rmse: 0.0837369
[13800]	training's rmse: 0.0507199	valid_1's rmse: 0.0837074
[13900]	training's rmse: 0.0505454	valid_1's rmse: 0.0836888
[14000]	training's rmse: 0.0503719	valid_1's rmse: 0.0836606
[14100]	training's rmse: 0.0501987	valid_1's rmse: 0.0836345
[14200]	training's rmse: 0.0500305	valid_1's rmse: 0.0836053
[14300]	training's rmse: 0.0498672	valid_1's rmse: 0.083597
[14400]	training's rmse: 0.0496979	valid_1's rmse: 0.0835703
[14500]	training's rmse: 0.0495308	valid_1's rmse: 0.0835442
[14600]	training's rmse: 0.0493695	valid_1's rmse: 0.083513
[14700]	training's rmse: 0.0492023	valid_1's rmse: 0.0834965
[14800]	training's rmse: 0.0490369	valid_1's rmse: 0.0834722
[14900]	training's rmse: 0.0488716	valid_1's rmse: 0.0834459
[15000]	training's rmse: 0.0487121	valid_1's rmse: 0.0834198
[15100]	training's rmse: 0.0485495	valid_1's rmse: 0.0834105
[15200]	training's rmse: 0.0483857	valid_1's rmse: 0.0833989
[15300]	training's rmse: 0.048227	valid_1's rmse: 0.0833767
[15400]	training's rmse: 0.0480666	valid_1's rmse: 0.0833441
[15500]	training's rmse: 0.0479029	valid_1's rmse: 0.0833308
[15600]	training's rmse: 0.0477453	valid_1's rmse: 0.0833161
[15700]	training's rmse: 0.047594	valid_1's rmse: 0.0832909
[15800]	training's rmse: 0.0474329	valid_1's rmse: 0.0832654
[15900]	training's rmse: 0.0472707	valid_1's rmse: 0.0832497
[16000]	training's rmse: 0.0471081	valid_1's rmse: 0.0832331
[16100]	training's rmse: 0.0469521	valid_1's rmse: 0.0832017
[16200]	training's rmse: 0.0467895	valid_1's rmse: 0.0831851
[16300]	training's rmse: 0.046639	valid_1's rmse: 0.0831652
[16400]	training's rmse: 0.0464882	valid_1's rmse: 0.0831593
[16500]	training's rmse: 0.0463386	valid_1's rmse: 0.0831429
[16600]	training's rmse: 0.0461888	valid_1's rmse: 0.0831262
[16700]	training's rmse: 0.046051	valid_1's rmse: 0.0831042
[16800]	training's rmse: 0.0458999	valid_1's rmse: 0.0830931
[16900]	training's rmse: 0.0457496	valid_1's rmse: 0.0830799
[17000]	training's rmse: 0.0456045	valid_1's rmse: 0.0830527
[17100]	training's rmse: 0.0454604	valid_1's rmse: 0.0830387
[17200]	training's rmse: 0.0453198	valid_1's rmse: 0.0830174
[17300]	training's rmse: 0.0451632	valid_1's rmse: 0.082997
[17400]	training's rmse: 0.0450113	valid_1's rmse: 0.0829888
[17500]	training's rmse: 0.044871	valid_1's rmse: 0.0829632
[17600]	training's rmse: 0.0447299	valid_1's rmse: 0.0829442
[17700]	training's rmse: 0.0445874	valid_1's rmse: 0.0829204
[17800]	training's rmse: 0.0444452	valid_1's rmse: 0.0829059
[17900]	training's rmse: 0.0443008	valid_1's rmse: 0.0828903
[18000]	training's rmse: 0.0441689	valid_1's rmse: 0.0828795
[18100]	training's rmse: 0.0440351	valid_1's rmse: 0.0828767
[18200]	training's rmse: 0.0438954	valid_1's rmse: 0.0828691
[18300]	training's rmse: 0.0437513	valid_1's rmse: 0.0828432
[18400]	training's rmse: 0.0436106	valid_1's rmse: 0.0828379
[18500]	training's rmse: 0.0434741	valid_1's rmse: 0.0828235
[18600]	training's rmse: 0.0433461	valid_1's rmse: 0.0828093
[18700]	training's rmse: 0.0432069	valid_1's rmse: 0.0827894
[18800]	training's rmse: 0.0430702	valid_1's rmse: 0.0827693
[18900]	training's rmse: 0.0429359	valid_1's rmse: 0.0827588
[19000]	training's rmse: 0.0428101	valid_1's rmse: 0.0827594
[19100]	training's rmse: 0.0426896	valid_1's rmse: 0.0827478
[19200]	training's rmse: 0.0425478	valid_1's rmse: 0.0827441
[19300]	training's rmse: 0.0424127	valid_1's rmse: 0.0827226
[19400]	training's rmse: 0.0422751	valid_1's rmse: 0.082713
[19500]	training's rmse: 0.0421376	valid_1's rmse: 0.0827018
[19600]	training's rmse: 0.0420011	valid_1's rmse: 0.0826899
[19700]	training's rmse: 0.0418747	valid_1's rmse: 0.0826845
[19800]	training's rmse: 0.0417429	valid_1's rmse: 0.0826711
[19900]	training's rmse: 0.0416199	valid_1's rmse: 0.0826604
[20000]	training's rmse: 0.0414825	valid_1's rmse: 0.0826391
[20100]	training's rmse: 0.041361	valid_1's rmse: 0.0826329
[20200]	training's rmse: 0.0412364	valid_1's rmse: 0.0826109
[20300]	training's rmse: 0.0411145	valid_1's rmse: 0.0826037
[20400]	training's rmse: 0.0409973	valid_1's rmse: 0.0826001
[20500]	training's rmse: 0.0408799	valid_1's rmse: 0.0825985
##### feature importance #####
                      importance
feature                         
area                58679.657917
layout              33701.299093
is_L                19062.797044
district            18643.501768
te_district         11449.839686
age_in_months        9109.010161
洗面台独立                5626.461466
structure            4613.114510
システムキッチン             3910.389642
building_floor       3040.021194
エレベーター               2430.884901
area_per_room        2387.642654
age_year             1972.641509
room_floor           1248.082533
min_to_nearest_sta   1240.675052
浴室乾燥機                1159.031560
バス・トイレ別               648.519767
温水洗浄便座                613.585307
スーパー                  433.849511
num_room              418.679930
コンビニ                  399.174698
direction             375.029764
床暖房                   363.258839
floor_ratio           356.886870
age_month             291.748130
追焚機能                  219.824282
室内洗濯機置場               161.786288
山手線                   154.078712
ウォークインクローゼット          136.279795
銀座線                   122.775393
日暮里舎人ライナー             118.592564
ドラッグストア               112.647815
fixed_term            105.795039
car_parking            96.692366
北千住駅                   93.135123
シャワー                   92.137537
bicycle_parking        91.591128
三軒茶屋駅                  89.678582
病院                     89.404056
恵比寿駅                   88.367205
コンロ3口                  86.561313
西武新宿線                  84.657588
京王線                    80.871141
京王新線                   80.865281
共同トイレ                  80.743307
総武線                    80.528624
インターネット対応              80.270313
BSアンテナ                 76.947959
東急東横線                  76.368988
日比谷線                   73.666969
[100]	training's rmse: 0.224065	valid_1's rmse: 0.219678
[200]	training's rmse: 0.145335	valid_1's rmse: 0.145141
[300]	training's rmse: 0.120238	valid_1's rmse: 0.122599
[400]	training's rmse: 0.110552	valid_1's rmse: 0.114427
[500]	training's rmse: 0.105788	valid_1's rmse: 0.110561
[600]	training's rmse: 0.102742	valid_1's rmse: 0.108074
[700]	training's rmse: 0.100356	valid_1's rmse: 0.106171
[800]	training's rmse: 0.0984696	valid_1's rmse: 0.104663
[900]	training's rmse: 0.0969142	valid_1's rmse: 0.103463
[1000]	training's rmse: 0.0954816	valid_1's rmse: 0.102389
[1100]	training's rmse: 0.0942383	valid_1's rmse: 0.101488
[1200]	training's rmse: 0.0931618	valid_1's rmse: 0.100663
[1300]	training's rmse: 0.0920404	valid_1's rmse: 0.0998399
[1400]	training's rmse: 0.0910916	valid_1's rmse: 0.0991517
[1500]	training's rmse: 0.0902085	valid_1's rmse: 0.0985307
[1600]	training's rmse: 0.0893962	valid_1's rmse: 0.0979551
[1700]	training's rmse: 0.0885821	valid_1's rmse: 0.0973813
[1800]	training's rmse: 0.08782	valid_1's rmse: 0.0968707
[1900]	training's rmse: 0.0870659	valid_1's rmse: 0.0963739
[2000]	training's rmse: 0.0863155	valid_1's rmse: 0.0958838
[2100]	training's rmse: 0.0856429	valid_1's rmse: 0.0954543
[2200]	training's rmse: 0.0849503	valid_1's rmse: 0.0950341
[2300]	training's rmse: 0.0843479	valid_1's rmse: 0.0946692
[2400]	training's rmse: 0.0837268	valid_1's rmse: 0.0942997
[2500]	training's rmse: 0.0830809	valid_1's rmse: 0.0938989
[2600]	training's rmse: 0.0825281	valid_1's rmse: 0.093583
[2700]	training's rmse: 0.0819507	valid_1's rmse: 0.093264
[2800]	training's rmse: 0.0814048	valid_1's rmse: 0.0929343
[2900]	training's rmse: 0.0808682	valid_1's rmse: 0.0926321
[3000]	training's rmse: 0.0803629	valid_1's rmse: 0.0923732
[3100]	training's rmse: 0.0798528	valid_1's rmse: 0.092106
[3200]	training's rmse: 0.0793359	valid_1's rmse: 0.0918406
[3300]	training's rmse: 0.0789174	valid_1's rmse: 0.091626
[3400]	training's rmse: 0.0784301	valid_1's rmse: 0.0913815
[3500]	training's rmse: 0.0779813	valid_1's rmse: 0.0911536
[3600]	training's rmse: 0.0775154	valid_1's rmse: 0.0909263
[3700]	training's rmse: 0.0770769	valid_1's rmse: 0.0907015
[3800]	training's rmse: 0.076623	valid_1's rmse: 0.0904921
[3900]	training's rmse: 0.0762059	valid_1's rmse: 0.0903041
[4000]	training's rmse: 0.0757809	valid_1's rmse: 0.0900945
[4100]	training's rmse: 0.0753696	valid_1's rmse: 0.0899159
[4200]	training's rmse: 0.0749551	valid_1's rmse: 0.0897258
[4300]	training's rmse: 0.0746077	valid_1's rmse: 0.089571
[4400]	training's rmse: 0.074225	valid_1's rmse: 0.0894008
[4500]	training's rmse: 0.0738387	valid_1's rmse: 0.089255
[4600]	training's rmse: 0.0734336	valid_1's rmse: 0.089075
[4700]	training's rmse: 0.0730829	valid_1's rmse: 0.0889458
[4800]	training's rmse: 0.0727164	valid_1's rmse: 0.0888114
[4900]	training's rmse: 0.0723635	valid_1's rmse: 0.0886714
[5000]	training's rmse: 0.0719966	valid_1's rmse: 0.0885268
[5100]	training's rmse: 0.0716648	valid_1's rmse: 0.0884089
[5200]	training's rmse: 0.0713107	valid_1's rmse: 0.0882778
[5300]	training's rmse: 0.0709637	valid_1's rmse: 0.0881578
[5400]	training's rmse: 0.0706148	valid_1's rmse: 0.0880257
[5500]	training's rmse: 0.0702907	valid_1's rmse: 0.0878964
[5600]	training's rmse: 0.0699582	valid_1's rmse: 0.0877783
[5700]	training's rmse: 0.0696505	valid_1's rmse: 0.0876872
[5800]	training's rmse: 0.0693193	valid_1's rmse: 0.0875689
[5900]	training's rmse: 0.0689871	valid_1's rmse: 0.0874694
[6000]	training's rmse: 0.0686736	valid_1's rmse: 0.0873609
[6100]	training's rmse: 0.0683651	valid_1's rmse: 0.0872771
[6200]	training's rmse: 0.0680481	valid_1's rmse: 0.08719
[6300]	training's rmse: 0.0677607	valid_1's rmse: 0.0871021
[6400]	training's rmse: 0.0674472	valid_1's rmse: 0.0870095
[6500]	training's rmse: 0.0671599	valid_1's rmse: 0.0869218
[6600]	training's rmse: 0.0668576	valid_1's rmse: 0.0868238
[6700]	training's rmse: 0.0665506	valid_1's rmse: 0.0867277
[6800]	training's rmse: 0.0662633	valid_1's rmse: 0.0866328
[6900]	training's rmse: 0.0659741	valid_1's rmse: 0.0865421
[7000]	training's rmse: 0.0656654	valid_1's rmse: 0.0864566
[7100]	training's rmse: 0.0653737	valid_1's rmse: 0.0863693
[7200]	training's rmse: 0.0650755	valid_1's rmse: 0.0862713
[7300]	training's rmse: 0.0648186	valid_1's rmse: 0.0861876
[7400]	training's rmse: 0.0645286	valid_1's rmse: 0.0860974
[7500]	training's rmse: 0.0642622	valid_1's rmse: 0.0860211
[7600]	training's rmse: 0.0640117	valid_1's rmse: 0.0859556
[7700]	training's rmse: 0.0637521	valid_1's rmse: 0.0858902
[7800]	training's rmse: 0.0635002	valid_1's rmse: 0.085832
[7900]	training's rmse: 0.0632323	valid_1's rmse: 0.0857611
[8000]	training's rmse: 0.0629657	valid_1's rmse: 0.0856949
[8100]	training's rmse: 0.0627011	valid_1's rmse: 0.0856272
[8200]	training's rmse: 0.0624307	valid_1's rmse: 0.085553
[8300]	training's rmse: 0.0621778	valid_1's rmse: 0.0854797
[8400]	training's rmse: 0.0619293	valid_1's rmse: 0.0854197
[8500]	training's rmse: 0.0616935	valid_1's rmse: 0.0853543
[8600]	training's rmse: 0.061456	valid_1's rmse: 0.0852824
[8700]	training's rmse: 0.0612159	valid_1's rmse: 0.0852213
[8800]	training's rmse: 0.0609706	valid_1's rmse: 0.0851661
[8900]	training's rmse: 0.0607326	valid_1's rmse: 0.0850997
[9000]	training's rmse: 0.060497	valid_1's rmse: 0.0850469
[9100]	training's rmse: 0.0602496	valid_1's rmse: 0.0849791
[9200]	training's rmse: 0.0600188	valid_1's rmse: 0.0849389
[9300]	training's rmse: 0.0597983	valid_1's rmse: 0.0848823
[9400]	training's rmse: 0.0595774	valid_1's rmse: 0.0848276
[9500]	training's rmse: 0.05935	valid_1's rmse: 0.0847794
[9600]	training's rmse: 0.0591011	valid_1's rmse: 0.0847099
[9700]	training's rmse: 0.0588685	valid_1's rmse: 0.0846622
[9800]	training's rmse: 0.0586468	valid_1's rmse: 0.0846174
[9900]	training's rmse: 0.0584151	valid_1's rmse: 0.0845681
[10000]	training's rmse: 0.0581932	valid_1's rmse: 0.0845214
[10100]	training's rmse: 0.0579675	valid_1's rmse: 0.0844847
[10200]	training's rmse: 0.0577559	valid_1's rmse: 0.0844441
[10300]	training's rmse: 0.0575255	valid_1's rmse: 0.0844001
[10400]	training's rmse: 0.0573214	valid_1's rmse: 0.0843589
[10500]	training's rmse: 0.0571045	valid_1's rmse: 0.0843164
[10600]	training's rmse: 0.0568873	valid_1's rmse: 0.0842702
[10700]	training's rmse: 0.0566737	valid_1's rmse: 0.0842361
[10800]	training's rmse: 0.0564729	valid_1's rmse: 0.0841936
[10900]	training's rmse: 0.0562646	valid_1's rmse: 0.0841601
[11000]	training's rmse: 0.0560564	valid_1's rmse: 0.0841195
[11100]	training's rmse: 0.0558442	valid_1's rmse: 0.0840704
[11200]	training's rmse: 0.055643	valid_1's rmse: 0.0840389
[11300]	training's rmse: 0.055443	valid_1's rmse: 0.0839983
[11400]	training's rmse: 0.0552316	valid_1's rmse: 0.0839598
[11500]	training's rmse: 0.055024	valid_1's rmse: 0.0839154
[11600]	training's rmse: 0.0548192	valid_1's rmse: 0.0838815
[11700]	training's rmse: 0.0546218	valid_1's rmse: 0.0838498
[11800]	training's rmse: 0.054423	valid_1's rmse: 0.083816
[11900]	training's rmse: 0.0542294	valid_1's rmse: 0.0837816
[12000]	training's rmse: 0.0540223	valid_1's rmse: 0.0837393
[12100]	training's rmse: 0.0538369	valid_1's rmse: 0.0837197
[12200]	training's rmse: 0.0536424	valid_1's rmse: 0.0836765
[12300]	training's rmse: 0.0534503	valid_1's rmse: 0.0836495
[12400]	training's rmse: 0.0532538	valid_1's rmse: 0.0836155
[12500]	training's rmse: 0.0530637	valid_1's rmse: 0.0835795
[12600]	training's rmse: 0.0528869	valid_1's rmse: 0.0835478
[12700]	training's rmse: 0.0527192	valid_1's rmse: 0.083526
[12800]	training's rmse: 0.0525374	valid_1's rmse: 0.0834921
[12900]	training's rmse: 0.0523436	valid_1's rmse: 0.0834527
[13000]	training's rmse: 0.0521515	valid_1's rmse: 0.0834108
[13100]	training's rmse: 0.0519612	valid_1's rmse: 0.0833753
[13200]	training's rmse: 0.0517768	valid_1's rmse: 0.083336
[13300]	training's rmse: 0.0515946	valid_1's rmse: 0.0833078
[13400]	training's rmse: 0.0514109	valid_1's rmse: 0.0832771
[13500]	training's rmse: 0.0512321	valid_1's rmse: 0.0832529
[13600]	training's rmse: 0.0510532	valid_1's rmse: 0.0832185
[13700]	training's rmse: 0.0508824	valid_1's rmse: 0.0831874
[13800]	training's rmse: 0.0507041	valid_1's rmse: 0.0831563
[13900]	training's rmse: 0.0505271	valid_1's rmse: 0.0831332
[14000]	training's rmse: 0.05036	valid_1's rmse: 0.0831137
[14100]	training's rmse: 0.0501858	valid_1's rmse: 0.0830904
[14200]	training's rmse: 0.0500282	valid_1's rmse: 0.0830659
[14300]	training's rmse: 0.049845	valid_1's rmse: 0.0830379
[14400]	training's rmse: 0.0496791	valid_1's rmse: 0.083008
[14500]	training's rmse: 0.0495139	valid_1's rmse: 0.0829913
[14600]	training's rmse: 0.0493634	valid_1's rmse: 0.0829737
[14700]	training's rmse: 0.0492014	valid_1's rmse: 0.0829467
[14800]	training's rmse: 0.0490304	valid_1's rmse: 0.0829222
[14900]	training's rmse: 0.0488646	valid_1's rmse: 0.0828946
[15000]	training's rmse: 0.0486962	valid_1's rmse: 0.082864
[15100]	training's rmse: 0.0485365	valid_1's rmse: 0.0828352
[15200]	training's rmse: 0.048395	valid_1's rmse: 0.082814
[15300]	training's rmse: 0.0482344	valid_1's rmse: 0.0827873
[15400]	training's rmse: 0.0480701	valid_1's rmse: 0.0827698
[15500]	training's rmse: 0.0479094	valid_1's rmse: 0.0827464
[15600]	training's rmse: 0.0477405	valid_1's rmse: 0.0827243
[15700]	training's rmse: 0.0475916	valid_1's rmse: 0.0827036
[15800]	training's rmse: 0.0474313	valid_1's rmse: 0.0826864
[15900]	training's rmse: 0.0472814	valid_1's rmse: 0.0826652
[16000]	training's rmse: 0.0471249	valid_1's rmse: 0.0826496
[16100]	training's rmse: 0.0469665	valid_1's rmse: 0.0826363
[16200]	training's rmse: 0.046817	valid_1's rmse: 0.0826106
[16300]	training's rmse: 0.0466528	valid_1's rmse: 0.0825945
[16400]	training's rmse: 0.0464933	valid_1's rmse: 0.0825661
[16500]	training's rmse: 0.0463406	valid_1's rmse: 0.0825562
[16600]	training's rmse: 0.0461813	valid_1's rmse: 0.0825342
[16700]	training's rmse: 0.0460336	valid_1's rmse: 0.08251
[16800]	training's rmse: 0.0458882	valid_1's rmse: 0.0825048
[16900]	training's rmse: 0.0457413	valid_1's rmse: 0.082489
[17000]	training's rmse: 0.0455864	valid_1's rmse: 0.0824835
[17100]	training's rmse: 0.0454416	valid_1's rmse: 0.0824698
[17200]	training's rmse: 0.045302	valid_1's rmse: 0.0824499
[17300]	training's rmse: 0.0451533	valid_1's rmse: 0.0824294
[17400]	training's rmse: 0.0450087	valid_1's rmse: 0.0824075
[17500]	training's rmse: 0.0448654	valid_1's rmse: 0.0823916
[17600]	training's rmse: 0.0447224	valid_1's rmse: 0.0823705
[17700]	training's rmse: 0.0445823	valid_1's rmse: 0.0823524
[17800]	training's rmse: 0.0444394	valid_1's rmse: 0.0823322
[17900]	training's rmse: 0.0443011	valid_1's rmse: 0.0823183
[18000]	training's rmse: 0.0441599	valid_1's rmse: 0.0823032
[18100]	training's rmse: 0.0440199	valid_1's rmse: 0.0822852
[18200]	training's rmse: 0.0438855	valid_1's rmse: 0.0822687
[18300]	training's rmse: 0.0437462	valid_1's rmse: 0.0822495
[18400]	training's rmse: 0.0436001	valid_1's rmse: 0.0822312
[18500]	training's rmse: 0.0434721	valid_1's rmse: 0.0822096
[18600]	training's rmse: 0.0433385	valid_1's rmse: 0.0822004
[18700]	training's rmse: 0.0431977	valid_1's rmse: 0.0821855
[18800]	training's rmse: 0.0430601	valid_1's rmse: 0.0821746
[18900]	training's rmse: 0.0429255	valid_1's rmse: 0.0821609
[19000]	training's rmse: 0.0427955	valid_1's rmse: 0.0821468
[19100]	training's rmse: 0.0426686	valid_1's rmse: 0.0821282
[19200]	training's rmse: 0.042525	valid_1's rmse: 0.082114
[19300]	training's rmse: 0.0423874	valid_1's rmse: 0.0820995
[19400]	training's rmse: 0.0422594	valid_1's rmse: 0.0820789
[19500]	training's rmse: 0.0421358	valid_1's rmse: 0.0820682
[19600]	training's rmse: 0.042013	valid_1's rmse: 0.0820506
[19700]	training's rmse: 0.0418844	valid_1's rmse: 0.0820392
[19800]	training's rmse: 0.041758	valid_1's rmse: 0.0820273
[19900]	training's rmse: 0.041631	valid_1's rmse: 0.0820108
[20000]	training's rmse: 0.0415041	valid_1's rmse: 0.0820024
[20100]	training's rmse: 0.0413766	valid_1's rmse: 0.0819882
[20200]	training's rmse: 0.0412553	valid_1's rmse: 0.0819738
[20300]	training's rmse: 0.0411278	valid_1's rmse: 0.0819626
[20400]	training's rmse: 0.0410028	valid_1's rmse: 0.0819553
[20500]	training's rmse: 0.0408781	valid_1's rmse: 0.0819416
[20600]	training's rmse: 0.0407475	valid_1's rmse: 0.0819342
[20700]	training's rmse: 0.0406217	valid_1's rmse: 0.0819224
[20800]	training's rmse: 0.0405008	valid_1's rmse: 0.0819112
[20900]	training's rmse: 0.0403752	valid_1's rmse: 0.0819015
[21000]	training's rmse: 0.0402478	valid_1's rmse: 0.0818869
[21100]	training's rmse: 0.040128	valid_1's rmse: 0.0818695
[21200]	training's rmse: 0.0400026	valid_1's rmse: 0.081858
[21300]	training's rmse: 0.0398832	valid_1's rmse: 0.0818408
[21400]	training's rmse: 0.0397668	valid_1's rmse: 0.0818262
[21500]	training's rmse: 0.039649	valid_1's rmse: 0.0818124
[21600]	training's rmse: 0.0395302	valid_1's rmse: 0.0817957
[21700]	training's rmse: 0.0394179	valid_1's rmse: 0.0817881
[21800]	training's rmse: 0.0392966	valid_1's rmse: 0.0817785
[21900]	training's rmse: 0.03918	valid_1's rmse: 0.0817671
[22000]	training's rmse: 0.0390606	valid_1's rmse: 0.081759
[22100]	training's rmse: 0.0389495	valid_1's rmse: 0.0817498
[22200]	training's rmse: 0.0388361	valid_1's rmse: 0.0817363
[22300]	training's rmse: 0.0387206	valid_1's rmse: 0.0817272
[22400]	training's rmse: 0.0386053	valid_1's rmse: 0.0817205
[22500]	training's rmse: 0.0384975	valid_1's rmse: 0.0817097
[22600]	training's rmse: 0.0383891	valid_1's rmse: 0.0816992
[22700]	training's rmse: 0.0382835	valid_1's rmse: 0.0816888
[22800]	training's rmse: 0.0381718	valid_1's rmse: 0.0816776
[22900]	training's rmse: 0.0380624	valid_1's rmse: 0.0816689
[23000]	training's rmse: 0.0379457	valid_1's rmse: 0.0816598
[23100]	training's rmse: 0.0378427	valid_1's rmse: 0.0816513
[23200]	training's rmse: 0.0377312	valid_1's rmse: 0.081641
[23300]	training's rmse: 0.0376231	valid_1's rmse: 0.0816385
[23400]	training's rmse: 0.0375137	valid_1's rmse: 0.081632
[23500]	training's rmse: 0.0374033	valid_1's rmse: 0.0816209
[23600]	training's rmse: 0.0372939	valid_1's rmse: 0.0816063
[23700]	training's rmse: 0.0371834	valid_1's rmse: 0.0815881
[23800]	training's rmse: 0.0370763	valid_1's rmse: 0.081576
[23900]	training's rmse: 0.0369653	valid_1's rmse: 0.0815741
[24000]	training's rmse: 0.0368555	valid_1's rmse: 0.0815723
[24100]	training's rmse: 0.0367475	valid_1's rmse: 0.081566
[24200]	training's rmse: 0.0366446	valid_1's rmse: 0.0815605
[24300]	training's rmse: 0.0365413	valid_1's rmse: 0.0815524
[24400]	training's rmse: 0.0364369	valid_1's rmse: 0.081543
[24500]	training's rmse: 0.0363367	valid_1's rmse: 0.0815318
[24600]	training's rmse: 0.0362329	valid_1's rmse: 0.0815186
[24700]	training's rmse: 0.0361334	valid_1's rmse: 0.0815149
[24800]	training's rmse: 0.0360348	valid_1's rmse: 0.0814995
[24900]	training's rmse: 0.0359277	valid_1's rmse: 0.0814861
[25000]	training's rmse: 0.0358309	valid_1's rmse: 0.081478
[25100]	training's rmse: 0.0357244	valid_1's rmse: 0.0814671
[25200]	training's rmse: 0.0356219	valid_1's rmse: 0.0814636
##### feature importance #####
                        importance
feature                           
area                  58987.472848
layout                41160.290088
district              18710.492294
te_district           11943.715538
is_L                  11629.860988
age_in_months          9307.758468
洗面台独立                  7375.638326
structure              4020.693610
building_floor         3585.466837
システムキッチン               3568.476485
area_per_room          2589.381911
エレベーター                 2139.204986
age_year               2013.803611
浴室乾燥機                  1587.895588
min_to_nearest_sta     1245.552184
room_floor             1237.546234
温水洗浄便座                  685.331593
バス・トイレ別                 583.997618
num_room                516.388411
スーパー                    497.262025
コンビニ                    445.292199
direction               403.739411
floor_ratio             395.851703
床暖房                     372.521786
age_month               300.068797
追焚機能                    179.089160
室内洗濯機置場                 158.137218
fixed_term              133.215731
山手線                     133.056498
ウォークインクローゼット            119.923202
コンロ3口                   118.979098
ドラッグストア                 118.888525
脱衣所                     111.531885
bicycle_parking         106.462331
三軒茶屋駅                   105.126425
シャワー                    104.789994
銀座線                     104.644901
北千住駅                    103.711973
日暮里舎人ライナー               102.783703
総武線                      99.858417
恵比寿駅                     94.117581
BSアンテナ                   88.143426
西武新宿線                    87.281279
is_D                     85.930276
contract_period_year     84.849277
日比谷線                     84.033904
京王新線                     84.025560
CATV                     83.724736
バルコニー                    83.421502
光ファイバー                   81.721675
[100]	training's rmse: 0.222939	valid_1's rmse: 0.226776
[200]	training's rmse: 0.145123	valid_1's rmse: 0.148425
[300]	training's rmse: 0.120247	valid_1's rmse: 0.124216
[400]	training's rmse: 0.110491	valid_1's rmse: 0.114943
[500]	training's rmse: 0.10559	valid_1's rmse: 0.110498
[600]	training's rmse: 0.102457	valid_1's rmse: 0.107741
[700]	training's rmse: 0.100105	valid_1's rmse: 0.105716
[800]	training's rmse: 0.0981262	valid_1's rmse: 0.104078
[900]	training's rmse: 0.0965563	valid_1's rmse: 0.102823
[1000]	training's rmse: 0.0951359	valid_1's rmse: 0.101751
[1100]	training's rmse: 0.0939289	valid_1's rmse: 0.100825
[1200]	training's rmse: 0.0928453	valid_1's rmse: 0.100032
[1300]	training's rmse: 0.0918476	valid_1's rmse: 0.0993076
[1400]	training's rmse: 0.0908893	valid_1's rmse: 0.0986477
[1500]	training's rmse: 0.0900309	valid_1's rmse: 0.098033
[1600]	training's rmse: 0.0891536	valid_1's rmse: 0.0974355
[1700]	training's rmse: 0.0883197	valid_1's rmse: 0.0969157
[1800]	training's rmse: 0.0875474	valid_1's rmse: 0.0964429
[1900]	training's rmse: 0.0867849	valid_1's rmse: 0.0959801
[2000]	training's rmse: 0.0860796	valid_1's rmse: 0.0955291
[2100]	training's rmse: 0.0854405	valid_1's rmse: 0.0951938
[2200]	training's rmse: 0.0848255	valid_1's rmse: 0.094845
[2300]	training's rmse: 0.084224	valid_1's rmse: 0.0944998
[2400]	training's rmse: 0.0835725	valid_1's rmse: 0.0941477
[2500]	training's rmse: 0.0829722	valid_1's rmse: 0.0938271
[2600]	training's rmse: 0.0824183	valid_1's rmse: 0.0935348
[2700]	training's rmse: 0.0818581	valid_1's rmse: 0.0932408
[2800]	training's rmse: 0.0813191	valid_1's rmse: 0.0929804
[2900]	training's rmse: 0.080795	valid_1's rmse: 0.0927611
[3000]	training's rmse: 0.0802889	valid_1's rmse: 0.0925194
[3100]	training's rmse: 0.0798029	valid_1's rmse: 0.0922776
[3200]	training's rmse: 0.0793459	valid_1's rmse: 0.0920818
[3300]	training's rmse: 0.0788436	valid_1's rmse: 0.0918493
[3400]	training's rmse: 0.0783979	valid_1's rmse: 0.0916433
[3500]	training's rmse: 0.0779651	valid_1's rmse: 0.0914491
[3600]	training's rmse: 0.0775224	valid_1's rmse: 0.0912493
[3700]	training's rmse: 0.0770932	valid_1's rmse: 0.0910758
[3800]	training's rmse: 0.0766759	valid_1's rmse: 0.090924
[3900]	training's rmse: 0.0762859	valid_1's rmse: 0.0907568
[4000]	training's rmse: 0.0758624	valid_1's rmse: 0.0905941
[4100]	training's rmse: 0.0754358	valid_1's rmse: 0.0904235
[4200]	training's rmse: 0.0750054	valid_1's rmse: 0.09024
[4300]	training's rmse: 0.0746132	valid_1's rmse: 0.0900865
[4400]	training's rmse: 0.0741945	valid_1's rmse: 0.0899062
[4500]	training's rmse: 0.073799	valid_1's rmse: 0.0897496
[4600]	training's rmse: 0.0734335	valid_1's rmse: 0.0896224
[4700]	training's rmse: 0.0730676	valid_1's rmse: 0.0894981
[4800]	training's rmse: 0.072672	valid_1's rmse: 0.0893774
[4900]	training's rmse: 0.0723106	valid_1's rmse: 0.0892489
[5000]	training's rmse: 0.0719449	valid_1's rmse: 0.0891357
[5100]	training's rmse: 0.0715786	valid_1's rmse: 0.0890209
[5200]	training's rmse: 0.0712232	valid_1's rmse: 0.0888882
[5300]	training's rmse: 0.0708666	valid_1's rmse: 0.0887753
[5400]	training's rmse: 0.0705182	valid_1's rmse: 0.0886718
[5500]	training's rmse: 0.0702042	valid_1's rmse: 0.088574
[5600]	training's rmse: 0.0698709	valid_1's rmse: 0.0884723
[5700]	training's rmse: 0.0695442	valid_1's rmse: 0.0883837
[5800]	training's rmse: 0.0692262	valid_1's rmse: 0.0882895
[5900]	training's rmse: 0.0689068	valid_1's rmse: 0.0881865
[6000]	training's rmse: 0.0685677	valid_1's rmse: 0.0880869
[6100]	training's rmse: 0.0682707	valid_1's rmse: 0.0879883
[6200]	training's rmse: 0.06796	valid_1's rmse: 0.0878884
[6300]	training's rmse: 0.06764	valid_1's rmse: 0.0877761
[6400]	training's rmse: 0.0673297	valid_1's rmse: 0.0876867
[6500]	training's rmse: 0.0670535	valid_1's rmse: 0.0876084
[6600]	training's rmse: 0.0667537	valid_1's rmse: 0.0875178
[6700]	training's rmse: 0.0664713	valid_1's rmse: 0.0874392
[6800]	training's rmse: 0.0661979	valid_1's rmse: 0.0873651
[6900]	training's rmse: 0.0659041	valid_1's rmse: 0.0872799
[7000]	training's rmse: 0.065607	valid_1's rmse: 0.0872001
[7100]	training's rmse: 0.065349	valid_1's rmse: 0.0871287
[7200]	training's rmse: 0.0650665	valid_1's rmse: 0.0870711
[7300]	training's rmse: 0.0647894	valid_1's rmse: 0.0870004
[7400]	training's rmse: 0.0645046	valid_1's rmse: 0.0869342
[7500]	training's rmse: 0.06423	valid_1's rmse: 0.086862
[7600]	training's rmse: 0.0639532	valid_1's rmse: 0.0867918
[7700]	training's rmse: 0.0636775	valid_1's rmse: 0.0867172
[7800]	training's rmse: 0.0633934	valid_1's rmse: 0.0866533
[7900]	training's rmse: 0.0631403	valid_1's rmse: 0.0866105
[8000]	training's rmse: 0.0628745	valid_1's rmse: 0.0865344
[8100]	training's rmse: 0.0626208	valid_1's rmse: 0.0864656
[8200]	training's rmse: 0.0623675	valid_1's rmse: 0.0864137
[8300]	training's rmse: 0.062105	valid_1's rmse: 0.0863528
[8400]	training's rmse: 0.0618616	valid_1's rmse: 0.0862933
[8500]	training's rmse: 0.0616055	valid_1's rmse: 0.0862455
[8600]	training's rmse: 0.0613503	valid_1's rmse: 0.0861973
[8700]	training's rmse: 0.0611005	valid_1's rmse: 0.0861318
[8800]	training's rmse: 0.0608586	valid_1's rmse: 0.0860983
[8900]	training's rmse: 0.060608	valid_1's rmse: 0.0860451
[9000]	training's rmse: 0.0603816	valid_1's rmse: 0.0860042
[9100]	training's rmse: 0.0601426	valid_1's rmse: 0.0859536
[9200]	training's rmse: 0.0599075	valid_1's rmse: 0.085903
[9300]	training's rmse: 0.0596735	valid_1's rmse: 0.0858429
[9400]	training's rmse: 0.0594424	valid_1's rmse: 0.0857865
[9500]	training's rmse: 0.0592013	valid_1's rmse: 0.0857405
[9600]	training's rmse: 0.058992	valid_1's rmse: 0.085707
[9700]	training's rmse: 0.0587737	valid_1's rmse: 0.0856645
[9800]	training's rmse: 0.0585342	valid_1's rmse: 0.085628
[9900]	training's rmse: 0.0583197	valid_1's rmse: 0.0855832
[10000]	training's rmse: 0.0580994	valid_1's rmse: 0.0855467
[10100]	training's rmse: 0.0578652	valid_1's rmse: 0.0854999
[10200]	training's rmse: 0.0576675	valid_1's rmse: 0.0854585
[10300]	training's rmse: 0.0574402	valid_1's rmse: 0.0854128
[10400]	training's rmse: 0.0572224	valid_1's rmse: 0.0853653
[10500]	training's rmse: 0.0570017	valid_1's rmse: 0.0853209
[10600]	training's rmse: 0.0567757	valid_1's rmse: 0.0852808
[10700]	training's rmse: 0.0565666	valid_1's rmse: 0.0852311
[10800]	training's rmse: 0.0563625	valid_1's rmse: 0.0851984
[10900]	training's rmse: 0.0561639	valid_1's rmse: 0.0851558
[11000]	training's rmse: 0.0559546	valid_1's rmse: 0.0851261
[11100]	training's rmse: 0.0557472	valid_1's rmse: 0.0850982
[11200]	training's rmse: 0.0555316	valid_1's rmse: 0.0850606
[11300]	training's rmse: 0.0553312	valid_1's rmse: 0.0850351
[11400]	training's rmse: 0.0551252	valid_1's rmse: 0.0850027
[11500]	training's rmse: 0.0549213	valid_1's rmse: 0.0849706
[11600]	training's rmse: 0.0547173	valid_1's rmse: 0.0849391
[11700]	training's rmse: 0.0545099	valid_1's rmse: 0.0848951
[11800]	training's rmse: 0.0543081	valid_1's rmse: 0.0848554
[11900]	training's rmse: 0.0541029	valid_1's rmse: 0.0848194
[12000]	training's rmse: 0.0539098	valid_1's rmse: 0.0847861
[12100]	training's rmse: 0.0537176	valid_1's rmse: 0.0847535
[12200]	training's rmse: 0.0535265	valid_1's rmse: 0.0847262
[12300]	training's rmse: 0.0533418	valid_1's rmse: 0.0846918
[12400]	training's rmse: 0.0531535	valid_1's rmse: 0.0846577
[12500]	training's rmse: 0.0529561	valid_1's rmse: 0.0846242
[12600]	training's rmse: 0.0527649	valid_1's rmse: 0.0845967
[12700]	training's rmse: 0.0525806	valid_1's rmse: 0.0845776
[12800]	training's rmse: 0.0523947	valid_1's rmse: 0.084541
[12900]	training's rmse: 0.0522107	valid_1's rmse: 0.0845148
[13000]	training's rmse: 0.0520241	valid_1's rmse: 0.0844834
[13100]	training's rmse: 0.0518417	valid_1's rmse: 0.0844555
[13200]	training's rmse: 0.0516579	valid_1's rmse: 0.0844224
[13300]	training's rmse: 0.0514821	valid_1's rmse: 0.0843952
[13400]	training's rmse: 0.051306	valid_1's rmse: 0.0843654
[13500]	training's rmse: 0.0511297	valid_1's rmse: 0.0843415
[13600]	training's rmse: 0.0509552	valid_1's rmse: 0.0843118
[13700]	training's rmse: 0.0507753	valid_1's rmse: 0.084285
[13800]	training's rmse: 0.0506074	valid_1's rmse: 0.0842687
[13900]	training's rmse: 0.0504353	valid_1's rmse: 0.0842495
[14000]	training's rmse: 0.0502731	valid_1's rmse: 0.0842284
[14100]	training's rmse: 0.0501055	valid_1's rmse: 0.0842005
[14200]	training's rmse: 0.0499371	valid_1's rmse: 0.0841857
[14300]	training's rmse: 0.0497642	valid_1's rmse: 0.0841626
[14400]	training's rmse: 0.0495967	valid_1's rmse: 0.0841505
[14500]	training's rmse: 0.049422	valid_1's rmse: 0.0841283
[14600]	training's rmse: 0.0492614	valid_1's rmse: 0.0841082
[14700]	training's rmse: 0.0490997	valid_1's rmse: 0.0840855
[14800]	training's rmse: 0.0489255	valid_1's rmse: 0.0840594
[14900]	training's rmse: 0.0487551	valid_1's rmse: 0.0840361
[15000]	training's rmse: 0.0485929	valid_1's rmse: 0.0840232
[15100]	training's rmse: 0.0484313	valid_1's rmse: 0.0840017
[15200]	training's rmse: 0.0482766	valid_1's rmse: 0.0839914
[15300]	training's rmse: 0.0481127	valid_1's rmse: 0.0839641
[15400]	training's rmse: 0.0479524	valid_1's rmse: 0.0839508
[15500]	training's rmse: 0.0477911	valid_1's rmse: 0.0839208
[15600]	training's rmse: 0.0476289	valid_1's rmse: 0.0838945
[15700]	training's rmse: 0.0474745	valid_1's rmse: 0.0838846
[15800]	training's rmse: 0.0473197	valid_1's rmse: 0.0838577
[15900]	training's rmse: 0.047162	valid_1's rmse: 0.083838
[16000]	training's rmse: 0.0470009	valid_1's rmse: 0.0838177
[16100]	training's rmse: 0.0468478	valid_1's rmse: 0.0838035
[16200]	training's rmse: 0.0466906	valid_1's rmse: 0.0837918
[16300]	training's rmse: 0.0465309	valid_1's rmse: 0.0837807
[16400]	training's rmse: 0.0463886	valid_1's rmse: 0.0837628
[16500]	training's rmse: 0.0462402	valid_1's rmse: 0.0837484
[16600]	training's rmse: 0.0460885	valid_1's rmse: 0.0837342
[16700]	training's rmse: 0.0459433	valid_1's rmse: 0.0837185
[16800]	training's rmse: 0.0457915	valid_1's rmse: 0.0837079
[16900]	training's rmse: 0.0456422	valid_1's rmse: 0.0836931
[17000]	training's rmse: 0.0454911	valid_1's rmse: 0.0836784
[17100]	training's rmse: 0.0453379	valid_1's rmse: 0.0836589
[17200]	training's rmse: 0.0451863	valid_1's rmse: 0.0836465
[17300]	training's rmse: 0.0450451	valid_1's rmse: 0.0836394
[17400]	training's rmse: 0.044908	valid_1's rmse: 0.0836181
[17500]	training's rmse: 0.0447629	valid_1's rmse: 0.0836002
[17600]	training's rmse: 0.0446135	valid_1's rmse: 0.0835784
[17700]	training's rmse: 0.0444675	valid_1's rmse: 0.083557
[17800]	training's rmse: 0.0443152	valid_1's rmse: 0.0835289
[17900]	training's rmse: 0.0441722	valid_1's rmse: 0.0835101
[18000]	training's rmse: 0.0440311	valid_1's rmse: 0.0834868
[18100]	training's rmse: 0.0438809	valid_1's rmse: 0.0834734
[18200]	training's rmse: 0.0437436	valid_1's rmse: 0.0834631
[18300]	training's rmse: 0.0435989	valid_1's rmse: 0.083453
[18400]	training's rmse: 0.0434543	valid_1's rmse: 0.0834292
[18500]	training's rmse: 0.0433166	valid_1's rmse: 0.0834097
[18600]	training's rmse: 0.0431788	valid_1's rmse: 0.0833911
[18700]	training's rmse: 0.0430528	valid_1's rmse: 0.0833826
[18800]	training's rmse: 0.0429118	valid_1's rmse: 0.08337
[18900]	training's rmse: 0.0427769	valid_1's rmse: 0.0833598
[19000]	training's rmse: 0.0426459	valid_1's rmse: 0.0833457
[19100]	training's rmse: 0.0425211	valid_1's rmse: 0.0833323
[19200]	training's rmse: 0.0423838	valid_1's rmse: 0.0833232
[19300]	training's rmse: 0.0422456	valid_1's rmse: 0.083308
[19400]	training's rmse: 0.0421183	valid_1's rmse: 0.0832938
[19500]	training's rmse: 0.0419909	valid_1's rmse: 0.0832825
[19600]	training's rmse: 0.0418671	valid_1's rmse: 0.0832697
[19700]	training's rmse: 0.0417376	valid_1's rmse: 0.0832491
[19800]	training's rmse: 0.0416109	valid_1's rmse: 0.0832395
[19900]	training's rmse: 0.0414875	valid_1's rmse: 0.083232
[20000]	training's rmse: 0.0413558	valid_1's rmse: 0.0832075
[20100]	training's rmse: 0.0412287	valid_1's rmse: 0.0831921
[20200]	training's rmse: 0.0411088	valid_1's rmse: 0.0831845
[20300]	training's rmse: 0.040982	valid_1's rmse: 0.0831751
[20400]	training's rmse: 0.0408502	valid_1's rmse: 0.083168
[20500]	training's rmse: 0.0407238	valid_1's rmse: 0.0831565
[20600]	training's rmse: 0.0405973	valid_1's rmse: 0.0831431
[20700]	training's rmse: 0.0404773	valid_1's rmse: 0.083127
[20800]	training's rmse: 0.0403493	valid_1's rmse: 0.0831244
[20900]	training's rmse: 0.0402317	valid_1's rmse: 0.083119
[21000]	training's rmse: 0.0401113	valid_1's rmse: 0.0831074
[21100]	training's rmse: 0.0399915	valid_1's rmse: 0.0830922
[21200]	training's rmse: 0.0398715	valid_1's rmse: 0.0830716
[21300]	training's rmse: 0.0397555	valid_1's rmse: 0.0830549
[21400]	training's rmse: 0.0396307	valid_1's rmse: 0.0830383
[21500]	training's rmse: 0.0395199	valid_1's rmse: 0.0830274
[21600]	training's rmse: 0.0393996	valid_1's rmse: 0.0830144
[21700]	training's rmse: 0.0392835	valid_1's rmse: 0.0830089
[21800]	training's rmse: 0.0391659	valid_1's rmse: 0.0829907
[21900]	training's rmse: 0.0390533	valid_1's rmse: 0.0829787
[22000]	training's rmse: 0.0389377	valid_1's rmse: 0.082965
[22100]	training's rmse: 0.0388171	valid_1's rmse: 0.0829504
[22200]	training's rmse: 0.0386977	valid_1's rmse: 0.0829416
[22300]	training's rmse: 0.0385865	valid_1's rmse: 0.0829416
[22400]	training's rmse: 0.0384769	valid_1's rmse: 0.0829305
[22500]	training's rmse: 0.0383652	valid_1's rmse: 0.0829138
[22600]	training's rmse: 0.0382517	valid_1's rmse: 0.0829003
[22700]	training's rmse: 0.0381395	valid_1's rmse: 0.0828859
[22800]	training's rmse: 0.03802	valid_1's rmse: 0.0828708
[22900]	training's rmse: 0.0379085	valid_1's rmse: 0.0828601
[23000]	training's rmse: 0.0377906	valid_1's rmse: 0.082853
[23100]	training's rmse: 0.0376926	valid_1's rmse: 0.0828547
##### feature importance #####
                        importance
feature                           
area                  59947.357290
layout                28216.982602
is_L                  21667.023354
district              19259.373476
te_district           11002.466745
age_in_months          8746.717413
洗面台独立                  5621.388057
structure              4458.767568
システムキッチン               3871.477848
building_floor         2889.433196
area_per_room          2699.601241
エレベーター                 2541.078498
age_year               2303.328100
浴室乾燥機                  1856.655891
room_floor             1308.076691
min_to_nearest_sta     1276.335811
温水洗浄便座                  648.646877
バス・トイレ別                 582.944243
床暖房                     474.796659
スーパー                    472.465649
コンビニ                    436.912084
num_room                423.185467
direction               383.987045
floor_ratio             376.349968
age_month               299.280181
追焚機能                    198.213657
室内洗濯機置場                 172.421006
山手線                     141.723591
fixed_term              120.574484
ドラッグストア                 115.981646
ウォークインクローゼット            114.925831
銀座線                     111.189634
北千住駅                    110.678688
コンロ3口                   107.791356
総武線                     101.921550
脱衣所                     101.649791
シャワー                    101.004240
contract_period_year    100.090017
恵比寿駅                     98.983612
日暮里舎人ライナー                96.625952
三軒茶屋駅                    89.801604
car_parking              89.228890
京王新線                     89.214292
病院                       87.750043
共同トイレ                    86.907201
西武新宿線                    86.824673
bicycle_parking          85.328335
CATV                     81.113170
丸ノ内線                     80.737151
光ファイバー                   79.091250
5fold CV score: 17577.194579214538
