./logs/model_logs/TEINEI_6.log
Using features:['district' 'min_to_nearest_sta' 'num_sta' 'つくばエクスプレス' '中央線' '丸ノ内線' '京急本線'
 '京急空港線' '京成押上線' '京成本線' '京成金町線' '京浜東北線' '京王井の頭線' '京王新線' '京王線' '京葉線' '副都心線'
 '千代田線' '半蔵門線' '南北線' '埼京線' '小田急小田原線' '山手線' '常磐線' '日暮里舎人ライナー' '日比谷線' '有楽町線'
 '東急世田谷線' '東急多摩川線' '東急大井町線' '東急東横線' '東急池上線' '東急田園都市線' '東急目黒線'
 '東武スカイツリーライン' '東武亀戸線' '東武大師線' '東武東上線' '東西線' '総武本線' '総武線' '西武新宿線' '西武池袋線'
 '都営三田線' '都営大江戸線' '都営新宿線' '都営浅草線' '都電荒川線' '銀座線' 'お花茶屋駅' '一之江駅' '三ノ輪駅'
 '三軒茶屋駅' '下板橋駅' '中板橋駅' '中目黒駅' '中野坂上駅' '中野駅' '亀有駅' '五反野駅' '京急蒲田駅' '代田橋駅'
 '住吉駅' '入谷駅' '八丁堀駅' '八幡山駅' '勝どき駅' '北千住駅' '北綾瀬駅' '千歳烏山駅' '大井町駅' '大塚駅' '大山駅'
 '大森駅' '大泉学園駅' '学芸大学駅' '巣鴨駅' '広尾駅' '恵比寿駅' '押上駅' '新中野駅' '新江古田駅' '新高円寺駅'
 '方南町駅' '月島駅' '木場駅' '東十条駅' '東高円寺駅' '板橋区役所前駅' '板橋本町駅' '板橋駅' '桜新町駅' '梅島駅'
 '武蔵小山駅' '江戸川橋駅' '池尻大橋駅' '池袋駅' '浅草駅' '清澄白河駅' '王子駅' '瑞江駅' '用賀駅' '白金高輪駅'
 '目黒駅' '祐天寺駅' '祖師ケ谷大蔵駅' '神楽坂駅' '笹塚駅' '築地駅' '篠崎駅' '綾瀬駅' '練馬駅' '自由が丘駅'
 '芦花公園駅' '荻窪駅' '菊川駅' '葛西駅' '蒲田駅' '西大島駅' '西新井駅' '西葛西駅' '要町駅' '赤羽駅' '越中島駅'
 '都立大学駅' '門前仲町駅' '青井駅' '駒沢大学駅' '高円寺駅' '麻布十番駅' 'layout' 'is_K' 'is_R'
 'is_L' 'is_D' 'is_S' 'num_room' 'age_year' 'age_month' 'age_in_months'
 'direction' 'has_N' 'has_S' 'has_E' 'has_W' 'area' 'area_per_room'
 'has_underground' 'room_floor' 'building_floor' 'floor_ratio' 'シャワー'
 'バスなし' 'バス・トイレ別' '共同トイレ' '共同バス' '専用トイレ' '専用バス' '洗面台独立' '浴室乾燥機' '温水洗浄便座'
 '脱衣所' '追焚機能' 'IHコンロ' 'L字キッチン' 'カウンターキッチン' 'ガスコンロ' 'コンロ1口' 'コンロ2口' 'コンロ3口'
 'コンロ4口以上' 'コンロ設置可（コンロ1口）' 'コンロ設置可（コンロ2口）' 'コンロ設置可（コンロ3口）'
 'コンロ設置可（コンロ4口以上）' 'コンロ設置可（口数不明）' 'システムキッチン' '冷蔵庫あり' '独立キッチン' '給湯' '電気コンロ'
 'BSアンテナ' 'CATV' 'CSアンテナ' 'インターネット使用料無料' 'インターネット対応' '光ファイバー' '有線放送'
 '高速インターネット' '24時間換気システム' '2面採光' '3面採光' 'ウォークインクローゼット' 'エアコン付' 'エレベーター'
 'オール電化' 'ガスその他' 'ガス暖房' 'クッションフロア' 'シューズボックス' 'タイル張り' 'トランクルーム' 'バリアフリー'
 'バルコニー' 'フローリング' 'プロパンガス' 'ペアガラス' 'ルーフバルコニー' 'ロフト付き' '下水' '二世帯住宅' '二重サッシ'
 '井戸' '公営水道' '冷房' '出窓' '地下室' '室内洗濯機置場' '室外洗濯機置場' '専用庭' '床下収納' '床暖房'
 '排水その他' '敷地内ごみ置き場' '水道その他' '汲み取り' '洗濯機置場なし' '浄化槽' '石油暖房' '都市ガス' '防音室'
 'bicycle_parking' 'car_parking' 'bike_parking' 'デパート' '公園' '郵便局'
 'コインパーキング' '学校' '図書館' '飲食店' '月極駐車場' '銀行' '小学校' 'ドラッグストア' 'レンタルビデオ' '病院'
 '総合病院' 'コンビニ' '大学' '幼稚園・保育園' 'スーパー' 'クリーニング' 'structure' 'fixed_term'
 'contract_period_year' 'contract_period_month'
 'contract_period_in_months']
[100]	training's rmse: 0.224937	valid_1's rmse: 0.222619
[200]	training's rmse: 0.145768	valid_1's rmse: 0.145148
[300]	training's rmse: 0.120574	valid_1's rmse: 0.120792
[400]	training's rmse: 0.110867	valid_1's rmse: 0.111896
[500]	training's rmse: 0.105957	valid_1's rmse: 0.107621
[600]	training's rmse: 0.102837	valid_1's rmse: 0.105045
[700]	training's rmse: 0.100517	valid_1's rmse: 0.103174
[800]	training's rmse: 0.0986357	valid_1's rmse: 0.101713
[900]	training's rmse: 0.0970683	valid_1's rmse: 0.100583
[1000]	training's rmse: 0.0957214	valid_1's rmse: 0.0995918
[1100]	training's rmse: 0.0945074	valid_1's rmse: 0.0987228
[1200]	training's rmse: 0.0933446	valid_1's rmse: 0.0979248
[1300]	training's rmse: 0.0922676	valid_1's rmse: 0.0971887
[1400]	training's rmse: 0.0912943	valid_1's rmse: 0.0965352
[1500]	training's rmse: 0.0903196	valid_1's rmse: 0.09591
[1600]	training's rmse: 0.0894767	valid_1's rmse: 0.095353
[1700]	training's rmse: 0.0886199	valid_1's rmse: 0.0947836
[1800]	training's rmse: 0.0878541	valid_1's rmse: 0.0943073
[1900]	training's rmse: 0.0871402	valid_1's rmse: 0.0938708
[2000]	training's rmse: 0.0864293	valid_1's rmse: 0.0934227
[2100]	training's rmse: 0.0858026	valid_1's rmse: 0.093064
[2200]	training's rmse: 0.0851697	valid_1's rmse: 0.0926918
[2300]	training's rmse: 0.0845633	valid_1's rmse: 0.0923388
[2400]	training's rmse: 0.0839725	valid_1's rmse: 0.0920129
[2500]	training's rmse: 0.0834422	valid_1's rmse: 0.0917146
[2600]	training's rmse: 0.0828672	valid_1's rmse: 0.0914203
[2700]	training's rmse: 0.0822992	valid_1's rmse: 0.0911292
[2800]	training's rmse: 0.0817986	valid_1's rmse: 0.0908589
[2900]	training's rmse: 0.0813204	valid_1's rmse: 0.0905951
[3000]	training's rmse: 0.0808128	valid_1's rmse: 0.090317
[3100]	training's rmse: 0.0803405	valid_1's rmse: 0.0900907
[3200]	training's rmse: 0.0798226	valid_1's rmse: 0.0898572
[3300]	training's rmse: 0.0793041	valid_1's rmse: 0.0895896
[3400]	training's rmse: 0.0787735	valid_1's rmse: 0.0893224
[3500]	training's rmse: 0.0783069	valid_1's rmse: 0.0891127
[3600]	training's rmse: 0.0778509	valid_1's rmse: 0.0888896
[3700]	training's rmse: 0.077376	valid_1's rmse: 0.0886671
[3800]	training's rmse: 0.0769458	valid_1's rmse: 0.0884677
[3900]	training's rmse: 0.0765145	valid_1's rmse: 0.0882796
[4000]	training's rmse: 0.0761066	valid_1's rmse: 0.0881098
[4100]	training's rmse: 0.0757036	valid_1's rmse: 0.0879375
[4200]	training's rmse: 0.0753233	valid_1's rmse: 0.0877752
[4300]	training's rmse: 0.074912	valid_1's rmse: 0.0876058
[4400]	training's rmse: 0.0745423	valid_1's rmse: 0.087447
[4500]	training's rmse: 0.0741532	valid_1's rmse: 0.0872728
[4600]	training's rmse: 0.0737767	valid_1's rmse: 0.0871315
[4700]	training's rmse: 0.0733818	valid_1's rmse: 0.0869844
[4800]	training's rmse: 0.073004	valid_1's rmse: 0.0868501
[4900]	training's rmse: 0.0726321	valid_1's rmse: 0.0867236
[5000]	training's rmse: 0.0722571	valid_1's rmse: 0.0865949
[5100]	training's rmse: 0.0719117	valid_1's rmse: 0.0864835
[5200]	training's rmse: 0.0715658	valid_1's rmse: 0.0863621
[5300]	training's rmse: 0.0712374	valid_1's rmse: 0.0862558
[5400]	training's rmse: 0.0708999	valid_1's rmse: 0.0861441
[5500]	training's rmse: 0.0705786	valid_1's rmse: 0.0860201
[5600]	training's rmse: 0.0702266	valid_1's rmse: 0.0859158
[5700]	training's rmse: 0.0699115	valid_1's rmse: 0.0858163
[5800]	training's rmse: 0.0695955	valid_1's rmse: 0.0857238
[5900]	training's rmse: 0.0692805	valid_1's rmse: 0.0856157
[6000]	training's rmse: 0.0689447	valid_1's rmse: 0.0854976
[6100]	training's rmse: 0.0686327	valid_1's rmse: 0.0854032
[6200]	training's rmse: 0.0683464	valid_1's rmse: 0.0853179
[6300]	training's rmse: 0.068031	valid_1's rmse: 0.0852301
[6400]	training's rmse: 0.0677369	valid_1's rmse: 0.0851449
[6500]	training's rmse: 0.0674354	valid_1's rmse: 0.0850599
[6600]	training's rmse: 0.0671184	valid_1's rmse: 0.0849722
[6700]	training's rmse: 0.0668147	valid_1's rmse: 0.084882
[6800]	training's rmse: 0.0665066	valid_1's rmse: 0.0847878
[6900]	training's rmse: 0.0662303	valid_1's rmse: 0.084693
[7000]	training's rmse: 0.0659373	valid_1's rmse: 0.0846161
[7100]	training's rmse: 0.0656433	valid_1's rmse: 0.0845225
[7200]	training's rmse: 0.0653728	valid_1's rmse: 0.0844468
[7300]	training's rmse: 0.0650674	valid_1's rmse: 0.0843718
[7400]	training's rmse: 0.0648151	valid_1's rmse: 0.084309
[7500]	training's rmse: 0.0645388	valid_1's rmse: 0.0842418
[7600]	training's rmse: 0.0642624	valid_1's rmse: 0.0841637
[7700]	training's rmse: 0.0639865	valid_1's rmse: 0.0840854
[7800]	training's rmse: 0.0637098	valid_1's rmse: 0.0840205
[7900]	training's rmse: 0.0634658	valid_1's rmse: 0.0839691
[8000]	training's rmse: 0.0632033	valid_1's rmse: 0.0839034
[8100]	training's rmse: 0.0629406	valid_1's rmse: 0.0838357
[8200]	training's rmse: 0.062683	valid_1's rmse: 0.0837776
[8300]	training's rmse: 0.0624214	valid_1's rmse: 0.0837181
[8400]	training's rmse: 0.0621669	valid_1's rmse: 0.0836679
[8500]	training's rmse: 0.061914	valid_1's rmse: 0.083602
[8600]	training's rmse: 0.0616675	valid_1's rmse: 0.083541
[8700]	training's rmse: 0.0614308	valid_1's rmse: 0.0834834
[8800]	training's rmse: 0.0611754	valid_1's rmse: 0.083413
[8900]	training's rmse: 0.0609409	valid_1's rmse: 0.0833543
[9000]	training's rmse: 0.0606968	valid_1's rmse: 0.0832923
[9100]	training's rmse: 0.0604526	valid_1's rmse: 0.0832341
[9200]	training's rmse: 0.0602233	valid_1's rmse: 0.0832047
[9300]	training's rmse: 0.0599826	valid_1's rmse: 0.083152
[9400]	training's rmse: 0.059752	valid_1's rmse: 0.0831042
[9500]	training's rmse: 0.0595295	valid_1's rmse: 0.0830695
[9600]	training's rmse: 0.0592936	valid_1's rmse: 0.083011
[9700]	training's rmse: 0.0590596	valid_1's rmse: 0.0829658
[9800]	training's rmse: 0.0588241	valid_1's rmse: 0.0828971
[9900]	training's rmse: 0.0585856	valid_1's rmse: 0.0828524
[10000]	training's rmse: 0.0583567	valid_1's rmse: 0.0828055
[10100]	training's rmse: 0.0581242	valid_1's rmse: 0.0827565
[10200]	training's rmse: 0.0578975	valid_1's rmse: 0.0827098
[10300]	training's rmse: 0.0576828	valid_1's rmse: 0.0826556
[10400]	training's rmse: 0.0574553	valid_1's rmse: 0.0826105
[10500]	training's rmse: 0.0572363	valid_1's rmse: 0.0825537
[10600]	training's rmse: 0.0570197	valid_1's rmse: 0.082527
[10700]	training's rmse: 0.0567879	valid_1's rmse: 0.0825017
[10800]	training's rmse: 0.0565717	valid_1's rmse: 0.08245
[10900]	training's rmse: 0.0563534	valid_1's rmse: 0.0824127
[11000]	training's rmse: 0.0561444	valid_1's rmse: 0.0823812
[11100]	training's rmse: 0.0559357	valid_1's rmse: 0.0823538
[11200]	training's rmse: 0.0557285	valid_1's rmse: 0.0823178
[11300]	training's rmse: 0.0555245	valid_1's rmse: 0.0822748
[11400]	training's rmse: 0.0553238	valid_1's rmse: 0.0822378
[11500]	training's rmse: 0.0551234	valid_1's rmse: 0.0822126
[11600]	training's rmse: 0.0549161	valid_1's rmse: 0.0821752
[11700]	training's rmse: 0.0547227	valid_1's rmse: 0.0821481
[11800]	training's rmse: 0.0545195	valid_1's rmse: 0.0821119
[11900]	training's rmse: 0.05433	valid_1's rmse: 0.082086
[12000]	training's rmse: 0.0541367	valid_1's rmse: 0.0820564
[12100]	training's rmse: 0.0539452	valid_1's rmse: 0.0820397
[12200]	training's rmse: 0.0537565	valid_1's rmse: 0.0820086
[12300]	training's rmse: 0.053575	valid_1's rmse: 0.0819739
[12400]	training's rmse: 0.0533924	valid_1's rmse: 0.0819443
[12500]	training's rmse: 0.05321	valid_1's rmse: 0.0819129
[12600]	training's rmse: 0.0530155	valid_1's rmse: 0.0818784
[12700]	training's rmse: 0.0528223	valid_1's rmse: 0.0818443
[12800]	training's rmse: 0.05264	valid_1's rmse: 0.081822
[12900]	training's rmse: 0.0524691	valid_1's rmse: 0.0818003
[13000]	training's rmse: 0.0522858	valid_1's rmse: 0.0817699
[13100]	training's rmse: 0.0520951	valid_1's rmse: 0.081741
[13200]	training's rmse: 0.0519208	valid_1's rmse: 0.0817246
[13300]	training's rmse: 0.0517281	valid_1's rmse: 0.0816882
[13400]	training's rmse: 0.0515379	valid_1's rmse: 0.0816645
[13500]	training's rmse: 0.0513587	valid_1's rmse: 0.081636
[13600]	training's rmse: 0.0511808	valid_1's rmse: 0.0816087
[13700]	training's rmse: 0.0510049	valid_1's rmse: 0.0815899
[13800]	training's rmse: 0.0508314	valid_1's rmse: 0.0815714
[13900]	training's rmse: 0.0506554	valid_1's rmse: 0.0815458
[14000]	training's rmse: 0.0504677	valid_1's rmse: 0.0815244
[14100]	training's rmse: 0.0503029	valid_1's rmse: 0.0814906
[14200]	training's rmse: 0.050125	valid_1's rmse: 0.0814669
[14300]	training's rmse: 0.0499475	valid_1's rmse: 0.0814428
[14400]	training's rmse: 0.0497728	valid_1's rmse: 0.0814189
[14500]	training's rmse: 0.0496144	valid_1's rmse: 0.0813879
[14600]	training's rmse: 0.0494442	valid_1's rmse: 0.0813681
[14700]	training's rmse: 0.049267	valid_1's rmse: 0.0813416
[14800]	training's rmse: 0.0490959	valid_1's rmse: 0.0813201
[14900]	training's rmse: 0.0489079	valid_1's rmse: 0.0813045
[15000]	training's rmse: 0.0487314	valid_1's rmse: 0.0812835
[15100]	training's rmse: 0.0485533	valid_1's rmse: 0.0812612
[15200]	training's rmse: 0.0483851	valid_1's rmse: 0.0812296
[15300]	training's rmse: 0.0482296	valid_1's rmse: 0.0812127
[15400]	training's rmse: 0.0480735	valid_1's rmse: 0.0811826
[15500]	training's rmse: 0.0479223	valid_1's rmse: 0.0811681
[15600]	training's rmse: 0.0477624	valid_1's rmse: 0.0811504
[15700]	training's rmse: 0.0476071	valid_1's rmse: 0.081128
[15800]	training's rmse: 0.0474471	valid_1's rmse: 0.0811083
[15900]	training's rmse: 0.0472881	valid_1's rmse: 0.0810915
[16000]	training's rmse: 0.0471286	valid_1's rmse: 0.0810791
[16100]	training's rmse: 0.0469774	valid_1's rmse: 0.0810657
[16200]	training's rmse: 0.0468166	valid_1's rmse: 0.0810473
[16300]	training's rmse: 0.0466581	valid_1's rmse: 0.0810281
[16400]	training's rmse: 0.0465059	valid_1's rmse: 0.0810179
[16500]	training's rmse: 0.0463576	valid_1's rmse: 0.0809888
[16600]	training's rmse: 0.0461912	valid_1's rmse: 0.0809764
[16700]	training's rmse: 0.0460501	valid_1's rmse: 0.0809541
[16800]	training's rmse: 0.0458889	valid_1's rmse: 0.0809408
[16900]	training's rmse: 0.0457387	valid_1's rmse: 0.0809184
[17000]	training's rmse: 0.0455904	valid_1's rmse: 0.0808926
[17100]	training's rmse: 0.0454429	valid_1's rmse: 0.0808754
[17200]	training's rmse: 0.0453012	valid_1's rmse: 0.0808501
[17300]	training's rmse: 0.0451537	valid_1's rmse: 0.0808288
[17400]	training's rmse: 0.0450067	valid_1's rmse: 0.0808215
[17500]	training's rmse: 0.0448665	valid_1's rmse: 0.0808024
[17600]	training's rmse: 0.044722	valid_1's rmse: 0.0807849
[17700]	training's rmse: 0.0445857	valid_1's rmse: 0.0807691
[17800]	training's rmse: 0.0444403	valid_1's rmse: 0.0807499
[17900]	training's rmse: 0.0442899	valid_1's rmse: 0.0807367
[18000]	training's rmse: 0.0441525	valid_1's rmse: 0.080728
[18100]	training's rmse: 0.0440159	valid_1's rmse: 0.0807175
[18200]	training's rmse: 0.0438783	valid_1's rmse: 0.0807019
[18300]	training's rmse: 0.0437408	valid_1's rmse: 0.0806814
[18400]	training's rmse: 0.0436051	valid_1's rmse: 0.0806698
[18500]	training's rmse: 0.0434636	valid_1's rmse: 0.0806595
[18600]	training's rmse: 0.043327	valid_1's rmse: 0.0806372
[18700]	training's rmse: 0.0431815	valid_1's rmse: 0.0806319
[18800]	training's rmse: 0.0430461	valid_1's rmse: 0.0806121
[18900]	training's rmse: 0.0429121	valid_1's rmse: 0.0805992
[19000]	training's rmse: 0.0427805	valid_1's rmse: 0.0805926
[19100]	training's rmse: 0.0426435	valid_1's rmse: 0.0805701
[19200]	training's rmse: 0.0425134	valid_1's rmse: 0.0805604
[19300]	training's rmse: 0.0423871	valid_1's rmse: 0.0805517
[19400]	training's rmse: 0.0422589	valid_1's rmse: 0.0805433
[19500]	training's rmse: 0.0421345	valid_1's rmse: 0.0805287
[19600]	training's rmse: 0.0420011	valid_1's rmse: 0.0805176
[19700]	training's rmse: 0.0418688	valid_1's rmse: 0.0804963
[19800]	training's rmse: 0.0417377	valid_1's rmse: 0.0804799
[19900]	training's rmse: 0.0416072	valid_1's rmse: 0.0804717
[20000]	training's rmse: 0.0414801	valid_1's rmse: 0.0804548
[20100]	training's rmse: 0.0413482	valid_1's rmse: 0.0804376
[20200]	training's rmse: 0.0412152	valid_1's rmse: 0.0804299
[20300]	training's rmse: 0.0410913	valid_1's rmse: 0.0804177
[20400]	training's rmse: 0.0409561	valid_1's rmse: 0.080404
[20500]	training's rmse: 0.0408335	valid_1's rmse: 0.0803896
[20600]	training's rmse: 0.0407011	valid_1's rmse: 0.0803788
[20700]	training's rmse: 0.0405828	valid_1's rmse: 0.0803603
[20800]	training's rmse: 0.0404582	valid_1's rmse: 0.0803504
[20900]	training's rmse: 0.0403338	valid_1's rmse: 0.0803427
[21000]	training's rmse: 0.0402107	valid_1's rmse: 0.0803325
[21100]	training's rmse: 0.0400918	valid_1's rmse: 0.0803194
[21200]	training's rmse: 0.0399747	valid_1's rmse: 0.0803053
[21300]	training's rmse: 0.0398564	valid_1's rmse: 0.0802964
[21400]	training's rmse: 0.0397311	valid_1's rmse: 0.0802947
[21500]	training's rmse: 0.0396155	valid_1's rmse: 0.0802768
[21600]	training's rmse: 0.0394885	valid_1's rmse: 0.0802664
[21700]	training's rmse: 0.0393749	valid_1's rmse: 0.0802647
[21800]	training's rmse: 0.0392547	valid_1's rmse: 0.0802557
[21900]	training's rmse: 0.0391318	valid_1's rmse: 0.0802407
[22000]	training's rmse: 0.0390104	valid_1's rmse: 0.0802228
[22100]	training's rmse: 0.0388961	valid_1's rmse: 0.0802131
[22200]	training's rmse: 0.0387823	valid_1's rmse: 0.0802035
[22300]	training's rmse: 0.0386711	valid_1's rmse: 0.0801947
[22400]	training's rmse: 0.0385522	valid_1's rmse: 0.080192
[22500]	training's rmse: 0.0384411	valid_1's rmse: 0.0801912
[22600]	training's rmse: 0.0383264	valid_1's rmse: 0.0801802
[22700]	training's rmse: 0.0382103	valid_1's rmse: 0.0801693
[22800]	training's rmse: 0.0380975	valid_1's rmse: 0.08016
[22900]	training's rmse: 0.0379817	valid_1's rmse: 0.0801542
[23000]	training's rmse: 0.0378691	valid_1's rmse: 0.0801525
[23100]	training's rmse: 0.0377593	valid_1's rmse: 0.080142
[23200]	training's rmse: 0.0376477	valid_1's rmse: 0.0801324
[23300]	training's rmse: 0.0375384	valid_1's rmse: 0.0801202
[23400]	training's rmse: 0.0374291	valid_1's rmse: 0.0801082
[23500]	training's rmse: 0.0373165	valid_1's rmse: 0.0800997
[23600]	training's rmse: 0.0372007	valid_1's rmse: 0.0800952
[23700]	training's rmse: 0.0370872	valid_1's rmse: 0.0800891
[23800]	training's rmse: 0.0369795	valid_1's rmse: 0.0800717
[23900]	training's rmse: 0.0368741	valid_1's rmse: 0.0800632
[24000]	training's rmse: 0.0367692	valid_1's rmse: 0.0800616
[24100]	training's rmse: 0.0366593	valid_1's rmse: 0.0800465
[24200]	training's rmse: 0.0365545	valid_1's rmse: 0.0800407
[24300]	training's rmse: 0.0364456	valid_1's rmse: 0.0800279
[24400]	training's rmse: 0.0363468	valid_1's rmse: 0.0800178
[24500]	training's rmse: 0.0362422	valid_1's rmse: 0.0800099
[24600]	training's rmse: 0.0361357	valid_1's rmse: 0.080007
[24700]	training's rmse: 0.0360354	valid_1's rmse: 0.0800011
[24800]	training's rmse: 0.0359272	valid_1's rmse: 0.0799934
[24900]	training's rmse: 0.0358198	valid_1's rmse: 0.0799821
[25000]	training's rmse: 0.0357189	valid_1's rmse: 0.0799671
[25100]	training's rmse: 0.0356157	valid_1's rmse: 0.0799613
[25200]	training's rmse: 0.0355157	valid_1's rmse: 0.0799529
[25300]	training's rmse: 0.0354173	valid_1's rmse: 0.0799471
[25400]	training's rmse: 0.0353147	valid_1's rmse: 0.0799405
[25500]	training's rmse: 0.0352196	valid_1's rmse: 0.0799369
[25600]	training's rmse: 0.0351137	valid_1's rmse: 0.0799346
[25700]	training's rmse: 0.0350108	valid_1's rmse: 0.079925
[25800]	training's rmse: 0.0349108	valid_1's rmse: 0.0799191
[25900]	training's rmse: 0.0348106	valid_1's rmse: 0.0799099
[26000]	training's rmse: 0.0347145	valid_1's rmse: 0.0798999
[26100]	training's rmse: 0.0346209	valid_1's rmse: 0.0798939
[26200]	training's rmse: 0.0345262	valid_1's rmse: 0.0798911
[26300]	training's rmse: 0.0344249	valid_1's rmse: 0.0798835
[26400]	training's rmse: 0.0343262	valid_1's rmse: 0.0798762
[26500]	training's rmse: 0.0342274	valid_1's rmse: 0.0798658
[26600]	training's rmse: 0.034134	valid_1's rmse: 0.0798663
##### feature importance #####
                        importance
feature                           
area                  57872.959263
is_L                  32060.728867
district              28702.585627
layout                22395.496159
age_in_months          7966.473997
洗面台独立                  5446.101789
structure              4656.054281
building_floor         3883.485054
システムキッチン               3700.132532
エレベーター                 3039.169717
area_per_room          2948.283748
age_year               2799.604430
浴室乾燥機                  1402.480462
min_to_nearest_sta     1320.999654
room_floor             1158.691942
バス・トイレ別                 809.789168
温水洗浄便座                  688.553235
スーパー                    487.766019
コンビニ                    471.346263
床暖房                     449.639864
num_room                444.201439
direction               427.952618
floor_ratio             404.023840
age_month               323.851846
追焚機能                    284.117506
山手線                     148.674644
ウォークインクローゼット            143.321962
室内洗濯機置場                 137.958134
fixed_term              128.493538
ドラッグストア                 126.778736
コンロ3口                   126.260769
日暮里舎人ライナー               119.921699
脱衣所                     119.355749
銀座線                     118.877170
北千住駅                    118.276737
contract_period_year    111.305786
京王新線                    111.205380
シャワー                    110.856598
三軒茶屋駅                   107.158916
恵比寿駅                    103.922953
バルコニー                   101.247723
病院                       98.138129
総武線                      94.232751
西武新宿線                    92.808576
bicycle_parking          92.274311
東急東横線                    87.767770
car_parking              86.416694
BSアンテナ                   85.953618
CATV                     84.225114
京王線                      79.664014
[100]	training's rmse: 0.223572	valid_1's rmse: 0.230044
[200]	training's rmse: 0.144556	valid_1's rmse: 0.152198
[300]	training's rmse: 0.119313	valid_1's rmse: 0.127949
[400]	training's rmse: 0.109576	valid_1's rmse: 0.118986
[500]	training's rmse: 0.104718	valid_1's rmse: 0.114701
[600]	training's rmse: 0.101491	valid_1's rmse: 0.111911
[700]	training's rmse: 0.0991417	valid_1's rmse: 0.110005
[800]	training's rmse: 0.0973148	valid_1's rmse: 0.10857
[900]	training's rmse: 0.0957102	valid_1's rmse: 0.107329
[1000]	training's rmse: 0.0943294	valid_1's rmse: 0.106281
[1100]	training's rmse: 0.093101	valid_1's rmse: 0.105381
[1200]	training's rmse: 0.0919867	valid_1's rmse: 0.104549
[1300]	training's rmse: 0.0910092	valid_1's rmse: 0.103861
[1400]	training's rmse: 0.0900502	valid_1's rmse: 0.103162
[1500]	training's rmse: 0.0891494	valid_1's rmse: 0.102535
[1600]	training's rmse: 0.088336	valid_1's rmse: 0.101962
[1700]	training's rmse: 0.08753	valid_1's rmse: 0.101396
[1800]	training's rmse: 0.0868307	valid_1's rmse: 0.10094
[1900]	training's rmse: 0.0861404	valid_1's rmse: 0.100466
[2000]	training's rmse: 0.0854832	valid_1's rmse: 0.100015
[2100]	training's rmse: 0.0848063	valid_1's rmse: 0.099572
[2200]	training's rmse: 0.0841918	valid_1's rmse: 0.099186
[2300]	training's rmse: 0.0836157	valid_1's rmse: 0.0988231
[2400]	training's rmse: 0.0830504	valid_1's rmse: 0.0985038
[2500]	training's rmse: 0.0824997	valid_1's rmse: 0.0981412
[2600]	training's rmse: 0.0819533	valid_1's rmse: 0.0978135
[2700]	training's rmse: 0.0813857	valid_1's rmse: 0.0974923
[2800]	training's rmse: 0.080825	valid_1's rmse: 0.0971834
[2900]	training's rmse: 0.0803099	valid_1's rmse: 0.0968997
[3000]	training's rmse: 0.0798498	valid_1's rmse: 0.0966531
[3100]	training's rmse: 0.0793453	valid_1's rmse: 0.09638
[3200]	training's rmse: 0.0788244	valid_1's rmse: 0.0960866
[3300]	training's rmse: 0.0783668	valid_1's rmse: 0.095881
[3400]	training's rmse: 0.0778796	valid_1's rmse: 0.0956399
[3500]	training's rmse: 0.0774167	valid_1's rmse: 0.0953667
[3600]	training's rmse: 0.0769972	valid_1's rmse: 0.0951395
[3700]	training's rmse: 0.0765109	valid_1's rmse: 0.0949024
[3800]	training's rmse: 0.076092	valid_1's rmse: 0.0946845
[3900]	training's rmse: 0.0756966	valid_1's rmse: 0.0944976
[4000]	training's rmse: 0.0752551	valid_1's rmse: 0.0942785
[4100]	training's rmse: 0.0748241	valid_1's rmse: 0.0941009
[4200]	training's rmse: 0.0743792	valid_1's rmse: 0.0938942
[4300]	training's rmse: 0.0739689	valid_1's rmse: 0.0937367
[4400]	training's rmse: 0.0735695	valid_1's rmse: 0.0935779
[4500]	training's rmse: 0.073184	valid_1's rmse: 0.0933996
[4600]	training's rmse: 0.0728225	valid_1's rmse: 0.0932589
[4700]	training's rmse: 0.0724406	valid_1's rmse: 0.093117
[4800]	training's rmse: 0.0720678	valid_1's rmse: 0.0929675
[4900]	training's rmse: 0.0717256	valid_1's rmse: 0.0928529
[5000]	training's rmse: 0.0713573	valid_1's rmse: 0.0927093
[5100]	training's rmse: 0.0709928	valid_1's rmse: 0.0925758
[5200]	training's rmse: 0.070667	valid_1's rmse: 0.0924299
[5300]	training's rmse: 0.0702986	valid_1's rmse: 0.0922627
[5400]	training's rmse: 0.0699433	valid_1's rmse: 0.0921234
[5500]	training's rmse: 0.0696096	valid_1's rmse: 0.0920043
[5600]	training's rmse: 0.0692688	valid_1's rmse: 0.0918901
[5700]	training's rmse: 0.0689417	valid_1's rmse: 0.0917543
[5800]	training's rmse: 0.0686154	valid_1's rmse: 0.0916528
[5900]	training's rmse: 0.0682988	valid_1's rmse: 0.0915374
[6000]	training's rmse: 0.0679556	valid_1's rmse: 0.0914273
[6100]	training's rmse: 0.0676413	valid_1's rmse: 0.0913157
[6200]	training's rmse: 0.0673566	valid_1's rmse: 0.091229
[6300]	training's rmse: 0.0670567	valid_1's rmse: 0.0911466
[6400]	training's rmse: 0.0667542	valid_1's rmse: 0.0910451
[6500]	training's rmse: 0.0664666	valid_1's rmse: 0.090949
[6600]	training's rmse: 0.0661586	valid_1's rmse: 0.0908539
[6700]	training's rmse: 0.0658911	valid_1's rmse: 0.0907675
[6800]	training's rmse: 0.0656173	valid_1's rmse: 0.0906905
[6900]	training's rmse: 0.0653131	valid_1's rmse: 0.0906072
[7000]	training's rmse: 0.0650279	valid_1's rmse: 0.0905264
[7100]	training's rmse: 0.0647493	valid_1's rmse: 0.0904505
[7200]	training's rmse: 0.0644842	valid_1's rmse: 0.0903666
[7300]	training's rmse: 0.0641971	valid_1's rmse: 0.0902897
[7400]	training's rmse: 0.0639363	valid_1's rmse: 0.0902244
[7500]	training's rmse: 0.0636618	valid_1's rmse: 0.0901356
[7600]	training's rmse: 0.0633762	valid_1's rmse: 0.0900532
[7700]	training's rmse: 0.0630892	valid_1's rmse: 0.0899776
[7800]	training's rmse: 0.0628197	valid_1's rmse: 0.0899051
[7900]	training's rmse: 0.0625631	valid_1's rmse: 0.0898402
[8000]	training's rmse: 0.0623238	valid_1's rmse: 0.0897703
[8100]	training's rmse: 0.0620471	valid_1's rmse: 0.0896908
[8200]	training's rmse: 0.0617921	valid_1's rmse: 0.089627
[8300]	training's rmse: 0.061527	valid_1's rmse: 0.089571
[8400]	training's rmse: 0.061284	valid_1's rmse: 0.089511
[8500]	training's rmse: 0.0610373	valid_1's rmse: 0.0894468
[8600]	training's rmse: 0.0607888	valid_1's rmse: 0.0893779
[8700]	training's rmse: 0.060548	valid_1's rmse: 0.0893077
[8800]	training's rmse: 0.0602972	valid_1's rmse: 0.0892379
[8900]	training's rmse: 0.0600492	valid_1's rmse: 0.0891726
[9000]	training's rmse: 0.0597988	valid_1's rmse: 0.0891185
[9100]	training's rmse: 0.0595608	valid_1's rmse: 0.0890512
[9200]	training's rmse: 0.0593463	valid_1's rmse: 0.0890043
[9300]	training's rmse: 0.0591107	valid_1's rmse: 0.0889538
[9400]	training's rmse: 0.0588703	valid_1's rmse: 0.0889015
[9500]	training's rmse: 0.0586431	valid_1's rmse: 0.0888496
[9600]	training's rmse: 0.0584154	valid_1's rmse: 0.0887992
[9700]	training's rmse: 0.0581863	valid_1's rmse: 0.0887532
[9800]	training's rmse: 0.0579667	valid_1's rmse: 0.0887092
[9900]	training's rmse: 0.0577334	valid_1's rmse: 0.0886579
[10000]	training's rmse: 0.0575275	valid_1's rmse: 0.0885934
[10100]	training's rmse: 0.0573042	valid_1's rmse: 0.0885368
[10200]	training's rmse: 0.0570815	valid_1's rmse: 0.0884937
[10300]	training's rmse: 0.0568513	valid_1's rmse: 0.0884535
[10400]	training's rmse: 0.0566233	valid_1's rmse: 0.0884123
[10500]	training's rmse: 0.0564012	valid_1's rmse: 0.0883704
[10600]	training's rmse: 0.0561908	valid_1's rmse: 0.0883415
[10700]	training's rmse: 0.0559767	valid_1's rmse: 0.0882981
[10800]	training's rmse: 0.0557557	valid_1's rmse: 0.0882593
[10900]	training's rmse: 0.0555411	valid_1's rmse: 0.0882144
[11000]	training's rmse: 0.0553361	valid_1's rmse: 0.0881678
[11100]	training's rmse: 0.0551173	valid_1's rmse: 0.0881196
[11200]	training's rmse: 0.0549154	valid_1's rmse: 0.0880816
[11300]	training's rmse: 0.0547054	valid_1's rmse: 0.0880446
[11400]	training's rmse: 0.0544984	valid_1's rmse: 0.0880105
[11500]	training's rmse: 0.0542896	valid_1's rmse: 0.0879813
[11600]	training's rmse: 0.054098	valid_1's rmse: 0.0879303
[11700]	training's rmse: 0.0539033	valid_1's rmse: 0.0878944
[11800]	training's rmse: 0.0537147	valid_1's rmse: 0.0878622
[11900]	training's rmse: 0.0535035	valid_1's rmse: 0.0878295
[12000]	training's rmse: 0.0533089	valid_1's rmse: 0.0877877
[12100]	training's rmse: 0.0531232	valid_1's rmse: 0.0877606
[12200]	training's rmse: 0.0529278	valid_1's rmse: 0.0877339
[12300]	training's rmse: 0.052745	valid_1's rmse: 0.0877101
[12400]	training's rmse: 0.0525562	valid_1's rmse: 0.0876693
[12500]	training's rmse: 0.0523631	valid_1's rmse: 0.087637
[12600]	training's rmse: 0.0521863	valid_1's rmse: 0.0876096
[12700]	training's rmse: 0.0520083	valid_1's rmse: 0.087591
[12800]	training's rmse: 0.0518305	valid_1's rmse: 0.0875675
[12900]	training's rmse: 0.0516515	valid_1's rmse: 0.0875539
[13000]	training's rmse: 0.0514754	valid_1's rmse: 0.087534
[13100]	training's rmse: 0.0512991	valid_1's rmse: 0.0875059
[13200]	training's rmse: 0.0511272	valid_1's rmse: 0.087487
[13300]	training's rmse: 0.0509566	valid_1's rmse: 0.0874616
[13400]	training's rmse: 0.0507851	valid_1's rmse: 0.0874204
[13500]	training's rmse: 0.0506014	valid_1's rmse: 0.0873929
[13600]	training's rmse: 0.0504131	valid_1's rmse: 0.0873707
[13700]	training's rmse: 0.050226	valid_1's rmse: 0.0873447
[13800]	training's rmse: 0.0500438	valid_1's rmse: 0.0873129
[13900]	training's rmse: 0.0498744	valid_1's rmse: 0.0872883
[14000]	training's rmse: 0.0496966	valid_1's rmse: 0.08727
[14100]	training's rmse: 0.0495385	valid_1's rmse: 0.0872434
[14200]	training's rmse: 0.0493769	valid_1's rmse: 0.0872169
[14300]	training's rmse: 0.0492037	valid_1's rmse: 0.0871953
[14400]	training's rmse: 0.0490265	valid_1's rmse: 0.0871756
[14500]	training's rmse: 0.0488654	valid_1's rmse: 0.0871567
[14600]	training's rmse: 0.0486997	valid_1's rmse: 0.0871433
[14700]	training's rmse: 0.0485347	valid_1's rmse: 0.087122
[14800]	training's rmse: 0.0483772	valid_1's rmse: 0.0871078
[14900]	training's rmse: 0.0482099	valid_1's rmse: 0.0870849
[15000]	training's rmse: 0.0480437	valid_1's rmse: 0.0870623
[15100]	training's rmse: 0.0478873	valid_1's rmse: 0.087054
[15200]	training's rmse: 0.0477201	valid_1's rmse: 0.0870394
[15300]	training's rmse: 0.0475456	valid_1's rmse: 0.0870195
[15400]	training's rmse: 0.0473732	valid_1's rmse: 0.0869878
[15500]	training's rmse: 0.0472237	valid_1's rmse: 0.0869761
[15600]	training's rmse: 0.0470591	valid_1's rmse: 0.0869575
[15700]	training's rmse: 0.0468989	valid_1's rmse: 0.0869389
[15800]	training's rmse: 0.0467431	valid_1's rmse: 0.0869248
[15900]	training's rmse: 0.0465837	valid_1's rmse: 0.0869005
[16000]	training's rmse: 0.0464269	valid_1's rmse: 0.0868802
[16100]	training's rmse: 0.0462731	valid_1's rmse: 0.0868626
[16200]	training's rmse: 0.0461182	valid_1's rmse: 0.0868473
[16300]	training's rmse: 0.0459735	valid_1's rmse: 0.0868336
[16400]	training's rmse: 0.045826	valid_1's rmse: 0.0868241
[16500]	training's rmse: 0.0456805	valid_1's rmse: 0.0868025
[16600]	training's rmse: 0.0455251	valid_1's rmse: 0.0867874
[16700]	training's rmse: 0.0453774	valid_1's rmse: 0.0867645
[16800]	training's rmse: 0.0452291	valid_1's rmse: 0.086738
[16900]	training's rmse: 0.0450882	valid_1's rmse: 0.0867233
[17000]	training's rmse: 0.0449438	valid_1's rmse: 0.086711
[17100]	training's rmse: 0.0447954	valid_1's rmse: 0.0867022
[17200]	training's rmse: 0.0446509	valid_1's rmse: 0.0866845
[17300]	training's rmse: 0.0445032	valid_1's rmse: 0.0866629
[17400]	training's rmse: 0.0443585	valid_1's rmse: 0.0866482
[17500]	training's rmse: 0.0442119	valid_1's rmse: 0.0866369
[17600]	training's rmse: 0.0440698	valid_1's rmse: 0.0866175
[17700]	training's rmse: 0.0439351	valid_1's rmse: 0.0865971
[17800]	training's rmse: 0.0437914	valid_1's rmse: 0.0865814
[17900]	training's rmse: 0.0436502	valid_1's rmse: 0.0865742
[18000]	training's rmse: 0.0435212	valid_1's rmse: 0.0865695
[18100]	training's rmse: 0.0433835	valid_1's rmse: 0.0865533
[18200]	training's rmse: 0.0432488	valid_1's rmse: 0.086545
[18300]	training's rmse: 0.0431013	valid_1's rmse: 0.0865315
[18400]	training's rmse: 0.0429633	valid_1's rmse: 0.086515
[18500]	training's rmse: 0.0428209	valid_1's rmse: 0.0864955
[18600]	training's rmse: 0.0426947	valid_1's rmse: 0.0864797
[18700]	training's rmse: 0.0425547	valid_1's rmse: 0.0864643
[18800]	training's rmse: 0.0424091	valid_1's rmse: 0.0864495
[18900]	training's rmse: 0.0422705	valid_1's rmse: 0.086433
[19000]	training's rmse: 0.042145	valid_1's rmse: 0.0864121
[19100]	training's rmse: 0.0420058	valid_1's rmse: 0.08639
[19200]	training's rmse: 0.0418771	valid_1's rmse: 0.086381
[19300]	training's rmse: 0.0417518	valid_1's rmse: 0.0863598
[19400]	training's rmse: 0.0416177	valid_1's rmse: 0.0863478
[19500]	training's rmse: 0.0414882	valid_1's rmse: 0.0863371
[19600]	training's rmse: 0.0413579	valid_1's rmse: 0.0863297
[19700]	training's rmse: 0.0412342	valid_1's rmse: 0.0863156
[19800]	training's rmse: 0.0411063	valid_1's rmse: 0.0863069
[19900]	training's rmse: 0.0409785	valid_1's rmse: 0.0862966
[20000]	training's rmse: 0.0408477	valid_1's rmse: 0.0862866
[20100]	training's rmse: 0.0407226	valid_1's rmse: 0.0862727
[20200]	training's rmse: 0.0405919	valid_1's rmse: 0.0862566
[20300]	training's rmse: 0.0404657	valid_1's rmse: 0.0862451
[20400]	training's rmse: 0.0403421	valid_1's rmse: 0.086236
[20500]	training's rmse: 0.0402113	valid_1's rmse: 0.0862152
[20600]	training's rmse: 0.0400836	valid_1's rmse: 0.0862033
[20700]	training's rmse: 0.0399607	valid_1's rmse: 0.086189
[20800]	training's rmse: 0.0398342	valid_1's rmse: 0.0861756
[20900]	training's rmse: 0.0397137	valid_1's rmse: 0.0861547
[21000]	training's rmse: 0.0395895	valid_1's rmse: 0.0861482
[21100]	training's rmse: 0.039467	valid_1's rmse: 0.086141
[21200]	training's rmse: 0.039345	valid_1's rmse: 0.0861309
[21300]	training's rmse: 0.0392211	valid_1's rmse: 0.0861188
[21400]	training's rmse: 0.0391012	valid_1's rmse: 0.0861068
[21500]	training's rmse: 0.0389776	valid_1's rmse: 0.086099
##### feature importance #####
                        importance
feature                           
area                  58106.207179
layout                29957.227245
district              27891.389936
is_L                  23330.195210
age_in_months          8275.035623
洗面台独立                  5013.966315
structure              4641.375739
building_floor         4063.998830
システムキッチン               3908.117427
area_per_room          3053.881917
エレベーター                 2479.698375
age_year               2260.955570
浴室乾燥機                  1532.561402
min_to_nearest_sta     1275.004297
room_floor             1191.605408
バス・トイレ別                 961.418788
温水洗浄便座                  884.821530
スーパー                    444.488921
コンビニ                    414.987572
num_room                407.617117
direction               393.916538
floor_ratio             369.676300
床暖房                     296.330330
age_month               279.964798
追焚機能                    210.940907
脱衣所                     153.158602
山手線                     148.587373
室内洗濯機置場                 125.149385
ドラッグストア                 113.599014
fixed_term              111.347296
銀座線                     107.680589
日暮里舎人ライナー               107.250748
ウォークインクローゼット            104.696821
北千住駅                    103.610304
is_D                     98.304429
京王新線                     98.212001
bicycle_parking          97.017628
西武新宿線                    96.702547
恵比寿駅                     95.918065
コンロ3口                    92.261996
三軒茶屋駅                    90.748459
シャワー                     90.422418
バルコニー                    88.523587
京王線                      86.811238
contract_period_year     86.006030
BSアンテナ                   83.655136
東急東横線                    82.192313
総武線                      81.953196
CATV                     81.179208
病院                       78.319087
[100]	training's rmse: 0.224323	valid_1's rmse: 0.228093
[200]	training's rmse: 0.145336	valid_1's rmse: 0.149568
[300]	training's rmse: 0.12028	valid_1's rmse: 0.124682
[400]	training's rmse: 0.110693	valid_1's rmse: 0.115182
[500]	training's rmse: 0.105755	valid_1's rmse: 0.110452
[600]	training's rmse: 0.102804	valid_1's rmse: 0.107786
[700]	training's rmse: 0.100523	valid_1's rmse: 0.105778
[800]	training's rmse: 0.0986392	valid_1's rmse: 0.104124
[900]	training's rmse: 0.0970433	valid_1's rmse: 0.102794
[1000]	training's rmse: 0.0956567	valid_1's rmse: 0.101635
[1100]	training's rmse: 0.0944153	valid_1's rmse: 0.10066
[1200]	training's rmse: 0.0931539	valid_1's rmse: 0.0997072
[1300]	training's rmse: 0.0921053	valid_1's rmse: 0.0989314
[1400]	training's rmse: 0.0911037	valid_1's rmse: 0.0981948
[1500]	training's rmse: 0.0901937	valid_1's rmse: 0.097569
[1600]	training's rmse: 0.0892884	valid_1's rmse: 0.0969555
[1700]	training's rmse: 0.0885049	valid_1's rmse: 0.0964189
[1800]	training's rmse: 0.0877274	valid_1's rmse: 0.0959559
[1900]	training's rmse: 0.0870423	valid_1's rmse: 0.0955025
[2000]	training's rmse: 0.0863272	valid_1's rmse: 0.0950687
[2100]	training's rmse: 0.0856397	valid_1's rmse: 0.094687
[2200]	training's rmse: 0.0850236	valid_1's rmse: 0.0943401
[2300]	training's rmse: 0.0843432	valid_1's rmse: 0.0939623
[2400]	training's rmse: 0.0837955	valid_1's rmse: 0.0936411
[2500]	training's rmse: 0.0832305	valid_1's rmse: 0.0933472
[2600]	training's rmse: 0.082635	valid_1's rmse: 0.0930434
[2700]	training's rmse: 0.0820853	valid_1's rmse: 0.0927512
[2800]	training's rmse: 0.0815236	valid_1's rmse: 0.0924744
[2900]	training's rmse: 0.080944	valid_1's rmse: 0.0922024
[3000]	training's rmse: 0.0804595	valid_1's rmse: 0.091962
[3100]	training's rmse: 0.0799775	valid_1's rmse: 0.0916919
[3200]	training's rmse: 0.0795044	valid_1's rmse: 0.0914639
[3300]	training's rmse: 0.0790451	valid_1's rmse: 0.0912608
[3400]	training's rmse: 0.0785511	valid_1's rmse: 0.0910347
[3500]	training's rmse: 0.0780878	valid_1's rmse: 0.0908377
[3600]	training's rmse: 0.0776045	valid_1's rmse: 0.0906285
[3700]	training's rmse: 0.0771683	valid_1's rmse: 0.0904551
[3800]	training's rmse: 0.0767542	valid_1's rmse: 0.0902949
[3900]	training's rmse: 0.0763394	valid_1's rmse: 0.0901226
[4000]	training's rmse: 0.0759075	valid_1's rmse: 0.0899639
[4100]	training's rmse: 0.0755051	valid_1's rmse: 0.0897824
[4200]	training's rmse: 0.0750908	valid_1's rmse: 0.089634
[4300]	training's rmse: 0.0746935	valid_1's rmse: 0.0894874
[4400]	training's rmse: 0.074318	valid_1's rmse: 0.0893541
[4500]	training's rmse: 0.073916	valid_1's rmse: 0.0892072
[4600]	training's rmse: 0.073522	valid_1's rmse: 0.0890597
[4700]	training's rmse: 0.0731949	valid_1's rmse: 0.0889256
[4800]	training's rmse: 0.0728093	valid_1's rmse: 0.0887974
[4900]	training's rmse: 0.0724575	valid_1's rmse: 0.0886745
[5000]	training's rmse: 0.0721048	valid_1's rmse: 0.088557
[5100]	training's rmse: 0.0717479	valid_1's rmse: 0.0884421
[5200]	training's rmse: 0.0713929	valid_1's rmse: 0.088314
[5300]	training's rmse: 0.0710522	valid_1's rmse: 0.0882068
[5400]	training's rmse: 0.070714	valid_1's rmse: 0.0881039
[5500]	training's rmse: 0.0703514	valid_1's rmse: 0.0879746
[5600]	training's rmse: 0.0700368	valid_1's rmse: 0.0878851
[5700]	training's rmse: 0.0697071	valid_1's rmse: 0.0877792
[5800]	training's rmse: 0.0693773	valid_1's rmse: 0.0876819
[5900]	training's rmse: 0.0690657	valid_1's rmse: 0.0876016
[6000]	training's rmse: 0.0687407	valid_1's rmse: 0.0875107
[6100]	training's rmse: 0.0684298	valid_1's rmse: 0.0874238
[6200]	training's rmse: 0.0681191	valid_1's rmse: 0.0873317
[6300]	training's rmse: 0.0678136	valid_1's rmse: 0.087231
[6400]	training's rmse: 0.0674872	valid_1's rmse: 0.0871531
[6500]	training's rmse: 0.0671911	valid_1's rmse: 0.0870833
[6600]	training's rmse: 0.0668987	valid_1's rmse: 0.0869974
[6700]	training's rmse: 0.0665917	valid_1's rmse: 0.0868948
[6800]	training's rmse: 0.0662861	valid_1's rmse: 0.0868246
[6900]	training's rmse: 0.0659712	valid_1's rmse: 0.0867304
[7000]	training's rmse: 0.0656691	valid_1's rmse: 0.0866557
[7100]	training's rmse: 0.065378	valid_1's rmse: 0.0865739
[7200]	training's rmse: 0.065117	valid_1's rmse: 0.086511
[7300]	training's rmse: 0.0648552	valid_1's rmse: 0.0864352
[7400]	training's rmse: 0.064569	valid_1's rmse: 0.0863748
[7500]	training's rmse: 0.0642983	valid_1's rmse: 0.086291
[7600]	training's rmse: 0.0640251	valid_1's rmse: 0.086236
[7700]	training's rmse: 0.0637702	valid_1's rmse: 0.0861787
[7800]	training's rmse: 0.0634987	valid_1's rmse: 0.0861104
[7900]	training's rmse: 0.063244	valid_1's rmse: 0.0860447
[8000]	training's rmse: 0.0629603	valid_1's rmse: 0.0859703
[8100]	training's rmse: 0.0626764	valid_1's rmse: 0.0859019
[8200]	training's rmse: 0.0624116	valid_1's rmse: 0.0858472
[8300]	training's rmse: 0.0621422	valid_1's rmse: 0.0857718
[8400]	training's rmse: 0.0618925	valid_1's rmse: 0.0857046
[8500]	training's rmse: 0.0616167	valid_1's rmse: 0.0856347
[8600]	training's rmse: 0.0613735	valid_1's rmse: 0.0855772
[8700]	training's rmse: 0.0611296	valid_1's rmse: 0.0855182
[8800]	training's rmse: 0.0608578	valid_1's rmse: 0.085461
[8900]	training's rmse: 0.0606075	valid_1's rmse: 0.0854105
[9000]	training's rmse: 0.0603751	valid_1's rmse: 0.0853683
[9100]	training's rmse: 0.0601286	valid_1's rmse: 0.0853278
[9200]	training's rmse: 0.059896	valid_1's rmse: 0.0852855
[9300]	training's rmse: 0.0596567	valid_1's rmse: 0.0852218
[9400]	training's rmse: 0.0594155	valid_1's rmse: 0.0851726
[9500]	training's rmse: 0.0591903	valid_1's rmse: 0.085118
[9600]	training's rmse: 0.0589604	valid_1's rmse: 0.0850714
[9700]	training's rmse: 0.0587287	valid_1's rmse: 0.0850326
[9800]	training's rmse: 0.0584993	valid_1's rmse: 0.0849903
[9900]	training's rmse: 0.0582625	valid_1's rmse: 0.084939
[10000]	training's rmse: 0.0580353	valid_1's rmse: 0.0848819
[10100]	training's rmse: 0.0578158	valid_1's rmse: 0.0848335
[10200]	training's rmse: 0.0575864	valid_1's rmse: 0.0847861
[10300]	training's rmse: 0.0573679	valid_1's rmse: 0.0847423
[10400]	training's rmse: 0.0571688	valid_1's rmse: 0.0847066
[10500]	training's rmse: 0.056955	valid_1's rmse: 0.0846542
[10600]	training's rmse: 0.056744	valid_1's rmse: 0.084612
[10700]	training's rmse: 0.056533	valid_1's rmse: 0.0845718
[10800]	training's rmse: 0.0563185	valid_1's rmse: 0.0845349
[10900]	training's rmse: 0.056101	valid_1's rmse: 0.0844921
[11000]	training's rmse: 0.0558897	valid_1's rmse: 0.08445
[11100]	training's rmse: 0.0556756	valid_1's rmse: 0.0844185
[11200]	training's rmse: 0.0554628	valid_1's rmse: 0.0843716
[11300]	training's rmse: 0.0552624	valid_1's rmse: 0.0843362
[11400]	training's rmse: 0.0550632	valid_1's rmse: 0.0842962
[11500]	training's rmse: 0.0548533	valid_1's rmse: 0.0842584
[11600]	training's rmse: 0.0546434	valid_1's rmse: 0.0842186
[11700]	training's rmse: 0.0544599	valid_1's rmse: 0.0841872
[11800]	training's rmse: 0.0542657	valid_1's rmse: 0.0841539
[11900]	training's rmse: 0.0540783	valid_1's rmse: 0.0841303
[12000]	training's rmse: 0.0538713	valid_1's rmse: 0.084102
[12100]	training's rmse: 0.0536743	valid_1's rmse: 0.0840651
[12200]	training's rmse: 0.0534895	valid_1's rmse: 0.0840465
[12300]	training's rmse: 0.053294	valid_1's rmse: 0.0840231
[12400]	training's rmse: 0.053113	valid_1's rmse: 0.0839982
[12500]	training's rmse: 0.0529228	valid_1's rmse: 0.0839702
[12600]	training's rmse: 0.0527368	valid_1's rmse: 0.0839445
[12700]	training's rmse: 0.0525504	valid_1's rmse: 0.0839177
[12800]	training's rmse: 0.0523642	valid_1's rmse: 0.0838959
[12900]	training's rmse: 0.0521774	valid_1's rmse: 0.0838668
[13000]	training's rmse: 0.0519912	valid_1's rmse: 0.0838357
[13100]	training's rmse: 0.0518158	valid_1's rmse: 0.0838182
[13200]	training's rmse: 0.0516387	valid_1's rmse: 0.0837876
[13300]	training's rmse: 0.0514611	valid_1's rmse: 0.0837608
[13400]	training's rmse: 0.0512834	valid_1's rmse: 0.0837328
[13500]	training's rmse: 0.0511085	valid_1's rmse: 0.0836972
[13600]	training's rmse: 0.0509273	valid_1's rmse: 0.0836762
[13700]	training's rmse: 0.0507458	valid_1's rmse: 0.0836596
[13800]	training's rmse: 0.0505643	valid_1's rmse: 0.0836287
[13900]	training's rmse: 0.0503919	valid_1's rmse: 0.0836165
[14000]	training's rmse: 0.050212	valid_1's rmse: 0.0835948
[14100]	training's rmse: 0.0500448	valid_1's rmse: 0.0835766
[14200]	training's rmse: 0.0498737	valid_1's rmse: 0.0835433
[14300]	training's rmse: 0.049705	valid_1's rmse: 0.0835181
[14400]	training's rmse: 0.0495345	valid_1's rmse: 0.0835009
[14500]	training's rmse: 0.0493689	valid_1's rmse: 0.0834772
[14600]	training's rmse: 0.0492113	valid_1's rmse: 0.0834447
[14700]	training's rmse: 0.0490485	valid_1's rmse: 0.0834305
[14800]	training's rmse: 0.0488835	valid_1's rmse: 0.0834203
[14900]	training's rmse: 0.0487267	valid_1's rmse: 0.0833951
[15000]	training's rmse: 0.0485691	valid_1's rmse: 0.0833697
[15100]	training's rmse: 0.0484058	valid_1's rmse: 0.083351
[15200]	training's rmse: 0.0482431	valid_1's rmse: 0.0833279
[15300]	training's rmse: 0.0480799	valid_1's rmse: 0.0833035
[15400]	training's rmse: 0.0479159	valid_1's rmse: 0.0832716
[15500]	training's rmse: 0.0477572	valid_1's rmse: 0.0832615
[15600]	training's rmse: 0.0476011	valid_1's rmse: 0.083246
[15700]	training's rmse: 0.0474409	valid_1's rmse: 0.0832128
[15800]	training's rmse: 0.0472828	valid_1's rmse: 0.0831856
[15900]	training's rmse: 0.0471187	valid_1's rmse: 0.0831689
[16000]	training's rmse: 0.0469609	valid_1's rmse: 0.0831356
[16100]	training's rmse: 0.0468059	valid_1's rmse: 0.083109
[16200]	training's rmse: 0.046651	valid_1's rmse: 0.0830933
[16300]	training's rmse: 0.0464987	valid_1's rmse: 0.0830777
[16400]	training's rmse: 0.0463532	valid_1's rmse: 0.0830591
[16500]	training's rmse: 0.0461995	valid_1's rmse: 0.0830466
[16600]	training's rmse: 0.0460505	valid_1's rmse: 0.0830362
[16700]	training's rmse: 0.0458996	valid_1's rmse: 0.0830187
[16800]	training's rmse: 0.0457453	valid_1's rmse: 0.0830068
[16900]	training's rmse: 0.0456018	valid_1's rmse: 0.0829896
[17000]	training's rmse: 0.0454598	valid_1's rmse: 0.0829734
[17100]	training's rmse: 0.0453128	valid_1's rmse: 0.0829653
[17200]	training's rmse: 0.0451793	valid_1's rmse: 0.0829488
[17300]	training's rmse: 0.0450268	valid_1's rmse: 0.082929
[17400]	training's rmse: 0.0448803	valid_1's rmse: 0.0829163
[17500]	training's rmse: 0.0447388	valid_1's rmse: 0.0828994
[17600]	training's rmse: 0.0445886	valid_1's rmse: 0.0828702
[17700]	training's rmse: 0.0444417	valid_1's rmse: 0.0828561
[17800]	training's rmse: 0.0443033	valid_1's rmse: 0.0828346
[17900]	training's rmse: 0.0441599	valid_1's rmse: 0.0828145
[18000]	training's rmse: 0.044027	valid_1's rmse: 0.0827991
[18100]	training's rmse: 0.0438918	valid_1's rmse: 0.0827871
[18200]	training's rmse: 0.0437571	valid_1's rmse: 0.0827714
[18300]	training's rmse: 0.0436099	valid_1's rmse: 0.08275
[18400]	training's rmse: 0.0434682	valid_1's rmse: 0.0827461
[18500]	training's rmse: 0.0433351	valid_1's rmse: 0.082735
[18600]	training's rmse: 0.0432061	valid_1's rmse: 0.0827274
[18700]	training's rmse: 0.0430709	valid_1's rmse: 0.0827084
[18800]	training's rmse: 0.042937	valid_1's rmse: 0.0826892
[18900]	training's rmse: 0.042801	valid_1's rmse: 0.0826702
[19000]	training's rmse: 0.042673	valid_1's rmse: 0.0826673
[19100]	training's rmse: 0.0425437	valid_1's rmse: 0.0826583
[19200]	training's rmse: 0.0424024	valid_1's rmse: 0.0826486
[19300]	training's rmse: 0.0422729	valid_1's rmse: 0.0826368
[19400]	training's rmse: 0.0421459	valid_1's rmse: 0.0826351
[19500]	training's rmse: 0.0420166	valid_1's rmse: 0.0826281
[19600]	training's rmse: 0.0418862	valid_1's rmse: 0.082615
[19700]	training's rmse: 0.0417528	valid_1's rmse: 0.082606
[19800]	training's rmse: 0.0416224	valid_1's rmse: 0.082584
[19900]	training's rmse: 0.0414968	valid_1's rmse: 0.0825728
[20000]	training's rmse: 0.0413587	valid_1's rmse: 0.0825551
[20100]	training's rmse: 0.0412318	valid_1's rmse: 0.0825407
[20200]	training's rmse: 0.0411106	valid_1's rmse: 0.0825274
[20300]	training's rmse: 0.0409798	valid_1's rmse: 0.0825157
[20400]	training's rmse: 0.0408659	valid_1's rmse: 0.0825042
[20500]	training's rmse: 0.0407475	valid_1's rmse: 0.0824993
[20600]	training's rmse: 0.0406212	valid_1's rmse: 0.0824839
[20700]	training's rmse: 0.0404975	valid_1's rmse: 0.0824669
[20800]	training's rmse: 0.0403757	valid_1's rmse: 0.0824474
[20900]	training's rmse: 0.0402485	valid_1's rmse: 0.0824399
[21000]	training's rmse: 0.0401259	valid_1's rmse: 0.0824283
[21100]	training's rmse: 0.0400111	valid_1's rmse: 0.0824256
[21200]	training's rmse: 0.0398865	valid_1's rmse: 0.0824072
[21300]	training's rmse: 0.0397696	valid_1's rmse: 0.0824062
[21400]	training's rmse: 0.0396585	valid_1's rmse: 0.0823957
[21500]	training's rmse: 0.0395418	valid_1's rmse: 0.0823768
[21600]	training's rmse: 0.0394204	valid_1's rmse: 0.0823679
[21700]	training's rmse: 0.0392998	valid_1's rmse: 0.0823589
[21800]	training's rmse: 0.0391801	valid_1's rmse: 0.0823498
[21900]	training's rmse: 0.0390645	valid_1's rmse: 0.0823413
[22000]	training's rmse: 0.0389527	valid_1's rmse: 0.0823382
[22100]	training's rmse: 0.0388419	valid_1's rmse: 0.0823225
[22200]	training's rmse: 0.0387289	valid_1's rmse: 0.082319
[22300]	training's rmse: 0.0386087	valid_1's rmse: 0.0823032
[22400]	training's rmse: 0.0385003	valid_1's rmse: 0.0822999
[22500]	training's rmse: 0.038387	valid_1's rmse: 0.0822898
[22600]	training's rmse: 0.0382692	valid_1's rmse: 0.0822789
[22700]	training's rmse: 0.0381564	valid_1's rmse: 0.0822758
[22800]	training's rmse: 0.0380467	valid_1's rmse: 0.0822671
[22900]	training's rmse: 0.0379383	valid_1's rmse: 0.0822602
[23000]	training's rmse: 0.0378321	valid_1's rmse: 0.08226
##### feature importance #####
                      importance
feature                         
area                57270.184268
layout              36695.974874
district            28337.028006
is_L                17980.443843
age_in_months        8638.246837
洗面台独立                5504.669091
structure            4573.561871
building_floor       3952.482824
システムキッチン             3681.782525
area_per_room        2805.700428
エレベーター               2579.393315
age_year             2023.964488
min_to_nearest_sta   1344.028432
room_floor           1250.351476
浴室乾燥機                1126.915360
バス・トイレ別               851.235171
温水洗浄便座                638.409776
スーパー                  457.944281
コンビニ                  425.918533
direction             395.989517
floor_ratio           392.200484
床暖房                   360.526800
num_room              353.344123
age_month             295.935551
追焚機能                  249.344688
室内洗濯機置場               169.048313
山手線                   158.765706
ウォークインクローゼット          138.867799
銀座線                   133.226914
脱衣所                   130.014155
ドラッグストア               117.576909
fixed_term            115.271337
日暮里舎人ライナー             115.141076
コンロ3口                 103.819988
北千住駅                  101.873672
シャワー                   99.763892
日比谷線                   98.436250
京王新線                   96.430013
car_parking            95.991762
三軒茶屋駅                  94.412750
京王線                    92.552183
bicycle_parking        92.395340
病院                     90.674168
コンロ2口                  85.128600
西武新宿線                  84.656611
南北線                    82.578917
インターネット対応              79.804464
CATV                   78.809931
総武線                    77.689244
東急東横線                  77.330318
[100]	training's rmse: 0.224937	valid_1's rmse: 0.220551
[200]	training's rmse: 0.145307	valid_1's rmse: 0.145035
[300]	training's rmse: 0.119927	valid_1's rmse: 0.122175
[400]	training's rmse: 0.110137	valid_1's rmse: 0.113788
[500]	training's rmse: 0.105307	valid_1's rmse: 0.109873
[600]	training's rmse: 0.102258	valid_1's rmse: 0.107406
[700]	training's rmse: 0.0999209	valid_1's rmse: 0.105546
[800]	training's rmse: 0.0980584	valid_1's rmse: 0.104112
[900]	training's rmse: 0.0964969	valid_1's rmse: 0.102891
[1000]	training's rmse: 0.0951752	valid_1's rmse: 0.101888
[1100]	training's rmse: 0.0939984	valid_1's rmse: 0.101015
[1200]	training's rmse: 0.092819	valid_1's rmse: 0.100132
[1300]	training's rmse: 0.0917677	valid_1's rmse: 0.0993858
[1400]	training's rmse: 0.0908116	valid_1's rmse: 0.0987092
[1500]	training's rmse: 0.0899015	valid_1's rmse: 0.0980619
[1600]	training's rmse: 0.0890855	valid_1's rmse: 0.0974909
[1700]	training's rmse: 0.0882683	valid_1's rmse: 0.096918
[1800]	training's rmse: 0.0874877	valid_1's rmse: 0.0963937
[1900]	training's rmse: 0.0867462	valid_1's rmse: 0.0959035
[2000]	training's rmse: 0.0860306	valid_1's rmse: 0.0954411
[2100]	training's rmse: 0.085383	valid_1's rmse: 0.0950256
[2200]	training's rmse: 0.0847201	valid_1's rmse: 0.0946439
[2300]	training's rmse: 0.0841455	valid_1's rmse: 0.0942995
[2400]	training's rmse: 0.0835304	valid_1's rmse: 0.0939431
[2500]	training's rmse: 0.0829153	valid_1's rmse: 0.0935932
[2600]	training's rmse: 0.0823857	valid_1's rmse: 0.0933015
[2700]	training's rmse: 0.0818019	valid_1's rmse: 0.0929557
[2800]	training's rmse: 0.0812267	valid_1's rmse: 0.0926216
[2900]	training's rmse: 0.0806723	valid_1's rmse: 0.0923168
[3000]	training's rmse: 0.0802009	valid_1's rmse: 0.092087
[3100]	training's rmse: 0.0797341	valid_1's rmse: 0.0918452
[3200]	training's rmse: 0.0792517	valid_1's rmse: 0.0916255
[3300]	training's rmse: 0.0788201	valid_1's rmse: 0.0914057
[3400]	training's rmse: 0.0783588	valid_1's rmse: 0.0911753
[3500]	training's rmse: 0.0778805	valid_1's rmse: 0.0909332
[3600]	training's rmse: 0.0774055	valid_1's rmse: 0.0906943
[3700]	training's rmse: 0.0769579	valid_1's rmse: 0.0904789
[3800]	training's rmse: 0.0765285	valid_1's rmse: 0.090278
[3900]	training's rmse: 0.076103	valid_1's rmse: 0.0900996
[4000]	training's rmse: 0.0756538	valid_1's rmse: 0.0898971
[4100]	training's rmse: 0.0752734	valid_1's rmse: 0.0897274
[4200]	training's rmse: 0.0748594	valid_1's rmse: 0.0895555
[4300]	training's rmse: 0.0744741	valid_1's rmse: 0.0894001
[4400]	training's rmse: 0.0740777	valid_1's rmse: 0.0892276
[4500]	training's rmse: 0.0737064	valid_1's rmse: 0.0890516
[4600]	training's rmse: 0.0732982	valid_1's rmse: 0.0888838
[4700]	training's rmse: 0.0729587	valid_1's rmse: 0.0887653
[4800]	training's rmse: 0.0725728	valid_1's rmse: 0.0886465
[4900]	training's rmse: 0.0722085	valid_1's rmse: 0.0885134
[5000]	training's rmse: 0.0718169	valid_1's rmse: 0.0883512
[5100]	training's rmse: 0.0714809	valid_1's rmse: 0.0882469
[5200]	training's rmse: 0.0711229	valid_1's rmse: 0.0881085
[5300]	training's rmse: 0.0707779	valid_1's rmse: 0.087981
[5400]	training's rmse: 0.0704431	valid_1's rmse: 0.0878449
[5500]	training's rmse: 0.0701111	valid_1's rmse: 0.0877203
[5600]	training's rmse: 0.0697716	valid_1's rmse: 0.0876106
[5700]	training's rmse: 0.0694607	valid_1's rmse: 0.087496
[5800]	training's rmse: 0.0691267	valid_1's rmse: 0.0873909
[5900]	training's rmse: 0.0688029	valid_1's rmse: 0.0872931
[6000]	training's rmse: 0.0684971	valid_1's rmse: 0.0871856
[6100]	training's rmse: 0.0682113	valid_1's rmse: 0.0870915
[6200]	training's rmse: 0.0678939	valid_1's rmse: 0.0870089
[6300]	training's rmse: 0.0675901	valid_1's rmse: 0.0869095
[6400]	training's rmse: 0.06728	valid_1's rmse: 0.0868177
[6500]	training's rmse: 0.0669829	valid_1's rmse: 0.0867155
[6600]	training's rmse: 0.0666732	valid_1's rmse: 0.0866127
[6700]	training's rmse: 0.0663745	valid_1's rmse: 0.0865153
[6800]	training's rmse: 0.0660919	valid_1's rmse: 0.0864257
[6900]	training's rmse: 0.0658216	valid_1's rmse: 0.0863383
[7000]	training's rmse: 0.0655031	valid_1's rmse: 0.0862528
[7100]	training's rmse: 0.0652049	valid_1's rmse: 0.0861785
[7200]	training's rmse: 0.0649109	valid_1's rmse: 0.0860853
[7300]	training's rmse: 0.0646452	valid_1's rmse: 0.08601
[7400]	training's rmse: 0.0643701	valid_1's rmse: 0.0859213
[7500]	training's rmse: 0.0640926	valid_1's rmse: 0.08585
[7600]	training's rmse: 0.0638407	valid_1's rmse: 0.0857871
[7700]	training's rmse: 0.0635535	valid_1's rmse: 0.0857122
[7800]	training's rmse: 0.0633055	valid_1's rmse: 0.0856452
[7900]	training's rmse: 0.0630447	valid_1's rmse: 0.0855742
[8000]	training's rmse: 0.0627883	valid_1's rmse: 0.0855094
[8100]	training's rmse: 0.0625104	valid_1's rmse: 0.0854281
[8200]	training's rmse: 0.0622544	valid_1's rmse: 0.0853545
[8300]	training's rmse: 0.0619994	valid_1's rmse: 0.0852849
[8400]	training's rmse: 0.0617413	valid_1's rmse: 0.0852205
[8500]	training's rmse: 0.0614993	valid_1's rmse: 0.0851617
[8600]	training's rmse: 0.0612666	valid_1's rmse: 0.0851132
[8700]	training's rmse: 0.0610226	valid_1's rmse: 0.0850539
[8800]	training's rmse: 0.0607847	valid_1's rmse: 0.0850009
[8900]	training's rmse: 0.0605312	valid_1's rmse: 0.0849401
[9000]	training's rmse: 0.0602979	valid_1's rmse: 0.08489
[9100]	training's rmse: 0.0600437	valid_1's rmse: 0.0848433
[9200]	training's rmse: 0.0598059	valid_1's rmse: 0.0847763
[9300]	training's rmse: 0.0595859	valid_1's rmse: 0.0847335
[9400]	training's rmse: 0.0593594	valid_1's rmse: 0.0846868
[9500]	training's rmse: 0.0591197	valid_1's rmse: 0.0846214
[9600]	training's rmse: 0.0588831	valid_1's rmse: 0.0845422
[9700]	training's rmse: 0.0586603	valid_1's rmse: 0.0845005
[9800]	training's rmse: 0.0584536	valid_1's rmse: 0.0844522
[9900]	training's rmse: 0.0582322	valid_1's rmse: 0.0844131
[10000]	training's rmse: 0.0580101	valid_1's rmse: 0.0843614
[10100]	training's rmse: 0.0577977	valid_1's rmse: 0.0843128
[10200]	training's rmse: 0.0575781	valid_1's rmse: 0.0842647
[10300]	training's rmse: 0.0573614	valid_1's rmse: 0.0842236
[10400]	training's rmse: 0.0571582	valid_1's rmse: 0.0841791
[10500]	training's rmse: 0.0569363	valid_1's rmse: 0.0841245
[10600]	training's rmse: 0.0567169	valid_1's rmse: 0.0840751
[10700]	training's rmse: 0.0564942	valid_1's rmse: 0.084046
[10800]	training's rmse: 0.0562929	valid_1's rmse: 0.084021
[10900]	training's rmse: 0.0560843	valid_1's rmse: 0.0839726
[11000]	training's rmse: 0.0558742	valid_1's rmse: 0.0839095
[11100]	training's rmse: 0.0556641	valid_1's rmse: 0.0838669
[11200]	training's rmse: 0.0554537	valid_1's rmse: 0.0838321
[11300]	training's rmse: 0.0552524	valid_1's rmse: 0.0837883
[11400]	training's rmse: 0.0550397	valid_1's rmse: 0.0837491
[11500]	training's rmse: 0.0548376	valid_1's rmse: 0.0837123
[11600]	training's rmse: 0.0546304	valid_1's rmse: 0.083683
[11700]	training's rmse: 0.0544357	valid_1's rmse: 0.0836415
[11800]	training's rmse: 0.0542294	valid_1's rmse: 0.083592
[11900]	training's rmse: 0.0540448	valid_1's rmse: 0.0835642
[12000]	training's rmse: 0.0538411	valid_1's rmse: 0.0835136
[12100]	training's rmse: 0.0536484	valid_1's rmse: 0.0834679
[12200]	training's rmse: 0.0534529	valid_1's rmse: 0.0834374
[12300]	training's rmse: 0.0532742	valid_1's rmse: 0.0834104
[12400]	training's rmse: 0.0530818	valid_1's rmse: 0.0833789
[12500]	training's rmse: 0.0528899	valid_1's rmse: 0.0833377
[12600]	training's rmse: 0.0527097	valid_1's rmse: 0.0833071
[12700]	training's rmse: 0.0525248	valid_1's rmse: 0.0832658
[12800]	training's rmse: 0.0523488	valid_1's rmse: 0.0832302
[12900]	training's rmse: 0.0521633	valid_1's rmse: 0.0831971
[13000]	training's rmse: 0.0519854	valid_1's rmse: 0.0831666
[13100]	training's rmse: 0.0518013	valid_1's rmse: 0.0831389
[13200]	training's rmse: 0.0516127	valid_1's rmse: 0.0831093
[13300]	training's rmse: 0.0514358	valid_1's rmse: 0.0830751
[13400]	training's rmse: 0.0512595	valid_1's rmse: 0.0830377
[13500]	training's rmse: 0.0510787	valid_1's rmse: 0.0830027
[13600]	training's rmse: 0.0508978	valid_1's rmse: 0.0829801
[13700]	training's rmse: 0.0507286	valid_1's rmse: 0.0829483
[13800]	training's rmse: 0.0505441	valid_1's rmse: 0.0829309
[13900]	training's rmse: 0.0503712	valid_1's rmse: 0.0829115
[14000]	training's rmse: 0.0502026	valid_1's rmse: 0.0828826
[14100]	training's rmse: 0.0500345	valid_1's rmse: 0.0828496
[14200]	training's rmse: 0.0498648	valid_1's rmse: 0.0828166
[14300]	training's rmse: 0.0496767	valid_1's rmse: 0.0827916
[14400]	training's rmse: 0.0495109	valid_1's rmse: 0.0827648
[14500]	training's rmse: 0.0493399	valid_1's rmse: 0.0827404
[14600]	training's rmse: 0.0491833	valid_1's rmse: 0.0827062
[14700]	training's rmse: 0.049016	valid_1's rmse: 0.0826808
[14800]	training's rmse: 0.0488511	valid_1's rmse: 0.0826494
[14900]	training's rmse: 0.0486901	valid_1's rmse: 0.082619
[15000]	training's rmse: 0.0485247	valid_1's rmse: 0.0825947
[15100]	training's rmse: 0.0483638	valid_1's rmse: 0.0825705
[15200]	training's rmse: 0.0482179	valid_1's rmse: 0.0825455
[15300]	training's rmse: 0.0480557	valid_1's rmse: 0.0825191
[15400]	training's rmse: 0.0479001	valid_1's rmse: 0.0825045
[15500]	training's rmse: 0.047735	valid_1's rmse: 0.0824804
[15600]	training's rmse: 0.04757	valid_1's rmse: 0.0824594
[15700]	training's rmse: 0.0474123	valid_1's rmse: 0.0824404
[15800]	training's rmse: 0.047248	valid_1's rmse: 0.0824226
[15900]	training's rmse: 0.0470996	valid_1's rmse: 0.0823892
[16000]	training's rmse: 0.0469327	valid_1's rmse: 0.0823786
[16100]	training's rmse: 0.0467776	valid_1's rmse: 0.0823641
[16200]	training's rmse: 0.0466236	valid_1's rmse: 0.0823533
[16300]	training's rmse: 0.0464607	valid_1's rmse: 0.0823306
[16400]	training's rmse: 0.0462983	valid_1's rmse: 0.0822967
[16500]	training's rmse: 0.0461488	valid_1's rmse: 0.0822704
[16600]	training's rmse: 0.0459966	valid_1's rmse: 0.0822518
[16700]	training's rmse: 0.0458426	valid_1's rmse: 0.0822341
[16800]	training's rmse: 0.0457012	valid_1's rmse: 0.0822219
[16900]	training's rmse: 0.0455568	valid_1's rmse: 0.0822043
[17000]	training's rmse: 0.0453989	valid_1's rmse: 0.0821993
[17100]	training's rmse: 0.0452457	valid_1's rmse: 0.0821775
[17200]	training's rmse: 0.0451111	valid_1's rmse: 0.0821602
[17300]	training's rmse: 0.0449633	valid_1's rmse: 0.0821516
[17400]	training's rmse: 0.0448256	valid_1's rmse: 0.0821331
[17500]	training's rmse: 0.0446759	valid_1's rmse: 0.0821123
[17600]	training's rmse: 0.0445341	valid_1's rmse: 0.0820918
[17700]	training's rmse: 0.044395	valid_1's rmse: 0.0820776
[17800]	training's rmse: 0.04425	valid_1's rmse: 0.0820712
[17900]	training's rmse: 0.0441119	valid_1's rmse: 0.0820597
[18000]	training's rmse: 0.0439714	valid_1's rmse: 0.0820383
[18100]	training's rmse: 0.0438337	valid_1's rmse: 0.0820232
[18200]	training's rmse: 0.0436935	valid_1's rmse: 0.0819966
[18300]	training's rmse: 0.0435562	valid_1's rmse: 0.0819777
[18400]	training's rmse: 0.0434203	valid_1's rmse: 0.081968
[18500]	training's rmse: 0.0432947	valid_1's rmse: 0.0819521
[18600]	training's rmse: 0.0431589	valid_1's rmse: 0.0819384
[18700]	training's rmse: 0.0430188	valid_1's rmse: 0.0819225
[18800]	training's rmse: 0.0428798	valid_1's rmse: 0.081908
[18900]	training's rmse: 0.042744	valid_1's rmse: 0.0818968
[19000]	training's rmse: 0.042615	valid_1's rmse: 0.0818874
[19100]	training's rmse: 0.0424821	valid_1's rmse: 0.0818671
[19200]	training's rmse: 0.0423422	valid_1's rmse: 0.0818567
[19300]	training's rmse: 0.0422103	valid_1's rmse: 0.0818437
[19400]	training's rmse: 0.0420878	valid_1's rmse: 0.0818226
[19500]	training's rmse: 0.0419528	valid_1's rmse: 0.0818078
[19600]	training's rmse: 0.0418309	valid_1's rmse: 0.0817967
[19700]	training's rmse: 0.0417071	valid_1's rmse: 0.0817885
[19800]	training's rmse: 0.0415842	valid_1's rmse: 0.0817701
[19900]	training's rmse: 0.0414584	valid_1's rmse: 0.0817588
[20000]	training's rmse: 0.0413352	valid_1's rmse: 0.0817479
[20100]	training's rmse: 0.041202	valid_1's rmse: 0.0817309
[20200]	training's rmse: 0.0410808	valid_1's rmse: 0.0817223
[20300]	training's rmse: 0.040952	valid_1's rmse: 0.0817102
[20400]	training's rmse: 0.0408226	valid_1's rmse: 0.081698
[20500]	training's rmse: 0.0406936	valid_1's rmse: 0.0816859
[20600]	training's rmse: 0.0405705	valid_1's rmse: 0.0816727
[20700]	training's rmse: 0.0404413	valid_1's rmse: 0.0816654
[20800]	training's rmse: 0.0403226	valid_1's rmse: 0.0816509
[20900]	training's rmse: 0.0401987	valid_1's rmse: 0.0816377
[21000]	training's rmse: 0.0400771	valid_1's rmse: 0.0816257
[21100]	training's rmse: 0.0399629	valid_1's rmse: 0.0816099
[21200]	training's rmse: 0.0398399	valid_1's rmse: 0.0815954
[21300]	training's rmse: 0.0397132	valid_1's rmse: 0.0815812
[21400]	training's rmse: 0.0395961	valid_1's rmse: 0.0815651
[21500]	training's rmse: 0.0394787	valid_1's rmse: 0.0815399
[21600]	training's rmse: 0.0393605	valid_1's rmse: 0.081527
[21700]	training's rmse: 0.0392348	valid_1's rmse: 0.0815194
[21800]	training's rmse: 0.0391141	valid_1's rmse: 0.0815128
[21900]	training's rmse: 0.0389954	valid_1's rmse: 0.0814986
[22000]	training's rmse: 0.0388793	valid_1's rmse: 0.0814955
[22100]	training's rmse: 0.0387673	valid_1's rmse: 0.0814769
[22200]	training's rmse: 0.0386494	valid_1's rmse: 0.0814645
[22300]	training's rmse: 0.0385315	valid_1's rmse: 0.0814565
[22400]	training's rmse: 0.0384228	valid_1's rmse: 0.0814417
[22500]	training's rmse: 0.0383127	valid_1's rmse: 0.0814323
[22600]	training's rmse: 0.0381932	valid_1's rmse: 0.0814196
[22700]	training's rmse: 0.038088	valid_1's rmse: 0.0814148
[22800]	training's rmse: 0.0379792	valid_1's rmse: 0.0814057
[22900]	training's rmse: 0.0378687	valid_1's rmse: 0.0813893
[23000]	training's rmse: 0.0377513	valid_1's rmse: 0.0813853
[23100]	training's rmse: 0.0376397	valid_1's rmse: 0.0813779
[23200]	training's rmse: 0.037531	valid_1's rmse: 0.0813684
[23300]	training's rmse: 0.0374241	valid_1's rmse: 0.0813636
[23400]	training's rmse: 0.0373171	valid_1's rmse: 0.0813525
[23500]	training's rmse: 0.0372058	valid_1's rmse: 0.0813496
[23600]	training's rmse: 0.0370979	valid_1's rmse: 0.0813394
[23700]	training's rmse: 0.03699	valid_1's rmse: 0.0813285
[23800]	training's rmse: 0.036883	valid_1's rmse: 0.0813194
[23900]	training's rmse: 0.0367719	valid_1's rmse: 0.0813127
[24000]	training's rmse: 0.0366749	valid_1's rmse: 0.0813013
[24100]	training's rmse: 0.0365631	valid_1's rmse: 0.0812951
[24200]	training's rmse: 0.0364587	valid_1's rmse: 0.081294
[24300]	training's rmse: 0.0363533	valid_1's rmse: 0.0812845
[24400]	training's rmse: 0.0362475	valid_1's rmse: 0.0812754
[24500]	training's rmse: 0.0361405	valid_1's rmse: 0.0812659
[24600]	training's rmse: 0.0360399	valid_1's rmse: 0.0812569
[24700]	training's rmse: 0.0359412	valid_1's rmse: 0.0812479
[24800]	training's rmse: 0.0358352	valid_1's rmse: 0.0812374
[24900]	training's rmse: 0.0357251	valid_1's rmse: 0.0812296
[25000]	training's rmse: 0.0356281	valid_1's rmse: 0.0812215
[25100]	training's rmse: 0.0355243	valid_1's rmse: 0.0812115
[25200]	training's rmse: 0.0354232	valid_1's rmse: 0.0812077
[25300]	training's rmse: 0.035319	valid_1's rmse: 0.0811948
[25400]	training's rmse: 0.0352147	valid_1's rmse: 0.0811896
[25500]	training's rmse: 0.035115	valid_1's rmse: 0.081182
[25600]	training's rmse: 0.0350161	valid_1's rmse: 0.0811762
[25700]	training's rmse: 0.0349155	valid_1's rmse: 0.0811564
[25800]	training's rmse: 0.0348248	valid_1's rmse: 0.0811516
[25900]	training's rmse: 0.0347253	valid_1's rmse: 0.0811454
[26000]	training's rmse: 0.0346237	valid_1's rmse: 0.0811446
[26100]	training's rmse: 0.0345249	valid_1's rmse: 0.0811323
[26200]	training's rmse: 0.0344299	valid_1's rmse: 0.0811224
[26300]	training's rmse: 0.034328	valid_1's rmse: 0.0811215
[26400]	training's rmse: 0.0342297	valid_1's rmse: 0.0811141
[26500]	training's rmse: 0.0341336	valid_1's rmse: 0.0811107
[26600]	training's rmse: 0.0340384	valid_1's rmse: 0.0811046
[26700]	training's rmse: 0.0339432	valid_1's rmse: 0.0810984
[26800]	training's rmse: 0.0338499	valid_1's rmse: 0.0810911
[26900]	training's rmse: 0.03376	valid_1's rmse: 0.0810794
[27000]	training's rmse: 0.0336714	valid_1's rmse: 0.0810766
##### feature importance #####
                        importance
feature                           
area                  58313.970413
layout                41775.569598
district              28504.544477
is_L                  12155.914099
age_in_months          8731.951161
洗面台独立                  6784.618257
building_floor         4391.813839
structure              4248.973336
システムキッチン               3612.624794
area_per_room          3088.472144
エレベーター                 2400.141453
age_year               2274.437957
浴室乾燥機                  1465.981196
min_to_nearest_sta     1324.843333
room_floor             1241.189855
バス・トイレ別                 934.652151
温水洗浄便座                  670.164903
スーパー                    509.762622
コンビニ                    468.034696
num_room                467.706896
direction               413.160879
床暖房                     404.011624
floor_ratio             398.425420
age_month               311.509689
追焚機能                    235.933097
脱衣所                     168.263564
室内洗濯機置場                 154.902566
山手線                     136.863169
fixed_term              130.308919
ウォークインクローゼット            127.449879
ドラッグストア                 121.573709
三軒茶屋駅                   119.829558
銀座線                     116.350410
日比谷線                    110.566523
北千住駅                    110.489112
コンロ3口                   109.255093
bicycle_parking         109.133850
日暮里舎人ライナー               105.082911
シャワー                    102.832239
京王新線                    100.461778
総武線                      96.732910
BSアンテナ                   92.803235
西武新宿線                    91.336890
CATV                     87.470652
バルコニー                    86.583051
光ファイバー                   85.486656
contract_period_year     83.835525
恵比寿駅                     82.811628
共同トイレ                    81.329846
病院                       80.819885
[100]	training's rmse: 0.223814	valid_1's rmse: 0.227164
[200]	training's rmse: 0.145061	valid_1's rmse: 0.147875
[300]	training's rmse: 0.120018	valid_1's rmse: 0.123622
[400]	training's rmse: 0.110296	valid_1's rmse: 0.114446
[500]	training's rmse: 0.105298	valid_1's rmse: 0.109882
[600]	training's rmse: 0.102122	valid_1's rmse: 0.107129
[700]	training's rmse: 0.0998002	valid_1's rmse: 0.105173
[800]	training's rmse: 0.0978675	valid_1's rmse: 0.103622
[900]	training's rmse: 0.0963651	valid_1's rmse: 0.102404
[1000]	training's rmse: 0.0949663	valid_1's rmse: 0.10134
[1100]	training's rmse: 0.0937509	valid_1's rmse: 0.100466
[1200]	training's rmse: 0.0926501	valid_1's rmse: 0.0996549
[1300]	training's rmse: 0.091594	valid_1's rmse: 0.0989017
[1400]	training's rmse: 0.0906064	valid_1's rmse: 0.0982551
[1500]	training's rmse: 0.0896878	valid_1's rmse: 0.0976014
[1600]	training's rmse: 0.0888357	valid_1's rmse: 0.0970489
[1700]	training's rmse: 0.0880055	valid_1's rmse: 0.0965163
[1800]	training's rmse: 0.0872493	valid_1's rmse: 0.0960607
[1900]	training's rmse: 0.0865062	valid_1's rmse: 0.0956239
[2000]	training's rmse: 0.0858022	valid_1's rmse: 0.0951967
[2100]	training's rmse: 0.0851514	valid_1's rmse: 0.0948501
[2200]	training's rmse: 0.0845204	valid_1's rmse: 0.0944818
[2300]	training's rmse: 0.0839444	valid_1's rmse: 0.0941397
[2400]	training's rmse: 0.0833564	valid_1's rmse: 0.0938231
[2500]	training's rmse: 0.0827771	valid_1's rmse: 0.0935086
[2600]	training's rmse: 0.0821972	valid_1's rmse: 0.093213
[2700]	training's rmse: 0.0816611	valid_1's rmse: 0.0929306
[2800]	training's rmse: 0.0811447	valid_1's rmse: 0.0927157
[2900]	training's rmse: 0.0806439	valid_1's rmse: 0.0925009
[3000]	training's rmse: 0.0801295	valid_1's rmse: 0.0922367
[3100]	training's rmse: 0.0796701	valid_1's rmse: 0.0920027
[3200]	training's rmse: 0.0792344	valid_1's rmse: 0.0918251
[3300]	training's rmse: 0.0787576	valid_1's rmse: 0.0915971
[3400]	training's rmse: 0.0783083	valid_1's rmse: 0.0914175
[3500]	training's rmse: 0.0778838	valid_1's rmse: 0.0912182
[3600]	training's rmse: 0.0774322	valid_1's rmse: 0.0910444
[3700]	training's rmse: 0.0770298	valid_1's rmse: 0.0908756
[3800]	training's rmse: 0.0766184	valid_1's rmse: 0.0907037
[3900]	training's rmse: 0.0762346	valid_1's rmse: 0.0905493
[4000]	training's rmse: 0.0758155	valid_1's rmse: 0.090392
[4100]	training's rmse: 0.0754243	valid_1's rmse: 0.0902383
[4200]	training's rmse: 0.0750149	valid_1's rmse: 0.0900875
[4300]	training's rmse: 0.0746244	valid_1's rmse: 0.0899517
[4400]	training's rmse: 0.0742377	valid_1's rmse: 0.0897913
[4500]	training's rmse: 0.0738511	valid_1's rmse: 0.0896547
[4600]	training's rmse: 0.0734797	valid_1's rmse: 0.0895204
[4700]	training's rmse: 0.0731001	valid_1's rmse: 0.0893952
[4800]	training's rmse: 0.0727312	valid_1's rmse: 0.0892782
[4900]	training's rmse: 0.0723516	valid_1's rmse: 0.0891282
[5000]	training's rmse: 0.07198	valid_1's rmse: 0.0890024
[5100]	training's rmse: 0.0716153	valid_1's rmse: 0.0888687
[5200]	training's rmse: 0.0712531	valid_1's rmse: 0.0887298
[5300]	training's rmse: 0.0709068	valid_1's rmse: 0.0886273
[5400]	training's rmse: 0.0705378	valid_1's rmse: 0.088517
[5500]	training's rmse: 0.0702374	valid_1's rmse: 0.0884174
[5600]	training's rmse: 0.0699063	valid_1's rmse: 0.0883078
[5700]	training's rmse: 0.0695567	valid_1's rmse: 0.0882026
[5800]	training's rmse: 0.0692246	valid_1's rmse: 0.0880971
[5900]	training's rmse: 0.0688956	valid_1's rmse: 0.0879991
[6000]	training's rmse: 0.0685564	valid_1's rmse: 0.087902
[6100]	training's rmse: 0.0682768	valid_1's rmse: 0.0878176
[6200]	training's rmse: 0.067979	valid_1's rmse: 0.0877284
[6300]	training's rmse: 0.0676691	valid_1's rmse: 0.0876321
[6400]	training's rmse: 0.0673426	valid_1's rmse: 0.0875399
[6500]	training's rmse: 0.0670429	valid_1's rmse: 0.0874476
[6600]	training's rmse: 0.0667259	valid_1's rmse: 0.0873485
[6700]	training's rmse: 0.0664448	valid_1's rmse: 0.0872826
[6800]	training's rmse: 0.066153	valid_1's rmse: 0.0872108
[6900]	training's rmse: 0.06585	valid_1's rmse: 0.0871179
[7000]	training's rmse: 0.0655423	valid_1's rmse: 0.0870338
[7100]	training's rmse: 0.0652791	valid_1's rmse: 0.0869679
[7200]	training's rmse: 0.0649881	valid_1's rmse: 0.08689
[7300]	training's rmse: 0.0647063	valid_1's rmse: 0.0868079
[7400]	training's rmse: 0.0644185	valid_1's rmse: 0.0867345
[7500]	training's rmse: 0.0641643	valid_1's rmse: 0.0866673
[7600]	training's rmse: 0.0638942	valid_1's rmse: 0.0865983
[7700]	training's rmse: 0.0636265	valid_1's rmse: 0.0865229
[7800]	training's rmse: 0.0633398	valid_1's rmse: 0.0864595
[7900]	training's rmse: 0.0630786	valid_1's rmse: 0.0864045
[8000]	training's rmse: 0.0628255	valid_1's rmse: 0.08633
[8100]	training's rmse: 0.0625674	valid_1's rmse: 0.0862713
[8200]	training's rmse: 0.062318	valid_1's rmse: 0.0862148
[8300]	training's rmse: 0.0620786	valid_1's rmse: 0.0861614
[8400]	training's rmse: 0.0618352	valid_1's rmse: 0.0861115
[8500]	training's rmse: 0.0615927	valid_1's rmse: 0.0860671
[8600]	training's rmse: 0.0613338	valid_1's rmse: 0.0860115
[8700]	training's rmse: 0.0610967	valid_1's rmse: 0.0859485
[8800]	training's rmse: 0.0608547	valid_1's rmse: 0.0858968
[8900]	training's rmse: 0.0605912	valid_1's rmse: 0.085844
[9000]	training's rmse: 0.060342	valid_1's rmse: 0.0857916
[9100]	training's rmse: 0.0600979	valid_1's rmse: 0.0857499
[9200]	training's rmse: 0.0598622	valid_1's rmse: 0.0857021
[9300]	training's rmse: 0.0596358	valid_1's rmse: 0.0856605
[9400]	training's rmse: 0.0594151	valid_1's rmse: 0.0856117
[9500]	training's rmse: 0.0591836	valid_1's rmse: 0.0855594
[9600]	training's rmse: 0.0589637	valid_1's rmse: 0.0855265
[9700]	training's rmse: 0.0587494	valid_1's rmse: 0.0854765
[9800]	training's rmse: 0.0585376	valid_1's rmse: 0.0854286
[9900]	training's rmse: 0.058308	valid_1's rmse: 0.0853884
[10000]	training's rmse: 0.0580839	valid_1's rmse: 0.0853402
[10100]	training's rmse: 0.0578526	valid_1's rmse: 0.0853043
[10200]	training's rmse: 0.0576376	valid_1's rmse: 0.0852667
[10300]	training's rmse: 0.0574205	valid_1's rmse: 0.0852175
[10400]	training's rmse: 0.0571908	valid_1's rmse: 0.0851602
[10500]	training's rmse: 0.0569614	valid_1's rmse: 0.0851211
[10600]	training's rmse: 0.0567432	valid_1's rmse: 0.0850806
[10700]	training's rmse: 0.0565286	valid_1's rmse: 0.0850312
[10800]	training's rmse: 0.0563191	valid_1's rmse: 0.084999
[10900]	training's rmse: 0.0561198	valid_1's rmse: 0.0849536
[11000]	training's rmse: 0.055913	valid_1's rmse: 0.0849222
[11100]	training's rmse: 0.055713	valid_1's rmse: 0.0848979
[11200]	training's rmse: 0.0554943	valid_1's rmse: 0.0848542
[11300]	training's rmse: 0.0552871	valid_1's rmse: 0.0848212
[11400]	training's rmse: 0.055085	valid_1's rmse: 0.0847865
[11500]	training's rmse: 0.0548836	valid_1's rmse: 0.084742
[11600]	training's rmse: 0.054691	valid_1's rmse: 0.0847141
[11700]	training's rmse: 0.0544907	valid_1's rmse: 0.0846769
[11800]	training's rmse: 0.0542995	valid_1's rmse: 0.0846435
[11900]	training's rmse: 0.0540936	valid_1's rmse: 0.0846163
[12000]	training's rmse: 0.0538988	valid_1's rmse: 0.0845768
[12100]	training's rmse: 0.0537014	valid_1's rmse: 0.0845493
[12200]	training's rmse: 0.053506	valid_1's rmse: 0.0845154
[12300]	training's rmse: 0.0533238	valid_1's rmse: 0.0844807
[12400]	training's rmse: 0.0531232	valid_1's rmse: 0.0844551
[12500]	training's rmse: 0.0529356	valid_1's rmse: 0.0844278
[12600]	training's rmse: 0.0527427	valid_1's rmse: 0.0844067
[12700]	training's rmse: 0.0525529	valid_1's rmse: 0.0843817
[12800]	training's rmse: 0.0523724	valid_1's rmse: 0.0843474
[12900]	training's rmse: 0.0521922	valid_1's rmse: 0.0843196
[13000]	training's rmse: 0.0520089	valid_1's rmse: 0.0842886
[13100]	training's rmse: 0.0518286	valid_1's rmse: 0.084262
[13200]	training's rmse: 0.0516408	valid_1's rmse: 0.0842412
[13300]	training's rmse: 0.0514678	valid_1's rmse: 0.0842169
[13400]	training's rmse: 0.0512816	valid_1's rmse: 0.0841945
[13500]	training's rmse: 0.051109	valid_1's rmse: 0.0841812
[13600]	training's rmse: 0.0509203	valid_1's rmse: 0.0841526
[13700]	training's rmse: 0.0507448	valid_1's rmse: 0.0841278
[13800]	training's rmse: 0.0505825	valid_1's rmse: 0.0841192
[13900]	training's rmse: 0.05041	valid_1's rmse: 0.0840892
[14000]	training's rmse: 0.050228	valid_1's rmse: 0.0840679
[14100]	training's rmse: 0.0500575	valid_1's rmse: 0.0840328
[14200]	training's rmse: 0.0498835	valid_1's rmse: 0.0840002
[14300]	training's rmse: 0.0497079	valid_1's rmse: 0.0839729
[14400]	training's rmse: 0.049538	valid_1's rmse: 0.0839535
[14500]	training's rmse: 0.0493667	valid_1's rmse: 0.0839258
[14600]	training's rmse: 0.0492003	valid_1's rmse: 0.0839048
[14700]	training's rmse: 0.0490347	valid_1's rmse: 0.0838799
[14800]	training's rmse: 0.0488711	valid_1's rmse: 0.0838558
[14900]	training's rmse: 0.048706	valid_1's rmse: 0.0838354
[15000]	training's rmse: 0.0485419	valid_1's rmse: 0.0838045
[15100]	training's rmse: 0.0483829	valid_1's rmse: 0.0837862
[15200]	training's rmse: 0.0482291	valid_1's rmse: 0.0837766
[15300]	training's rmse: 0.0480654	valid_1's rmse: 0.0837516
[15400]	training's rmse: 0.0479105	valid_1's rmse: 0.0837364
[15500]	training's rmse: 0.0477555	valid_1's rmse: 0.0837125
[15600]	training's rmse: 0.0476006	valid_1's rmse: 0.0836925
[15700]	training's rmse: 0.0474462	valid_1's rmse: 0.0836723
[15800]	training's rmse: 0.0472828	valid_1's rmse: 0.0836539
[15900]	training's rmse: 0.0471298	valid_1's rmse: 0.0836289
[16000]	training's rmse: 0.0469791	valid_1's rmse: 0.0836209
[16100]	training's rmse: 0.0468291	valid_1's rmse: 0.0835976
[16200]	training's rmse: 0.0466766	valid_1's rmse: 0.0835897
[16300]	training's rmse: 0.0465129	valid_1's rmse: 0.0835632
[16400]	training's rmse: 0.0463688	valid_1's rmse: 0.0835528
[16500]	training's rmse: 0.0462185	valid_1's rmse: 0.0835352
[16600]	training's rmse: 0.0460632	valid_1's rmse: 0.0835176
[16700]	training's rmse: 0.0459028	valid_1's rmse: 0.083496
[16800]	training's rmse: 0.0457554	valid_1's rmse: 0.083471
[16900]	training's rmse: 0.0456103	valid_1's rmse: 0.0834546
[17000]	training's rmse: 0.0454678	valid_1's rmse: 0.0834493
[17100]	training's rmse: 0.0453204	valid_1's rmse: 0.0834274
[17200]	training's rmse: 0.0451718	valid_1's rmse: 0.0834155
[17300]	training's rmse: 0.0450318	valid_1's rmse: 0.0834028
[17400]	training's rmse: 0.044893	valid_1's rmse: 0.0833816
[17500]	training's rmse: 0.0447487	valid_1's rmse: 0.0833673
[17600]	training's rmse: 0.0445972	valid_1's rmse: 0.0833389
[17700]	training's rmse: 0.044449	valid_1's rmse: 0.0833162
[17800]	training's rmse: 0.0443039	valid_1's rmse: 0.0833038
[17900]	training's rmse: 0.0441674	valid_1's rmse: 0.0832937
[18000]	training's rmse: 0.044032	valid_1's rmse: 0.0832678
[18100]	training's rmse: 0.0438929	valid_1's rmse: 0.0832606
[18200]	training's rmse: 0.0437546	valid_1's rmse: 0.0832529
[18300]	training's rmse: 0.043614	valid_1's rmse: 0.0832418
[18400]	training's rmse: 0.0434757	valid_1's rmse: 0.0832287
[18500]	training's rmse: 0.0433413	valid_1's rmse: 0.0832126
[18600]	training's rmse: 0.0431998	valid_1's rmse: 0.083186
[18700]	training's rmse: 0.0430661	valid_1's rmse: 0.083175
[18800]	training's rmse: 0.0429217	valid_1's rmse: 0.0831641
[18900]	training's rmse: 0.0427887	valid_1's rmse: 0.0831572
##### feature importance #####
                        importance
feature                           
area                  58647.440480
layout                30462.249760
district              28040.032400
is_L                  20630.439659
age_in_months          8563.388322
洗面台独立                  5287.598283
structure              4607.622544
システムキッチン               3988.555761
building_floor         3957.958050
area_per_room          3177.158249
エレベーター                 2607.394474
age_year               2176.516661
浴室乾燥機                  1835.502067
min_to_nearest_sta     1283.982018
room_floor             1232.166618
バス・トイレ別                 915.743241
温水洗浄便座                  649.721185
スーパー                    433.061007
床暖房                     428.640623
num_room                418.251055
コンビニ                    413.358740
floor_ratio             363.278545
direction               355.794374
age_month               281.595503
追焚機能                    253.767214
室内洗濯機置場                 165.185047
脱衣所                     147.249655
山手線                     145.254057
コンロ3口                   130.694846
銀座線                     117.851393
北千住駅                    117.510110
ドラッグストア                 110.181407
fixed_term              106.476959
contract_period_year    105.896427
シャワー                    105.226861
京王新線                    100.339091
日暮里舎人ライナー                98.316210
総武線                      97.036897
恵比寿駅                     95.435106
三軒茶屋駅                    93.616697
is_D                     92.410361
ウォークインクローゼット             92.243462
西武新宿線                    84.728311
car_parking              83.574825
共同トイレ                    82.048160
病院                       79.823825
丸ノ内線                     79.022087
bicycle_parking          77.212152
京王線                      76.168366
光ファイバー                   75.232995
5fold CV score: 17525.89483354711
