./logs/model_logs/TEINEI_11.log
Using features:['district' 'min_to_nearest_sta' 'num_sta' 'つくばエクスプレス' '中央線' '丸ノ内線' '京急本線'
 '京急空港線' '京成押上線' '京成本線' '京成金町線' '京浜東北線' '京王井の頭線' '京王新線' '京王線' '京葉線' '副都心線'
 '千代田線' '半蔵門線' '南北線' '埼京線' '小田急小田原線' '山手線' '常磐線' '日暮里舎人ライナー' '日比谷線' '有楽町線'
 '東急世田谷線' '東急多摩川線' '東急大井町線' '東急東横線' '東急池上線' '東急田園都市線' '東急目黒線'
 '東武スカイツリーライン' '東武亀戸線' '東武大師線' '東武東上線' '東西線' '総武本線' '総武線' '西武新宿線' '西武池袋線'
 '都営三田線' '都営大江戸線' '都営新宿線' '都営浅草線' '都電荒川線' '銀座線' 'お花茶屋駅' '一之江駅' '三ノ輪駅'
 '三軒茶屋駅' '下板橋駅' '中板橋駅' '中目黒駅' '中野坂上駅' '中野駅' '亀有駅' '五反野駅' '京急蒲田駅' '代田橋駅'
 '住吉駅' '入谷駅' '八丁堀駅' '八幡山駅' '勝どき駅' '北千住駅' '北綾瀬駅' '千歳烏山駅' '大井町駅' '大塚駅' '大山駅'
 '大森駅' '大泉学園駅' '学芸大学駅' '巣鴨駅' '広尾駅' '恵比寿駅' '押上駅' '新中野駅' '新江古田駅' '新高円寺駅'
 '方南町駅' '月島駅' '木場駅' '東十条駅' '東高円寺駅' '板橋区役所前駅' '板橋本町駅' '板橋駅' '桜新町駅' '梅島駅'
 '武蔵小山駅' '江戸川橋駅' '池尻大橋駅' '池袋駅' '浅草駅' '清澄白河駅' '王子駅' '瑞江駅' '用賀駅' '白金高輪駅'
 '目黒駅' '祐天寺駅' '祖師ケ谷大蔵駅' '神楽坂駅' '笹塚駅' '築地駅' '篠崎駅' '綾瀬駅' '練馬駅' '自由が丘駅'
 '芦花公園駅' '荻窪駅' '菊川駅' '葛西駅' '蒲田駅' '西大島駅' '西新井駅' '西葛西駅' '要町駅' '赤羽駅' '越中島駅'
 '都立大学駅' '門前仲町駅' '青井駅' '駒沢大学駅' '高円寺駅' '麻布十番駅' 'layout' 'is_K' 'is_R'
 'is_L' 'is_D' 'is_S' 'num_room' 'num_room_is_L' 'age_year' 'age_month'
 'age_in_months' 'direction' 'has_N' 'has_S' 'has_E' 'has_W' 'area'
 'area_per_room' 'has_underground' 'room_floor' 'building_floor'
 'floor_ratio' 'シャワー' 'バスなし' 'バス・トイレ別' '共同トイレ' '共同バス' '専用トイレ' '専用バス'
 '洗面台独立' '浴室乾燥機' '温水洗浄便座' '脱衣所' '追焚機能' 'IHコンロ' 'L字キッチン' 'カウンターキッチン'
 'ガスコンロ' 'コンロ1口' 'コンロ2口' 'コンロ3口' 'コンロ4口以上' 'コンロ設置可（コンロ1口）' 'コンロ設置可（コンロ2口）'
 'コンロ設置可（コンロ3口）' 'コンロ設置可（コンロ4口以上）' 'コンロ設置可（口数不明）' 'システムキッチン' '冷蔵庫あり'
 '独立キッチン' '給湯' '電気コンロ' 'BSアンテナ' 'CATV' 'CSアンテナ' 'インターネット使用料無料' 'インターネット対応'
 '光ファイバー' '有線放送' '高速インターネット' '24時間換気システム' '2面採光' '3面採光' 'ウォークインクローゼット'
 'エアコン付' 'エレベーター' 'オール電化' 'ガスその他' 'ガス暖房' 'クッションフロア' 'シューズボックス' 'タイル張り'
 'トランクルーム' 'バリアフリー' 'バルコニー' 'フローリング' 'プロパンガス' 'ペアガラス' 'ルーフバルコニー' 'ロフト付き'
 '下水' '二世帯住宅' '二重サッシ' '井戸' '公営水道' '冷房' '出窓' '地下室' '室内洗濯機置場' '室外洗濯機置場'
 '専用庭' '床下収納' '床暖房' '排水その他' '敷地内ごみ置き場' '水道その他' '汲み取り' '洗濯機置場なし' '浄化槽'
 '石油暖房' '都市ガス' '防音室' 'bicycle_parking' 'car_parking' 'bike_parking' 'デパート'
 '公園' '郵便局' 'コインパーキング' '学校' '図書館' '飲食店' '月極駐車場' '銀行' '小学校' 'ドラッグストア'
 'レンタルビデオ' '病院' '総合病院' 'コンビニ' '大学' '幼稚園・保育園' 'スーパー' 'クリーニング' 'structure'
 'fixed_term' 'contract_period_year' 'contract_period_month'
 'contract_period_in_months']
[100]	training's rmse: 0.224823	valid_1's rmse: 0.222445
[200]	training's rmse: 0.146008	valid_1's rmse: 0.145457
[300]	training's rmse: 0.120747	valid_1's rmse: 0.120996
[400]	training's rmse: 0.111007	valid_1's rmse: 0.112033
[500]	training's rmse: 0.106096	valid_1's rmse: 0.107828
[600]	training's rmse: 0.102993	valid_1's rmse: 0.105258
[700]	training's rmse: 0.100708	valid_1's rmse: 0.103419
[800]	training's rmse: 0.0988061	valid_1's rmse: 0.101955
[900]	training's rmse: 0.0971927	valid_1's rmse: 0.100782
[1000]	training's rmse: 0.0958759	valid_1's rmse: 0.0998347
[1100]	training's rmse: 0.0946275	valid_1's rmse: 0.0989249
[1200]	training's rmse: 0.0934452	valid_1's rmse: 0.0981263
[1300]	training's rmse: 0.0923382	valid_1's rmse: 0.0973715
[1400]	training's rmse: 0.0913712	valid_1's rmse: 0.0967021
[1500]	training's rmse: 0.0904618	valid_1's rmse: 0.0961158
[1600]	training's rmse: 0.0896072	valid_1's rmse: 0.0955839
[1700]	training's rmse: 0.0887709	valid_1's rmse: 0.0950267
[1800]	training's rmse: 0.0879817	valid_1's rmse: 0.0945442
[1900]	training's rmse: 0.0872525	valid_1's rmse: 0.0940924
[2000]	training's rmse: 0.0865515	valid_1's rmse: 0.0936683
[2100]	training's rmse: 0.0859136	valid_1's rmse: 0.0932939
[2200]	training's rmse: 0.0853182	valid_1's rmse: 0.0929634
[2300]	training's rmse: 0.0847207	valid_1's rmse: 0.0926422
[2400]	training's rmse: 0.0841048	valid_1's rmse: 0.0923027
[2500]	training's rmse: 0.0835342	valid_1's rmse: 0.0919866
[2600]	training's rmse: 0.0830013	valid_1's rmse: 0.0917014
[2700]	training's rmse: 0.0824185	valid_1's rmse: 0.0914058
[2800]	training's rmse: 0.0819165	valid_1's rmse: 0.0911473
[2900]	training's rmse: 0.081412	valid_1's rmse: 0.0908825
[3000]	training's rmse: 0.0809308	valid_1's rmse: 0.0906254
[3100]	training's rmse: 0.0804498	valid_1's rmse: 0.0903933
[3200]	training's rmse: 0.0799613	valid_1's rmse: 0.09016
[3300]	training's rmse: 0.0794656	valid_1's rmse: 0.0899158
[3400]	training's rmse: 0.0789527	valid_1's rmse: 0.0896561
[3500]	training's rmse: 0.0785151	valid_1's rmse: 0.0894555
[3600]	training's rmse: 0.0780649	valid_1's rmse: 0.0892449
[3700]	training's rmse: 0.0775803	valid_1's rmse: 0.0890223
[3800]	training's rmse: 0.0771302	valid_1's rmse: 0.0888113
[3900]	training's rmse: 0.0767048	valid_1's rmse: 0.0886236
[4000]	training's rmse: 0.0763088	valid_1's rmse: 0.0884608
[4100]	training's rmse: 0.0759091	valid_1's rmse: 0.0882965
[4200]	training's rmse: 0.0754994	valid_1's rmse: 0.0881149
[4300]	training's rmse: 0.0750775	valid_1's rmse: 0.0879573
[4400]	training's rmse: 0.0746922	valid_1's rmse: 0.0877939
[4500]	training's rmse: 0.0743186	valid_1's rmse: 0.0876313
[4600]	training's rmse: 0.0739175	valid_1's rmse: 0.0874698
[4700]	training's rmse: 0.0735244	valid_1's rmse: 0.0873113
[4800]	training's rmse: 0.0731609	valid_1's rmse: 0.0871841
[4900]	training's rmse: 0.0727824	valid_1's rmse: 0.0870428
[5000]	training's rmse: 0.0724113	valid_1's rmse: 0.0869279
[5100]	training's rmse: 0.0720636	valid_1's rmse: 0.0867919
[5200]	training's rmse: 0.0717044	valid_1's rmse: 0.08667
[5300]	training's rmse: 0.0713669	valid_1's rmse: 0.086556
[5400]	training's rmse: 0.0710264	valid_1's rmse: 0.0864357
[5500]	training's rmse: 0.0706948	valid_1's rmse: 0.0863253
[5600]	training's rmse: 0.0703354	valid_1's rmse: 0.0862147
[5700]	training's rmse: 0.0699881	valid_1's rmse: 0.0860975
[5800]	training's rmse: 0.0696766	valid_1's rmse: 0.0860111
[5900]	training's rmse: 0.0693678	valid_1's rmse: 0.085905
[6000]	training's rmse: 0.0690442	valid_1's rmse: 0.0858005
[6100]	training's rmse: 0.0687206	valid_1's rmse: 0.0856812
[6200]	training's rmse: 0.0684058	valid_1's rmse: 0.0855974
[6300]	training's rmse: 0.068072	valid_1's rmse: 0.0854999
[6400]	training's rmse: 0.0677874	valid_1's rmse: 0.0854232
[6500]	training's rmse: 0.0674968	valid_1's rmse: 0.0853439
[6600]	training's rmse: 0.0672178	valid_1's rmse: 0.0852732
[6700]	training's rmse: 0.0669076	valid_1's rmse: 0.085196
[6800]	training's rmse: 0.0665969	valid_1's rmse: 0.0851035
[6900]	training's rmse: 0.0663043	valid_1's rmse: 0.0850234
[7000]	training's rmse: 0.066022	valid_1's rmse: 0.0849527
[7100]	training's rmse: 0.0657334	valid_1's rmse: 0.084878
[7200]	training's rmse: 0.0654586	valid_1's rmse: 0.0847913
[7300]	training's rmse: 0.0651724	valid_1's rmse: 0.0847292
[7400]	training's rmse: 0.064891	valid_1's rmse: 0.0846493
[7500]	training's rmse: 0.064628	valid_1's rmse: 0.0845826
[7600]	training's rmse: 0.0643666	valid_1's rmse: 0.0845317
[7700]	training's rmse: 0.0640928	valid_1's rmse: 0.0844512
[7800]	training's rmse: 0.0638323	valid_1's rmse: 0.0843782
[7900]	training's rmse: 0.0635587	valid_1's rmse: 0.0843016
[8000]	training's rmse: 0.0632974	valid_1's rmse: 0.0842367
[8100]	training's rmse: 0.0630377	valid_1's rmse: 0.0841762
[8200]	training's rmse: 0.062776	valid_1's rmse: 0.0841126
[8300]	training's rmse: 0.0625183	valid_1's rmse: 0.0840503
[8400]	training's rmse: 0.062266	valid_1's rmse: 0.0839992
[8500]	training's rmse: 0.0620144	valid_1's rmse: 0.0839366
[8600]	training's rmse: 0.0617655	valid_1's rmse: 0.083878
[8700]	training's rmse: 0.0615213	valid_1's rmse: 0.083814
[8800]	training's rmse: 0.0612772	valid_1's rmse: 0.0837606
[8900]	training's rmse: 0.0610386	valid_1's rmse: 0.0836957
[9000]	training's rmse: 0.0607998	valid_1's rmse: 0.0836362
[9100]	training's rmse: 0.0605476	valid_1's rmse: 0.0835859
[9200]	training's rmse: 0.0603107	valid_1's rmse: 0.0835386
[9300]	training's rmse: 0.0600738	valid_1's rmse: 0.083489
[9400]	training's rmse: 0.0598343	valid_1's rmse: 0.0834558
[9500]	training's rmse: 0.0596134	valid_1's rmse: 0.0834101
[9600]	training's rmse: 0.0593859	valid_1's rmse: 0.083354
[9700]	training's rmse: 0.059162	valid_1's rmse: 0.0833085
[9800]	training's rmse: 0.0589223	valid_1's rmse: 0.083246
[9900]	training's rmse: 0.0586946	valid_1's rmse: 0.0832055
[10000]	training's rmse: 0.0584696	valid_1's rmse: 0.0831595
[10100]	training's rmse: 0.0582503	valid_1's rmse: 0.0831074
[10200]	training's rmse: 0.0580262	valid_1's rmse: 0.0830662
[10300]	training's rmse: 0.0578125	valid_1's rmse: 0.0830255
[10400]	training's rmse: 0.0575949	valid_1's rmse: 0.0829835
[10500]	training's rmse: 0.0573663	valid_1's rmse: 0.0829331
[10600]	training's rmse: 0.0571535	valid_1's rmse: 0.0828977
[10700]	training's rmse: 0.0569266	valid_1's rmse: 0.082861
[10800]	training's rmse: 0.0567157	valid_1's rmse: 0.0828241
[10900]	training's rmse: 0.0565087	valid_1's rmse: 0.0827944
[11000]	training's rmse: 0.0563082	valid_1's rmse: 0.082754
[11100]	training's rmse: 0.0560914	valid_1's rmse: 0.0827206
[11200]	training's rmse: 0.0558784	valid_1's rmse: 0.0826792
[11300]	training's rmse: 0.055676	valid_1's rmse: 0.082631
[11400]	training's rmse: 0.0554551	valid_1's rmse: 0.0826017
[11500]	training's rmse: 0.0552443	valid_1's rmse: 0.0825559
[11600]	training's rmse: 0.0550369	valid_1's rmse: 0.0825149
[11700]	training's rmse: 0.0548379	valid_1's rmse: 0.0824797
[11800]	training's rmse: 0.0546357	valid_1's rmse: 0.082436
[11900]	training's rmse: 0.0544401	valid_1's rmse: 0.0824145
[12000]	training's rmse: 0.0542634	valid_1's rmse: 0.0823869
[12100]	training's rmse: 0.0540688	valid_1's rmse: 0.0823564
[12200]	training's rmse: 0.0538642	valid_1's rmse: 0.0823243
[12300]	training's rmse: 0.0536779	valid_1's rmse: 0.082291
[12400]	training's rmse: 0.0534948	valid_1's rmse: 0.0822567
[12500]	training's rmse: 0.0533031	valid_1's rmse: 0.0822232
[12600]	training's rmse: 0.0531121	valid_1's rmse: 0.0821975
[12700]	training's rmse: 0.052926	valid_1's rmse: 0.0821652
[12800]	training's rmse: 0.0527432	valid_1's rmse: 0.0821361
[12900]	training's rmse: 0.0525618	valid_1's rmse: 0.0821096
[13000]	training's rmse: 0.052381	valid_1's rmse: 0.0820837
[13100]	training's rmse: 0.0521933	valid_1's rmse: 0.0820603
[13200]	training's rmse: 0.0520157	valid_1's rmse: 0.0820306
[13300]	training's rmse: 0.0518212	valid_1's rmse: 0.0820086
[13400]	training's rmse: 0.0516327	valid_1's rmse: 0.0819725
[13500]	training's rmse: 0.05145	valid_1's rmse: 0.0819381
[13600]	training's rmse: 0.0512684	valid_1's rmse: 0.0819128
[13700]	training's rmse: 0.0511081	valid_1's rmse: 0.0818833
[13800]	training's rmse: 0.0509324	valid_1's rmse: 0.0818651
[13900]	training's rmse: 0.0507407	valid_1's rmse: 0.0818489
[14000]	training's rmse: 0.050574	valid_1's rmse: 0.0818268
[14100]	training's rmse: 0.0503966	valid_1's rmse: 0.0818004
[14200]	training's rmse: 0.0502236	valid_1's rmse: 0.08177
[14300]	training's rmse: 0.0500516	valid_1's rmse: 0.0817424
[14400]	training's rmse: 0.0498788	valid_1's rmse: 0.0817177
[14500]	training's rmse: 0.0497126	valid_1's rmse: 0.0816899
[14600]	training's rmse: 0.0495276	valid_1's rmse: 0.0816669
[14700]	training's rmse: 0.0493626	valid_1's rmse: 0.0816469
[14800]	training's rmse: 0.0491896	valid_1's rmse: 0.0816362
[14900]	training's rmse: 0.0490129	valid_1's rmse: 0.0816202
[15000]	training's rmse: 0.04884	valid_1's rmse: 0.0815994
[15100]	training's rmse: 0.048663	valid_1's rmse: 0.08158
[15200]	training's rmse: 0.0485017	valid_1's rmse: 0.0815471
[15300]	training's rmse: 0.0483355	valid_1's rmse: 0.0815294
[15400]	training's rmse: 0.0481756	valid_1's rmse: 0.0815176
[15500]	training's rmse: 0.0480123	valid_1's rmse: 0.0814925
[15600]	training's rmse: 0.0478481	valid_1's rmse: 0.0814652
[15700]	training's rmse: 0.0476978	valid_1's rmse: 0.081447
[15800]	training's rmse: 0.0475413	valid_1's rmse: 0.081437
[15900]	training's rmse: 0.0473839	valid_1's rmse: 0.081415
[16000]	training's rmse: 0.047226	valid_1's rmse: 0.0813884
[16100]	training's rmse: 0.0470695	valid_1's rmse: 0.0813715
[16200]	training's rmse: 0.0469031	valid_1's rmse: 0.0813557
[16300]	training's rmse: 0.0467431	valid_1's rmse: 0.0813312
[16400]	training's rmse: 0.0465889	valid_1's rmse: 0.0813091
[16500]	training's rmse: 0.046428	valid_1's rmse: 0.0812883
[16600]	training's rmse: 0.0462706	valid_1's rmse: 0.081269
[16700]	training's rmse: 0.0461313	valid_1's rmse: 0.0812438
[16800]	training's rmse: 0.0459737	valid_1's rmse: 0.0812296
[16900]	training's rmse: 0.0458229	valid_1's rmse: 0.0812013
[17000]	training's rmse: 0.0456774	valid_1's rmse: 0.0811849
[17100]	training's rmse: 0.0455363	valid_1's rmse: 0.0811721
[17200]	training's rmse: 0.0453835	valid_1's rmse: 0.0811545
[17300]	training's rmse: 0.0452371	valid_1's rmse: 0.0811323
[17400]	training's rmse: 0.0450924	valid_1's rmse: 0.0811161
[17500]	training's rmse: 0.0449541	valid_1's rmse: 0.0811148
[17600]	training's rmse: 0.0448061	valid_1's rmse: 0.0810935
[17700]	training's rmse: 0.0446672	valid_1's rmse: 0.0810831
[17800]	training's rmse: 0.044527	valid_1's rmse: 0.0810736
[17900]	training's rmse: 0.0443849	valid_1's rmse: 0.0810573
[18000]	training's rmse: 0.0442469	valid_1's rmse: 0.0810423
[18100]	training's rmse: 0.0440957	valid_1's rmse: 0.0810302
[18200]	training's rmse: 0.0439569	valid_1's rmse: 0.0810238
[18300]	training's rmse: 0.0438135	valid_1's rmse: 0.0810097
[18400]	training's rmse: 0.0436715	valid_1's rmse: 0.0809987
[18500]	training's rmse: 0.0435308	valid_1's rmse: 0.0809931
[18600]	training's rmse: 0.0434044	valid_1's rmse: 0.0809711
[18700]	training's rmse: 0.0432628	valid_1's rmse: 0.0809518
[18800]	training's rmse: 0.0431299	valid_1's rmse: 0.0809332
[18900]	training's rmse: 0.0429949	valid_1's rmse: 0.0809205
[19000]	training's rmse: 0.0428609	valid_1's rmse: 0.0809092
[19100]	training's rmse: 0.0427252	valid_1's rmse: 0.0808934
[19200]	training's rmse: 0.0426008	valid_1's rmse: 0.0808744
[19300]	training's rmse: 0.0424689	valid_1's rmse: 0.0808728
[19400]	training's rmse: 0.0423388	valid_1's rmse: 0.0808655
[19500]	training's rmse: 0.0422151	valid_1's rmse: 0.0808568
[19600]	training's rmse: 0.0420797	valid_1's rmse: 0.0808396
[19700]	training's rmse: 0.0419535	valid_1's rmse: 0.0808216
[19800]	training's rmse: 0.0418179	valid_1's rmse: 0.0808071
[19900]	training's rmse: 0.0416925	valid_1's rmse: 0.0807985
[20000]	training's rmse: 0.0415707	valid_1's rmse: 0.0807828
[20100]	training's rmse: 0.0414444	valid_1's rmse: 0.0807675
##### feature importance #####
                        importance
feature                           
area                  57743.817583
is_L                  31488.060882
district              29414.435674
layout                20691.628899
age_in_months          8301.793939
洗面台独立                  5907.411411
structure              4700.002035
システムキッチン               3795.385194
building_floor         3246.320755
area_per_room          2729.597968
エレベーター                 2724.659904
age_year               2537.731776
num_room_is_L          1860.818152
浴室乾燥機                  1347.782546
min_to_nearest_sta     1246.915678
room_floor             1194.135744
温水洗浄便座                  702.431568
バス・トイレ別                 685.039341
床暖房                     604.932635
スーパー                    437.945638
コンビニ                    423.010087
num_room                407.250212
direction               377.065176
floor_ratio             366.758126
age_month               300.127281
追焚機能                    212.055749
室内洗濯機置場                 147.906971
山手線                     139.928212
ウォークインクローゼット            130.702184
fixed_term              123.549531
脱衣所                     123.145011
日暮里舎人ライナー               119.689196
銀座線                     116.474586
ドラッグストア                 114.215610
北千住駅                    111.183630
シャワー                    107.494626
三軒茶屋駅                   107.255792
コンロ3口                   105.934440
京王新線                    105.052780
恵比寿駅                    102.574453
contract_period_year     96.497321
西武新宿線                    95.724224
バルコニー                    94.376091
総武線                      93.392235
病院                       91.390340
bicycle_parking          88.595028
東急東横線                    84.579824
BSアンテナ                   83.631905
car_parking              82.148757
CATV                     77.198095
[100]	training's rmse: 0.2235	valid_1's rmse: 0.229822
[200]	training's rmse: 0.144763	valid_1's rmse: 0.152375
[300]	training's rmse: 0.119368	valid_1's rmse: 0.128007
[400]	training's rmse: 0.109617	valid_1's rmse: 0.119146
[500]	training's rmse: 0.104772	valid_1's rmse: 0.11483
[600]	training's rmse: 0.101563	valid_1's rmse: 0.112056
[700]	training's rmse: 0.0992511	valid_1's rmse: 0.110155
[800]	training's rmse: 0.0974018	valid_1's rmse: 0.108666
[900]	training's rmse: 0.0957888	valid_1's rmse: 0.1074
[1000]	training's rmse: 0.0943923	valid_1's rmse: 0.106369
[1100]	training's rmse: 0.0931759	valid_1's rmse: 0.105469
[1200]	training's rmse: 0.0919942	valid_1's rmse: 0.104574
[1300]	training's rmse: 0.0909241	valid_1's rmse: 0.103812
[1400]	training's rmse: 0.0899422	valid_1's rmse: 0.103106
[1500]	training's rmse: 0.0890539	valid_1's rmse: 0.102468
[1600]	training's rmse: 0.0882252	valid_1's rmse: 0.101903
[1700]	training's rmse: 0.0874268	valid_1's rmse: 0.101325
[1800]	training's rmse: 0.08673	valid_1's rmse: 0.10084
[1900]	training's rmse: 0.0860686	valid_1's rmse: 0.100396
[2000]	training's rmse: 0.0854092	valid_1's rmse: 0.099958
[2100]	training's rmse: 0.0847839	valid_1's rmse: 0.0995495
[2200]	training's rmse: 0.084177	valid_1's rmse: 0.0991781
[2300]	training's rmse: 0.0836165	valid_1's rmse: 0.0988272
[2400]	training's rmse: 0.0830222	valid_1's rmse: 0.0984795
[2500]	training's rmse: 0.0824685	valid_1's rmse: 0.098138
[2600]	training's rmse: 0.0818797	valid_1's rmse: 0.0978127
[2700]	training's rmse: 0.0813607	valid_1's rmse: 0.0975209
[2800]	training's rmse: 0.0808298	valid_1's rmse: 0.0972222
[2900]	training's rmse: 0.080302	valid_1's rmse: 0.0969298
[3000]	training's rmse: 0.0798197	valid_1's rmse: 0.0966915
[3100]	training's rmse: 0.0793396	valid_1's rmse: 0.0964488
[3200]	training's rmse: 0.0788008	valid_1's rmse: 0.0961383
[3300]	training's rmse: 0.0783635	valid_1's rmse: 0.0959093
[3400]	training's rmse: 0.0779014	valid_1's rmse: 0.0956663
[3500]	training's rmse: 0.0774424	valid_1's rmse: 0.0954176
[3600]	training's rmse: 0.0770265	valid_1's rmse: 0.0952096
[3700]	training's rmse: 0.0765352	valid_1's rmse: 0.0949516
[3800]	training's rmse: 0.0761086	valid_1's rmse: 0.0947324
[3900]	training's rmse: 0.0756745	valid_1's rmse: 0.0945102
[4000]	training's rmse: 0.0752499	valid_1's rmse: 0.0942937
[4100]	training's rmse: 0.074841	valid_1's rmse: 0.0941139
[4200]	training's rmse: 0.07445	valid_1's rmse: 0.0939133
[4300]	training's rmse: 0.0740517	valid_1's rmse: 0.0937564
[4400]	training's rmse: 0.0736483	valid_1's rmse: 0.0935936
[4500]	training's rmse: 0.0732838	valid_1's rmse: 0.093418
[4600]	training's rmse: 0.0729182	valid_1's rmse: 0.0932842
[4700]	training's rmse: 0.072554	valid_1's rmse: 0.0931377
[4800]	training's rmse: 0.0721868	valid_1's rmse: 0.0929759
[4900]	training's rmse: 0.0718218	valid_1's rmse: 0.0928409
[5000]	training's rmse: 0.0714754	valid_1's rmse: 0.0927002
[5100]	training's rmse: 0.0711124	valid_1's rmse: 0.092569
[5200]	training's rmse: 0.0707835	valid_1's rmse: 0.0924202
[5300]	training's rmse: 0.0704371	valid_1's rmse: 0.0922837
[5400]	training's rmse: 0.0701061	valid_1's rmse: 0.0921768
[5500]	training's rmse: 0.0697669	valid_1's rmse: 0.0920452
[5600]	training's rmse: 0.069415	valid_1's rmse: 0.0919416
[5700]	training's rmse: 0.0690879	valid_1's rmse: 0.091813
[5800]	training's rmse: 0.0687516	valid_1's rmse: 0.0916945
[5900]	training's rmse: 0.0684296	valid_1's rmse: 0.0916007
[6000]	training's rmse: 0.0681069	valid_1's rmse: 0.0914788
[6100]	training's rmse: 0.0677907	valid_1's rmse: 0.0913717
[6200]	training's rmse: 0.0675087	valid_1's rmse: 0.0912784
[6300]	training's rmse: 0.0671938	valid_1's rmse: 0.091185
[6400]	training's rmse: 0.0668711	valid_1's rmse: 0.0910687
[6500]	training's rmse: 0.0665785	valid_1's rmse: 0.0909817
[6600]	training's rmse: 0.0662856	valid_1's rmse: 0.0908826
[6700]	training's rmse: 0.0660079	valid_1's rmse: 0.0907987
[6800]	training's rmse: 0.0657143	valid_1's rmse: 0.0906921
[6900]	training's rmse: 0.0654321	valid_1's rmse: 0.090621
[7000]	training's rmse: 0.0651511	valid_1's rmse: 0.0905381
[7100]	training's rmse: 0.064855	valid_1's rmse: 0.0904653
[7200]	training's rmse: 0.0645762	valid_1's rmse: 0.0903872
[7300]	training's rmse: 0.06428	valid_1's rmse: 0.0902894
[7400]	training's rmse: 0.0640247	valid_1's rmse: 0.0902164
[7500]	training's rmse: 0.0637579	valid_1's rmse: 0.0901448
[7600]	training's rmse: 0.0635007	valid_1's rmse: 0.0900603
[7700]	training's rmse: 0.0632242	valid_1's rmse: 0.0899882
[7800]	training's rmse: 0.0629654	valid_1's rmse: 0.0899161
[7900]	training's rmse: 0.0627022	valid_1's rmse: 0.0898379
[8000]	training's rmse: 0.0624561	valid_1's rmse: 0.0897742
[8100]	training's rmse: 0.0621869	valid_1's rmse: 0.0897069
[8200]	training's rmse: 0.0619339	valid_1's rmse: 0.0896545
[8300]	training's rmse: 0.0616883	valid_1's rmse: 0.0895936
[8400]	training's rmse: 0.0614535	valid_1's rmse: 0.0895334
[8500]	training's rmse: 0.0612084	valid_1's rmse: 0.089468
[8600]	training's rmse: 0.06097	valid_1's rmse: 0.0893977
[8700]	training's rmse: 0.0607318	valid_1's rmse: 0.0893312
[8800]	training's rmse: 0.0604878	valid_1's rmse: 0.0892637
[8900]	training's rmse: 0.0602519	valid_1's rmse: 0.0892075
[9000]	training's rmse: 0.0600062	valid_1's rmse: 0.0891486
[9100]	training's rmse: 0.0597744	valid_1's rmse: 0.0890934
[9200]	training's rmse: 0.0595463	valid_1's rmse: 0.0890461
[9300]	training's rmse: 0.059319	valid_1's rmse: 0.0889918
[9400]	training's rmse: 0.0590834	valid_1's rmse: 0.0889352
[9500]	training's rmse: 0.058853	valid_1's rmse: 0.0888965
[9600]	training's rmse: 0.0586215	valid_1's rmse: 0.0888397
[9700]	training's rmse: 0.0583954	valid_1's rmse: 0.0887956
[9800]	training's rmse: 0.0581743	valid_1's rmse: 0.0887411
[9900]	training's rmse: 0.0579294	valid_1's rmse: 0.0886789
[10000]	training's rmse: 0.0577186	valid_1's rmse: 0.088625
[10100]	training's rmse: 0.0574989	valid_1's rmse: 0.0885824
[10200]	training's rmse: 0.0572765	valid_1's rmse: 0.08854
[10300]	training's rmse: 0.0570587	valid_1's rmse: 0.0884915
[10400]	training's rmse: 0.0568401	valid_1's rmse: 0.0884426
[10500]	training's rmse: 0.0566096	valid_1's rmse: 0.0883948
[10600]	training's rmse: 0.0563961	valid_1's rmse: 0.0883672
[10700]	training's rmse: 0.0561894	valid_1's rmse: 0.0883275
[10800]	training's rmse: 0.0559845	valid_1's rmse: 0.0882974
[10900]	training's rmse: 0.0557786	valid_1's rmse: 0.0882527
[11000]	training's rmse: 0.0555721	valid_1's rmse: 0.0882084
[11100]	training's rmse: 0.0553671	valid_1's rmse: 0.0881743
[11200]	training's rmse: 0.055166	valid_1's rmse: 0.0881303
[11300]	training's rmse: 0.0549582	valid_1's rmse: 0.0880995
[11400]	training's rmse: 0.0547632	valid_1's rmse: 0.0880618
[11500]	training's rmse: 0.0545492	valid_1's rmse: 0.0880263
[11600]	training's rmse: 0.0543501	valid_1's rmse: 0.0879827
[11700]	training's rmse: 0.0541491	valid_1's rmse: 0.0879502
[11800]	training's rmse: 0.0539462	valid_1's rmse: 0.0879182
[11900]	training's rmse: 0.053735	valid_1's rmse: 0.0878844
[12000]	training's rmse: 0.053543	valid_1's rmse: 0.0878536
[12100]	training's rmse: 0.05336	valid_1's rmse: 0.0878217
[12200]	training's rmse: 0.0531671	valid_1's rmse: 0.0877942
[12300]	training's rmse: 0.0529872	valid_1's rmse: 0.0877681
[12400]	training's rmse: 0.0527992	valid_1's rmse: 0.0877327
[12500]	training's rmse: 0.0526034	valid_1's rmse: 0.0876921
[12600]	training's rmse: 0.0524164	valid_1's rmse: 0.0876601
[12700]	training's rmse: 0.0522245	valid_1's rmse: 0.0876239
[12800]	training's rmse: 0.0520432	valid_1's rmse: 0.0875938
[12900]	training's rmse: 0.0518723	valid_1's rmse: 0.0875768
[13000]	training's rmse: 0.0516884	valid_1's rmse: 0.0875425
[13100]	training's rmse: 0.0514912	valid_1's rmse: 0.087508
[13200]	training's rmse: 0.0513229	valid_1's rmse: 0.0874962
[13300]	training's rmse: 0.0511554	valid_1's rmse: 0.0874692
[13400]	training's rmse: 0.0509743	valid_1's rmse: 0.0874343
[13500]	training's rmse: 0.0507975	valid_1's rmse: 0.0874073
[13600]	training's rmse: 0.0506272	valid_1's rmse: 0.0873807
[13700]	training's rmse: 0.0504511	valid_1's rmse: 0.0873563
[13800]	training's rmse: 0.0502705	valid_1's rmse: 0.0873255
[13900]	training's rmse: 0.0501005	valid_1's rmse: 0.0872999
[14000]	training's rmse: 0.0499253	valid_1's rmse: 0.0872744
[14100]	training's rmse: 0.0497665	valid_1's rmse: 0.0872618
[14200]	training's rmse: 0.0496	valid_1's rmse: 0.0872446
[14300]	training's rmse: 0.0494259	valid_1's rmse: 0.0872334
[14400]	training's rmse: 0.0492541	valid_1's rmse: 0.0872005
[14500]	training's rmse: 0.0490979	valid_1's rmse: 0.087186
[14600]	training's rmse: 0.0489406	valid_1's rmse: 0.0871647
[14700]	training's rmse: 0.0487762	valid_1's rmse: 0.0871371
[14800]	training's rmse: 0.0486138	valid_1's rmse: 0.0871065
[14900]	training's rmse: 0.0484453	valid_1's rmse: 0.087087
[15000]	training's rmse: 0.0482752	valid_1's rmse: 0.0870628
[15100]	training's rmse: 0.048114	valid_1's rmse: 0.0870438
[15200]	training's rmse: 0.0479516	valid_1's rmse: 0.0870309
[15300]	training's rmse: 0.0477809	valid_1's rmse: 0.0870078
[15400]	training's rmse: 0.0476117	valid_1's rmse: 0.0869865
[15500]	training's rmse: 0.0474562	valid_1's rmse: 0.0869715
[15600]	training's rmse: 0.0472952	valid_1's rmse: 0.0869496
[15700]	training's rmse: 0.0471443	valid_1's rmse: 0.0869262
[15800]	training's rmse: 0.0469836	valid_1's rmse: 0.0869053
[15900]	training's rmse: 0.0468258	valid_1's rmse: 0.0868922
[16000]	training's rmse: 0.0466669	valid_1's rmse: 0.0868685
[16100]	training's rmse: 0.0465123	valid_1's rmse: 0.0868549
[16200]	training's rmse: 0.0463717	valid_1's rmse: 0.0868389
[16300]	training's rmse: 0.0462165	valid_1's rmse: 0.0868166
[16400]	training's rmse: 0.0460682	valid_1's rmse: 0.086797
[16500]	training's rmse: 0.0459152	valid_1's rmse: 0.086774
[16600]	training's rmse: 0.0457638	valid_1's rmse: 0.0867505
[16700]	training's rmse: 0.0456178	valid_1's rmse: 0.0867244
[16800]	training's rmse: 0.0454729	valid_1's rmse: 0.0867093
[16900]	training's rmse: 0.0453351	valid_1's rmse: 0.0866904
[17000]	training's rmse: 0.045193	valid_1's rmse: 0.0866661
[17100]	training's rmse: 0.0450492	valid_1's rmse: 0.0866513
[17200]	training's rmse: 0.0449009	valid_1's rmse: 0.0866443
[17300]	training's rmse: 0.0447587	valid_1's rmse: 0.0866321
[17400]	training's rmse: 0.0446134	valid_1's rmse: 0.0866219
[17500]	training's rmse: 0.0444733	valid_1's rmse: 0.0866075
[17600]	training's rmse: 0.0443258	valid_1's rmse: 0.0865932
[17700]	training's rmse: 0.0441861	valid_1's rmse: 0.0865763
[17800]	training's rmse: 0.0440487	valid_1's rmse: 0.0865667
[17900]	training's rmse: 0.0439019	valid_1's rmse: 0.0865428
[18000]	training's rmse: 0.0437732	valid_1's rmse: 0.0865383
[18100]	training's rmse: 0.0436349	valid_1's rmse: 0.086513
[18200]	training's rmse: 0.0434997	valid_1's rmse: 0.0864941
[18300]	training's rmse: 0.0433521	valid_1's rmse: 0.0864773
[18400]	training's rmse: 0.0432166	valid_1's rmse: 0.0864712
[18500]	training's rmse: 0.0430777	valid_1's rmse: 0.0864516
[18600]	training's rmse: 0.0429466	valid_1's rmse: 0.0864447
[18700]	training's rmse: 0.0428111	valid_1's rmse: 0.086435
[18800]	training's rmse: 0.0426739	valid_1's rmse: 0.0864213
[18900]	training's rmse: 0.042544	valid_1's rmse: 0.0864118
[19000]	training's rmse: 0.0424118	valid_1's rmse: 0.0863969
[19100]	training's rmse: 0.0422814	valid_1's rmse: 0.0863866
[19200]	training's rmse: 0.0421502	valid_1's rmse: 0.0863811
[19300]	training's rmse: 0.042011	valid_1's rmse: 0.0863705
[19400]	training's rmse: 0.0418712	valid_1's rmse: 0.0863613
[19500]	training's rmse: 0.0417378	valid_1's rmse: 0.0863501
[19600]	training's rmse: 0.0416085	valid_1's rmse: 0.086331
[19700]	training's rmse: 0.0414864	valid_1's rmse: 0.08632
[19800]	training's rmse: 0.0413601	valid_1's rmse: 0.0863087
[19900]	training's rmse: 0.0412378	valid_1's rmse: 0.0862993
[20000]	training's rmse: 0.0411041	valid_1's rmse: 0.0862818
[20100]	training's rmse: 0.0409763	valid_1's rmse: 0.0862745
[20200]	training's rmse: 0.0408425	valid_1's rmse: 0.0862656
[20300]	training's rmse: 0.0407234	valid_1's rmse: 0.0862581
[20400]	training's rmse: 0.0405954	valid_1's rmse: 0.086245
[20500]	training's rmse: 0.0404665	valid_1's rmse: 0.0862327
[20600]	training's rmse: 0.0403387	valid_1's rmse: 0.0862145
[20700]	training's rmse: 0.0402107	valid_1's rmse: 0.0861931
[20800]	training's rmse: 0.040086	valid_1's rmse: 0.0861878
[20900]	training's rmse: 0.0399621	valid_1's rmse: 0.0861728
[21000]	training's rmse: 0.0398397	valid_1's rmse: 0.0861684
[21100]	training's rmse: 0.0397172	valid_1's rmse: 0.0861541
[21200]	training's rmse: 0.0395936	valid_1's rmse: 0.0861435
[21300]	training's rmse: 0.0394641	valid_1's rmse: 0.0861288
[21400]	training's rmse: 0.039344	valid_1's rmse: 0.0861285
##### feature importance #####
                      importance
feature                         
area                58209.848404
layout              29328.296072
district            28829.653832
is_L                21355.133026
age_in_months        8281.562056
洗面台独立                5769.937813
structure            4626.340677
システムキッチン             3586.864428
building_floor       3333.297001
area_per_room        2871.216111
age_year             2379.447205
エレベーター               2332.845750
num_room_is_L        2249.723234
浴室乾燥機                1524.172039
room_floor           1239.286042
min_to_nearest_sta   1234.093874
温水洗浄便座                790.013726
バス・トイレ別               725.714535
床暖房                   558.706261
スーパー                  440.119973
コンビニ                  413.936744
num_room              410.495626
direction             383.637995
floor_ratio           372.692630
age_month             286.038640
追焚機能                  183.945609
山手線                   146.261295
室内洗濯機置場               125.715423
脱衣所                   125.363711
ドラッグストア               114.716382
コンロ3口                 113.737850
日暮里舎人ライナー             109.363436
fixed_term            109.283556
ウォークインクローゼット          105.024613
銀座線                   104.402487
京王新線                  103.506892
北千住駅                  102.363841
西武新宿線                 101.012700
恵比寿駅                   98.682897
バルコニー                  97.836681
シャワー                   91.987280
京王線                    91.119115
bicycle_parking        89.400350
BSアンテナ                 87.973329
東急東横線                  84.831953
三軒茶屋駅                  84.485013
総武線                    81.960699
car_parking            80.103441
病院                     79.418925
CATV                   77.030927
[100]	training's rmse: 0.224093	valid_1's rmse: 0.227933
[200]	training's rmse: 0.145528	valid_1's rmse: 0.149702
[300]	training's rmse: 0.12055	valid_1's rmse: 0.124824
[400]	training's rmse: 0.110978	valid_1's rmse: 0.115388
[500]	training's rmse: 0.10598	valid_1's rmse: 0.110603
[600]	training's rmse: 0.102915	valid_1's rmse: 0.107849
[700]	training's rmse: 0.100606	valid_1's rmse: 0.10583
[800]	training's rmse: 0.0988005	valid_1's rmse: 0.104258
[900]	training's rmse: 0.0971877	valid_1's rmse: 0.102941
[1000]	training's rmse: 0.095739	valid_1's rmse: 0.101755
[1100]	training's rmse: 0.094489	valid_1's rmse: 0.100772
[1200]	training's rmse: 0.0932684	valid_1's rmse: 0.0998401
[1300]	training's rmse: 0.0922221	valid_1's rmse: 0.0990911
[1400]	training's rmse: 0.0911918	valid_1's rmse: 0.0983605
[1500]	training's rmse: 0.0902882	valid_1's rmse: 0.0977401
[1600]	training's rmse: 0.0894057	valid_1's rmse: 0.0971558
[1700]	training's rmse: 0.0886246	valid_1's rmse: 0.0966243
[1800]	training's rmse: 0.0878478	valid_1's rmse: 0.0961598
[1900]	training's rmse: 0.0871664	valid_1's rmse: 0.0957044
[2000]	training's rmse: 0.0864822	valid_1's rmse: 0.0952779
[2100]	training's rmse: 0.0858169	valid_1's rmse: 0.0949171
[2200]	training's rmse: 0.0851943	valid_1's rmse: 0.0945824
[2300]	training's rmse: 0.0845557	valid_1's rmse: 0.0942121
[2400]	training's rmse: 0.0839678	valid_1's rmse: 0.0938805
[2500]	training's rmse: 0.0833791	valid_1's rmse: 0.09358
[2600]	training's rmse: 0.0827865	valid_1's rmse: 0.0932773
[2700]	training's rmse: 0.0822521	valid_1's rmse: 0.0929949
[2800]	training's rmse: 0.081698	valid_1's rmse: 0.0927172
[2900]	training's rmse: 0.0810842	valid_1's rmse: 0.0924149
[3000]	training's rmse: 0.0806051	valid_1's rmse: 0.0921754
[3100]	training's rmse: 0.0801203	valid_1's rmse: 0.0919472
[3200]	training's rmse: 0.0796215	valid_1's rmse: 0.0917101
[3300]	training's rmse: 0.079161	valid_1's rmse: 0.0914954
[3400]	training's rmse: 0.0786993	valid_1's rmse: 0.0912651
[3500]	training's rmse: 0.0782687	valid_1's rmse: 0.0910774
[3600]	training's rmse: 0.077795	valid_1's rmse: 0.0908726
[3700]	training's rmse: 0.0773568	valid_1's rmse: 0.0906839
[3800]	training's rmse: 0.0769058	valid_1's rmse: 0.0905069
[3900]	training's rmse: 0.0764747	valid_1's rmse: 0.0903187
[4000]	training's rmse: 0.0760573	valid_1's rmse: 0.090173
[4100]	training's rmse: 0.0756313	valid_1's rmse: 0.0899958
[4200]	training's rmse: 0.0752213	valid_1's rmse: 0.0898503
[4300]	training's rmse: 0.0748407	valid_1's rmse: 0.0896969
[4400]	training's rmse: 0.0744682	valid_1's rmse: 0.0895536
[4500]	training's rmse: 0.0740738	valid_1's rmse: 0.0894226
[4600]	training's rmse: 0.0736951	valid_1's rmse: 0.0892893
[4700]	training's rmse: 0.0733589	valid_1's rmse: 0.0891647
[4800]	training's rmse: 0.0729532	valid_1's rmse: 0.0890116
[4900]	training's rmse: 0.0725879	valid_1's rmse: 0.0889056
[5000]	training's rmse: 0.0722329	valid_1's rmse: 0.0887852
[5100]	training's rmse: 0.0718591	valid_1's rmse: 0.0886761
[5200]	training's rmse: 0.0715075	valid_1's rmse: 0.0885764
[5300]	training's rmse: 0.0711663	valid_1's rmse: 0.0884545
[5400]	training's rmse: 0.0708293	valid_1's rmse: 0.0883492
[5500]	training's rmse: 0.070495	valid_1's rmse: 0.0882415
[5600]	training's rmse: 0.0701684	valid_1's rmse: 0.088131
[5700]	training's rmse: 0.0698446	valid_1's rmse: 0.0880313
[5800]	training's rmse: 0.0695292	valid_1's rmse: 0.0879247
[5900]	training's rmse: 0.0692011	valid_1's rmse: 0.0878371
[6000]	training's rmse: 0.068891	valid_1's rmse: 0.0877596
[6100]	training's rmse: 0.0685696	valid_1's rmse: 0.0876637
[6200]	training's rmse: 0.0682591	valid_1's rmse: 0.0875668
[6300]	training's rmse: 0.0679675	valid_1's rmse: 0.0874915
[6400]	training's rmse: 0.0676664	valid_1's rmse: 0.087408
[6500]	training's rmse: 0.0673637	valid_1's rmse: 0.0873328
[6600]	training's rmse: 0.0670663	valid_1's rmse: 0.0872343
[6700]	training's rmse: 0.0667778	valid_1's rmse: 0.0871554
[6800]	training's rmse: 0.0664656	valid_1's rmse: 0.087099
[6900]	training's rmse: 0.0661538	valid_1's rmse: 0.0870076
[7000]	training's rmse: 0.0658784	valid_1's rmse: 0.0869393
[7100]	training's rmse: 0.0655915	valid_1's rmse: 0.08686
[7200]	training's rmse: 0.0653171	valid_1's rmse: 0.0867768
[7300]	training's rmse: 0.0650675	valid_1's rmse: 0.0867173
[7400]	training's rmse: 0.0647889	valid_1's rmse: 0.0866574
[7500]	training's rmse: 0.0644983	valid_1's rmse: 0.0865838
[7600]	training's rmse: 0.0642105	valid_1's rmse: 0.0865094
[7700]	training's rmse: 0.063959	valid_1's rmse: 0.0864505
[7800]	training's rmse: 0.0636918	valid_1's rmse: 0.0863888
[7900]	training's rmse: 0.0634277	valid_1's rmse: 0.0863141
[8000]	training's rmse: 0.063144	valid_1's rmse: 0.0862378
[8100]	training's rmse: 0.0628749	valid_1's rmse: 0.0861663
[8200]	training's rmse: 0.0626144	valid_1's rmse: 0.0861018
[8300]	training's rmse: 0.0623402	valid_1's rmse: 0.0860336
[8400]	training's rmse: 0.0621054	valid_1's rmse: 0.0859819
[8500]	training's rmse: 0.061817	valid_1's rmse: 0.0859273
[8600]	training's rmse: 0.061558	valid_1's rmse: 0.0858662
[8700]	training's rmse: 0.0613124	valid_1's rmse: 0.0858062
[8800]	training's rmse: 0.0610543	valid_1's rmse: 0.085755
[8900]	training's rmse: 0.0607935	valid_1's rmse: 0.0857252
[9000]	training's rmse: 0.0605832	valid_1's rmse: 0.0856697
[9100]	training's rmse: 0.0603137	valid_1's rmse: 0.0855984
[9200]	training's rmse: 0.0600857	valid_1's rmse: 0.0855553
[9300]	training's rmse: 0.0598499	valid_1's rmse: 0.0854992
[9400]	training's rmse: 0.0596045	valid_1's rmse: 0.0854541
[9500]	training's rmse: 0.0593721	valid_1's rmse: 0.0853956
[9600]	training's rmse: 0.0591444	valid_1's rmse: 0.0853613
[9700]	training's rmse: 0.0589169	valid_1's rmse: 0.0853241
[9800]	training's rmse: 0.0586762	valid_1's rmse: 0.0852822
[9900]	training's rmse: 0.0584482	valid_1's rmse: 0.0852332
[10000]	training's rmse: 0.0582307	valid_1's rmse: 0.0851852
[10100]	training's rmse: 0.0580094	valid_1's rmse: 0.0851387
[10200]	training's rmse: 0.057772	valid_1's rmse: 0.085118
[10300]	training's rmse: 0.0575605	valid_1's rmse: 0.0850763
[10400]	training's rmse: 0.0573517	valid_1's rmse: 0.0850442
[10500]	training's rmse: 0.0571323	valid_1's rmse: 0.0849966
[10600]	training's rmse: 0.0569186	valid_1's rmse: 0.0849484
[10700]	training's rmse: 0.0567022	valid_1's rmse: 0.0848984
[10800]	training's rmse: 0.0564946	valid_1's rmse: 0.0848665
[10900]	training's rmse: 0.0562868	valid_1's rmse: 0.0848367
[11000]	training's rmse: 0.0560818	valid_1's rmse: 0.0848047
[11100]	training's rmse: 0.0558702	valid_1's rmse: 0.0847703
[11200]	training's rmse: 0.0556622	valid_1's rmse: 0.0847376
[11300]	training's rmse: 0.0554552	valid_1's rmse: 0.0846922
[11400]	training's rmse: 0.0552424	valid_1's rmse: 0.0846454
[11500]	training's rmse: 0.0550338	valid_1's rmse: 0.0846117
[11600]	training's rmse: 0.0548347	valid_1's rmse: 0.0845732
[11700]	training's rmse: 0.054633	valid_1's rmse: 0.0845333
[11800]	training's rmse: 0.054425	valid_1's rmse: 0.0845098
[11900]	training's rmse: 0.0542289	valid_1's rmse: 0.0844871
[12000]	training's rmse: 0.0540386	valid_1's rmse: 0.0844504
[12100]	training's rmse: 0.0538492	valid_1's rmse: 0.0844035
[12200]	training's rmse: 0.0536546	valid_1's rmse: 0.0843762
[12300]	training's rmse: 0.0534669	valid_1's rmse: 0.0843513
[12400]	training's rmse: 0.0532819	valid_1's rmse: 0.0843272
[12500]	training's rmse: 0.0530899	valid_1's rmse: 0.0843011
[12600]	training's rmse: 0.0528957	valid_1's rmse: 0.0842805
[12700]	training's rmse: 0.0527199	valid_1's rmse: 0.0842522
[12800]	training's rmse: 0.0525345	valid_1's rmse: 0.0842299
[12900]	training's rmse: 0.0523393	valid_1's rmse: 0.0841971
[13000]	training's rmse: 0.0521442	valid_1's rmse: 0.0841687
[13100]	training's rmse: 0.0519677	valid_1's rmse: 0.0841546
[13200]	training's rmse: 0.0517837	valid_1's rmse: 0.084126
[13300]	training's rmse: 0.0516051	valid_1's rmse: 0.0841017
[13400]	training's rmse: 0.0514328	valid_1's rmse: 0.0840822
[13500]	training's rmse: 0.0512619	valid_1's rmse: 0.0840489
[13600]	training's rmse: 0.0510869	valid_1's rmse: 0.0840199
[13700]	training's rmse: 0.0508958	valid_1's rmse: 0.0840029
[13800]	training's rmse: 0.0507051	valid_1's rmse: 0.0839805
[13900]	training's rmse: 0.0505265	valid_1's rmse: 0.0839629
[14000]	training's rmse: 0.050355	valid_1's rmse: 0.0839412
[14100]	training's rmse: 0.050186	valid_1's rmse: 0.0839159
[14200]	training's rmse: 0.0500175	valid_1's rmse: 0.0838877
[14300]	training's rmse: 0.0498501	valid_1's rmse: 0.083878
[14400]	training's rmse: 0.0496758	valid_1's rmse: 0.0838597
[14500]	training's rmse: 0.0495192	valid_1's rmse: 0.0838323
[14600]	training's rmse: 0.0493606	valid_1's rmse: 0.0838062
[14700]	training's rmse: 0.0491978	valid_1's rmse: 0.0837943
[14800]	training's rmse: 0.0490441	valid_1's rmse: 0.0837809
[14900]	training's rmse: 0.0488796	valid_1's rmse: 0.0837642
[15000]	training's rmse: 0.0487225	valid_1's rmse: 0.0837478
[15100]	training's rmse: 0.0485561	valid_1's rmse: 0.0837303
[15200]	training's rmse: 0.0483902	valid_1's rmse: 0.0837147
[15300]	training's rmse: 0.048219	valid_1's rmse: 0.0836935
[15400]	training's rmse: 0.0480564	valid_1's rmse: 0.0836657
[15500]	training's rmse: 0.0479005	valid_1's rmse: 0.0836506
[15600]	training's rmse: 0.0477509	valid_1's rmse: 0.083632
[15700]	training's rmse: 0.0475933	valid_1's rmse: 0.0836027
[15800]	training's rmse: 0.0474238	valid_1's rmse: 0.0835769
[15900]	training's rmse: 0.0472632	valid_1's rmse: 0.0835609
[16000]	training's rmse: 0.0471026	valid_1's rmse: 0.0835389
[16100]	training's rmse: 0.0469572	valid_1's rmse: 0.083516
[16200]	training's rmse: 0.0467962	valid_1's rmse: 0.0834959
[16300]	training's rmse: 0.0466407	valid_1's rmse: 0.0834742
[16400]	training's rmse: 0.0464868	valid_1's rmse: 0.0834596
[16500]	training's rmse: 0.0463354	valid_1's rmse: 0.0834464
[16600]	training's rmse: 0.0461894	valid_1's rmse: 0.0834338
[16700]	training's rmse: 0.0460363	valid_1's rmse: 0.083409
[16800]	training's rmse: 0.0458897	valid_1's rmse: 0.0833913
[16900]	training's rmse: 0.0457403	valid_1's rmse: 0.083367
[17000]	training's rmse: 0.045587	valid_1's rmse: 0.0833403
[17100]	training's rmse: 0.0454447	valid_1's rmse: 0.08333
[17200]	training's rmse: 0.0453012	valid_1's rmse: 0.0833107
[17300]	training's rmse: 0.045148	valid_1's rmse: 0.0832893
[17400]	training's rmse: 0.0449885	valid_1's rmse: 0.0832784
[17500]	training's rmse: 0.0448466	valid_1's rmse: 0.0832605
[17600]	training's rmse: 0.0447086	valid_1's rmse: 0.0832429
[17700]	training's rmse: 0.0445555	valid_1's rmse: 0.083219
[17800]	training's rmse: 0.0444094	valid_1's rmse: 0.0832032
[17900]	training's rmse: 0.0442701	valid_1's rmse: 0.083193
[18000]	training's rmse: 0.0441426	valid_1's rmse: 0.0831859
[18100]	training's rmse: 0.0440043	valid_1's rmse: 0.0831809
[18200]	training's rmse: 0.0438705	valid_1's rmse: 0.0831629
[18300]	training's rmse: 0.0437256	valid_1's rmse: 0.0831458
[18400]	training's rmse: 0.0435923	valid_1's rmse: 0.0831384
[18500]	training's rmse: 0.0434604	valid_1's rmse: 0.08313
[18600]	training's rmse: 0.0433225	valid_1's rmse: 0.083116
[18700]	training's rmse: 0.0431857	valid_1's rmse: 0.0831021
[18800]	training's rmse: 0.0430505	valid_1's rmse: 0.0830867
[18900]	training's rmse: 0.0429169	valid_1's rmse: 0.0830713
[19000]	training's rmse: 0.0427898	valid_1's rmse: 0.0830695
[19100]	training's rmse: 0.0426713	valid_1's rmse: 0.0830585
[19200]	training's rmse: 0.0425309	valid_1's rmse: 0.0830519
[19300]	training's rmse: 0.0423944	valid_1's rmse: 0.0830332
[19400]	training's rmse: 0.04226	valid_1's rmse: 0.0830262
[19500]	training's rmse: 0.042129	valid_1's rmse: 0.0830138
[19600]	training's rmse: 0.0419987	valid_1's rmse: 0.0830004
[19700]	training's rmse: 0.041874	valid_1's rmse: 0.0829928
[19800]	training's rmse: 0.0417414	valid_1's rmse: 0.0829763
[19900]	training's rmse: 0.0416184	valid_1's rmse: 0.0829648
[20000]	training's rmse: 0.0414844	valid_1's rmse: 0.0829547
[20100]	training's rmse: 0.0413634	valid_1's rmse: 0.0829487
[20200]	training's rmse: 0.0412371	valid_1's rmse: 0.082939
[20300]	training's rmse: 0.0411112	valid_1's rmse: 0.0829273
[20400]	training's rmse: 0.040992	valid_1's rmse: 0.0829145
[20500]	training's rmse: 0.0408813	valid_1's rmse: 0.0829065
[20600]	training's rmse: 0.0407504	valid_1's rmse: 0.0828989
[20700]	training's rmse: 0.0406244	valid_1's rmse: 0.0828849
[20800]	training's rmse: 0.0405084	valid_1's rmse: 0.0828669
[20900]	training's rmse: 0.0403765	valid_1's rmse: 0.0828581
[21000]	training's rmse: 0.0402584	valid_1's rmse: 0.0828451
[21100]	training's rmse: 0.0401426	valid_1's rmse: 0.0828346
[21200]	training's rmse: 0.0400195	valid_1's rmse: 0.082832
[21300]	training's rmse: 0.0398954	valid_1's rmse: 0.0828272
[21400]	training's rmse: 0.0397848	valid_1's rmse: 0.082817
[21500]	training's rmse: 0.0396643	valid_1's rmse: 0.0828034
[21600]	training's rmse: 0.039545	valid_1's rmse: 0.0828026
[21700]	training's rmse: 0.0394254	valid_1's rmse: 0.0828008
[21800]	training's rmse: 0.0393056	valid_1's rmse: 0.0827868
[21900]	training's rmse: 0.0392001	valid_1's rmse: 0.0827765
##### feature importance #####
                      importance
feature                         
area                57421.254594
layout              33833.468138
district            29006.221339
is_L                19940.764177
age_in_months        8494.814849
洗面台独立                5742.782829
structure            4754.957310
システムキッチン             4006.051989
building_floor       3284.001230
area_per_room        2631.788555
エレベーター               2435.016392
age_year             2327.470989
room_floor           1311.660025
min_to_nearest_sta   1243.584249
浴室乾燥機                1114.091327
バス・トイレ別               769.028901
温水洗浄便座                589.136991
床暖房                   552.309333
スーパー                  456.395952
コンビニ                  415.878213
direction             381.900878
floor_ratio           371.987567
num_room              307.886044
age_month             295.008904
追焚機能                  229.849454
num_room_is_L         219.253680
山手線                   155.350957
室内洗濯機置場               154.583226
ウォークインクローゼット          151.236581
銀座線                   123.258101
日暮里舎人ライナー             118.865637
ドラッグストア               117.419018
コンロ3口                 114.588252
fixed_term            112.922554
シャワー                   96.692961
北千住駅                   96.416217
bicycle_parking        92.742040
car_parking            91.614379
病院                     90.858892
京王新線                   90.761143
三軒茶屋駅                  90.552726
西武新宿線                  90.057410
共同トイレ                  87.167311
京王線                    80.626149
インターネット対応              80.334928
恵比寿駅                   80.135200
日比谷線                   78.958825
総武線                    78.335303
東急東横線                  77.130474
BSアンテナ                 76.592349
[100]	training's rmse: 0.224866	valid_1's rmse: 0.220706
[200]	training's rmse: 0.14556	valid_1's rmse: 0.145494
[300]	training's rmse: 0.120197	valid_1's rmse: 0.122609
[400]	training's rmse: 0.110377	valid_1's rmse: 0.114203
[500]	training's rmse: 0.105565	valid_1's rmse: 0.110256
[600]	training's rmse: 0.102506	valid_1's rmse: 0.107757
[700]	training's rmse: 0.100149	valid_1's rmse: 0.10586
[800]	training's rmse: 0.0983039	valid_1's rmse: 0.10436
[900]	training's rmse: 0.0967347	valid_1's rmse: 0.103167
[1000]	training's rmse: 0.0953736	valid_1's rmse: 0.10212
[1100]	training's rmse: 0.0941163	valid_1's rmse: 0.101189
[1200]	training's rmse: 0.0930686	valid_1's rmse: 0.100386
[1300]	training's rmse: 0.0919665	valid_1's rmse: 0.0995901
[1400]	training's rmse: 0.0909592	valid_1's rmse: 0.0988428
[1500]	training's rmse: 0.0900824	valid_1's rmse: 0.0982323
[1600]	training's rmse: 0.0892678	valid_1's rmse: 0.0976517
[1700]	training's rmse: 0.0884491	valid_1's rmse: 0.0971144
[1800]	training's rmse: 0.0876911	valid_1's rmse: 0.0965985
[1900]	training's rmse: 0.0869523	valid_1's rmse: 0.0961104
[2000]	training's rmse: 0.0862364	valid_1's rmse: 0.0956449
[2100]	training's rmse: 0.0855699	valid_1's rmse: 0.0952197
[2200]	training's rmse: 0.0849176	valid_1's rmse: 0.0948216
[2300]	training's rmse: 0.0842823	valid_1's rmse: 0.094431
[2400]	training's rmse: 0.0836446	valid_1's rmse: 0.0940441
[2500]	training's rmse: 0.0830477	valid_1's rmse: 0.0936782
[2600]	training's rmse: 0.0825018	valid_1's rmse: 0.0933808
[2700]	training's rmse: 0.0819411	valid_1's rmse: 0.0930647
[2800]	training's rmse: 0.0813834	valid_1's rmse: 0.0927278
[2900]	training's rmse: 0.0808518	valid_1's rmse: 0.09244
[3000]	training's rmse: 0.080356	valid_1's rmse: 0.092163
[3100]	training's rmse: 0.0798711	valid_1's rmse: 0.0918978
[3200]	training's rmse: 0.0793772	valid_1's rmse: 0.0916346
[3300]	training's rmse: 0.0789578	valid_1's rmse: 0.0914162
[3400]	training's rmse: 0.0784685	valid_1's rmse: 0.0911877
[3500]	training's rmse: 0.0780323	valid_1's rmse: 0.0909686
[3600]	training's rmse: 0.0775688	valid_1's rmse: 0.0907318
[3700]	training's rmse: 0.0771259	valid_1's rmse: 0.0905215
[3800]	training's rmse: 0.0766863	valid_1's rmse: 0.0903308
[3900]	training's rmse: 0.0762574	valid_1's rmse: 0.0901339
[4000]	training's rmse: 0.0758489	valid_1's rmse: 0.0899484
[4100]	training's rmse: 0.0754303	valid_1's rmse: 0.0897631
[4200]	training's rmse: 0.0750151	valid_1's rmse: 0.0895921
[4300]	training's rmse: 0.0746325	valid_1's rmse: 0.0894141
[4400]	training's rmse: 0.0742342	valid_1's rmse: 0.0892501
[4500]	training's rmse: 0.0738604	valid_1's rmse: 0.0891067
[4600]	training's rmse: 0.073475	valid_1's rmse: 0.0889394
[4700]	training's rmse: 0.07312	valid_1's rmse: 0.0888085
[4800]	training's rmse: 0.0727425	valid_1's rmse: 0.0886583
[4900]	training's rmse: 0.0723894	valid_1's rmse: 0.0885176
[5000]	training's rmse: 0.0720244	valid_1's rmse: 0.0883604
[5100]	training's rmse: 0.0716875	valid_1's rmse: 0.08822
[5200]	training's rmse: 0.0713478	valid_1's rmse: 0.0881013
[5300]	training's rmse: 0.0709979	valid_1's rmse: 0.0879682
[5400]	training's rmse: 0.0706536	valid_1's rmse: 0.087837
[5500]	training's rmse: 0.0703288	valid_1's rmse: 0.0877112
[5600]	training's rmse: 0.0700009	valid_1's rmse: 0.0875966
[5700]	training's rmse: 0.0696848	valid_1's rmse: 0.087482
[5800]	training's rmse: 0.0693407	valid_1's rmse: 0.0873508
[5900]	training's rmse: 0.0690211	valid_1's rmse: 0.0872511
[6000]	training's rmse: 0.0687075	valid_1's rmse: 0.087124
[6100]	training's rmse: 0.0683977	valid_1's rmse: 0.0870285
[6200]	training's rmse: 0.068095	valid_1's rmse: 0.086934
[6300]	training's rmse: 0.0677953	valid_1's rmse: 0.0868401
[6400]	training's rmse: 0.0674686	valid_1's rmse: 0.0867523
[6500]	training's rmse: 0.0671782	valid_1's rmse: 0.0866686
[6600]	training's rmse: 0.0668679	valid_1's rmse: 0.0865786
[6700]	training's rmse: 0.0665632	valid_1's rmse: 0.0864824
[6800]	training's rmse: 0.0662727	valid_1's rmse: 0.086396
[6900]	training's rmse: 0.066001	valid_1's rmse: 0.0863077
[7000]	training's rmse: 0.0656951	valid_1's rmse: 0.0862061
[7100]	training's rmse: 0.0654014	valid_1's rmse: 0.0861282
[7200]	training's rmse: 0.0651184	valid_1's rmse: 0.0860468
[7300]	training's rmse: 0.0648421	valid_1's rmse: 0.085957
[7400]	training's rmse: 0.0645838	valid_1's rmse: 0.0858833
[7500]	training's rmse: 0.0643263	valid_1's rmse: 0.0857956
[7600]	training's rmse: 0.0640651	valid_1's rmse: 0.0857328
[7700]	training's rmse: 0.0637931	valid_1's rmse: 0.0856517
[7800]	training's rmse: 0.0635362	valid_1's rmse: 0.0855997
[7900]	training's rmse: 0.0632668	valid_1's rmse: 0.0855149
[8000]	training's rmse: 0.0629991	valid_1's rmse: 0.0854456
[8100]	training's rmse: 0.0627337	valid_1's rmse: 0.0853691
[8200]	training's rmse: 0.0624632	valid_1's rmse: 0.0852999
[8300]	training's rmse: 0.0622057	valid_1's rmse: 0.0852354
[8400]	training's rmse: 0.0619566	valid_1's rmse: 0.0851729
[8500]	training's rmse: 0.0617122	valid_1's rmse: 0.0851174
[8600]	training's rmse: 0.0614685	valid_1's rmse: 0.0850605
[8700]	training's rmse: 0.061223	valid_1's rmse: 0.085001
[8800]	training's rmse: 0.0609802	valid_1's rmse: 0.0849374
[8900]	training's rmse: 0.0607376	valid_1's rmse: 0.0848751
[9000]	training's rmse: 0.0605136	valid_1's rmse: 0.0848198
[9100]	training's rmse: 0.0602896	valid_1's rmse: 0.0847657
[9200]	training's rmse: 0.0600598	valid_1's rmse: 0.0847111
[9300]	training's rmse: 0.0598201	valid_1's rmse: 0.0846656
[9400]	training's rmse: 0.0595866	valid_1's rmse: 0.0846082
[9500]	training's rmse: 0.0593522	valid_1's rmse: 0.0845443
[9600]	training's rmse: 0.0591102	valid_1's rmse: 0.0844706
[9700]	training's rmse: 0.0588772	valid_1's rmse: 0.0844187
[9800]	training's rmse: 0.0586444	valid_1's rmse: 0.0843724
[9900]	training's rmse: 0.0584237	valid_1's rmse: 0.0843307
[10000]	training's rmse: 0.0581891	valid_1's rmse: 0.0842795
[10100]	training's rmse: 0.0579742	valid_1's rmse: 0.0842285
[10200]	training's rmse: 0.0577658	valid_1's rmse: 0.0841891
[10300]	training's rmse: 0.0575376	valid_1's rmse: 0.084137
[10400]	training's rmse: 0.0573338	valid_1's rmse: 0.0840926
[10500]	training's rmse: 0.0571264	valid_1's rmse: 0.0840541
[10600]	training's rmse: 0.0569158	valid_1's rmse: 0.0840115
[10700]	training's rmse: 0.0566965	valid_1's rmse: 0.0839769
[10800]	training's rmse: 0.0564901	valid_1's rmse: 0.0839306
[10900]	training's rmse: 0.0562854	valid_1's rmse: 0.083894
[11000]	training's rmse: 0.0560752	valid_1's rmse: 0.0838514
[11100]	training's rmse: 0.0558724	valid_1's rmse: 0.0838029
[11200]	training's rmse: 0.0556705	valid_1's rmse: 0.0837673
[11300]	training's rmse: 0.0554684	valid_1's rmse: 0.0837231
[11400]	training's rmse: 0.0552636	valid_1's rmse: 0.0836942
[11500]	training's rmse: 0.0550487	valid_1's rmse: 0.0836477
[11600]	training's rmse: 0.0548465	valid_1's rmse: 0.083625
[11700]	training's rmse: 0.0546456	valid_1's rmse: 0.0835774
[11800]	training's rmse: 0.0544469	valid_1's rmse: 0.0835366
[11900]	training's rmse: 0.0542594	valid_1's rmse: 0.0835133
[12000]	training's rmse: 0.0540592	valid_1's rmse: 0.0834701
[12100]	training's rmse: 0.0538593	valid_1's rmse: 0.0834342
[12200]	training's rmse: 0.0536703	valid_1's rmse: 0.0834037
[12300]	training's rmse: 0.0534852	valid_1's rmse: 0.0833722
[12400]	training's rmse: 0.0532942	valid_1's rmse: 0.0833296
[12500]	training's rmse: 0.0531073	valid_1's rmse: 0.0832937
[12600]	training's rmse: 0.0529283	valid_1's rmse: 0.0832706
[12700]	training's rmse: 0.0527477	valid_1's rmse: 0.0832258
[12800]	training's rmse: 0.052563	valid_1's rmse: 0.0831914
[12900]	training's rmse: 0.0523811	valid_1's rmse: 0.0831534
[13000]	training's rmse: 0.0521865	valid_1's rmse: 0.0831287
[13100]	training's rmse: 0.0520074	valid_1's rmse: 0.0831108
[13200]	training's rmse: 0.0518183	valid_1's rmse: 0.0830723
[13300]	training's rmse: 0.0516377	valid_1's rmse: 0.0830438
[13400]	training's rmse: 0.0514692	valid_1's rmse: 0.0830091
[13500]	training's rmse: 0.051287	valid_1's rmse: 0.0829791
[13600]	training's rmse: 0.0511002	valid_1's rmse: 0.0829615
[13700]	training's rmse: 0.0509163	valid_1's rmse: 0.0829312
[13800]	training's rmse: 0.0507345	valid_1's rmse: 0.0829044
[13900]	training's rmse: 0.0505592	valid_1's rmse: 0.0828785
[14000]	training's rmse: 0.0503912	valid_1's rmse: 0.0828564
[14100]	training's rmse: 0.0502196	valid_1's rmse: 0.0828305
[14200]	training's rmse: 0.0500543	valid_1's rmse: 0.0827993
[14300]	training's rmse: 0.0498762	valid_1's rmse: 0.0827617
[14400]	training's rmse: 0.0497083	valid_1's rmse: 0.0827364
[14500]	training's rmse: 0.0495408	valid_1's rmse: 0.0827276
[14600]	training's rmse: 0.0493846	valid_1's rmse: 0.0827047
[14700]	training's rmse: 0.0492165	valid_1's rmse: 0.0826737
[14800]	training's rmse: 0.0490477	valid_1's rmse: 0.0826421
[14900]	training's rmse: 0.0488786	valid_1's rmse: 0.0826134
[15000]	training's rmse: 0.0487023	valid_1's rmse: 0.0825857
[15100]	training's rmse: 0.0485413	valid_1's rmse: 0.082561
[15200]	training's rmse: 0.0483954	valid_1's rmse: 0.0825458
[15300]	training's rmse: 0.04824	valid_1's rmse: 0.0825237
[15400]	training's rmse: 0.0480767	valid_1's rmse: 0.0825062
[15500]	training's rmse: 0.0479083	valid_1's rmse: 0.0824818
[15600]	training's rmse: 0.0477506	valid_1's rmse: 0.0824612
[15700]	training's rmse: 0.0475987	valid_1's rmse: 0.0824367
[15800]	training's rmse: 0.0474436	valid_1's rmse: 0.082414
[15900]	training's rmse: 0.0472821	valid_1's rmse: 0.0823818
[16000]	training's rmse: 0.0471213	valid_1's rmse: 0.0823544
[16100]	training's rmse: 0.0469671	valid_1's rmse: 0.0823367
[16200]	training's rmse: 0.0468082	valid_1's rmse: 0.0823135
[16300]	training's rmse: 0.0466552	valid_1's rmse: 0.0822875
[16400]	training's rmse: 0.0464983	valid_1's rmse: 0.0822569
[16500]	training's rmse: 0.0463421	valid_1's rmse: 0.0822413
[16600]	training's rmse: 0.046183	valid_1's rmse: 0.0822192
[16700]	training's rmse: 0.0460397	valid_1's rmse: 0.0822066
[16800]	training's rmse: 0.0458874	valid_1's rmse: 0.082185
[16900]	training's rmse: 0.0457375	valid_1's rmse: 0.0821556
[17000]	training's rmse: 0.0455925	valid_1's rmse: 0.0821402
[17100]	training's rmse: 0.0454473	valid_1's rmse: 0.0821191
[17200]	training's rmse: 0.0453136	valid_1's rmse: 0.0821057
[17300]	training's rmse: 0.0451682	valid_1's rmse: 0.0820905
[17400]	training's rmse: 0.0450265	valid_1's rmse: 0.0820789
[17500]	training's rmse: 0.0448741	valid_1's rmse: 0.0820576
[17600]	training's rmse: 0.0447276	valid_1's rmse: 0.082039
[17700]	training's rmse: 0.0445865	valid_1's rmse: 0.082027
[17800]	training's rmse: 0.0444401	valid_1's rmse: 0.082018
[17900]	training's rmse: 0.0442967	valid_1's rmse: 0.0819979
[18000]	training's rmse: 0.0441562	valid_1's rmse: 0.081987
[18100]	training's rmse: 0.0440184	valid_1's rmse: 0.0819682
[18200]	training's rmse: 0.043875	valid_1's rmse: 0.0819577
[18300]	training's rmse: 0.0437341	valid_1's rmse: 0.0819468
[18400]	training's rmse: 0.0436007	valid_1's rmse: 0.0819305
[18500]	training's rmse: 0.0434757	valid_1's rmse: 0.0819134
[18600]	training's rmse: 0.0433397	valid_1's rmse: 0.0819038
[18700]	training's rmse: 0.043199	valid_1's rmse: 0.0818909
[18800]	training's rmse: 0.0430558	valid_1's rmse: 0.0818725
[18900]	training's rmse: 0.0429258	valid_1's rmse: 0.081865
[19000]	training's rmse: 0.0427924	valid_1's rmse: 0.0818465
[19100]	training's rmse: 0.0426584	valid_1's rmse: 0.0818316
[19200]	training's rmse: 0.0425186	valid_1's rmse: 0.081816
[19300]	training's rmse: 0.0423883	valid_1's rmse: 0.0818068
[19400]	training's rmse: 0.0422591	valid_1's rmse: 0.0817912
[19500]	training's rmse: 0.0421292	valid_1's rmse: 0.0817784
[19600]	training's rmse: 0.0419988	valid_1's rmse: 0.0817623
[19700]	training's rmse: 0.041871	valid_1's rmse: 0.0817455
[19800]	training's rmse: 0.0417369	valid_1's rmse: 0.081731
[19900]	training's rmse: 0.0416131	valid_1's rmse: 0.0817196
[20000]	training's rmse: 0.0414818	valid_1's rmse: 0.0817049
[20100]	training's rmse: 0.0413597	valid_1's rmse: 0.0816913
[20200]	training's rmse: 0.0412364	valid_1's rmse: 0.0816782
[20300]	training's rmse: 0.0411061	valid_1's rmse: 0.0816638
[20400]	training's rmse: 0.0409841	valid_1's rmse: 0.0816581
[20500]	training's rmse: 0.0408579	valid_1's rmse: 0.0816343
[20600]	training's rmse: 0.0407254	valid_1's rmse: 0.0816163
[20700]	training's rmse: 0.0406023	valid_1's rmse: 0.0816084
[20800]	training's rmse: 0.0404855	valid_1's rmse: 0.0816015
[20900]	training's rmse: 0.040361	valid_1's rmse: 0.0815881
[21000]	training's rmse: 0.0402397	valid_1's rmse: 0.0815768
[21100]	training's rmse: 0.0401198	valid_1's rmse: 0.0815631
[21200]	training's rmse: 0.0399944	valid_1's rmse: 0.081553
[21300]	training's rmse: 0.0398801	valid_1's rmse: 0.0815374
[21400]	training's rmse: 0.0397577	valid_1's rmse: 0.0815323
[21500]	training's rmse: 0.0396365	valid_1's rmse: 0.0815163
[21600]	training's rmse: 0.0395221	valid_1's rmse: 0.0815018
[21700]	training's rmse: 0.0394039	valid_1's rmse: 0.0814909
[21800]	training's rmse: 0.0392863	valid_1's rmse: 0.0814771
[21900]	training's rmse: 0.0391676	valid_1's rmse: 0.0814678
[22000]	training's rmse: 0.0390539	valid_1's rmse: 0.0814511
[22100]	training's rmse: 0.038939	valid_1's rmse: 0.0814405
[22200]	training's rmse: 0.0388157	valid_1's rmse: 0.0814291
[22300]	training's rmse: 0.0386987	valid_1's rmse: 0.0814198
[22400]	training's rmse: 0.0385842	valid_1's rmse: 0.0814103
[22500]	training's rmse: 0.0384724	valid_1's rmse: 0.0813967
[22600]	training's rmse: 0.0383558	valid_1's rmse: 0.0813869
[22700]	training's rmse: 0.0382459	valid_1's rmse: 0.0813803
[22800]	training's rmse: 0.0381318	valid_1's rmse: 0.0813667
[22900]	training's rmse: 0.0380231	valid_1's rmse: 0.0813533
[23000]	training's rmse: 0.0379042	valid_1's rmse: 0.0813451
[23100]	training's rmse: 0.0377963	valid_1's rmse: 0.0813379
[23200]	training's rmse: 0.0376844	valid_1's rmse: 0.0813328
[23300]	training's rmse: 0.0375771	valid_1's rmse: 0.0813261
[23400]	training's rmse: 0.0374715	valid_1's rmse: 0.0813157
[23500]	training's rmse: 0.0373601	valid_1's rmse: 0.0813046
[23600]	training's rmse: 0.037249	valid_1's rmse: 0.0812929
[23700]	training's rmse: 0.037136	valid_1's rmse: 0.0812764
[23800]	training's rmse: 0.0370252	valid_1's rmse: 0.0812674
[23900]	training's rmse: 0.0369142	valid_1's rmse: 0.0812636
[24000]	training's rmse: 0.0368062	valid_1's rmse: 0.0812523
[24100]	training's rmse: 0.0366966	valid_1's rmse: 0.0812462
[24200]	training's rmse: 0.036593	valid_1's rmse: 0.0812414
[24300]	training's rmse: 0.036491	valid_1's rmse: 0.0812347
[24400]	training's rmse: 0.0363828	valid_1's rmse: 0.0812211
[24500]	training's rmse: 0.0362835	valid_1's rmse: 0.0812111
[24600]	training's rmse: 0.0361769	valid_1's rmse: 0.0811995
[24700]	training's rmse: 0.0360696	valid_1's rmse: 0.08119
[24800]	training's rmse: 0.0359691	valid_1's rmse: 0.0811798
[24900]	training's rmse: 0.0358586	valid_1's rmse: 0.0811626
[25000]	training's rmse: 0.0357544	valid_1's rmse: 0.0811607
[25100]	training's rmse: 0.0356499	valid_1's rmse: 0.0811509
[25200]	training's rmse: 0.0355497	valid_1's rmse: 0.0811484
[25300]	training's rmse: 0.0354512	valid_1's rmse: 0.081142
[25400]	training's rmse: 0.0353481	valid_1's rmse: 0.0811416
[25500]	training's rmse: 0.0352459	valid_1's rmse: 0.0811283
[25600]	training's rmse: 0.035153	valid_1's rmse: 0.0811234
[25700]	training's rmse: 0.0350548	valid_1's rmse: 0.0811109
[25800]	training's rmse: 0.0349553	valid_1's rmse: 0.0810995
[25900]	training's rmse: 0.0348534	valid_1's rmse: 0.0810855
[26000]	training's rmse: 0.0347556	valid_1's rmse: 0.0810753
[26100]	training's rmse: 0.0346596	valid_1's rmse: 0.081066
[26200]	training's rmse: 0.0345624	valid_1's rmse: 0.0810581
[26300]	training's rmse: 0.0344626	valid_1's rmse: 0.0810524
[26400]	training's rmse: 0.0343616	valid_1's rmse: 0.081048
[26500]	training's rmse: 0.0342659	valid_1's rmse: 0.0810443
[26600]	training's rmse: 0.0341656	valid_1's rmse: 0.0810383
[26700]	training's rmse: 0.0340652	valid_1's rmse: 0.0810326
[26800]	training's rmse: 0.0339686	valid_1's rmse: 0.0810193
[26900]	training's rmse: 0.0338811	valid_1's rmse: 0.0810149
[27000]	training's rmse: 0.0337935	valid_1's rmse: 0.0810058
[27100]	training's rmse: 0.0337026	valid_1's rmse: 0.0809977
[27200]	training's rmse: 0.0336007	valid_1's rmse: 0.0809923
[27300]	training's rmse: 0.0335061	valid_1's rmse: 0.0809828
[27400]	training's rmse: 0.033414	valid_1's rmse: 0.080978
[27500]	training's rmse: 0.0333247	valid_1's rmse: 0.0809711
[27600]	training's rmse: 0.0332334	valid_1's rmse: 0.0809677
[27700]	training's rmse: 0.0331457	valid_1's rmse: 0.0809625
[27800]	training's rmse: 0.0330552	valid_1's rmse: 0.0809596
[27900]	training's rmse: 0.0329601	valid_1's rmse: 0.0809511
[28000]	training's rmse: 0.032866	valid_1's rmse: 0.0809484
[28100]	training's rmse: 0.0327726	valid_1's rmse: 0.0809396
[28200]	training's rmse: 0.0326821	valid_1's rmse: 0.0809274
[28300]	training's rmse: 0.0325996	valid_1's rmse: 0.0809241
[28400]	training's rmse: 0.0325116	valid_1's rmse: 0.0809184
[28500]	training's rmse: 0.0324243	valid_1's rmse: 0.0809123
[28600]	training's rmse: 0.0323354	valid_1's rmse: 0.0809059
[28700]	training's rmse: 0.0322438	valid_1's rmse: 0.0809043
[28800]	training's rmse: 0.0321546	valid_1's rmse: 0.0808932
[28900]	training's rmse: 0.0320673	valid_1's rmse: 0.0808871
[29000]	training's rmse: 0.0319759	valid_1's rmse: 0.0808808
[29100]	training's rmse: 0.0318853	valid_1's rmse: 0.0808731
[29200]	training's rmse: 0.0318001	valid_1's rmse: 0.080866
[29300]	training's rmse: 0.0317151	valid_1's rmse: 0.0808583
[29400]	training's rmse: 0.0316237	valid_1's rmse: 0.0808519
[29500]	training's rmse: 0.0315432	valid_1's rmse: 0.0808463
[29600]	training's rmse: 0.0314582	valid_1's rmse: 0.0808406
[29700]	training's rmse: 0.0313764	valid_1's rmse: 0.0808384
[29800]	training's rmse: 0.0312927	valid_1's rmse: 0.0808347
[29900]	training's rmse: 0.0312059	valid_1's rmse: 0.080831
[30000]	training's rmse: 0.03112	valid_1's rmse: 0.0808225
##### feature importance #####
                      importance
feature                         
area                57593.611353
layout              41303.006432
district            29533.645627
is_L                12545.921284
age_in_months        9076.647124
洗面台独立                7281.580864
structure            4016.658423
building_floor       3683.492850
システムキッチン             3598.026931
area_per_room        3319.757315
エレベーター               2468.651506
age_year             2081.147490
浴室乾燥機                1391.828249
room_floor           1294.819436
min_to_nearest_sta   1291.420064
バス・トイレ別               773.206370
温水洗浄便座                686.405422
スーパー                  526.438192
床暖房                   525.839453
コンビニ                  484.214246
direction             435.851308
floor_ratio           415.898921
num_room              407.052456
age_month             323.507390
追焚機能                  230.336839
num_room_is_L         179.199840
室内洗濯機置場               155.913500
fixed_term            132.460521
山手線                   132.435487
ウォークインクローゼット          131.745888
ドラッグストア               131.102134
脱衣所                   131.078694
コンロ3口                 121.791789
銀座線                   121.298992
三軒茶屋駅                 111.083930
bicycle_parking       108.177258
シャワー                  106.225211
北千住駅                  105.206107
日暮里舎人ライナー              99.644839
総武線                    96.238145
京王新線                   96.060681
BSアンテナ                 93.070134
西武新宿線                  93.062611
バルコニー                  92.833491
日比谷線                   92.219742
CATV                   91.021202
恵比寿駅                   89.972451
病院                     86.827345
car_parking            85.865606
光ファイバー                 84.789777
[100]	training's rmse: 0.223842	valid_1's rmse: 0.227445
[200]	training's rmse: 0.145304	valid_1's rmse: 0.148357
[300]	training's rmse: 0.120185	valid_1's rmse: 0.123808
[400]	training's rmse: 0.110394	valid_1's rmse: 0.114603
[500]	training's rmse: 0.105477	valid_1's rmse: 0.11012
[600]	training's rmse: 0.102334	valid_1's rmse: 0.107326
[700]	training's rmse: 0.100034	valid_1's rmse: 0.105388
[800]	training's rmse: 0.0981002	valid_1's rmse: 0.103821
[900]	training's rmse: 0.0965981	valid_1's rmse: 0.102627
[1000]	training's rmse: 0.0951802	valid_1's rmse: 0.101549
[1100]	training's rmse: 0.0939782	valid_1's rmse: 0.100673
[1200]	training's rmse: 0.0928608	valid_1's rmse: 0.0998806
[1300]	training's rmse: 0.0918708	valid_1's rmse: 0.099163
[1400]	training's rmse: 0.0909034	valid_1's rmse: 0.0985143
[1500]	training's rmse: 0.0900077	valid_1's rmse: 0.0978679
[1600]	training's rmse: 0.0891197	valid_1's rmse: 0.097288
[1700]	training's rmse: 0.0882618	valid_1's rmse: 0.0967272
[1800]	training's rmse: 0.0874791	valid_1's rmse: 0.0962449
[1900]	training's rmse: 0.0867596	valid_1's rmse: 0.0957974
[2000]	training's rmse: 0.0860677	valid_1's rmse: 0.0953688
[2100]	training's rmse: 0.0854362	valid_1's rmse: 0.0950402
[2200]	training's rmse: 0.0848188	valid_1's rmse: 0.0946887
[2300]	training's rmse: 0.084225	valid_1's rmse: 0.0943562
[2400]	training's rmse: 0.0836103	valid_1's rmse: 0.0940374
[2500]	training's rmse: 0.0830202	valid_1's rmse: 0.0936961
[2600]	training's rmse: 0.0824728	valid_1's rmse: 0.0934208
[2700]	training's rmse: 0.0819081	valid_1's rmse: 0.0931269
[2800]	training's rmse: 0.0813947	valid_1's rmse: 0.0928829
[2900]	training's rmse: 0.0808657	valid_1's rmse: 0.0926567
[3000]	training's rmse: 0.0803438	valid_1's rmse: 0.092397
[3100]	training's rmse: 0.0798729	valid_1's rmse: 0.0921568
[3200]	training's rmse: 0.0794235	valid_1's rmse: 0.0919585
[3300]	training's rmse: 0.0789728	valid_1's rmse: 0.0917634
[3400]	training's rmse: 0.0785184	valid_1's rmse: 0.09157
[3500]	training's rmse: 0.0780541	valid_1's rmse: 0.09135
[3600]	training's rmse: 0.0775887	valid_1's rmse: 0.091149
[3700]	training's rmse: 0.0771637	valid_1's rmse: 0.0909536
[3800]	training's rmse: 0.0767575	valid_1's rmse: 0.0907936
[3900]	training's rmse: 0.0763406	valid_1's rmse: 0.0906258
[4000]	training's rmse: 0.0759107	valid_1's rmse: 0.0904706
[4100]	training's rmse: 0.07549	valid_1's rmse: 0.0903041
[4200]	training's rmse: 0.0750601	valid_1's rmse: 0.0901153
[4300]	training's rmse: 0.0746505	valid_1's rmse: 0.0899372
[4400]	training's rmse: 0.0742554	valid_1's rmse: 0.0897814
[4500]	training's rmse: 0.073864	valid_1's rmse: 0.0896317
[4600]	training's rmse: 0.0735101	valid_1's rmse: 0.0895216
[4700]	training's rmse: 0.0731469	valid_1's rmse: 0.089409
[4800]	training's rmse: 0.0727771	valid_1's rmse: 0.0892848
[4900]	training's rmse: 0.0724009	valid_1's rmse: 0.089151
[5000]	training's rmse: 0.0720102	valid_1's rmse: 0.0890295
[5100]	training's rmse: 0.07164	valid_1's rmse: 0.0889059
[5200]	training's rmse: 0.071286	valid_1's rmse: 0.08878
[5300]	training's rmse: 0.0709193	valid_1's rmse: 0.0886624
[5400]	training's rmse: 0.07058	valid_1's rmse: 0.0885584
[5500]	training's rmse: 0.0702607	valid_1's rmse: 0.0884638
[5600]	training's rmse: 0.0699266	valid_1's rmse: 0.0883563
[5700]	training's rmse: 0.0695874	valid_1's rmse: 0.0882613
[5800]	training's rmse: 0.0692783	valid_1's rmse: 0.0881647
[5900]	training's rmse: 0.0689462	valid_1's rmse: 0.0880589
[6000]	training's rmse: 0.0686091	valid_1's rmse: 0.0879532
[6100]	training's rmse: 0.0682892	valid_1's rmse: 0.0878674
[6200]	training's rmse: 0.0679845	valid_1's rmse: 0.0877721
[6300]	training's rmse: 0.0676776	valid_1's rmse: 0.0876841
[6400]	training's rmse: 0.0673599	valid_1's rmse: 0.087576
[6500]	training's rmse: 0.0670685	valid_1's rmse: 0.0874917
[6600]	training's rmse: 0.0667545	valid_1's rmse: 0.0873951
[6700]	training's rmse: 0.0664758	valid_1's rmse: 0.0873095
[6800]	training's rmse: 0.0661993	valid_1's rmse: 0.0872241
[6900]	training's rmse: 0.0659038	valid_1's rmse: 0.0871432
[7000]	training's rmse: 0.0656224	valid_1's rmse: 0.0870755
[7100]	training's rmse: 0.0653662	valid_1's rmse: 0.0870063
[7200]	training's rmse: 0.0650832	valid_1's rmse: 0.0869354
[7300]	training's rmse: 0.0648039	valid_1's rmse: 0.0868418
[7400]	training's rmse: 0.0645231	valid_1's rmse: 0.086789
[7500]	training's rmse: 0.0642511	valid_1's rmse: 0.086712
[7600]	training's rmse: 0.0639779	valid_1's rmse: 0.0866483
[7700]	training's rmse: 0.0637034	valid_1's rmse: 0.0865634
[7800]	training's rmse: 0.063428	valid_1's rmse: 0.0864886
[7900]	training's rmse: 0.0631597	valid_1's rmse: 0.0864266
[8000]	training's rmse: 0.0629053	valid_1's rmse: 0.0863679
[8100]	training's rmse: 0.0626562	valid_1's rmse: 0.0863177
[8200]	training's rmse: 0.0624102	valid_1's rmse: 0.0862586
[8300]	training's rmse: 0.0621692	valid_1's rmse: 0.0862174
[8400]	training's rmse: 0.0619118	valid_1's rmse: 0.0861496
[8500]	training's rmse: 0.0616733	valid_1's rmse: 0.0861027
[8600]	training's rmse: 0.0614063	valid_1's rmse: 0.0860511
[8700]	training's rmse: 0.0611526	valid_1's rmse: 0.0859909
[8800]	training's rmse: 0.0609084	valid_1's rmse: 0.085948
[8900]	training's rmse: 0.0606579	valid_1's rmse: 0.085893
[9000]	training's rmse: 0.0604188	valid_1's rmse: 0.0858648
[9100]	training's rmse: 0.060171	valid_1's rmse: 0.0858278
[9200]	training's rmse: 0.0599427	valid_1's rmse: 0.0857686
[9300]	training's rmse: 0.0597017	valid_1's rmse: 0.0857106
[9400]	training's rmse: 0.0594772	valid_1's rmse: 0.085667
[9500]	training's rmse: 0.059244	valid_1's rmse: 0.0856193
[9600]	training's rmse: 0.0590179	valid_1's rmse: 0.0855792
[9700]	training's rmse: 0.0588097	valid_1's rmse: 0.0855276
[9800]	training's rmse: 0.0585748	valid_1's rmse: 0.0854745
[9900]	training's rmse: 0.0583572	valid_1's rmse: 0.0854199
[10000]	training's rmse: 0.0581328	valid_1's rmse: 0.0853746
[10100]	training's rmse: 0.0579131	valid_1's rmse: 0.0853381
[10200]	training's rmse: 0.0577128	valid_1's rmse: 0.0852858
[10300]	training's rmse: 0.0574815	valid_1's rmse: 0.0852364
[10400]	training's rmse: 0.0572739	valid_1's rmse: 0.085202
[10500]	training's rmse: 0.0570505	valid_1's rmse: 0.0851547
[10600]	training's rmse: 0.0568525	valid_1's rmse: 0.0851225
[10700]	training's rmse: 0.056648	valid_1's rmse: 0.0850735
[10800]	training's rmse: 0.0564484	valid_1's rmse: 0.0850253
[10900]	training's rmse: 0.0562335	valid_1's rmse: 0.0849851
[11000]	training's rmse: 0.0560216	valid_1's rmse: 0.0849406
[11100]	training's rmse: 0.055823	valid_1's rmse: 0.0849247
[11200]	training's rmse: 0.0556139	valid_1's rmse: 0.0848881
[11300]	training's rmse: 0.0554018	valid_1's rmse: 0.0848573
[11400]	training's rmse: 0.0551949	valid_1's rmse: 0.0848211
[11500]	training's rmse: 0.0549918	valid_1's rmse: 0.0847777
[11600]	training's rmse: 0.0547899	valid_1's rmse: 0.0847473
[11700]	training's rmse: 0.0545962	valid_1's rmse: 0.0847176
[11800]	training's rmse: 0.0543916	valid_1's rmse: 0.0846829
[11900]	training's rmse: 0.0541884	valid_1's rmse: 0.0846569
[12000]	training's rmse: 0.0539951	valid_1's rmse: 0.084628
[12100]	training's rmse: 0.0538105	valid_1's rmse: 0.0846002
[12200]	training's rmse: 0.0536224	valid_1's rmse: 0.0845709
[12300]	training's rmse: 0.0534408	valid_1's rmse: 0.0845411
[12400]	training's rmse: 0.0532534	valid_1's rmse: 0.0845031
[12500]	training's rmse: 0.0530595	valid_1's rmse: 0.0844712
[12600]	training's rmse: 0.0528587	valid_1's rmse: 0.0844391
[12700]	training's rmse: 0.0526739	valid_1's rmse: 0.084412
[12800]	training's rmse: 0.0524947	valid_1's rmse: 0.0843882
[12900]	training's rmse: 0.052309	valid_1's rmse: 0.0843541
[13000]	training's rmse: 0.0521268	valid_1's rmse: 0.0843207
[13100]	training's rmse: 0.0519537	valid_1's rmse: 0.0842869
[13200]	training's rmse: 0.0517734	valid_1's rmse: 0.0842575
[13300]	training's rmse: 0.0515918	valid_1's rmse: 0.0842347
[13400]	training's rmse: 0.0514083	valid_1's rmse: 0.0842062
[13500]	training's rmse: 0.0512305	valid_1's rmse: 0.0841867
[13600]	training's rmse: 0.051049	valid_1's rmse: 0.0841621
[13700]	training's rmse: 0.0508609	valid_1's rmse: 0.084142
[13800]	training's rmse: 0.0506933	valid_1's rmse: 0.0841237
[13900]	training's rmse: 0.0505177	valid_1's rmse: 0.0840991
[14000]	training's rmse: 0.050355	valid_1's rmse: 0.0840833
[14100]	training's rmse: 0.0501802	valid_1's rmse: 0.0840541
[14200]	training's rmse: 0.0500122	valid_1's rmse: 0.0840303
[14300]	training's rmse: 0.0498341	valid_1's rmse: 0.0840102
[14400]	training's rmse: 0.0496586	valid_1's rmse: 0.0839952
[14500]	training's rmse: 0.0494854	valid_1's rmse: 0.0839745
[14600]	training's rmse: 0.0493105	valid_1's rmse: 0.0839549
[14700]	training's rmse: 0.0491522	valid_1's rmse: 0.083932
[14800]	training's rmse: 0.0489865	valid_1's rmse: 0.0838975
[14900]	training's rmse: 0.0488116	valid_1's rmse: 0.0838667
[15000]	training's rmse: 0.0486371	valid_1's rmse: 0.0838504
[15100]	training's rmse: 0.0484771	valid_1's rmse: 0.0838317
[15200]	training's rmse: 0.0483169	valid_1's rmse: 0.0838043
[15300]	training's rmse: 0.0481599	valid_1's rmse: 0.0837729
[15400]	training's rmse: 0.0479984	valid_1's rmse: 0.0837556
[15500]	training's rmse: 0.0478427	valid_1's rmse: 0.0837263
[15600]	training's rmse: 0.0476894	valid_1's rmse: 0.0837064
[15700]	training's rmse: 0.0475229	valid_1's rmse: 0.0837001
[15800]	training's rmse: 0.0473593	valid_1's rmse: 0.0836792
[15900]	training's rmse: 0.0471992	valid_1's rmse: 0.0836521
[16000]	training's rmse: 0.0470381	valid_1's rmse: 0.0836423
[16100]	training's rmse: 0.0468849	valid_1's rmse: 0.0836237
[16200]	training's rmse: 0.0467287	valid_1's rmse: 0.0836171
[16300]	training's rmse: 0.0465711	valid_1's rmse: 0.083598
[16400]	training's rmse: 0.0464202	valid_1's rmse: 0.0835816
[16500]	training's rmse: 0.0462683	valid_1's rmse: 0.0835704
[16600]	training's rmse: 0.0461162	valid_1's rmse: 0.083553
[16700]	training's rmse: 0.0459622	valid_1's rmse: 0.083534
[16800]	training's rmse: 0.0458142	valid_1's rmse: 0.0835192
[16900]	training's rmse: 0.0456658	valid_1's rmse: 0.0834988
[17000]	training's rmse: 0.0455169	valid_1's rmse: 0.0834873
[17100]	training's rmse: 0.0453659	valid_1's rmse: 0.0834661
[17200]	training's rmse: 0.0452116	valid_1's rmse: 0.0834558
[17300]	training's rmse: 0.0450736	valid_1's rmse: 0.0834416
[17400]	training's rmse: 0.0449347	valid_1's rmse: 0.0834252
[17500]	training's rmse: 0.0447917	valid_1's rmse: 0.0834013
[17600]	training's rmse: 0.044642	valid_1's rmse: 0.0833802
[17700]	training's rmse: 0.0444922	valid_1's rmse: 0.083363
[17800]	training's rmse: 0.0443414	valid_1's rmse: 0.0833427
[17900]	training's rmse: 0.0442	valid_1's rmse: 0.0833292
[18000]	training's rmse: 0.0440604	valid_1's rmse: 0.0833078
[18100]	training's rmse: 0.0439166	valid_1's rmse: 0.0832957
[18200]	training's rmse: 0.0437762	valid_1's rmse: 0.0832771
[18300]	training's rmse: 0.0436319	valid_1's rmse: 0.0832661
[18400]	training's rmse: 0.0434872	valid_1's rmse: 0.0832502
[18500]	training's rmse: 0.0433517	valid_1's rmse: 0.0832388
[18600]	training's rmse: 0.0432152	valid_1's rmse: 0.0832114
[18700]	training's rmse: 0.0430829	valid_1's rmse: 0.083199
[18800]	training's rmse: 0.0429419	valid_1's rmse: 0.0831789
[18900]	training's rmse: 0.0428091	valid_1's rmse: 0.0831773
[19000]	training's rmse: 0.0426673	valid_1's rmse: 0.083164
[19100]	training's rmse: 0.0425411	valid_1's rmse: 0.0831516
[19200]	training's rmse: 0.0424063	valid_1's rmse: 0.083136
[19300]	training's rmse: 0.0422712	valid_1's rmse: 0.0831249
[19400]	training's rmse: 0.0421435	valid_1's rmse: 0.0831155
[19500]	training's rmse: 0.0420064	valid_1's rmse: 0.0830976
[19600]	training's rmse: 0.0418855	valid_1's rmse: 0.0830898
[19700]	training's rmse: 0.0417528	valid_1's rmse: 0.0830724
[19800]	training's rmse: 0.0416256	valid_1's rmse: 0.0830611
[19900]	training's rmse: 0.0415044	valid_1's rmse: 0.0830575
[20000]	training's rmse: 0.0413746	valid_1's rmse: 0.0830484
[20100]	training's rmse: 0.0412515	valid_1's rmse: 0.0830313
[20200]	training's rmse: 0.0411221	valid_1's rmse: 0.0830271
[20300]	training's rmse: 0.0409976	valid_1's rmse: 0.0830101
[20400]	training's rmse: 0.0408692	valid_1's rmse: 0.0830029
[20500]	training's rmse: 0.0407497	valid_1's rmse: 0.0829963
[20600]	training's rmse: 0.0406236	valid_1's rmse: 0.0829888
[20700]	training's rmse: 0.0404989	valid_1's rmse: 0.08298
[20800]	training's rmse: 0.0403753	valid_1's rmse: 0.0829653
[20900]	training's rmse: 0.0402517	valid_1's rmse: 0.0829544
[21000]	training's rmse: 0.0401293	valid_1's rmse: 0.0829407
[21100]	training's rmse: 0.0400054	valid_1's rmse: 0.0829292
[21200]	training's rmse: 0.0398872	valid_1's rmse: 0.0829245
[21300]	training's rmse: 0.039771	valid_1's rmse: 0.0829127
[21400]	training's rmse: 0.0396469	valid_1's rmse: 0.0828986
[21500]	training's rmse: 0.0395352	valid_1's rmse: 0.0828887
[21600]	training's rmse: 0.0394193	valid_1's rmse: 0.0828822
[21700]	training's rmse: 0.0393053	valid_1's rmse: 0.0828648
[21800]	training's rmse: 0.0391869	valid_1's rmse: 0.0828501
[21900]	training's rmse: 0.0390648	valid_1's rmse: 0.0828437
[22000]	training's rmse: 0.0389484	valid_1's rmse: 0.0828352
[22100]	training's rmse: 0.0388332	valid_1's rmse: 0.0828237
[22200]	training's rmse: 0.0387131	valid_1's rmse: 0.0828176
[22300]	training's rmse: 0.0386068	valid_1's rmse: 0.0828112
[22400]	training's rmse: 0.0384915	valid_1's rmse: 0.0828006
[22500]	training's rmse: 0.0383781	valid_1's rmse: 0.082798
[22600]	training's rmse: 0.0382651	valid_1's rmse: 0.0827857
[22700]	training's rmse: 0.038149	valid_1's rmse: 0.0827725
[22800]	training's rmse: 0.0380362	valid_1's rmse: 0.0827604
[22900]	training's rmse: 0.0379199	valid_1's rmse: 0.0827618
[23000]	training's rmse: 0.0378012	valid_1's rmse: 0.08275
[23100]	training's rmse: 0.0376965	valid_1's rmse: 0.0827467
[23200]	training's rmse: 0.0375775	valid_1's rmse: 0.0827377
[23300]	training's rmse: 0.0374717	valid_1's rmse: 0.0827228
[23400]	training's rmse: 0.0373582	valid_1's rmse: 0.0827134
[23500]	training's rmse: 0.0372458	valid_1's rmse: 0.0827064
[23600]	training's rmse: 0.0371398	valid_1's rmse: 0.0826988
[23700]	training's rmse: 0.0370291	valid_1's rmse: 0.0826936
[23800]	training's rmse: 0.0369154	valid_1's rmse: 0.0826797
[23900]	training's rmse: 0.0368098	valid_1's rmse: 0.0826794
[24000]	training's rmse: 0.0366922	valid_1's rmse: 0.0826783
[24100]	training's rmse: 0.0365845	valid_1's rmse: 0.0826698
[24200]	training's rmse: 0.0364825	valid_1's rmse: 0.0826555
[24300]	training's rmse: 0.0363772	valid_1's rmse: 0.0826508
[24400]	training's rmse: 0.0362661	valid_1's rmse: 0.082644
[24500]	training's rmse: 0.0361647	valid_1's rmse: 0.0826426
[24600]	training's rmse: 0.0360605	valid_1's rmse: 0.0826345
[24700]	training's rmse: 0.0359573	valid_1's rmse: 0.0826314
[24800]	training's rmse: 0.0358587	valid_1's rmse: 0.0826214
[24900]	training's rmse: 0.0357522	valid_1's rmse: 0.0826121
[25000]	training's rmse: 0.0356543	valid_1's rmse: 0.0825987
[25100]	training's rmse: 0.0355443	valid_1's rmse: 0.0825912
[25200]	training's rmse: 0.0354424	valid_1's rmse: 0.0825797
##### feature importance #####
                        importance
feature                           
area                  58214.147585
district              29222.924301
layout                29125.380498
is_L                  22425.715475
age_in_months          8497.858515
洗面台独立                  5484.308843
structure              4445.211866
システムキッチン               4017.666432
building_floor         3220.884581
area_per_room          2949.535007
エレベーター                 2603.373583
age_year               2370.002974
浴室乾燥機                  1802.961450
min_to_nearest_sta     1321.388001
room_floor             1296.311619
バス・トイレ別                 762.063104
床暖房                     647.795582
温水洗浄便座                  642.373820
スーパー                    487.362767
コンビニ                    461.220084
direction               401.340743
floor_ratio             397.083498
num_room                340.163306
age_month               312.302453
追焚機能                    215.078072
室内洗濯機置場                 164.402522
山手線                     147.704621
fixed_term              122.039009
ドラッグストア                 119.005825
銀座線                     118.348240
コンロ3口                   117.251740
北千住駅                    116.482352
シャワー                    108.119675
ウォークインクローゼット            106.215424
num_room_is_L           105.925735
contract_period_year    105.020083
京王新線                    100.573904
総武線                      99.759093
脱衣所                      96.513873
car_parking              95.713260
日暮里舎人ライナー                94.469510
病院                       91.740080
恵比寿駅                     90.321396
西武新宿線                    89.298920
三軒茶屋駅                    89.105673
共同トイレ                    87.043229
bicycle_parking          86.903849
is_D                     84.264436
CATV                     83.055474
光ファイバー                   82.429150
5fold CV score: 17529.28655774259
